{"numFailedTestSuites":100,"numFailedTests":0,"numPassedTestSuites":0,"numPassedTests":0,"numPendingTestSuites":0,"numPendingTests":0,"numRuntimeErrorTestSuites":100,"numTodoTests":0,"numTotalTestSuites":100,"numTotalTests":0,"openHandles":[],"snapshot":{"added":0,"didUpdate":false,"failure":false,"filesAdded":0,"filesRemoved":0,"filesRemovedList":[],"filesUnmatched":0,"filesUpdated":0,"matched":0,"total":0,"unchecked":0,"uncheckedKeysByFile":[],"unmatched":0,"updated":0},"startTime":1760642249408,"success":false,"testResults":[{"assertionResults":[],"coverage":{},"endTime":1760642249712,"message":"  \u001b[1m● \u001b[22mTest suite failed to run\n\n    ReferenceError: require is not defined\n\n      \u001b[2mat linkAndEvaluateModule (\u001b[22mnode_modules/jest-runtime/build/index.js\u001b[2m:710:20)\u001b[22m\n","name":"/home/davicho/etherai-foresight-platform-main/server/__tests__/utils/resilience.test.js","startTime":1760642249712,"status":"failed","summary":""},{"assertionResults":[],"coverage":{},"endTime":1760642249712,"message":"  \u001b[1m● \u001b[22mTest suite failed to run\n\n    ReferenceError: require is not defined\n\n      \u001b[2mat linkAndEvaluateModule (\u001b[22mnode_modules/jest-runtime/build/index.js\u001b[2m:710:20)\u001b[22m\n","name":"/home/davicho/etherai-foresight-platform-main/server/__tests__/utils/llm.test.js","startTime":1760642249712,"status":"failed","summary":""},{"assertionResults":[],"coverage":{},"endTime":1760642249713,"message":"  \u001b[1m● \u001b[22mTest suite failed to run\n\n    ReferenceError: require is not defined\n\n      \u001b[2mat linkAndEvaluateModule (\u001b[22mnode_modules/jest-runtime/build/index.js\u001b[2m:710:20)\u001b[22m\n","name":"/home/davicho/etherai-foresight-platform-main/server/__tests__/services/worldBankService.unit.test.js","startTime":1760642249713,"status":"failed","summary":""},{"assertionResults":[],"coverage":{},"endTime":1760642249713,"message":"  \u001b[1m● \u001b[22mTest suite failed to run\n\n    ReferenceError: require is not defined\n\n      \u001b[2mat linkAndEvaluateModule (\u001b[22mnode_modules/jest-runtime/build/index.js\u001b[2m:710:20)\u001b[22m\n","name":"/home/davicho/etherai-foresight-platform-main/server/__tests__/services/worldBankService.test.js","startTime":1760642249713,"status":"failed","summary":""},{"assertionResults":[],"coverage":{},"endTime":1760642249713,"message":"  \u001b[1m● \u001b[22mTest suite failed to run\n\n    ReferenceError: require is not defined\n\n      \u001b[2mat linkAndEvaluateModule (\u001b[22mnode_modules/jest-runtime/build/index.js\u001b[2m:710:20)\u001b[22m\n","name":"/home/davicho/etherai-foresight-platform-main/server/__tests__/services/usgsService.unit.test.js","startTime":1760642249713,"status":"failed","summary":""},{"assertionResults":[],"coverage":{},"endTime":1760642249713,"message":"  \u001b[1m● \u001b[22mTest suite failed to run\n\n    ReferenceError: require is not defined\n\n      \u001b[2mat linkAndEvaluateModule (\u001b[22mnode_modules/jest-runtime/build/index.js\u001b[2m:710:20)\u001b[22m\n","name":"/home/davicho/etherai-foresight-platform-main/server/__tests__/services/usgsService.test.js","startTime":1760642249713,"status":"failed","summary":""},{"assertionResults":[],"coverage":{},"endTime":1760642249713,"message":"  \u001b[1m● \u001b[22mTest suite failed to run\n\n    ReferenceError: require is not defined\n\n      \u001b[2mat linkAndEvaluateModule (\u001b[22mnode_modules/jest-runtime/build/index.js\u001b[2m:710:20)\u001b[22m\n","name":"/home/davicho/etherai-foresight-platform-main/server/__tests__/services/predictionEngine.unit.test.js","startTime":1760642249713,"status":"failed","summary":""},{"assertionResults":[],"coverage":{},"endTime":1760642249713,"message":"  \u001b[1m● \u001b[22mTest suite failed to run\n\n    ReferenceError: require is not defined\n\n      \u001b[2mat linkAndEvaluateModule (\u001b[22mnode_modules/jest-runtime/build/index.js\u001b[2m:710:20)\u001b[22m\n","name":"/home/davicho/etherai-foresight-platform-main/server/__tests__/services/pandemicsService.test.js","startTime":1760642249713,"status":"failed","summary":""},{"assertionResults":[],"coverage":{},"endTime":1760642249713,"message":"  \u001b[1m● \u001b[22mTest suite failed to run\n\n    ReferenceError: require is not defined\n\n      \u001b[2mat linkAndEvaluateModule (\u001b[22mnode_modules/jest-runtime/build/index.js\u001b[2m:710:20)\u001b[22m\n","name":"/home/davicho/etherai-foresight-platform-main/server/__tests__/services/geopoliticalInstabilityService.test.js","startTime":1760642249713,"status":"failed","summary":""},{"assertionResults":[],"coverage":{},"endTime":1760642249713,"message":"  \u001b[1m● \u001b[22mTest suite failed to run\n\n    ReferenceError: require is not defined\n\n      \u001b[2mat linkAndEvaluateModule (\u001b[22mnode_modules/jest-runtime/build/index.js\u001b[2m:710:20)\u001b[22m\n","name":"/home/davicho/etherai-foresight-platform-main/server/__tests__/services/generativeAIService.test.js","startTime":1760642249713,"status":"failed","summary":""},{"assertionResults":[],"coverage":{},"endTime":1760642249713,"message":"  \u001b[1m● \u001b[22mTest suite failed to run\n\n    ReferenceError: require is not defined\n\n      \u001b[2mat linkAndEvaluateModule (\u001b[22mnode_modules/jest-runtime/build/index.js\u001b[2m:710:20)\u001b[22m\n","name":"/home/davicho/etherai-foresight-platform-main/server/__tests__/services/ethicalVectorModule.test.js","startTime":1760642249713,"status":"failed","summary":""},{"assertionResults":[],"coverage":{},"endTime":1760642249713,"message":"  \u001b[1m● \u001b[22mTest suite failed to run\n\n    ReferenceError: require is not defined\n\n      \u001b[2mat linkAndEvaluateModule (\u001b[22mnode_modules/jest-runtime/build/index.js\u001b[2m:710:20)\u001b[22m\n","name":"/home/davicho/etherai-foresight-platform-main/server/__tests__/services/economicInstabilityService.test.js","startTime":1760642249713,"status":"failed","summary":""},{"assertionResults":[],"coverage":{},"endTime":1760642249713,"message":"  \u001b[1m● \u001b[22mTest suite failed to run\n\n    ReferenceError: require is not defined\n\n      \u001b[2mat linkAndEvaluateModule (\u001b[22mnode_modules/jest-runtime/build/index.js\u001b[2m:710:20)\u001b[22m\n","name":"/home/davicho/etherai-foresight-platform-main/server/__tests__/services/cybersecurityService.test.js","startTime":1760642249713,"status":"failed","summary":""},{"assertionResults":[],"coverage":{},"endTime":1760642249713,"message":"  \u001b[1m● \u001b[22mTest suite failed to run\n\n    ReferenceError: require is not defined\n\n      \u001b[2mat linkAndEvaluateModule (\u001b[22mnode_modules/jest-runtime/build/index.js\u001b[2m:710:20)\u001b[22m\n","name":"/home/davicho/etherai-foresight-platform-main/server/__tests__/services/cryptoService.test.js","startTime":1760642249713,"status":"failed","summary":""},{"assertionResults":[],"coverage":{},"endTime":1760642249713,"message":"  \u001b[1m● \u001b[22mTest suite failed to run\n\n    ReferenceError: require is not defined\n\n      \u001b[2mat linkAndEvaluateModule (\u001b[22mnode_modules/jest-runtime/build/index.js\u001b[2m:710:20)\u001b[22m\n","name":"/home/davicho/etherai-foresight-platform-main/server/__tests__/services/cryptoService.expansion.test.js","startTime":1760642249713,"status":"failed","summary":""},{"assertionResults":[],"coverage":{},"endTime":1760642249713,"message":"  \u001b[1m● \u001b[22mTest suite failed to run\n\n    ReferenceError: require is not defined\n\n      \u001b[2mat linkAndEvaluateModule (\u001b[22mnode_modules/jest-runtime/build/index.js\u001b[2m:710:20)\u001b[22m\n","name":"/home/davicho/etherai-foresight-platform-main/server/__tests__/services/communityResilienceService.test.js","startTime":1760642249713,"status":"failed","summary":""},{"assertionResults":[],"coverage":{},"endTime":1760642249713,"message":"  \u001b[1m● \u001b[22mTest suite failed to run\n\n    ReferenceError: require is not defined\n\n      \u001b[2mat linkAndEvaluateModule (\u001b[22mnode_modules/jest-runtime/build/index.js\u001b[2m:710:20)\u001b[22m\n","name":"/home/davicho/etherai-foresight-platform-main/server/__tests__/services/communityResilienceService.expansion.test.js","startTime":1760642249713,"status":"failed","summary":""},{"assertionResults":[],"coverage":{},"endTime":1760642249713,"message":"  \u001b[1m● \u001b[22mTest suite failed to run\n\n    ReferenceError: require is not defined\n\n      \u001b[2mat linkAndEvaluateModule (\u001b[22mnode_modules/jest-runtime/build/index.js\u001b[2m:710:20)\u001b[22m\n","name":"/home/davicho/etherai-foresight-platform-main/server/__tests__/services/climate_usgs.test.js","startTime":1760642249713,"status":"failed","summary":""},{"assertionResults":[],"coverage":{},"endTime":1760642249713,"message":"  \u001b[1m● \u001b[22mTest suite failed to run\n\n    ReferenceError: require is not defined\n\n      \u001b[2mat linkAndEvaluateModule (\u001b[22mnode_modules/jest-runtime/build/index.js\u001b[2m:710:20)\u001b[22m\n","name":"/home/davicho/etherai-foresight-platform-main/server/__tests__/services/biodiversityService.test.js","startTime":1760642249713,"status":"failed","summary":""},{"assertionResults":[],"coverage":{},"endTime":1760642249713,"message":"  \u001b[1m● \u001b[22mTest suite failed to run\n\n    ReferenceError: require is not defined\n\n      \u001b[2mat linkAndEvaluateModule (\u001b[22mnode_modules/jest-runtime/build/index.js\u001b[2m:710:20)\u001b[22m\n","name":"/home/davicho/etherai-foresight-platform-main/server/__tests__/services/SeismicIntegration.test.js","startTime":1760642249713,"status":"failed","summary":""},{"assertionResults":[],"coverage":{},"endTime":1760642249713,"message":"  \u001b[1m● \u001b[22mTest suite failed to run\n\n    ReferenceError: require is not defined\n\n      \u001b[2mat linkAndEvaluateModule (\u001b[22mnode_modules/jest-runtime/build/index.js\u001b[2m:710:20)\u001b[22m\n","name":"/home/davicho/etherai-foresight-platform-main/server/__tests__/routes/seismic.test.js","startTime":1760642249713,"status":"failed","summary":""},{"assertionResults":[],"coverage":{},"endTime":1760642249713,"message":"  \u001b[1m● \u001b[22mTest suite failed to run\n\n    ReferenceError: require is not defined\n\n      \u001b[2mat linkAndEvaluateModule (\u001b[22mnode_modules/jest-runtime/build/index.js\u001b[2m:710:20)\u001b[22m\n","name":"/home/davicho/etherai-foresight-platform-main/server/__tests__/routes/sdlc.test.js","startTime":1760642249713,"status":"failed","summary":""},{"assertionResults":[],"coverage":{},"endTime":1760642249713,"message":"  \u001b[1m● \u001b[22mTest suite failed to run\n\n    ReferenceError: require is not defined\n\n      \u001b[2mat linkAndEvaluateModule (\u001b[22mnode_modules/jest-runtime/build/index.js\u001b[2m:710:20)\u001b[22m\n","name":"/home/davicho/etherai-foresight-platform-main/server/__tests__/routes/module_sacrifice.test.js","startTime":1760642249713,"status":"failed","summary":""},{"assertionResults":[],"coverage":{},"endTime":1760642249713,"message":"  \u001b[1m● \u001b[22mTest suite failed to run\n\n    ReferenceError: require is not defined\n\n      \u001b[2mat linkAndEvaluateModule (\u001b[22mnode_modules/jest-runtime/build/index.js\u001b[2m:710:20)\u001b[22m\n","name":"/home/davicho/etherai-foresight-platform-main/server/__tests__/routes/globalRiskRoutes.test.js","startTime":1760642249713,"status":"failed","summary":""},{"assertionResults":[],"coverage":{},"endTime":1760642249713,"message":"  \u001b[1m● \u001b[22mTest suite failed to run\n\n    ReferenceError: require is not defined\n\n      \u001b[2mat linkAndEvaluateModule (\u001b[22mnode_modules/jest-runtime/build/index.js\u001b[2m:710:20)\u001b[22m\n","name":"/home/davicho/etherai-foresight-platform-main/server/__tests__/routes/globalRiskRoutes.expansion.test.js","startTime":1760642249713,"status":"failed","summary":""},{"assertionResults":[],"coverage":{},"endTime":1760642249713,"message":"  \u001b[1m● \u001b[22mTest suite failed to run\n\n    ReferenceError: require is not defined\n\n      \u001b[2mat linkAndEvaluateModule (\u001b[22mnode_modules/jest-runtime/build/index.js\u001b[2m:710:20)\u001b[22m\n","name":"/home/davicho/etherai-foresight-platform-main/server/__tests__/routes/globalRisk.test.js","startTime":1760642249713,"status":"failed","summary":""},{"assertionResults":[],"coverage":{},"endTime":1760642249713,"message":"  \u001b[1m● \u001b[22mTest suite failed to run\n\n    ReferenceError: require is not defined\n\n      \u001b[2mat linkAndEvaluateModule (\u001b[22mnode_modules/jest-runtime/build/index.js\u001b[2m:710:20)\u001b[22m\n","name":"/home/davicho/etherai-foresight-platform-main/server/__tests__/routes/gdelt.unit.test.js","startTime":1760642249713,"status":"failed","summary":""},{"assertionResults":[],"coverage":{},"endTime":1760642249713,"message":"  \u001b[1m● \u001b[22mTest suite failed to run\n\n    ReferenceError: require is not defined\n\n      \u001b[2mat linkAndEvaluateModule (\u001b[22mnode_modules/jest-runtime/build/index.js\u001b[2m:710:20)\u001b[22m\n","name":"/home/davicho/etherai-foresight-platform-main/server/__tests__/routes/food-resilience.test.js","startTime":1760642249713,"status":"failed","summary":""},{"assertionResults":[],"coverage":{},"endTime":1760642249713,"message":"  \u001b[1m● \u001b[22mTest suite failed to run\n\n    ReferenceError: require is not defined\n\n      \u001b[2mat linkAndEvaluateModule (\u001b[22mnode_modules/jest-runtime/build/index.js\u001b[2m:710:20)\u001b[22m\n","name":"/home/davicho/etherai-foresight-platform-main/server/__tests__/routes/eternalVigilance.routes.test.js","startTime":1760642249713,"status":"failed","summary":""},{"assertionResults":[],"coverage":{},"endTime":1760642249713,"message":"  \u001b[1m● \u001b[22mTest suite failed to run\n\n    ReferenceError: require is not defined\n\n      \u001b[2mat linkAndEvaluateModule (\u001b[22mnode_modules/jest-runtime/build/index.js\u001b[2m:710:20)\u001b[22m\n","name":"/home/davicho/etherai-foresight-platform-main/server/__tests__/routes/demo.route.test.js","startTime":1760642249713,"status":"failed","summary":""},{"assertionResults":[],"coverage":{},"endTime":1760642249713,"message":"  \u001b[1m● \u001b[22mTest suite failed to run\n\n    ReferenceError: require is not defined\n\n      \u001b[2mat linkAndEvaluateModule (\u001b[22mnode_modules/jest-runtime/build/index.js\u001b[2m:710:20)\u001b[22m\n","name":"/home/davicho/etherai-foresight-platform-main/server/__tests__/routes/consciousness.route.test.js","startTime":1760642249713,"status":"failed","summary":""},{"assertionResults":[],"coverage":{},"endTime":1760642249713,"message":"  \u001b[1m● \u001b[22mTest suite failed to run\n\n    ReferenceError: require is not defined\n\n      \u001b[2mat linkAndEvaluateModule (\u001b[22mnode_modules/jest-runtime/build/index.js\u001b[2m:710:20)\u001b[22m\n","name":"/home/davicho/etherai-foresight-platform-main/server/__tests__/routes/community-resilience.test.js","startTime":1760642249713,"status":"failed","summary":""},{"assertionResults":[],"coverage":{},"endTime":1760642249713,"message":"  \u001b[1m● \u001b[22mTest suite failed to run\n\n    ReferenceError: require is not defined\n\n      \u001b[2mat linkAndEvaluateModule (\u001b[22mnode_modules/jest-runtime/build/index.js\u001b[2m:710:20)\u001b[22m\n","name":"/home/davicho/etherai-foresight-platform-main/server/__tests__/performance/APIPerformance.test.js","startTime":1760642249713,"status":"failed","summary":""},{"assertionResults":[],"coverage":{},"endTime":1760642249713,"message":"  \u001b[1m● \u001b[22mTest suite failed to run\n\n    ReferenceError: require is not defined\n\n      \u001b[2mat linkAndEvaluateModule (\u001b[22mnode_modules/jest-runtime/build/index.js\u001b[2m:710:20)\u001b[22m\n","name":"/home/davicho/etherai-foresight-platform-main/server/__tests__/integrations/worldBankIntegration.test.js","startTime":1760642249713,"status":"failed","summary":""},{"assertionResults":[],"coverage":{},"endTime":1760642249713,"message":"  \u001b[1m● \u001b[22mTest suite failed to run\n\n    ReferenceError: require is not defined\n\n      \u001b[2mat linkAndEvaluateModule (\u001b[22mnode_modules/jest-runtime/build/index.js\u001b[2m:710:20)\u001b[22m\n","name":"/home/davicho/etherai-foresight-platform-main/server/__tests__/integrations/simIntegration.unit.test.js","startTime":1760642249713,"status":"failed","summary":""},{"assertionResults":[],"coverage":{},"endTime":1760642249713,"message":"  \u001b[1m● \u001b[22mTest suite failed to run\n\n    ReferenceError: require is not defined\n\n      \u001b[2mat linkAndEvaluateModule (\u001b[22mnode_modules/jest-runtime/build/index.js\u001b[2m:710:20)\u001b[22m\n","name":"/home/davicho/etherai-foresight-platform-main/server/__tests__/integrations/satelliteIntegration.test.js","startTime":1760642249713,"status":"failed","summary":""},{"assertionResults":[],"coverage":{},"endTime":1760642249713,"message":"  \u001b[1m● \u001b[22mTest suite failed to run\n\n    ReferenceError: require is not defined\n\n      \u001b[2mat linkAndEvaluateModule (\u001b[22mnode_modules/jest-runtime/build/index.js\u001b[2m:710:20)\u001b[22m\n","name":"/home/davicho/etherai-foresight-platform-main/server/__tests__/integrations/gdeltIntegration.unit.test.js","startTime":1760642249713,"status":"failed","summary":""},{"assertionResults":[],"coverage":{},"endTime":1760642249713,"message":"  \u001b[1m● \u001b[22mTest suite failed to run\n\n    ReferenceError: require is not defined\n\n      \u001b[2mat linkAndEvaluateModule (\u001b[22mnode_modules/jest-runtime/build/index.js\u001b[2m:710:20)\u001b[22m\n","name":"/home/davicho/etherai-foresight-platform-main/server/__tests__/integrations/gdeltIntegration.test.js","startTime":1760642249713,"status":"failed","summary":""},{"assertionResults":[],"coverage":{},"endTime":1760642249713,"message":"  \u001b[1m● \u001b[22mTest suite failed to run\n\n    ReferenceError: require is not defined\n\n      \u001b[2mat linkAndEvaluateModule (\u001b[22mnode_modules/jest-runtime/build/index.js\u001b[2m:710:20)\u001b[22m\n","name":"/home/davicho/etherai-foresight-platform-main/server/__tests__/integrations/gdelt.integration.test.js","startTime":1760642249713,"status":"failed","summary":""},{"assertionResults":[],"coverage":{},"endTime":1760642249713,"message":"  \u001b[1m● \u001b[22mTest suite failed to run\n\n    ReferenceError: require is not defined\n\n      \u001b[2mat linkAndEvaluateModule (\u001b[22mnode_modules/jest-runtime/build/index.js\u001b[2m:710:20)\u001b[22m\n","name":"/home/davicho/etherai-foresight-platform-main/server/__tests__/integrations/fmiIntegration.unit.test.js","startTime":1760642249713,"status":"failed","summary":""},{"assertionResults":[],"coverage":{},"endTime":1760642249713,"message":"  \u001b[1m● \u001b[22mTest suite failed to run\n\n    ReferenceError: require is not defined\n\n      \u001b[2mat linkAndEvaluateModule (\u001b[22mnode_modules/jest-runtime/build/index.js\u001b[2m:710:20)\u001b[22m\n","name":"/home/davicho/etherai-foresight-platform-main/server/__tests__/integrations/fmiIntegration.test.js","startTime":1760642249713,"status":"failed","summary":""},{"assertionResults":[],"coverage":{},"endTime":1760642249713,"message":"  \u001b[1m● \u001b[22mTest suite failed to run\n\n    ReferenceError: require is not defined\n\n      \u001b[2mat linkAndEvaluateModule (\u001b[22mnode_modules/jest-runtime/build/index.js\u001b[2m:710:20)\u001b[22m\n","name":"/home/davicho/etherai-foresight-platform-main/server/__tests__/integrations/fmi.integration.test.js","startTime":1760642249713,"status":"failed","summary":""},{"assertionResults":[],"coverage":{},"endTime":1760642249713,"message":"  \u001b[1m● \u001b[22mTest suite failed to run\n\n    ReferenceError: require is not defined\n\n      \u001b[2mat linkAndEvaluateModule (\u001b[22mnode_modules/jest-runtime/build/index.js\u001b[2m:710:20)\u001b[22m\n","name":"/home/davicho/etherai-foresight-platform-main/server/__tests__/integrations/cryptoIntegration.unit.test.js","startTime":1760642249713,"status":"failed","summary":""},{"assertionResults":[],"coverage":{},"endTime":1760642249713,"message":"  \u001b[1m● \u001b[22mTest suite failed to run\n\n    ReferenceError: require is not defined\n\n      \u001b[2mat linkAndEvaluateModule (\u001b[22mnode_modules/jest-runtime/build/index.js\u001b[2m:710:20)\u001b[22m\n","name":"/home/davicho/etherai-foresight-platform-main/server/__tests__/integrations/cryptoIntegration.expansion.test.js","startTime":1760642249713,"status":"failed","summary":""},{"assertionResults":[],"coverage":{},"endTime":1760642249713,"message":"  \u001b[1m● \u001b[22mTest suite failed to run\n\n    ReferenceError: require is not defined\n\n      \u001b[2mat linkAndEvaluateModule (\u001b[22mnode_modules/jest-runtime/build/index.js\u001b[2m:710:20)\u001b[22m\n","name":"/home/davicho/etherai-foresight-platform-main/server/__tests__/integrations/climateIntegration.unit.test.js","startTime":1760642249713,"status":"failed","summary":""},{"assertionResults":[],"coverage":{},"endTime":1760642249713,"message":"  \u001b[1m● \u001b[22mTest suite failed to run\n\n    ReferenceError: require is not defined\n\n      \u001b[2mat linkAndEvaluateModule (\u001b[22mnode_modules/jest-runtime/build/index.js\u001b[2m:710:20)\u001b[22m\n","name":"/home/davicho/etherai-foresight-platform-main/server/__tests__/integrations/api-integration.test.js","startTime":1760642249713,"status":"failed","summary":""},{"assertionResults":[],"coverage":{},"endTime":1760642249713,"message":"  \u001b[1m● \u001b[22mTest suite failed to run\n\n    ReferenceError: require is not defined\n\n      \u001b[2mat linkAndEvaluateModule (\u001b[22mnode_modules/jest-runtime/build/index.js\u001b[2m:710:20)\u001b[22m\n","name":"/home/davicho/etherai-foresight-platform-main/server/__tests__/integrations/SIMIntegration.test.js","startTime":1760642249713,"status":"failed","summary":""},{"assertionResults":[],"coverage":{},"endTime":1760642249713,"message":"  \u001b[1m● \u001b[22mTest suite failed to run\n\n    ReferenceError: require is not defined\n\n      \u001b[2mat linkAndEvaluateModule (\u001b[22mnode_modules/jest-runtime/build/index.js\u001b[2m:710:20)\u001b[22m\n","name":"/home/davicho/etherai-foresight-platform-main/server/__tests__/agents/signalAnalysisAgent.test.js","startTime":1760642249713,"status":"failed","summary":""},{"assertionResults":[],"coverage":{},"endTime":1760642249713,"message":"  \u001b[1m● \u001b[22mTest suite failed to run\n\n    ReferenceError: require is not defined\n\n      \u001b[2mat linkAndEvaluateModule (\u001b[22mnode_modules/jest-runtime/build/index.js\u001b[2m:710:20)\u001b[22m\n","name":"/home/davicho/etherai-foresight-platform-main/server/__tests__/agents/riskAssessmentAgent.test.js","startTime":1760642249713,"status":"failed","summary":""},{"assertionResults":[],"coverage":{},"endTime":1760642249713,"message":"  \u001b[1m● \u001b[22mTest suite failed to run\n\n    ReferenceError: require is not defined\n\n      \u001b[2mat linkAndEvaluateModule (\u001b[22mnode_modules/jest-runtime/build/index.js\u001b[2m:710:20)\u001b[22m\n","name":"/home/davicho/etherai-foresight-platform-main/server/__tests__/agents/reportGenerationAgent.test.js","startTime":1760642249713,"status":"failed","summary":""},{"assertionResults":[],"coverage":{},"endTime":1760642249713,"message":"  \u001b[1m● \u001b[22mTest suite failed to run\n\n    ReferenceError: require is not defined\n\n      \u001b[2mat linkAndEvaluateModule (\u001b[22mnode_modules/jest-runtime/build/index.js\u001b[2m:710:20)\u001b[22m\n","name":"/home/davicho/etherai-foresight-platform-main/server/__tests__/agents/peruAgent.test.js","startTime":1760642249713,"status":"failed","summary":""},{"assertionResults":[],"coverage":{},"endTime":1760642249713,"message":"  \u001b[1m● \u001b[22mTest suite failed to run\n\n    ReferenceError: require is not defined\n\n      \u001b[2mat linkAndEvaluateModule (\u001b[22mnode_modules/jest-runtime/build/index.js\u001b[2m:710:20)\u001b[22m\n","name":"/home/davicho/etherai-foresight-platform-main/server/__tests__/agents/dataAcquisitionAgent.test.js","startTime":1760642249713,"status":"failed","summary":""},{"assertionResults":[],"coverage":{},"endTime":1760642249713,"message":"  \u001b[1m● \u001b[22mTest suite failed to run\n\n    ReferenceError: require is not defined\n\n      \u001b[2mat linkAndEvaluateModule (\u001b[22mnode_modules/jest-runtime/build/index.js\u001b[2m:710:20)\u001b[22m\n","name":"/home/davicho/etherai-foresight-platform-main/server/__tests__/agents/causalCorrelationAgent.test.js","startTime":1760642249713,"status":"failed","summary":""},{"assertionResults":[],"coverage":{},"endTime":1760642249713,"message":"  \u001b[1m● \u001b[22mTest suite failed to run\n\n    ReferenceError: require is not defined\n\n      \u001b[2mat linkAndEvaluateModule (\u001b[22mnode_modules/jest-runtime/build/index.js\u001b[2m:710:20)\u001b[22m\n","name":"/home/davicho/etherai-foresight-platform-main/server/__tests__/agents/GeophysicalRiskAgent.test.js","startTime":1760642249713,"status":"failed","summary":""},{"assertionResults":[],"coverage":{},"endTime":1760642249713,"message":"  \u001b[1m● \u001b[22mTest suite failed to run\n\n    ReferenceError: require is not defined\n\n      \u001b[2mat linkAndEvaluateModule (\u001b[22mnode_modules/jest-runtime/build/index.js\u001b[2m:710:20)\u001b[22m\n","name":"/home/davicho/etherai-foresight-platform-main/server/tests/autoEvolution.test.js","startTime":1760642249713,"status":"failed","summary":""},{"assertionResults":[],"coverage":{},"endTime":1760642249713,"message":"  \u001b[1m● \u001b[22mTest suite failed to run\n\n    ReferenceError: require is not defined\n\n      \u001b[2mat linkAndEvaluateModule (\u001b[22mnode_modules/jest-runtime/build/index.js\u001b[2m:710:20)\u001b[22m\n","name":"/home/davicho/etherai-foresight-platform-main/server/tests/predict.test.js","startTime":1760642249713,"status":"failed","summary":""},{"assertionResults":[],"coverage":{},"endTime":1760642249713,"message":"  \u001b[1m● \u001b[22mTest suite failed to run\n\n    ReferenceError: require is not defined\n\n      \u001b[2mat linkAndEvaluateModule (\u001b[22mnode_modules/jest-runtime/build/index.js\u001b[2m:710:20)\u001b[22m\n","name":"/home/davicho/etherai-foresight-platform-main/server/tests/alerts.test.js","startTime":1760642249713,"status":"failed","summary":""},{"assertionResults":[],"coverage":{},"endTime":1760642249713,"message":"  \u001b[1m● \u001b[22mTest suite failed to run\n\n    ReferenceError: require is not defined\n\n      \u001b[2mat linkAndEvaluateModule (\u001b[22mnode_modules/jest-runtime/build/index.js\u001b[2m:710:20)\u001b[22m\n","name":"/home/davicho/etherai-foresight-platform-main/server/__tests__/sseTokenService.unit.test.js","startTime":1760642249713,"status":"failed","summary":""},{"assertionResults":[],"coverage":{},"endTime":1760642249713,"message":"  \u001b[1m● \u001b[22mTest suite failed to run\n\n    ReferenceError: require is not defined\n\n      \u001b[2mat linkAndEvaluateModule (\u001b[22mnode_modules/jest-runtime/build/index.js\u001b[2m:710:20)\u001b[22m\n","name":"/home/davicho/etherai-foresight-platform-main/server/__tests__/sseTokenService.test.js","startTime":1760642249713,"status":"failed","summary":""},{"assertionResults":[],"coverage":{},"endTime":1760642249713,"message":"  \u001b[1m● \u001b[22mTest suite failed to run\n\n    ReferenceError: require is not defined\n\n      \u001b[2mat linkAndEvaluateModule (\u001b[22mnode_modules/jest-runtime/build/index.js\u001b[2m:710:20)\u001b[22m\n","name":"/home/davicho/etherai-foresight-platform-main/server/__tests__/sdlc.xai.test.js","startTime":1760642249713,"status":"failed","summary":""},{"assertionResults":[],"coverage":{},"endTime":1760642249713,"message":"  \u001b[1m● \u001b[22mTest suite failed to run\n\n    ReferenceError: require is not defined\n\n      \u001b[2mat linkAndEvaluateModule (\u001b[22mnode_modules/jest-runtime/build/index.js\u001b[2m:710:20)\u001b[22m\n","name":"/home/davicho/etherai-foresight-platform-main/server/__tests__/routes.pricing.test.js","startTime":1760642249713,"status":"failed","summary":""},{"assertionResults":[],"coverage":{},"endTime":1760642249713,"message":"  \u001b[1m● \u001b[22mTest suite failed to run\n\n    ReferenceError: require is not defined\n\n      \u001b[2mat linkAndEvaluateModule (\u001b[22mnode_modules/jest-runtime/build/index.js\u001b[2m:710:20)\u001b[22m\n","name":"/home/davicho/etherai-foresight-platform-main/server/__tests__/routes.llm.test.js","startTime":1760642249713,"status":"failed","summary":""},{"assertionResults":[],"coverage":{},"endTime":1760642249713,"message":"  \u001b[1m● \u001b[22mTest suite failed to run\n\n    ReferenceError: require is not defined\n\n      \u001b[2mat linkAndEvaluateModule (\u001b[22mnode_modules/jest-runtime/build/index.js\u001b[2m:710:20)\u001b[22m\n","name":"/home/davicho/etherai-foresight-platform-main/server/__tests__/routes.integration.test.js","startTime":1760642249713,"status":"failed","summary":""},{"assertionResults":[],"coverage":{},"endTime":1760642249713,"message":"  \u001b[1m● \u001b[22mTest suite failed to run\n\n    ReferenceError: require is not defined\n\n      \u001b[2mat linkAndEvaluateModule (\u001b[22mnode_modules/jest-runtime/build/index.js\u001b[2m:710:20)\u001b[22m\n","name":"/home/davicho/etherai-foresight-platform-main/server/__tests__/routes.eternalVigilance.test.js","startTime":1760642249713,"status":"failed","summary":""},{"assertionResults":[],"coverage":{},"endTime":1760642249713,"message":"  \u001b[1m● \u001b[22mTest suite failed to run\n\n    ReferenceError: require is not defined\n\n      \u001b[2mat linkAndEvaluateModule (\u001b[22mnode_modules/jest-runtime/build/index.js\u001b[2m:710:20)\u001b[22m\n","name":"/home/davicho/etherai-foresight-platform-main/server/__tests__/routes.demo.test.js","startTime":1760642249713,"status":"failed","summary":""},{"assertionResults":[],"coverage":{},"endTime":1760642249713,"message":"  \u001b[1m● \u001b[22mTest suite failed to run\n\n    ReferenceError: require is not defined\n\n      \u001b[2mat linkAndEvaluateModule (\u001b[22mnode_modules/jest-runtime/build/index.js\u001b[2m:710:20)\u001b[22m\n","name":"/home/davicho/etherai-foresight-platform-main/server/__tests__/routes.dashboard.test.js","startTime":1760642249713,"status":"failed","summary":""},{"assertionResults":[],"coverage":{},"endTime":1760642249713,"message":"  \u001b[1m● \u001b[22mTest suite failed to run\n\n    ReferenceError: require is not defined\n\n      \u001b[2mat linkAndEvaluateModule (\u001b[22mnode_modules/jest-runtime/build/index.js\u001b[2m:710:20)\u001b[22m\n","name":"/home/davicho/etherai-foresight-platform-main/server/__tests__/routes.consciousness.test.js","startTime":1760642249713,"status":"failed","summary":""},{"assertionResults":[],"coverage":{},"endTime":1760642249713,"message":"  \u001b[1m● \u001b[22mTest suite failed to run\n\n    ReferenceError: require is not defined\n\n      \u001b[2mat linkAndEvaluateModule (\u001b[22mnode_modules/jest-runtime/build/index.js\u001b[2m:710:20)\u001b[22m\n","name":"/home/davicho/etherai-foresight-platform-main/server/__tests__/routes.climate.test.js","startTime":1760642249713,"status":"failed","summary":""},{"assertionResults":[],"coverage":{},"endTime":1760642249713,"message":"  \u001b[1m● \u001b[22mTest suite failed to run\n\n    ReferenceError: require is not defined\n\n      \u001b[2mat linkAndEvaluateModule (\u001b[22mnode_modules/jest-runtime/build/index.js\u001b[2m:710:20)\u001b[22m\n","name":"/home/davicho/etherai-foresight-platform-main/server/__tests__/predictionEngine.test.js","startTime":1760642249713,"status":"failed","summary":""},{"assertionResults":[],"coverage":{},"endTime":1760642249713,"message":"  \u001b[1m● \u001b[22mTest suite failed to run\n\n    ReferenceError: require is not defined\n\n      \u001b[2mat linkAndEvaluateModule (\u001b[22mnode_modules/jest-runtime/build/index.js\u001b[2m:710:20)\u001b[22m\n","name":"/home/davicho/etherai-foresight-platform-main/server/__tests__/predictionEngine.edge.test.js","startTime":1760642249713,"status":"failed","summary":""},{"assertionResults":[],"coverage":{},"endTime":1760642249713,"message":"  \u001b[1m● \u001b[22mTest suite failed to run\n\n    ReferenceError: require is not defined\n\n      \u001b[2mat linkAndEvaluateModule (\u001b[22mnode_modules/jest-runtime/build/index.js\u001b[2m:710:20)\u001b[22m\n","name":"/home/davicho/etherai-foresight-platform-main/server/__tests__/orchestrator.unit.test.js","startTime":1760642249713,"status":"failed","summary":""},{"assertionResults":[],"coverage":{},"endTime":1760642249713,"message":"  \u001b[1m● \u001b[22mTest suite failed to run\n\n    ReferenceError: require is not defined\n\n      \u001b[2mat linkAndEvaluateModule (\u001b[22mnode_modules/jest-runtime/build/index.js\u001b[2m:710:20)\u001b[22m\n","name":"/home/davicho/etherai-foresight-platform-main/server/__tests__/orchestrator.test.js","startTime":1760642249713,"status":"failed","summary":""},{"assertionResults":[],"coverage":{},"endTime":1760642249713,"message":"  \u001b[1m● \u001b[22mTest suite failed to run\n\n    ReferenceError: require is not defined\n\n      \u001b[2mat linkAndEvaluateModule (\u001b[22mnode_modules/jest-runtime/build/index.js\u001b[2m:710:20)\u001b[22m\n","name":"/home/davicho/etherai-foresight-platform-main/server/__tests__/orchestrator.small.test.js","startTime":1760642249713,"status":"failed","summary":""},{"assertionResults":[],"coverage":{},"endTime":1760642249713,"message":"  \u001b[1m● \u001b[22mTest suite failed to run\n\n    ReferenceError: require is not defined\n\n      \u001b[2mat linkAndEvaluateModule (\u001b[22mnode_modules/jest-runtime/build/index.js\u001b[2m:710:20)\u001b[22m\n","name":"/home/davicho/etherai-foresight-platform-main/server/__tests__/orchestrator.missions.test.js","startTime":1760642249713,"status":"failed","summary":""},{"assertionResults":[],"coverage":{},"endTime":1760642249713,"message":"  \u001b[1m● \u001b[22mTest suite failed to run\n\n    ReferenceError: require is not defined\n\n      \u001b[2mat linkAndEvaluateModule (\u001b[22mnode_modules/jest-runtime/build/index.js\u001b[2m:710:20)\u001b[22m\n","name":"/home/davicho/etherai-foresight-platform-main/server/__tests__/orchestrator.kernel.test.js","startTime":1760642249713,"status":"failed","summary":""},{"assertionResults":[],"coverage":{},"endTime":1760642249713,"message":"  \u001b[1m● \u001b[22mTest suite failed to run\n\n    ReferenceError: require is not defined\n\n      \u001b[2mat linkAndEvaluateModule (\u001b[22mnode_modules/jest-runtime/build/index.js\u001b[2m:710:20)\u001b[22m\n","name":"/home/davicho/etherai-foresight-platform-main/server/__tests__/orchestrator.extra2.test.js","startTime":1760642249713,"status":"failed","summary":""},{"assertionResults":[],"coverage":{},"endTime":1760642249713,"message":"  \u001b[1m● \u001b[22mTest suite failed to run\n\n    ReferenceError: require is not defined\n\n      \u001b[2mat linkAndEvaluateModule (\u001b[22mnode_modules/jest-runtime/build/index.js\u001b[2m:710:20)\u001b[22m\n","name":"/home/davicho/etherai-foresight-platform-main/server/__tests__/orchestrator.extra.test.js","startTime":1760642249713,"status":"failed","summary":""},{"assertionResults":[],"coverage":{},"endTime":1760642249713,"message":"  \u001b[1m● \u001b[22mTest suite failed to run\n\n    ReferenceError: require is not defined\n\n      \u001b[2mat linkAndEvaluateModule (\u001b[22mnode_modules/jest-runtime/build/index.js\u001b[2m:710:20)\u001b[22m\n","name":"/home/davicho/etherai-foresight-platform-main/server/__tests__/mockServer.integration.test.js","startTime":1760642249713,"status":"failed","summary":""},{"assertionResults":[],"coverage":{},"endTime":1760642249713,"message":"  \u001b[1m● \u001b[22mTest suite failed to run\n\n    ReferenceError: require is not defined\n\n      \u001b[2mat linkAndEvaluateModule (\u001b[22mnode_modules/jest-runtime/build/index.js\u001b[2m:710:20)\u001b[22m\n","name":"/home/davicho/etherai-foresight-platform-main/server/__tests__/llm.unit.test.js","startTime":1760642249713,"status":"failed","summary":""},{"assertionResults":[],"coverage":{},"endTime":1760642249713,"message":"  \u001b[1m● \u001b[22mTest suite failed to run\n\n    ReferenceError: require is not defined\n\n      \u001b[2mat linkAndEvaluateModule (\u001b[22mnode_modules/jest-runtime/build/index.js\u001b[2m:710:20)\u001b[22m\n","name":"/home/davicho/etherai-foresight-platform-main/server/__tests__/llm.ollama.test.js","startTime":1760642249713,"status":"failed","summary":""},{"assertionResults":[],"coverage":{},"endTime":1760642249713,"message":"  \u001b[1m● \u001b[22mTest suite failed to run\n\n    ReferenceError: require is not defined\n\n      \u001b[2mat linkAndEvaluateModule (\u001b[22mnode_modules/jest-runtime/build/index.js\u001b[2m:710:20)\u001b[22m\n","name":"/home/davicho/etherai-foresight-platform-main/server/__tests__/live-state-resilience.test.js","startTime":1760642249713,"status":"failed","summary":""},{"assertionResults":[],"coverage":{},"endTime":1760642249713,"message":"  \u001b[1m● \u001b[22mTest suite failed to run\n\n    ReferenceError: require is not defined\n\n      \u001b[2mat linkAndEvaluateModule (\u001b[22mnode_modules/jest-runtime/build/index.js\u001b[2m:710:20)\u001b[22m\n","name":"/home/davicho/etherai-foresight-platform-main/server/__tests__/index.unit.test.js","startTime":1760642249713,"status":"failed","summary":""},{"assertionResults":[],"coverage":{},"endTime":1760642249713,"message":"  \u001b[1m● \u001b[22mTest suite failed to run\n\n    ReferenceError: require is not defined\n\n      \u001b[2mat linkAndEvaluateModule (\u001b[22mnode_modules/jest-runtime/build/index.js\u001b[2m:710:20)\u001b[22m\n","name":"/home/davicho/etherai-foresight-platform-main/server/__tests__/index.initialize.test.js","startTime":1760642249713,"status":"failed","summary":""},{"assertionResults":[],"coverage":{},"endTime":1760642249713,"message":"  \u001b[1m● \u001b[22mTest suite failed to run\n\n    ReferenceError: require is not defined\n\n      \u001b[2mat linkAndEvaluateModule (\u001b[22mnode_modules/jest-runtime/build/index.js\u001b[2m:710:20)\u001b[22m\n","name":"/home/davicho/etherai-foresight-platform-main/server/__tests__/index.createApp.test.js","startTime":1760642249713,"status":"failed","summary":""},{"assertionResults":[],"coverage":{},"endTime":1760642249713,"message":"  \u001b[1m● \u001b[22mTest suite failed to run\n\n    ReferenceError: require is not defined\n\n      \u001b[2mat linkAndEvaluateModule (\u001b[22mnode_modules/jest-runtime/build/index.js\u001b[2m:710:20)\u001b[22m\n","name":"/home/davicho/etherai-foresight-platform-main/server/__tests__/index.createApp.auth.test.js","startTime":1760642249713,"status":"failed","summary":""},{"assertionResults":[],"coverage":{},"endTime":1760642249713,"message":"  \u001b[1m● \u001b[22mTest suite failed to run\n\n    ReferenceError: require is not defined\n\n      \u001b[2mat linkAndEvaluateModule (\u001b[22mnode_modules/jest-runtime/build/index.js\u001b[2m:710:20)\u001b[22m\n","name":"/home/davicho/etherai-foresight-platform-main/server/__tests__/import_all_smoke.test.js","startTime":1760642249713,"status":"failed","summary":""},{"assertionResults":[],"coverage":{},"endTime":1760642249713,"message":"  \u001b[1m● \u001b[22mTest suite failed to run\n\n    ReferenceError: require is not defined\n\n      \u001b[2mat linkAndEvaluateModule (\u001b[22mnode_modules/jest-runtime/build/index.js\u001b[2m:710:20)\u001b[22m\n","name":"/home/davicho/etherai-foresight-platform-main/server/__tests__/externalWithFallback.test.js","startTime":1760642249713,"status":"failed","summary":""},{"assertionResults":[],"coverage":{},"endTime":1760642249713,"message":"  \u001b[1m● \u001b[22mTest suite failed to run\n\n    ReferenceError: require is not defined\n\n      \u001b[2mat linkAndEvaluateModule (\u001b[22mnode_modules/jest-runtime/build/index.js\u001b[2m:710:20)\u001b[22m\n","name":"/home/davicho/etherai-foresight-platform-main/server/__tests__/eventHub.test.js","startTime":1760642249713,"status":"failed","summary":""},{"assertionResults":[],"coverage":{},"endTime":1760642249713,"message":"  \u001b[1m● \u001b[22mTest suite failed to run\n\n    ReferenceError: require is not defined\n\n      \u001b[2mat linkAndEvaluateModule (\u001b[22mnode_modules/jest-runtime/build/index.js\u001b[2m:710:20)\u001b[22m\n","name":"/home/davicho/etherai-foresight-platform-main/server/__tests__/eternalVigilanceService.test.js","startTime":1760642249713,"status":"failed","summary":""},{"assertionResults":[],"coverage":{},"endTime":1760642249713,"message":"  \u001b[1m● \u001b[22mTest suite failed to run\n\n    ReferenceError: require is not defined\n\n      \u001b[2mat linkAndEvaluateModule (\u001b[22mnode_modules/jest-runtime/build/index.js\u001b[2m:710:20)\u001b[22m\n","name":"/home/davicho/etherai-foresight-platform-main/server/__tests__/e2e.backend.mock.test.js","startTime":1760642249713,"status":"failed","summary":""},{"assertionResults":[],"coverage":{},"endTime":1760642249713,"message":"  \u001b[1m● \u001b[22mTest suite failed to run\n\n    ReferenceError: require is not defined\n\n      \u001b[2mat linkAndEvaluateModule (\u001b[22mnode_modules/jest-runtime/build/index.js\u001b[2m:710:20)\u001b[22m\n","name":"/home/davicho/etherai-foresight-platform-main/server/__tests__/demo.test.js","startTime":1760642249713,"status":"failed","summary":""},{"assertionResults":[],"coverage":{},"endTime":1760642249713,"message":"  \u001b[1m● \u001b[22mTest suite failed to run\n\n    ReferenceError: require is not defined\n\n      \u001b[2mat linkAndEvaluateModule (\u001b[22mnode_modules/jest-runtime/build/index.js\u001b[2m:710:20)\u001b[22m\n","name":"/home/davicho/etherai-foresight-platform-main/server/__tests__/database.unit.test.js","startTime":1760642249713,"status":"failed","summary":""},{"assertionResults":[],"coverage":{},"endTime":1760642249713,"message":"  \u001b[1m● \u001b[22mTest suite failed to run\n\n    ReferenceError: require is not defined\n\n      \u001b[2mat linkAndEvaluateModule (\u001b[22mnode_modules/jest-runtime/build/index.js\u001b[2m:710:20)\u001b[22m\n","name":"/home/davicho/etherai-foresight-platform-main/server/__tests__/causalWeaver.native.test.js","startTime":1760642249713,"status":"failed","summary":""},{"assertionResults":[],"coverage":{},"endTime":1760642249713,"message":"  \u001b[1m● \u001b[22mTest suite failed to run\n\n    ReferenceError: require is not defined\n\n      \u001b[2mat linkAndEvaluateModule (\u001b[22mnode_modules/jest-runtime/build/index.js\u001b[2m:710:20)\u001b[22m\n","name":"/home/davicho/etherai-foresight-platform-main/server/__tests__/cache.test.js","startTime":1760642249713,"status":"failed","summary":""},{"assertionResults":[],"coverage":{},"endTime":1760642249713,"message":"  \u001b[1m● \u001b[22mTest suite failed to run\n\n    ReferenceError: require is not defined\n\n      \u001b[2mat linkAndEvaluateModule (\u001b[22mnode_modules/jest-runtime/build/index.js\u001b[2m:710:20)\u001b[22m\n","name":"/home/davicho/etherai-foresight-platform-main/server/__tests__/agents.unit.test.js","startTime":1760642249713,"status":"failed","summary":""},{"assertionResults":[],"coverage":{},"endTime":1760642249713,"message":"  \u001b[1m● \u001b[22mTest suite failed to run\n\n    ReferenceError: require is not defined\n\n      \u001b[2mat linkAndEvaluateModule (\u001b[22mnode_modules/jest-runtime/build/index.js\u001b[2m:710:20)\u001b[22m\n","name":"/home/davicho/etherai-foresight-platform-main/server/__tests__/agents.simple.test.js","startTime":1760642249713,"status":"failed","summary":""},{"assertionResults":[],"coverage":{},"endTime":1760642249713,"message":"  \u001b[1m● \u001b[22mTest suite failed to run\n\n    ReferenceError: require is not defined\n\n      \u001b[2mat linkAndEvaluateModule (\u001b[22mnode_modules/jest-runtime/build/index.js\u001b[2m:710:20)\u001b[22m\n","name":"/home/davicho/etherai-foresight-platform-main/server/__tests__/agents.helpers.test.js","startTime":1760642249713,"status":"failed","summary":""},{"assertionResults":[],"coverage":{},"endTime":1760642249713,"message":"  \u001b[1m● \u001b[22mTest suite failed to run\n\n    ReferenceError: require is not defined\n\n      \u001b[2mat linkAndEvaluateModule (\u001b[22mnode_modules/jest-runtime/build/index.js\u001b[2m:710:20)\u001b[22m\n","name":"/home/davicho/etherai-foresight-platform-main/server/__tests__/agents.cases.test.js","startTime":1760642249713,"status":"failed","summary":""},{"assertionResults":[],"coverage":{},"endTime":1760642249713,"message":"  \u001b[1m● \u001b[22mTest suite failed to run\n\n    ReferenceError: require is not defined\n\n      \u001b[2mat linkAndEvaluateModule (\u001b[22mnode_modules/jest-runtime/build/index.js\u001b[2m:710:20)\u001b[22m\n","name":"/home/davicho/etherai-foresight-platform-main/server/__tests__/agents.bulk.test.js","startTime":1760642249713,"status":"failed","summary":""},{"assertionResults":[],"coverage":{},"endTime":1760642249713,"message":"  \u001b[1m● \u001b[22mTest suite failed to run\n\n    ReferenceError: require is not defined\n\n      \u001b[2mat linkAndEvaluateModule (\u001b[22mnode_modules/jest-runtime/build/index.js\u001b[2m:710:20)\u001b[22m\n","name":"/home/davicho/etherai-foresight-platform-main/server/__tests__/SeismicIntegration.retry.test.js","startTime":1760642249713,"status":"failed","summary":""}],"wasInterrupted":false}
