<?xml version="1.0" encoding="UTF-8"?>
<coverage generated="1760207390143" clover="3.2.0">
  <project timestamp="1760207390143" name="All files">
    <metrics statements="2328" coveredstatements="1942" conditionals="1555" coveredconditionals="1008" methods="412" coveredmethods="316" elements="4295" coveredelements="3266" complexity="0" loc="2328" ncloc="2328" packages="6" files="51" classes="51"/>
    <package name="src">
      <metrics statements="1024" coveredstatements="825" conditionals="575" coveredconditionals="398" methods="190" coveredmethods="126"/>
      <file name="agents.js" path="/home/davicho/etherai-foresight-platform-main/server/src/agents.js">
        <metrics statements="354" coveredstatements="290" conditionals="233" coveredconditionals="166" methods="39" coveredmethods="30"/>
        <line num="10" count="299" type="stmt"/>
        <line num="11" count="299" type="cond" truecount="1" falsecount="2"/>
        <line num="12" count="299" type="cond" truecount="1" falsecount="1"/>
        <line num="13" count="299" type="cond" truecount="3" falsecount="0"/>
        <line num="15" count="299" type="cond" truecount="4" falsecount="0"/>
        <line num="16" count="299" type="stmt"/>
        <line num="17" count="299" type="stmt"/>
        <line num="18" count="299" type="stmt"/>
        <line num="23" count="3" type="cond" truecount="2" falsecount="0"/>
        <line num="24" count="3" type="cond" truecount="1" falsecount="1"/>
        <line num="29" count="3" type="cond" truecount="2" falsecount="0"/>
        <line num="30" count="3" type="cond" truecount="1" falsecount="1"/>
        <line num="35" count="3" type="cond" truecount="2" falsecount="0"/>
        <line num="36" count="3" type="cond" truecount="1" falsecount="1"/>
        <line num="40" count="1" type="stmt"/>
        <line num="41" count="1" type="stmt"/>
        <line num="42" count="1" type="stmt"/>
        <line num="43" count="1" type="stmt"/>
        <line num="45" count="0" type="stmt"/>
        <line num="49" count="1" type="stmt"/>
        <line num="52" count="1" type="stmt"/>
        <line num="53" count="1" type="stmt"/>
        <line num="54" count="1" type="stmt"/>
        <line num="55" count="1" type="stmt"/>
        <line num="56" count="1" type="stmt"/>
        <line num="57" count="1" type="stmt"/>
        <line num="58" count="1" type="stmt"/>
        <line num="59" count="1" type="cond" truecount="2" falsecount="0"/>
        <line num="61" count="0" type="stmt"/>
        <line num="62" count="0" type="stmt"/>
        <line num="65" count="1" type="stmt"/>
        <line num="66" count="1" type="cond" truecount="1" falsecount="1"/>
        <line num="67" count="1" type="stmt"/>
        <line num="68" count="1" type="stmt"/>
        <line num="70" count="1" type="stmt"/>
        <line num="71" count="1" type="cond" truecount="2" falsecount="2"/>
        <line num="73" count="0" type="stmt"/>
        <line num="74" count="0" type="stmt"/>
        <line num="78" count="1" type="stmt"/>
        <line num="79" count="1" type="cond" truecount="1" falsecount="1"/>
        <line num="80" count="1" type="stmt"/>
        <line num="81" count="1" type="stmt"/>
        <line num="92" count="1" type="cond" truecount="1" falsecount="1"/>
        <line num="93" count="0" type="cond" truecount="0" falsecount="4"/>
        <line num="94" count="0" type="stmt"/>
        <line num="95" count="0" type="cond" truecount="0" falsecount="4"/>
        <line num="96" count="0" type="stmt"/>
        <line num="99" count="1" type="stmt"/>
        <line num="103" count="1" type="stmt"/>
        <line num="113" count="3" type="stmt"/>
        <line num="114" count="3" type="stmt"/>
        <line num="115" count="3" type="stmt"/>
        <line num="116" count="3" type="stmt"/>
        <line num="118" count="3" type="stmt"/>
        <line num="119" count="9" type="cond" truecount="2" falsecount="0"/>
        <line num="120" count="2" type="stmt"/>
        <line num="121" count="2" type="stmt"/>
        <line num="122" count="7" type="cond" truecount="1" falsecount="1"/>
        <line num="123" count="0" type="stmt"/>
        <line num="124" count="0" type="stmt"/>
        <line num="125" count="7" type="cond" truecount="2" falsecount="0"/>
        <line num="126" count="1" type="stmt"/>
        <line num="127" count="1" type="stmt"/>
        <line num="128" count="6" type="cond" truecount="6" falsecount="0"/>
        <line num="130" count="3" type="stmt"/>
        <line num="131" count="3" type="cond" truecount="1" falsecount="1"/>
        <line num="132" count="3" type="stmt"/>
        <line num="137" count="3" type="stmt"/>
        <line num="141" count="2" type="stmt"/>
        <line num="149" count="2" type="stmt"/>
        <line num="175" count="55" type="cond" truecount="19" falsecount="1"/>
        <line num="177" count="2" type="stmt"/>
        <line num="180" count="2" type="stmt"/>
        <line num="181" count="2" type="stmt"/>
        <line num="182" count="2" type="stmt"/>
        <line num="190" count="1" type="stmt"/>
        <line num="191" count="1" type="stmt"/>
        <line num="193" count="1" type="stmt"/>
        <line num="194" count="1" type="cond" truecount="1" falsecount="1"/>
        <line num="195" count="1" type="stmt"/>
        <line num="196" count="1" type="cond" truecount="1" falsecount="1"/>
        <line num="197" count="0" type="cond" truecount="0" falsecount="4"/>
        <line num="199" count="0" type="stmt"/>
        <line num="201" count="1" type="stmt"/>
        <line num="206" count="1" type="cond" truecount="1" falsecount="1"/>
        <line num="207" count="1" type="stmt"/>
        <line num="214" count="1" type="stmt"/>
        <line num="217" count="1" type="stmt"/>
        <line num="220" count="1" type="stmt"/>
        <line num="221" count="1" type="cond" truecount="1" falsecount="1"/>
        <line num="222" count="0" type="stmt"/>
        <line num="223" count="0" type="stmt"/>
        <line num="224" count="0" type="cond" truecount="0" falsecount="2"/>
        <line num="226" count="1" type="stmt"/>
        <line num="229" count="1" type="stmt"/>
        <line num="232" count="2" type="stmt"/>
        <line num="233" count="2" type="cond" truecount="4" falsecount="0"/>
        <line num="234" count="2" type="stmt"/>
        <line num="235" count="2" type="cond" truecount="2" falsecount="0"/>
        <line num="237" count="1" type="stmt"/>
        <line num="239" count="1" type="cond" truecount="3" falsecount="1"/>
        <line num="240" count="1" type="stmt"/>
        <line num="243" count="2" type="cond" truecount="4" falsecount="0"/>
        <line num="244" count="1" type="stmt"/>
        <line num="245" count="1" type="cond" truecount="1" falsecount="1"/>
        <line num="246" count="1" type="stmt"/>
        <line num="247" count="1" type="stmt"/>
        <line num="248" count="1" type="cond" truecount="1" falsecount="1"/>
        <line num="249" count="0" type="cond" truecount="0" falsecount="4"/>
        <line num="250" count="0" type="stmt"/>
        <line num="252" count="1" type="stmt"/>
        <line num="255" count="0" type="stmt"/>
        <line num="257" count="1" type="stmt"/>
        <line num="259" count="0" type="cond" truecount="0" falsecount="2"/>
        <line num="263" count="3" type="cond" truecount="2" falsecount="0"/>
        <line num="264" count="3" type="stmt"/>
        <line num="265" count="3" type="stmt"/>
        <line num="270" count="9" type="stmt"/>
        <line num="271" count="3" type="cond" truecount="1" falsecount="1"/>
        <line num="272" count="3" type="stmt"/>
        <line num="274" count="0" type="stmt"/>
        <line num="278" count="2" type="cond" truecount="2" falsecount="0"/>
        <line num="279" count="2" type="cond" truecount="2" falsecount="0"/>
        <line num="282" count="2" type="stmt"/>
        <line num="283" count="2" type="stmt"/>
        <line num="285" count="0" type="stmt"/>
        <line num="286" count="0" type="stmt"/>
        <line num="290" count="2" type="stmt"/>
        <line num="298" count="2" type="cond" truecount="2" falsecount="0"/>
        <line num="301" count="1" type="cond" truecount="3" falsecount="1"/>
        <line num="302" count="1" type="stmt"/>
        <line num="306" count="2" type="stmt"/>
        <line num="309" count="1" type="stmt"/>
        <line num="310" count="1" type="stmt"/>
        <line num="311" count="1" type="stmt"/>
        <line num="312" count="1" type="stmt"/>
        <line num="313" count="1" type="stmt"/>
        <line num="314" count="1" type="stmt"/>
        <line num="317" count="4" type="stmt"/>
        <line num="318" count="4" type="stmt"/>
        <line num="320" count="4" type="stmt"/>
        <line num="321" count="4" type="stmt"/>
        <line num="322" count="4" type="stmt"/>
        <line num="323" count="4" type="stmt"/>
        <line num="324" count="4" type="stmt"/>
        <line num="325" count="4" type="stmt"/>
        <line num="326" count="4" type="stmt"/>
        <line num="327" count="4" type="stmt"/>
        <line num="328" count="4" type="stmt"/>
        <line num="329" count="4" type="stmt"/>
        <line num="330" count="4" type="stmt"/>
        <line num="331" count="4" type="stmt"/>
        <line num="333" count="4" type="stmt"/>
        <line num="334" count="4" type="stmt"/>
        <line num="335" count="4" type="cond" truecount="2" falsecount="0"/>
        <line num="339" count="4" type="stmt"/>
        <line num="340" count="4" type="cond" truecount="1" falsecount="1"/>
        <line num="342" count="4" type="stmt"/>
        <line num="344" count="4" type="stmt"/>
        <line num="347" count="0" type="stmt"/>
        <line num="350" count="4" type="stmt"/>
        <line num="352" count="4" type="stmt"/>
        <line num="355" count="1" type="stmt"/>
        <line num="358" count="4" type="stmt"/>
        <line num="360" count="4" type="stmt"/>
        <line num="363" count="0" type="stmt"/>
        <line num="364" count="0" type="cond" truecount="0" falsecount="2"/>
        <line num="365" count="0" type="stmt"/>
        <line num="366" count="0" type="stmt"/>
        <line num="377" count="4" type="stmt"/>
        <line num="379" count="4" type="stmt"/>
        <line num="382" count="0" type="stmt"/>
        <line num="385" count="4" type="stmt"/>
        <line num="387" count="4" type="stmt"/>
        <line num="390" count="1" type="stmt"/>
        <line num="393" count="4" type="stmt"/>
        <line num="395" count="4" type="stmt"/>
        <line num="398" count="5" type="stmt"/>
        <line num="399" count="5" type="stmt"/>
        <line num="400" count="5" type="stmt"/>
        <line num="401" count="5" type="stmt"/>
        <line num="403" count="5" type="cond" truecount="4" falsecount="0"/>
        <line num="404" count="5" type="stmt"/>
        <line num="411" count="5" type="stmt"/>
        <line num="414" count="5" type="stmt"/>
        <line num="415" count="5" type="stmt"/>
        <line num="417" count="5" type="cond" truecount="2" falsecount="0"/>
        <line num="419" count="1" type="stmt"/>
        <line num="421" count="4" type="cond" truecount="1" falsecount="1"/>
        <line num="422" count="4" type="cond" truecount="1" falsecount="2"/>
        <line num="423" count="4" type="cond" truecount="1" falsecount="1"/>
        <line num="424" count="4" type="stmt"/>
        <line num="428" count="5" type="cond" truecount="2" falsecount="0"/>
        <line num="430" count="5" type="stmt"/>
        <line num="431" count="5" type="stmt"/>
        <line num="434" count="5" type="cond" truecount="5" falsecount="1"/>
        <line num="435" count="5" type="cond" truecount="5" falsecount="1"/>
        <line num="436" count="5" type="cond" truecount="6" falsecount="0"/>
        <line num="437" count="5" type="cond" truecount="6" falsecount="0"/>
        <line num="438" count="5" type="cond" truecount="6" falsecount="0"/>
        <line num="440" count="5" type="stmt"/>
        <line num="449" count="5" type="cond" truecount="2" falsecount="0"/>
        <line num="450" count="4" type="stmt"/>
        <line num="452" count="4" type="stmt"/>
        <line num="476" count="1" type="stmt"/>
        <line num="481" count="5" type="cond" truecount="2" falsecount="0"/>
        <line num="482" count="5" type="stmt"/>
        <line num="485" count="6" type="stmt"/>
        <line num="486" count="6" type="stmt"/>
        <line num="487" count="6" type="stmt"/>
        <line num="488" count="7" type="stmt"/>
        <line num="490" count="7" type="stmt"/>
        <line num="492" count="6" type="stmt"/>
        <line num="495" count="5" type="stmt"/>
        <line num="496" count="5" type="stmt"/>
        <line num="497" count="5" type="stmt"/>
        <line num="505" count="5" type="stmt"/>
        <line num="509" count="5" type="stmt"/>
        <line num="517" count="4" type="stmt"/>
        <line num="518" count="4" type="stmt"/>
        <line num="522" count="5" type="stmt"/>
        <line num="523" count="5" type="stmt"/>
        <line num="530" count="4" type="stmt"/>
        <line num="531" count="4" type="stmt"/>
        <line num="532" count="4" type="stmt"/>
        <line num="534" count="4" type="stmt"/>
        <line num="554" count="4" type="stmt"/>
        <line num="558" count="4" type="stmt"/>
        <line num="573" count="4" type="stmt"/>
        <line num="575" count="4" type="stmt"/>
        <line num="578" count="1" type="stmt"/>
        <line num="581" count="2" type="cond" truecount="2" falsecount="0"/>
        <line num="582" count="2" type="stmt"/>
        <line num="583" count="1" type="stmt"/>
        <line num="585" count="1" type="stmt"/>
        <line num="586" count="1" type="stmt"/>
        <line num="587" count="14" type="stmt"/>
        <line num="588" count="1" type="stmt"/>
        <line num="589" count="1" type="stmt"/>
        <line num="590" count="1" type="stmt"/>
        <line num="592" count="1" type="stmt"/>
        <line num="603" count="1" type="stmt"/>
        <line num="605" count="1" type="stmt"/>
        <line num="613" count="6" type="cond" truecount="2" falsecount="0"/>
        <line num="614" count="6" type="stmt"/>
        <line num="615" count="6" type="stmt"/>
        <line num="616" count="6" type="stmt"/>
        <line num="618" count="6" type="stmt"/>
        <line num="619" count="17" type="stmt"/>
        <line num="620" count="17" type="stmt"/>
        <line num="622" count="17" type="stmt"/>
        <line num="623" count="17" type="stmt"/>
        <line num="624" count="17" type="stmt"/>
        <line num="625" count="17" type="stmt"/>
        <line num="627" count="17" type="stmt"/>
        <line num="635" count="0" type="stmt"/>
        <line num="645" count="6" type="stmt"/>
        <line num="647" count="6" type="stmt"/>
        <line num="654" count="0" type="stmt"/>
        <line num="661" count="2" type="stmt"/>
        <line num="662" count="2" type="stmt"/>
        <line num="663" count="1" type="cond" truecount="1" falsecount="1"/>
        <line num="666" count="3" type="stmt"/>
        <line num="667" count="3" type="stmt"/>
        <line num="677" count="4" type="stmt"/>
        <line num="678" count="4" type="stmt"/>
        <line num="680" count="4" type="stmt"/>
        <line num="681" count="4" type="stmt"/>
        <line num="682" count="4" type="stmt"/>
        <line num="687" count="0" type="stmt"/>
        <line num="688" count="0" type="stmt"/>
        <line num="689" count="0" type="stmt"/>
        <line num="694" count="0" type="stmt"/>
        <line num="695" count="0" type="stmt"/>
        <line num="699" count="9" type="cond" truecount="2" falsecount="0"/>
        <line num="700" count="4" type="stmt"/>
        <line num="701" count="4" type="stmt"/>
        <line num="702" count="27" type="stmt"/>
        <line num="704" count="27" type="stmt"/>
        <line num="705" count="27" type="stmt"/>
        <line num="706" count="4" type="stmt"/>
        <line num="710" count="10" type="cond" truecount="1" falsecount="1"/>
        <line num="711" count="10" type="stmt"/>
        <line num="712" count="10" type="stmt"/>
        <line num="713" count="68" type="stmt"/>
        <line num="714" count="56" type="stmt"/>
        <line num="715" count="10" type="stmt"/>
        <line num="717" count="10" type="cond" truecount="2" falsecount="0"/>
        <line num="718" count="6" type="cond" truecount="2" falsecount="0"/>
        <line num="719" count="3" type="stmt"/>
        <line num="723" count="6" type="stmt"/>
        <line num="724" count="6" type="stmt"/>
        <line num="725" count="6" type="stmt"/>
        <line num="727" count="6" type="cond" truecount="2" falsecount="0"/>
        <line num="728" count="4" type="cond" truecount="2" falsecount="0"/>
        <line num="729" count="2" type="stmt"/>
        <line num="730" count="0" type="stmt"/>
        <line num="731" count="0" type="stmt"/>
        <line num="732" count="0" type="stmt"/>
        <line num="734" count="0" type="stmt"/>
        <line num="735" count="0" type="cond" truecount="0" falsecount="2"/>
        <line num="736" count="0" type="stmt"/>
        <line num="737" count="0" type="cond" truecount="0" falsecount="2"/>
        <line num="738" count="0" type="stmt"/>
        <line num="741" count="0" type="stmt"/>
        <line num="751" count="0" type="stmt"/>
        <line num="753" count="0" type="cond" truecount="0" falsecount="2"/>
        <line num="754" count="0" type="stmt"/>
        <line num="755" count="0" type="stmt"/>
        <line num="756" count="0" type="stmt"/>
        <line num="757" count="0" type="cond" truecount="0" falsecount="2"/>
        <line num="758" count="0" type="stmt"/>
        <line num="759" count="0" type="stmt"/>
        <line num="761" count="0" type="stmt"/>
        <line num="762" count="0" type="stmt"/>
        <line num="765" count="0" type="stmt"/>
        <line num="766" count="0" type="cond" truecount="0" falsecount="2"/>
        <line num="767" count="0" type="stmt"/>
        <line num="770" count="0" type="stmt"/>
        <line num="775" count="21" type="cond" truecount="2" falsecount="0"/>
        <line num="777" count="21" type="stmt"/>
        <line num="781" count="19" type="stmt"/>
        <line num="783" count="19" type="cond" truecount="2" falsecount="0"/>
        <line num="784" count="2" type="stmt"/>
        <line num="785" count="2" type="stmt"/>
        <line num="786" count="2" type="stmt"/>
        <line num="787" count="17" type="cond" truecount="1" falsecount="1"/>
        <line num="788" count="0" type="stmt"/>
        <line num="789" count="0" type="stmt"/>
        <line num="791" count="17" type="stmt"/>
        <line num="792" count="17" type="stmt"/>
        <line num="795" count="19" type="cond" truecount="2" falsecount="0"/>
        <line num="796" count="2" type="stmt"/>
        <line num="799" count="19" type="stmt"/>
        <line num="803" count="7" type="stmt"/>
        <line num="804" count="19" type="stmt"/>
        <line num="805" count="19" type="stmt"/>
        <line num="807" count="7" type="stmt"/>
        <line num="808" count="7" type="cond" truecount="2" falsecount="0"/>
        <line num="809" count="1" type="stmt"/>
        <line num="810" count="6" type="cond" truecount="1" falsecount="1"/>
        <line num="811" count="0" type="stmt"/>
        <line num="814" count="7" type="stmt"/>
        <line num="823" count="7" type="stmt"/>
        <line num="825" count="7" type="cond" truecount="2" falsecount="0"/>
        <line num="826" count="1" type="stmt"/>
        <line num="827" count="1" type="stmt"/>
        <line num="828" count="1" type="stmt"/>
        <line num="829" count="6" type="cond" truecount="1" falsecount="1"/>
        <line num="830" count="0" type="stmt"/>
        <line num="831" count="0" type="stmt"/>
        <line num="833" count="6" type="stmt"/>
        <line num="834" count="6" type="stmt"/>
        <line num="837" count="7" type="stmt"/>
      </file>
      <file name="cache.js" path="/home/davicho/etherai-foresight-platform-main/server/src/cache.js">
        <metrics statements="24" coveredstatements="20" conditionals="14" coveredconditionals="9" methods="10" coveredmethods="9"/>
        <line num="8" count="22" type="stmt"/>
        <line num="18" count="19" type="stmt"/>
        <line num="19" count="19" type="stmt"/>
        <line num="28" count="29" type="stmt"/>
        <line num="29" count="29" type="cond" truecount="2" falsecount="0"/>
        <line num="30" count="11" type="cond" truecount="2" falsecount="0"/>
        <line num="31" count="1" type="stmt"/>
        <line num="32" count="1" type="stmt"/>
        <line num="34" count="10" type="stmt"/>
        <line num="41" count="1" type="stmt"/>
        <line num="42" count="1" type="stmt"/>
        <line num="43" count="2" type="cond" truecount="2" falsecount="0"/>
        <line num="44" count="1" type="stmt"/>
        <line num="53" count="20" type="stmt"/>
        <line num="58" count="22" type="stmt"/>
        <line num="61" count="22" type="stmt"/>
        <line num="63" count="1" type="cond" truecount="2" falsecount="2"/>
        <line num="64" count="0" type="cond" truecount="0" falsecount="2"/>
        <line num="65" count="0" type="stmt"/>
        <line num="69" count="1" type="cond" truecount="1" falsecount="1"/>
        <line num="70" count="0" type="stmt"/>
        <line num="71" count="0" type="stmt"/>
        <line num="77" count="1" type="stmt"/>
        <line num="81" count="1" type="stmt"/>
      </file>
      <file name="causalWeaver.js" path="/home/davicho/etherai-foresight-platform-main/server/src/causalWeaver.js">
        <metrics statements="116" coveredstatements="77" conditionals="43" coveredconditionals="24" methods="15" coveredmethods="12"/>
        <line num="6" count="5" type="stmt"/>
        <line num="7" count="5" type="stmt"/>
        <line num="8" count="5" type="stmt"/>
        <line num="10" count="5" type="cond" truecount="2" falsecount="0"/>
        <line num="11" count="3" type="stmt"/>
        <line num="12" count="3" type="stmt"/>
        <line num="17" count="5" type="stmt"/>
        <line num="18" count="5" type="stmt"/>
        <line num="20" count="0" type="stmt"/>
        <line num="25" count="3" type="cond" truecount="1" falsecount="1"/>
        <line num="26" count="3" type="stmt"/>
        <line num="27" count="3" type="stmt"/>
        <line num="28" count="3" type="stmt"/>
        <line num="29" count="3" type="stmt"/>
        <line num="30" count="3" type="stmt"/>
        <line num="32" count="0" type="stmt"/>
        <line num="33" count="0" type="stmt"/>
        <line num="34" count="0" type="stmt"/>
        <line num="40" count="0" type="stmt"/>
        <line num="41" count="0" type="stmt"/>
        <line num="42" count="0" type="stmt"/>
        <line num="44" count="0" type="stmt"/>
        <line num="49" count="2" type="cond" truecount="1" falsecount="1"/>
        <line num="50" count="2" type="stmt"/>
        <line num="51" count="2" type="cond" truecount="2" falsecount="0"/>
        <line num="52" count="1" type="stmt"/>
        <line num="53" count="1" type="stmt"/>
        <line num="54" count="1" type="stmt"/>
        <line num="55" count="1" type="stmt"/>
        <line num="56" count="1" type="stmt"/>
        <line num="58" count="0" type="stmt"/>
        <line num="59" count="0" type="stmt"/>
        <line num="60" count="0" type="stmt"/>
        <line num="66" count="0" type="cond" truecount="0" falsecount="2"/>
        <line num="67" count="0" type="stmt"/>
        <line num="68" count="0" type="stmt"/>
        <line num="69" count="0" type="stmt"/>
        <line num="71" count="0" type="stmt"/>
        <line num="73" count="0" type="stmt"/>
        <line num="78" count="1" type="cond" truecount="1" falsecount="1"/>
        <line num="79" count="1" type="cond" truecount="1" falsecount="1"/>
        <line num="80" count="1" type="stmt"/>
        <line num="81" count="1" type="stmt"/>
        <line num="82" count="1" type="stmt"/>
        <line num="83" count="1" type="stmt"/>
        <line num="84" count="1" type="stmt"/>
        <line num="86" count="0" type="stmt"/>
        <line num="87" count="0" type="stmt"/>
        <line num="88" count="0" type="stmt"/>
        <line num="95" count="0" type="stmt"/>
        <line num="96" count="0" type="stmt"/>
        <line num="97" count="0" type="stmt"/>
        <line num="99" count="0" type="stmt"/>
        <line num="104" count="7" type="cond" truecount="1" falsecount="1"/>
        <line num="105" count="7" type="stmt"/>
        <line num="106" count="7" type="stmt"/>
        <line num="107" count="3" type="stmt"/>
        <line num="108" count="3" type="stmt"/>
        <line num="109" count="3" type="cond" truecount="2" falsecount="0"/>
        <line num="112" count="7" type="stmt"/>
        <line num="114" count="0" type="stmt"/>
        <line num="115" count="0" type="stmt"/>
        <line num="116" count="0" type="stmt"/>
        <line num="121" count="0" type="stmt"/>
        <line num="123" count="0" type="stmt"/>
        <line num="128" count="6" type="stmt"/>
        <line num="129" count="6" type="stmt"/>
        <line num="130" count="1" type="stmt"/>
        <line num="140" count="1" type="cond" truecount="1" falsecount="1"/>
        <line num="141" count="1" type="stmt"/>
        <line num="143" count="1" type="stmt"/>
        <line num="146" count="1" type="stmt"/>
        <line num="147" count="1" type="stmt"/>
        <line num="148" count="1" type="cond" truecount="1" falsecount="1"/>
        <line num="149" count="1" type="stmt"/>
        <line num="150" count="1" type="cond" truecount="1" falsecount="1"/>
        <line num="151" count="1" type="stmt"/>
        <line num="158" count="1" type="cond" truecount="1" falsecount="1"/>
        <line num="160" count="1" type="stmt"/>
        <line num="161" count="1" type="stmt"/>
        <line num="162" count="1" type="stmt"/>
        <line num="163" count="2" type="cond" truecount="1" falsecount="1"/>
        <line num="164" count="2" type="stmt"/>
        <line num="165" count="2" type="cond" truecount="2" falsecount="0"/>
        <line num="166" count="2" type="stmt"/>
        <line num="167" count="1" type="stmt"/>
        <line num="168" count="1" type="stmt"/>
        <line num="169" count="1" type="stmt"/>
        <line num="170" count="1" type="stmt"/>
        <line num="173" count="1" type="stmt"/>
        <line num="174" count="1" type="stmt"/>
        <line num="176" count="0" type="stmt"/>
        <line num="177" count="0" type="stmt"/>
        <line num="178" count="0" type="stmt"/>
        <line num="183" count="0" type="stmt"/>
        <line num="185" count="0" type="stmt"/>
        <line num="190" count="1" type="cond" truecount="1" falsecount="1"/>
        <line num="192" count="1" type="stmt"/>
        <line num="193" count="1" type="stmt"/>
        <line num="194" count="1" type="stmt"/>
        <line num="195" count="1" type="stmt"/>
        <line num="196" count="2" type="stmt"/>
        <line num="197" count="2" type="cond" truecount="1" falsecount="1"/>
        <line num="198" count="2" type="stmt"/>
        <line num="199" count="2" type="cond" truecount="2" falsecount="0"/>
        <line num="200" count="2" type="stmt"/>
        <line num="201" count="1" type="stmt"/>
        <line num="202" count="1" type="stmt"/>
        <line num="203" count="1" type="cond" truecount="1" falsecount="1"/>
        <line num="206" count="1" type="stmt"/>
        <line num="208" count="0" type="stmt"/>
        <line num="209" count="0" type="stmt"/>
        <line num="210" count="0" type="stmt"/>
        <line num="215" count="0" type="stmt"/>
        <line num="217" count="0" type="stmt"/>
        <line num="222" count="2" type="stmt"/>
      </file>
      <file name="database.js" path="/home/davicho/etherai-foresight-platform-main/server/src/database.js">
        <metrics statements="99" coveredstatements="83" conditionals="70" coveredconditionals="45" methods="19" coveredmethods="12"/>
        <line num="6" count="49" type="stmt"/>
        <line num="7" count="49" type="stmt"/>
        <line num="19" count="49" type="stmt"/>
        <line num="20" count="49" type="stmt"/>
        <line num="23" count="49" type="stmt"/>
        <line num="24" count="49" type="stmt"/>
        <line num="25" count="22" type="stmt"/>
        <line num="26" count="14" type="stmt"/>
        <line num="28" count="8" type="cond" truecount="2" falsecount="0"/>
        <line num="33" count="1" type="stmt"/>
        <line num="34" count="1" type="stmt"/>
        <line num="35" count="1" type="cond" truecount="1" falsecount="1"/>
        <line num="37" count="0" type="stmt"/>
        <line num="42" count="49" type="stmt"/>
        <line num="47" count="49" type="cond" truecount="3" falsecount="0"/>
        <line num="52" count="6" type="stmt"/>
        <line num="53" count="6" type="stmt"/>
        <line num="54" count="280" type="stmt"/>
        <line num="55" count="280" type="stmt"/>
        <line num="58" count="6" type="cond" truecount="1" falsecount="1"/>
        <line num="59" count="48" type="stmt"/>
        <line num="66" count="255" type="cond" truecount="2" falsecount="0"/>
        <line num="67" count="1" type="cond" truecount="1" falsecount="1"/>
        <line num="68" count="1" type="stmt"/>
        <line num="70" count="0" type="stmt"/>
        <line num="71" count="0" type="stmt"/>
        <line num="74" count="1" type="stmt"/>
        <line num="75" count="1" type="cond" truecount="2" falsecount="2"/>
        <line num="76" count="1" type="stmt"/>
        <line num="77" count="1" type="stmt"/>
        <line num="78" count="1" type="cond" truecount="1" falsecount="1"/>
        <line num="79" count="1" type="cond" truecount="1" falsecount="1"/>
        <line num="80" count="1" type="stmt"/>
        <line num="83" count="1" type="cond" truecount="3" falsecount="1"/>
        <line num="84" count="1" type="stmt"/>
        <line num="86" count="0" type="stmt"/>
        <line num="90" count="1" type="stmt"/>
        <line num="93" count="254" type="cond" truecount="2" falsecount="0"/>
        <line num="94" count="31" type="stmt"/>
        <line num="97" count="6" type="stmt"/>
        <line num="98" count="6" type="stmt"/>
        <line num="99" count="2" type="stmt"/>
        <line num="101" count="2" type="stmt"/>
        <line num="105" count="1" type="stmt"/>
        <line num="108" count="1" type="stmt"/>
        <line num="118" count="4" type="stmt"/>
        <line num="119" count="4" type="cond" truecount="3" falsecount="1"/>
        <line num="120" count="4" type="stmt"/>
        <line num="121" count="4" type="stmt"/>
        <line num="122" count="4" type="stmt"/>
        <line num="123" count="4" type="stmt"/>
        <line num="124" count="2" type="cond" truecount="2" falsecount="0"/>
        <line num="126" count="1" type="stmt"/>
        <line num="129" count="1" type="stmt"/>
        <line num="135" count="1" type="stmt"/>
        <line num="142" count="1" type="cond" truecount="1" falsecount="1"/>
        <line num="143" count="1" type="cond" truecount="1" falsecount="1"/>
        <line num="144" count="1" type="stmt"/>
        <line num="146" count="1" type="stmt"/>
        <line num="150" count="2" type="stmt"/>
        <line num="151" count="2" type="stmt"/>
        <line num="152" count="2" type="cond" truecount="2" falsecount="0"/>
        <line num="153" count="1" type="stmt"/>
        <line num="154" count="1" type="stmt"/>
        <line num="159" count="1" type="cond" truecount="0" falsecount="2"/>
        <line num="160" count="0" type="stmt"/>
        <line num="161" count="0" type="stmt"/>
        <line num="163" count="2" type="cond" truecount="4" falsecount="0"/>
        <line num="164" count="1" type="stmt"/>
        <line num="166" count="1" type="stmt"/>
        <line num="171" count="254" type="stmt"/>
        <line num="176" count="8" type="cond" truecount="2" falsecount="0"/>
        <line num="179" count="1" type="cond" truecount="1" falsecount="1"/>
        <line num="180" count="0" type="stmt"/>
        <line num="183" count="1" type="cond" truecount="1" falsecount="1"/>
        <line num="184" count="1" type="cond" truecount="2" falsecount="0"/>
        <line num="185" count="1" type="cond" truecount="2" falsecount="0"/>
        <line num="186" count="1" type="cond" truecount="2" falsecount="0"/>
        <line num="187" count="1" type="cond" truecount="2" falsecount="0"/>
        <line num="188" count="1" type="stmt"/>
        <line num="189" count="1" type="stmt"/>
        <line num="191" count="1" type="stmt"/>
        <line num="192" count="1" type="stmt"/>
        <line num="193" count="1" type="stmt"/>
        <line num="200" count="1" type="stmt"/>
        <line num="201" count="1" type="stmt"/>
        <line num="202" count="1" type="stmt"/>
        <line num="204" count="1" type="stmt"/>
        <line num="205" count="1" type="stmt"/>
        <line num="207" count="0" type="stmt"/>
        <line num="208" count="0" type="cond" truecount="0" falsecount="2"/>
        <line num="209" count="0" type="stmt"/>
        <line num="210" count="0" type="stmt"/>
        <line num="212" count="0" type="cond" truecount="0" falsecount="2"/>
        <line num="213" count="0" type="stmt"/>
        <line num="215" count="0" type="stmt"/>
        <line num="219" count="1" type="stmt"/>
        <line num="223" count="0" type="cond" truecount="0" falsecount="2"/>
        <line num="224" count="0" type="stmt"/>
      </file>
      <file name="eternalVigilanceService.js" path="/home/davicho/etherai-foresight-platform-main/server/src/eternalVigilanceService.js">
        <metrics statements="44" coveredstatements="32" conditionals="16" coveredconditionals="11" methods="17" coveredmethods="15"/>
        <line num="3" count="32" type="stmt"/>
        <line num="4" count="32" type="stmt"/>
        <line num="7" count="32" type="stmt"/>
        <line num="8" count="32" type="stmt"/>
        <line num="9" count="32" type="stmt"/>
        <line num="10" count="32" type="stmt"/>
        <line num="11" count="32" type="stmt"/>
        <line num="13" count="0" type="stmt"/>
        <line num="19" count="5" type="stmt"/>
        <line num="20" count="5" type="stmt"/>
        <line num="21" count="2" type="stmt"/>
        <line num="22" count="2" type="stmt"/>
        <line num="24" count="0" type="stmt"/>
        <line num="30" count="10" type="cond" truecount="1" falsecount="1"/>
        <line num="31" count="0" type="stmt"/>
        <line num="43" count="10" type="stmt"/>
        <line num="44" count="10" type="stmt"/>
        <line num="46" count="10" type="cond" truecount="2" falsecount="0"/>
        <line num="47" count="10" type="cond" truecount="2" falsecount="0"/>
        <line num="56" count="2" type="stmt"/>
        <line num="60" count="2" type="stmt"/>
        <line num="65" count="0" type="stmt"/>
        <line num="69" count="1" type="cond" truecount="1" falsecount="1"/>
        <line num="70" count="0" type="stmt"/>
        <line num="71" count="0" type="stmt"/>
        <line num="74" count="1" type="stmt"/>
        <line num="75" count="1" type="stmt"/>
        <line num="82" count="0" type="cond" truecount="0" falsecount="2"/>
        <line num="83" count="0" type="stmt"/>
        <line num="84" count="0" type="stmt"/>
        <line num="87" count="0" type="stmt"/>
        <line num="88" count="0" type="stmt"/>
        <line num="89" count="0" type="stmt"/>
        <line num="93" count="2" type="stmt"/>
        <line num="94" count="2" type="stmt"/>
        <line num="95" count="2" type="stmt"/>
        <line num="96" count="2" type="stmt"/>
        <line num="97" count="6" type="cond" truecount="4" falsecount="0"/>
        <line num="100" count="2" type="stmt"/>
        <line num="101" count="2" type="stmt"/>
        <line num="104" count="2" type="stmt"/>
        <line num="105" count="2" type="cond" truecount="1" falsecount="1"/>
        <line num="108" count="2" type="stmt"/>
        <line num="112" count="4" type="stmt"/>
      </file>
      <file name="eventHub.js" path="/home/davicho/etherai-foresight-platform-main/server/src/eventHub.js">
        <metrics statements="17" coveredstatements="17" conditionals="8" coveredconditionals="7" methods="5" coveredmethods="5"/>
        <line num="2" count="33" type="stmt"/>
        <line num="3" count="33" type="stmt"/>
        <line num="6" count="9" type="cond" truecount="2" falsecount="0"/>
        <line num="7" count="9" type="stmt"/>
        <line num="8" count="9" type="stmt"/>
        <line num="9" count="9" type="stmt"/>
        <line num="10" count="9" type="cond" truecount="1" falsecount="1"/>
        <line num="11" count="9" type="stmt"/>
        <line num="12" count="9" type="cond" truecount="2" falsecount="0"/>
        <line num="18" count="6" type="stmt"/>
        <line num="19" count="6" type="stmt"/>
        <line num="24" count="92" type="stmt"/>
        <line num="25" count="92" type="cond" truecount="2" falsecount="0"/>
        <line num="26" count="3" type="stmt"/>
        <line num="27" count="5" type="stmt"/>
        <line num="32" count="92" type="stmt"/>
        <line num="33" count="6" type="stmt"/>
      </file>
      <file name="index.js" path="/home/davicho/etherai-foresight-platform-main/server/src/index.js">
        <metrics statements="106" coveredstatements="88" conditionals="55" coveredconditionals="39" methods="41" coveredmethods="8"/>
        <line num="10" count="22" type="stmt"/>
        <line num="11" count="22" type="stmt"/>
        <line num="12" count="22" type="stmt"/>
        <line num="13" count="22" type="stmt"/>
        <line num="20" count="550" type="stmt"/>
        <line num="21" count="550" type="stmt"/>
        <line num="22" count="516" type="cond" truecount="2" falsecount="1"/>
        <line num="24" count="34" type="cond" truecount="2" falsecount="0"/>
        <line num="25" count="34" type="stmt"/>
        <line num="29" count="22" type="stmt"/>
        <line num="30" count="22" type="stmt"/>
        <line num="33" count="22" type="cond" truecount="2" falsecount="0"/>
        <line num="34" count="2" type="cond" truecount="1" falsecount="1"/>
        <line num="35" count="2" type="cond" truecount="1" falsecount="1"/>
        <line num="38" count="22" type="stmt"/>
        <line num="39" count="22" type="stmt"/>
        <line num="40" count="22" type="stmt"/>
        <line num="41" count="22" type="stmt"/>
        <line num="43" count="0" type="cond" truecount="0" falsecount="2"/>
        <line num="44" count="0" type="stmt"/>
        <line num="48" count="22" type="stmt"/>
        <line num="49" count="22" type="stmt"/>
        <line num="50" count="22" type="stmt"/>
        <line num="51" count="22" type="stmt"/>
        <line num="52" count="22" type="stmt"/>
        <line num="53" count="22" type="stmt"/>
        <line num="54" count="22" type="stmt"/>
        <line num="55" count="22" type="stmt"/>
        <line num="56" count="22" type="stmt"/>
        <line num="57" count="22" type="stmt"/>
        <line num="58" count="22" type="stmt"/>
        <line num="59" count="22" type="stmt"/>
        <line num="60" count="22" type="stmt"/>
        <line num="61" count="22" type="stmt"/>
        <line num="62" count="22" type="stmt"/>
        <line num="63" count="22" type="stmt"/>
        <line num="64" count="22" type="stmt"/>
        <line num="65" count="22" type="stmt"/>
        <line num="66" count="22" type="stmt"/>
        <line num="67" count="22" type="stmt"/>
        <line num="68" count="22" type="stmt"/>
        <line num="69" count="22" type="stmt"/>
        <line num="70" count="22" type="stmt"/>
        <line num="74" count="35" type="cond" truecount="2" falsecount="0"/>
        <line num="75" count="35" type="cond" truecount="2" falsecount="0"/>
        <line num="77" count="35" type="stmt"/>
        <line num="78" count="35" type="cond" truecount="4" falsecount="0"/>
        <line num="79" count="23" type="stmt"/>
        <line num="80" count="12" type="cond" truecount="4" falsecount="0"/>
        <line num="81" count="1" type="stmt"/>
        <line num="82" count="11" type="cond" truecount="4" falsecount="0"/>
        <line num="83" count="1" type="stmt"/>
        <line num="85" count="35" type="cond" truecount="2" falsecount="0"/>
        <line num="87" count="25" type="cond" truecount="2" falsecount="0"/>
        <line num="88" count="6" type="cond" truecount="3" falsecount="0"/>
        <line num="89" count="6" type="cond" truecount="2" falsecount="0"/>
        <line num="91" count="23" type="stmt"/>
        <line num="94" count="22" type="stmt"/>
        <line num="95" count="22" type="stmt"/>
        <line num="96" count="22" type="stmt"/>
        <line num="98" count="22" type="stmt"/>
        <line num="99" count="22" type="stmt"/>
        <line num="100" count="22" type="stmt"/>
        <line num="101" count="22" type="stmt"/>
        <line num="102" count="22" type="stmt"/>
        <line num="103" count="22" type="stmt"/>
        <line num="104" count="22" type="stmt"/>
        <line num="105" count="22" type="stmt"/>
        <line num="106" count="22" type="stmt"/>
        <line num="107" count="22" type="stmt"/>
        <line num="108" count="22" type="stmt"/>
        <line num="109" count="22" type="stmt"/>
        <line num="110" count="22" type="stmt"/>
        <line num="112" count="22" type="stmt"/>
        <line num="114" count="22" type="stmt"/>
        <line num="115" count="22" type="stmt"/>
        <line num="116" count="22" type="stmt"/>
        <line num="117" count="22" type="stmt"/>
        <line num="118" count="22" type="stmt"/>
        <line num="119" count="22" type="stmt"/>
        <line num="122" count="22" type="stmt"/>
        <line num="123" count="4" type="stmt"/>
        <line num="124" count="4" type="stmt"/>
        <line num="125" count="4" type="stmt"/>
        <line num="130" count="0" type="stmt"/>
        <line num="131" count="0" type="stmt"/>
        <line num="136" count="22" type="cond" truecount="2" falsecount="0"/>
        <line num="138" count="2" type="stmt"/>
        <line num="139" count="1" type="stmt"/>
        <line num="140" count="1" type="stmt"/>
        <line num="141" count="0" type="stmt"/>
        <line num="142" count="0" type="stmt"/>
        <line num="143" count="0" type="stmt"/>
        <line num="144" count="0" type="stmt"/>
        <line num="147" count="0" type="cond" truecount="0" falsecount="4"/>
        <line num="152" count="22" type="stmt"/>
        <line num="156" count="22" type="cond" truecount="3" falsecount="1"/>
        <line num="157" count="0" type="stmt"/>
        <line num="158" count="0" type="stmt"/>
        <line num="159" count="0" type="stmt"/>
        <line num="160" count="0" type="cond" truecount="0" falsecount="4"/>
        <line num="161" count="0" type="stmt"/>
        <line num="162" count="0" type="stmt"/>
        <line num="163" count="0" type="stmt"/>
        <line num="166" count="0" type="stmt"/>
        <line num="167" count="0" type="stmt"/>
      </file>
      <file name="llm.js" path="/home/davicho/etherai-foresight-platform-main/server/src/llm.js">
        <metrics statements="26" coveredstatements="24" conditionals="42" coveredconditionals="33" methods="8" coveredmethods="6"/>
        <line num="6" count="290" type="cond" truecount="3" falsecount="0"/>
        <line num="7" count="290" type="cond" truecount="3" falsecount="0"/>
        <line num="11" count="20" type="stmt"/>
        <line num="18" count="20" type="stmt"/>
        <line num="23" count="17" type="cond" truecount="2" falsecount="0"/>
        <line num="24" count="3" type="stmt"/>
        <line num="25" count="3" type="stmt"/>
        <line num="27" count="14" type="stmt"/>
        <line num="28" count="14" type="cond" truecount="4" falsecount="0"/>
        <line num="29" count="10" type="cond" truecount="2" falsecount="0"/>
        <line num="30" count="2" type="cond" truecount="2" falsecount="0"/>
        <line num="31" count="1" type="stmt"/>
        <line num="35" count="5" type="stmt"/>
        <line num="36" count="5" type="cond" truecount="2" falsecount="0"/>
        <line num="37" count="8" type="cond" truecount="2" falsecount="0"/>
        <line num="38" count="1" type="cond" truecount="1" falsecount="1"/>
        <line num="39" count="1" type="stmt"/>
        <line num="40" count="0" type="cond" truecount="0" falsecount="5"/>
        <line num="41" count="0" type="stmt"/>
        <line num="43" count="5" type="stmt"/>
        <line num="44" count="5" type="stmt"/>
        <line num="48" count="15" type="cond" truecount="1" falsecount="3"/>
        <line num="49" count="15" type="stmt"/>
        <line num="54" count="279" type="cond" truecount="2" falsecount="0"/>
        <line num="55" count="2" type="stmt"/>
        <line num="60" count="277" type="cond" truecount="2" falsecount="0"/>
      </file>
      <file name="oracle.js" path="/home/davicho/etherai-foresight-platform-main/server/src/oracle.js">
        <metrics statements="30" coveredstatements="30" conditionals="4" coveredconditionals="3" methods="8" coveredmethods="8"/>
        <line num="4" count="282" type="stmt"/>
        <line num="14" count="2" type="stmt"/>
        <line num="16" count="2" type="stmt"/>
        <line num="18" count="2" type="stmt"/>
        <line num="19" count="6" type="stmt"/>
        <line num="20" count="6" type="stmt"/>
        <line num="33" count="6" type="stmt"/>
        <line num="36" count="2" type="stmt"/>
        <line num="41" count="6" type="stmt"/>
        <line num="42" count="6" type="stmt"/>
        <line num="45" count="6" type="stmt"/>
        <line num="54" count="6" type="stmt"/>
        <line num="55" count="30" type="stmt"/>
        <line num="58" count="6" type="stmt"/>
        <line num="64" count="2" type="stmt"/>
        <line num="66" count="2" type="stmt"/>
        <line num="67" count="2" type="stmt"/>
        <line num="69" count="2" type="stmt"/>
        <line num="70" count="30" type="stmt"/>
        <line num="71" count="6" type="cond" truecount="2" falsecount="0"/>
        <line num="72" count="4" type="stmt"/>
        <line num="73" count="4" type="stmt"/>
        <line num="77" count="2" type="stmt"/>
        <line num="78" count="2" type="stmt"/>
        <line num="83" count="1" type="stmt"/>
        <line num="84" count="1" type="stmt"/>
        <line num="85" count="1" type="stmt"/>
        <line num="88" count="1" type="stmt"/>
        <line num="89" count="1" type="cond" truecount="1" falsecount="1"/>
        <line num="93" count="1" type="stmt"/>
      </file>
      <file name="orchestrator.js" path="/home/davicho/etherai-foresight-platform-main/server/src/orchestrator.js">
        <metrics statements="168" coveredstatements="135" conditionals="63" coveredconditionals="41" methods="20" coveredmethods="15"/>
        <line num="7" count="35" type="stmt"/>
        <line num="8" count="35" type="stmt"/>
        <line num="9" count="35" type="stmt"/>
        <line num="10" count="35" type="stmt"/>
        <line num="12" count="0" type="stmt"/>
        <line num="16" count="35" type="stmt"/>
        <line num="21" count="76" type="cond" truecount="2" falsecount="0"/>
        <line num="22" count="76" type="stmt"/>
        <line num="23" count="76" type="stmt"/>
        <line num="29" count="76" type="stmt"/>
        <line num="30" count="76" type="stmt"/>
        <line num="33" count="76" type="stmt"/>
        <line num="41" count="76" type="stmt"/>
        <line num="42" count="76" type="stmt"/>
        <line num="49" count="76" type="stmt"/>
        <line num="50" count="76" type="stmt"/>
        <line num="51" count="76" type="stmt"/>
        <line num="52" count="76" type="stmt"/>
        <line num="53" count="76" type="stmt"/>
        <line num="56" count="76" type="cond" truecount="1" falsecount="1"/>
        <line num="57" count="0" type="stmt"/>
        <line num="62" count="0" type="stmt"/>
        <line num="63" count="0" type="cond" truecount="0" falsecount="4"/>
        <line num="64" count="0" type="stmt"/>
        <line num="66" count="0" type="stmt"/>
        <line num="67" count="0" type="stmt"/>
        <line num="70" count="0" type="stmt"/>
        <line num="74" count="0" type="cond" truecount="0" falsecount="2"/>
        <line num="77" count="0" type="stmt"/>
        <line num="82" count="1" type="stmt"/>
        <line num="83" count="0" type="stmt"/>
        <line num="84" count="0" type="stmt"/>
        <line num="90" count="33" type="cond" truecount="2" falsecount="0"/>
        <line num="91" count="4" type="stmt"/>
        <line num="93" count="29" type="cond" truecount="4" falsecount="0"/>
        <line num="94" count="2" type="stmt"/>
        <line num="97" count="27" type="stmt"/>
        <line num="98" count="27" type="stmt"/>
        <line num="103" count="26" type="stmt"/>
        <line num="108" count="15" type="stmt"/>
        <line num="109" count="15" type="cond" truecount="1" falsecount="1"/>
        <line num="110" count="15" type="stmt"/>
        <line num="111" count="15" type="stmt"/>
        <line num="115" count="12" type="cond" truecount="1" falsecount="1"/>
        <line num="116" count="12" type="stmt"/>
        <line num="117" count="12" type="stmt"/>
        <line num="118" count="12" type="stmt"/>
        <line num="119" count="12" type="stmt"/>
        <line num="120" count="10" type="stmt"/>
        <line num="121" count="10" type="stmt"/>
        <line num="123" count="2" type="stmt"/>
        <line num="124" count="2" type="stmt"/>
        <line num="130" count="1" type="cond" truecount="1" falsecount="1"/>
        <line num="131" count="1" type="stmt"/>
        <line num="138" count="9" type="stmt"/>
        <line num="141" count="9" type="stmt"/>
        <line num="142" count="9" type="stmt"/>
        <line num="144" count="9" type="stmt"/>
        <line num="145" count="118" type="stmt"/>
        <line num="146" count="118" type="stmt"/>
        <line num="147" count="118" type="stmt"/>
        <line num="148" count="118" type="cond" truecount="1" falsecount="1"/>
        <line num="149" count="118" type="stmt"/>
        <line num="152" count="118" type="stmt"/>
        <line num="153" count="118" type="cond" truecount="2" falsecount="0"/>
        <line num="156" count="2" type="cond" truecount="3" falsecount="1"/>
        <line num="157" count="2" type="stmt"/>
        <line num="162" count="118" type="stmt"/>
        <line num="163" count="118" type="cond" truecount="2" falsecount="0"/>
        <line num="166" count="2" type="cond" truecount="1" falsecount="1"/>
        <line num="167" count="0" type="stmt"/>
        <line num="168" count="0" type="stmt"/>
        <line num="172" count="0" type="stmt"/>
        <line num="178" count="0" type="stmt"/>
        <line num="184" count="9" type="stmt"/>
        <line num="186" count="9" type="stmt"/>
        <line num="187" count="9" type="stmt"/>
        <line num="188" count="9" type="stmt"/>
        <line num="189" count="9" type="cond" truecount="2" falsecount="0"/>
        <line num="190" count="3" type="stmt"/>
        <line num="192" count="6" type="stmt"/>
        <line num="194" count="6" type="stmt"/>
        <line num="195" count="6" type="stmt"/>
        <line num="196" count="6" type="stmt"/>
        <line num="199" count="6" type="stmt"/>
        <line num="200" count="6" type="stmt"/>
        <line num="201" count="7" type="stmt"/>
        <line num="202" count="6" type="stmt"/>
        <line num="203" count="6" type="stmt"/>
        <line num="205" count="6" type="stmt"/>
        <line num="206" count="6" type="stmt"/>
        <line num="207" count="6" type="cond" truecount="2" falsecount="0"/>
        <line num="209" count="6" type="stmt"/>
        <line num="210" count="6" type="stmt"/>
        <line num="211" count="6" type="stmt"/>
        <line num="213" count="6" type="stmt"/>
        <line num="214" count="6" type="stmt"/>
        <line num="215" count="6" type="stmt"/>
        <line num="217" count="6" type="stmt"/>
        <line num="218" count="6" type="stmt"/>
        <line num="219" count="6" type="stmt"/>
        <line num="222" count="6" type="stmt"/>
        <line num="223" count="6" type="stmt"/>
        <line num="224" count="6" type="stmt"/>
        <line num="225" count="6" type="cond" truecount="2" falsecount="0"/>
        <line num="226" count="1" type="stmt"/>
        <line num="228" count="5" type="stmt"/>
        <line num="231" count="5" type="cond" truecount="3" falsecount="1"/>
        <line num="232" count="0" type="stmt"/>
        <line num="233" count="0" type="stmt"/>
        <line num="234" count="0" type="stmt"/>
        <line num="235" count="0" type="stmt"/>
        <line num="238" count="0" type="stmt"/>
        <line num="239" count="0" type="stmt"/>
        <line num="240" count="0" type="stmt"/>
        <line num="241" count="0" type="stmt"/>
        <line num="242" count="0" type="stmt"/>
        <line num="243" count="0" type="cond" truecount="0" falsecount="2"/>
        <line num="244" count="0" type="stmt"/>
        <line num="245" count="0" type="stmt"/>
        <line num="246" count="0" type="stmt"/>
        <line num="248" count="0" type="stmt"/>
        <line num="253" count="5" type="cond" truecount="4" falsecount="0"/>
        <line num="254" count="1" type="stmt"/>
        <line num="257" count="1" type="stmt"/>
        <line num="258" count="1" type="stmt"/>
        <line num="260" count="1" type="stmt"/>
        <line num="261" count="1" type="stmt"/>
        <line num="262" count="1" type="stmt"/>
        <line num="265" count="0" type="stmt"/>
        <line num="270" count="0" type="stmt"/>
        <line num="274" count="1" type="stmt"/>
        <line num="275" count="1" type="stmt"/>
        <line num="276" count="1" type="stmt"/>
        <line num="277" count="1" type="stmt"/>
        <line num="280" count="1" type="stmt"/>
        <line num="281" count="1" type="stmt"/>
        <line num="282" count="1" type="stmt"/>
        <line num="283" count="1" type="stmt"/>
        <line num="286" count="1" type="stmt"/>
        <line num="287" count="1" type="stmt"/>
        <line num="288" count="1" type="stmt"/>
        <line num="289" count="1" type="stmt"/>
        <line num="292" count="1" type="stmt"/>
        <line num="293" count="1" type="stmt"/>
        <line num="294" count="1" type="stmt"/>
        <line num="295" count="1" type="stmt"/>
        <line num="298" count="1" type="stmt"/>
        <line num="299" count="0" type="stmt"/>
        <line num="302" count="4" type="stmt"/>
        <line num="307" count="4" type="stmt"/>
        <line num="308" count="4" type="stmt"/>
        <line num="310" count="4" type="stmt"/>
        <line num="311" count="4" type="stmt"/>
        <line num="314" count="4" type="stmt"/>
        <line num="316" count="5" type="stmt"/>
        <line num="317" count="5" type="stmt"/>
        <line num="318" count="5" type="stmt"/>
        <line num="319" count="5" type="stmt"/>
        <line num="324" count="10" type="cond" truecount="2" falsecount="0"/>
        <line num="328" count="7" type="stmt"/>
        <line num="344" count="5" type="stmt"/>
        <line num="345" count="5" type="stmt"/>
        <line num="347" count="5" type="stmt"/>
        <line num="388" count="5" type="stmt"/>
        <line num="389" count="5" type="stmt"/>
        <line num="390" count="5" type="stmt"/>
        <line num="394" count="35" type="stmt"/>
      </file>
      <file name="prisma.js" path="/home/davicho/etherai-foresight-platform-main/server/src/prisma.js">
        <metrics statements="2" coveredstatements="2" conditionals="0" coveredconditionals="0" methods="0" coveredmethods="0"/>
        <line num="2" count="19" type="stmt"/>
        <line num="4" count="19" type="stmt"/>
      </file>
      <file name="sseTokenService.js" path="/home/davicho/etherai-foresight-platform-main/server/src/sseTokenService.js">
        <metrics statements="38" coveredstatements="27" conditionals="27" coveredconditionals="20" methods="8" coveredmethods="6"/>
        <line num="4" count="17" type="cond" truecount="2" falsecount="0"/>
        <line num="5" count="17" type="stmt"/>
        <line num="7" count="17" type="cond" truecount="1" falsecount="1"/>
        <line num="8" count="0" type="stmt"/>
        <line num="9" count="0" type="stmt"/>
        <line num="11" count="0" type="stmt"/>
        <line num="16" count="17" type="stmt"/>
        <line num="19" count="9" type="stmt"/>
        <line num="20" count="9" type="stmt"/>
        <line num="21" count="9" type="cond" truecount="1" falsecount="1"/>
        <line num="22" count="0" type="stmt"/>
        <line num="24" count="9" type="stmt"/>
        <line num="26" count="9" type="stmt"/>
        <line num="30" count="10" type="cond" truecount="2" falsecount="0"/>
        <line num="31" count="9" type="cond" truecount="1" falsecount="1"/>
        <line num="32" count="0" type="stmt"/>
        <line num="33" count="0" type="stmt"/>
        <line num="34" count="0" type="stmt"/>
        <line num="36" count="0" type="stmt"/>
        <line num="40" count="9" type="stmt"/>
        <line num="41" count="9" type="cond" truecount="2" falsecount="0"/>
        <line num="42" count="7" type="cond" truecount="2" falsecount="0"/>
        <line num="43" count="4" type="stmt"/>
        <line num="44" count="4" type="stmt"/>
        <line num="46" count="3" type="stmt"/>
        <line num="50" count="0" type="stmt"/>
        <line num="51" count="0" type="stmt"/>
        <line num="52" count="0" type="cond" truecount="0" falsecount="2"/>
        <line num="56" count="17" type="stmt"/>
        <line num="58" count="4" type="cond" truecount="4" falsecount="0"/>
        <line num="59" count="1" type="cond" truecount="1" falsecount="1"/>
        <line num="60" count="1" type="stmt"/>
        <line num="61" count="1" type="cond" truecount="1" falsecount="1"/>
        <line num="65" count="17" type="cond" truecount="2" falsecount="0"/>
        <line num="66" count="1" type="stmt"/>
        <line num="67" count="1" type="stmt"/>
        <line num="73" count="4" type="stmt"/>
        <line num="77" count="17" type="stmt"/>
      </file>
    </package>
    <package name="src.agents">
      <metrics statements="10" coveredstatements="10" conditionals="8" coveredconditionals="7" methods="2" coveredmethods="2"/>
      <file name="GeophysicalRiskAgent.js" path="/home/davicho/etherai-foresight-platform-main/server/src/agents/GeophysicalRiskAgent.js">
        <metrics statements="10" coveredstatements="10" conditionals="8" coveredconditionals="7" methods="2" coveredmethods="2"/>
        <line num="23" count="8" type="cond" truecount="4" falsecount="0"/>
        <line num="24" count="2" type="stmt"/>
        <line num="25" count="2" type="stmt"/>
        <line num="28" count="6" type="stmt"/>
        <line num="29" count="4" type="stmt"/>
        <line num="30" count="4" type="cond" truecount="1" falsecount="1"/>
        <line num="32" count="4" type="cond" truecount="2" falsecount="0"/>
        <line num="33" count="4" type="stmt"/>
        <line num="47" count="6" type="stmt"/>
        <line num="48" count="6" type="stmt"/>
      </file>
    </package>
    <package name="src.integrations">
      <metrics statements="357" coveredstatements="301" conditionals="321" coveredconditionals="174" methods="63" coveredmethods="49"/>
      <file name="ClimateIntegration.js" path="/home/davicho/etherai-foresight-platform-main/server/src/integrations/ClimateIntegration.js">
        <metrics statements="50" coveredstatements="37" conditionals="40" coveredconditionals="20" methods="17" coveredmethods="13"/>
        <line num="3" count="19" type="stmt"/>
        <line num="7" count="0" type="stmt"/>
        <line num="8" count="0" type="stmt"/>
        <line num="9" count="0" type="stmt"/>
        <line num="11" count="0" type="stmt"/>
        <line num="13" count="0" type="stmt"/>
        <line num="15" count="0" type="stmt"/>
        <line num="20" count="1" type="stmt"/>
        <line num="21" count="1" type="stmt"/>
        <line num="22" count="1" type="stmt"/>
        <line num="23" count="1" type="stmt"/>
        <line num="25" count="1" type="stmt"/>
        <line num="35" count="1" type="stmt"/>
        <line num="36" count="1" type="stmt"/>
        <line num="42" count="1" type="cond" truecount="1" falsecount="1"/>
        <line num="43" count="0" type="stmt"/>
        <line num="46" count="1" type="stmt"/>
        <line num="48" count="1" type="cond" truecount="4" falsecount="1"/>
        <line num="49" count="1" type="stmt"/>
        <line num="51" count="0" type="stmt"/>
        <line num="54" count="0" type="stmt"/>
        <line num="55" count="0" type="stmt"/>
        <line num="60" count="1" type="cond" truecount="1" falsecount="1"/>
        <line num="61" count="1" type="cond" truecount="1" falsecount="1"/>
        <line num="62" count="1" type="cond" truecount="1" falsecount="1"/>
        <line num="63" count="1" type="cond" truecount="1" falsecount="1"/>
        <line num="65" count="1" type="stmt"/>
        <line num="66" count="1" type="stmt"/>
        <line num="67" count="1" type="stmt"/>
        <line num="68" count="1" type="stmt"/>
        <line num="71" count="1" type="stmt"/>
        <line num="72" count="1" type="cond" truecount="1" falsecount="1"/>
        <line num="73" count="1" type="cond" truecount="1" falsecount="1"/>
        <line num="74" count="1" type="cond" truecount="1" falsecount="1"/>
        <line num="76" count="1" type="stmt"/>
        <line num="91" count="1" type="stmt"/>
        <line num="92" count="1" type="cond" truecount="1" falsecount="1"/>
        <line num="93" count="1" type="cond" truecount="1" falsecount="1"/>
        <line num="94" count="1" type="cond" truecount="1" falsecount="1"/>
        <line num="95" count="1" type="cond" truecount="1" falsecount="1"/>
        <line num="97" count="1" type="cond" truecount="1" falsecount="1"/>
        <line num="98" count="1" type="cond" truecount="1" falsecount="1"/>
        <line num="99" count="1" type="stmt"/>
        <line num="103" count="0" type="stmt"/>
        <line num="111" count="0" type="cond" truecount="0" falsecount="2"/>
        <line num="113" count="0" type="stmt"/>
        <line num="124" count="1" type="stmt"/>
        <line num="131" count="1" type="cond" truecount="1" falsecount="1"/>
        <line num="135" count="1" type="stmt"/>
        <line num="142" count="1" type="cond" truecount="1" falsecount="1"/>
      </file>
      <file name="CryptoIntegration.js" path="/home/davicho/etherai-foresight-platform-main/server/src/integrations/CryptoIntegration.js">
        <metrics statements="20" coveredstatements="19" conditionals="8" coveredconditionals="5" methods="3" coveredmethods="3"/>
        <line num="3" count="7" type="stmt"/>
        <line num="7" count="4" type="stmt"/>
        <line num="8" count="4" type="stmt"/>
        <line num="9" count="4" type="stmt"/>
        <line num="10" count="4" type="stmt"/>
        <line num="11" count="3" type="cond" truecount="1" falsecount="1"/>
        <line num="12" count="0" type="stmt"/>
        <line num="14" count="3" type="stmt"/>
        <line num="15" count="3" type="stmt"/>
        <line num="17" count="1" type="stmt"/>
        <line num="19" count="1" type="stmt"/>
        <line num="24" count="2" type="stmt"/>
        <line num="25" count="2" type="stmt"/>
        <line num="26" count="2" type="stmt"/>
        <line num="27" count="2" type="cond" truecount="2" falsecount="0"/>
        <line num="28" count="1" type="stmt"/>
        <line num="30" count="1" type="stmt"/>
        <line num="31" count="1" type="stmt"/>
        <line num="33" count="1" type="stmt"/>
        <line num="35" count="1" type="stmt"/>
      </file>
      <file name="FMIIntegration.js" path="/home/davicho/etherai-foresight-platform-main/server/src/integrations/FMIIntegration.js">
        <metrics statements="25" coveredstatements="23" conditionals="14" coveredconditionals="9" methods="5" coveredmethods="5"/>
        <line num="5" count="12" type="cond" truecount="1" falsecount="1"/>
        <line num="8" count="12" type="stmt"/>
        <line num="12" count="12" type="stmt"/>
        <line num="13" count="12" type="stmt"/>
        <line num="14" count="6" type="stmt"/>
        <line num="16" count="8" type="stmt"/>
        <line num="17" count="8" type="stmt"/>
        <line num="19" count="6" type="cond" truecount="1" falsecount="1"/>
        <line num="20" count="0" type="stmt"/>
        <line num="24" count="6" type="cond" truecount="2" falsecount="0"/>
        <line num="25" count="4" type="stmt"/>
        <line num="29" count="2" type="stmt"/>
        <line num="30" count="2" type="stmt"/>
        <line num="32" count="1" type="stmt"/>
        <line num="36" count="1" type="cond" truecount="1" falsecount="1"/>
        <line num="37" count="0" type="stmt"/>
        <line num="41" count="2" type="stmt"/>
        <line num="46" count="1" type="stmt"/>
        <line num="55" count="2" type="stmt"/>
        <line num="58" count="10" type="stmt"/>
        <line num="61" count="10" type="stmt"/>
        <line num="70" count="10" type="cond" truecount="2" falsecount="0"/>
        <line num="71" count="10" type="stmt"/>
        <line num="73" count="10" type="stmt"/>
        <line num="78" count="10" type="stmt"/>
      </file>
      <file name="GdeltIntegration.js" path="/home/davicho/etherai-foresight-platform-main/server/src/integrations/GdeltIntegration.js">
        <metrics statements="49" coveredstatements="46" conditionals="51" coveredconditionals="36" methods="5" coveredmethods="5"/>
        <line num="5" count="41" type="stmt"/>
        <line num="6" count="41" type="cond" truecount="2" falsecount="0"/>
        <line num="7" count="41" type="cond" truecount="2" falsecount="0"/>
        <line num="8" count="41" type="cond" truecount="1" falsecount="1"/>
        <line num="13" count="41" type="stmt"/>
        <line num="15" count="41" type="cond" truecount="1" falsecount="1"/>
        <line num="16" count="41" type="cond" truecount="2" falsecount="2"/>
        <line num="21" count="39" type="cond" truecount="2" falsecount="0"/>
        <line num="22" count="3" type="stmt"/>
        <line num="35" count="36" type="stmt"/>
        <line num="36" count="36" type="stmt"/>
        <line num="38" count="19" type="cond" truecount="1" falsecount="2"/>
        <line num="39" count="19" type="cond" truecount="1" falsecount="1"/>
        <line num="40" count="19" type="cond" truecount="1" falsecount="1"/>
        <line num="41" count="19" type="cond" truecount="1" falsecount="1"/>
        <line num="43" count="19" type="stmt"/>
        <line num="46" count="33" type="stmt"/>
        <line num="47" count="33" type="stmt"/>
        <line num="49" count="33" type="stmt"/>
        <line num="50" count="33" type="stmt"/>
        <line num="52" count="33" type="stmt"/>
        <line num="54" count="33" type="stmt"/>
        <line num="56" count="33" type="cond" truecount="2" falsecount="0"/>
        <line num="57" count="1" type="cond" truecount="1" falsecount="1"/>
        <line num="58" count="1" type="stmt"/>
        <line num="60" count="0" type="stmt"/>
        <line num="64" count="30" type="cond" truecount="2" falsecount="0"/>
        <line num="65" count="29" type="stmt"/>
        <line num="69" count="1" type="stmt"/>
        <line num="70" count="1" type="stmt"/>
        <line num="72" count="0" type="stmt"/>
        <line num="76" count="1" type="cond" truecount="3" falsecount="1"/>
        <line num="77" count="0" type="stmt"/>
        <line num="81" count="1" type="cond" truecount="1" falsecount="1"/>
        <line num="82" count="1" type="stmt"/>
        <line num="85" count="1" type="stmt"/>
        <line num="86" count="1" type="stmt"/>
        <line num="87" count="2" type="cond" truecount="1" falsecount="1"/>
        <line num="88" count="2" type="stmt"/>
        <line num="89" count="2" type="cond" truecount="2" falsecount="0"/>
        <line num="90" count="2" type="cond" truecount="2" falsecount="0"/>
        <line num="91" count="2" type="cond" truecount="2" falsecount="0"/>
        <line num="92" count="2" type="cond" truecount="1" falsecount="1"/>
        <line num="96" count="1" type="stmt"/>
        <line num="107" count="3" type="stmt"/>
        <line num="110" count="33" type="stmt"/>
        <line num="113" count="33" type="cond" truecount="4" falsecount="0"/>
        <line num="114" count="2" type="stmt"/>
        <line num="127" count="31" type="stmt"/>
      </file>
      <file name="INEIIntegration.js" path="/home/davicho/etherai-foresight-platform-main/server/src/integrations/INEIIntegration.js">
        <metrics statements="25" coveredstatements="19" conditionals="34" coveredconditionals="13" methods="3" coveredmethods="3"/>
        <line num="6" count="26" type="cond" truecount="1" falsecount="1"/>
        <line num="12" count="3" type="stmt"/>
        <line num="15" count="3" type="stmt"/>
        <line num="17" count="3" type="stmt"/>
        <line num="18" count="1" type="cond" truecount="1" falsecount="1"/>
        <line num="19" count="0" type="stmt"/>
        <line num="22" count="1" type="stmt"/>
        <line num="25" count="1" type="stmt"/>
        <line num="34" count="1" type="stmt"/>
        <line num="41" count="2" type="stmt"/>
        <line num="44" count="2" type="stmt"/>
        <line num="51" count="2" type="cond" truecount="1" falsecount="1"/>
        <line num="58" count="2" type="stmt"/>
        <line num="75" count="1" type="stmt"/>
        <line num="77" count="1" type="stmt"/>
        <line num="79" count="1" type="stmt"/>
        <line num="80" count="0" type="cond" truecount="0" falsecount="2"/>
        <line num="81" count="0" type="stmt"/>
        <line num="84" count="0" type="stmt"/>
        <line num="86" count="0" type="stmt"/>
        <line num="95" count="0" type="stmt"/>
        <line num="102" count="1" type="stmt"/>
        <line num="105" count="1" type="stmt"/>
        <line num="112" count="1" type="cond" truecount="1" falsecount="1"/>
        <line num="119" count="1" type="stmt"/>
      </file>
      <file name="MINAGRIIntegration.js" path="/home/davicho/etherai-foresight-platform-main/server/src/integrations/MINAGRIIntegration.js">
        <metrics statements="28" coveredstatements="21" conditionals="30" coveredconditionals="6" methods="5" coveredmethods="3"/>
        <line num="6" count="26" type="cond" truecount="1" falsecount="1"/>
        <line num="12" count="5" type="stmt"/>
        <line num="15" count="5" type="stmt"/>
        <line num="16" count="5" type="stmt"/>
        <line num="18" count="5" type="stmt"/>
        <line num="19" count="1" type="cond" truecount="1" falsecount="1"/>
        <line num="20" count="0" type="stmt"/>
        <line num="23" count="1" type="stmt"/>
        <line num="24" count="0" type="cond" truecount="0" falsecount="2"/>
        <line num="27" count="0" type="stmt"/>
        <line num="34" count="0" type="stmt"/>
        <line num="41" count="5" type="stmt"/>
        <line num="44" count="5" type="stmt"/>
        <line num="51" count="5" type="stmt"/>
        <line num="66" count="5" type="stmt"/>
        <line num="68" count="5" type="stmt"/>
        <line num="69" count="5" type="stmt"/>
        <line num="71" count="5" type="stmt"/>
        <line num="72" count="4" type="cond" truecount="1" falsecount="1"/>
        <line num="73" count="0" type="stmt"/>
        <line num="76" count="4" type="stmt"/>
        <line num="77" count="1" type="cond" truecount="1" falsecount="1"/>
        <line num="79" count="0" type="stmt"/>
        <line num="86" count="0" type="stmt"/>
        <line num="92" count="5" type="stmt"/>
        <line num="95" count="5" type="stmt"/>
        <line num="102" count="5" type="cond" truecount="1" falsecount="1"/>
        <line num="104" count="5" type="stmt"/>
      </file>
      <file name="SIMIntegration.js" path="/home/davicho/etherai-foresight-platform-main/server/src/integrations/SIMIntegration.js">
        <metrics statements="43" coveredstatements="37" conditionals="43" coveredconditionals="26" methods="5" coveredmethods="4"/>
        <line num="6" count="37" type="cond" truecount="1" falsecount="1"/>
        <line num="12" count="18" type="stmt"/>
        <line num="14" count="18" type="stmt"/>
        <line num="16" count="18" type="stmt"/>
        <line num="17" count="10" type="cond" truecount="1" falsecount="1"/>
        <line num="18" count="0" type="stmt"/>
        <line num="21" count="7" type="stmt"/>
        <line num="24" count="4" type="stmt"/>
        <line num="36" count="4" type="stmt"/>
        <line num="46" count="14" type="stmt"/>
        <line num="53" count="14" type="cond" truecount="1" falsecount="1"/>
        <line num="55" count="14" type="stmt"/>
        <line num="75" count="3" type="stmt"/>
        <line num="77" count="3" type="stmt"/>
        <line num="78" count="3" type="stmt"/>
        <line num="79" count="3" type="stmt"/>
        <line num="81" count="3" type="stmt"/>
        <line num="83" count="3" type="stmt"/>
        <line num="84" count="2" type="cond" truecount="0" falsecount="2"/>
        <line num="85" count="0" type="stmt"/>
        <line num="88" count="0" type="stmt"/>
        <line num="91" count="0" type="cond" truecount="0" falsecount="2"/>
        <line num="97" count="0" type="stmt"/>
        <line num="107" count="3" type="stmt"/>
        <line num="108" count="3" type="cond" truecount="1" falsecount="1"/>
        <line num="110" count="3" type="stmt"/>
        <line num="111" count="14" type="stmt"/>
        <line num="112" count="14" type="stmt"/>
        <line num="113" count="14" type="stmt"/>
        <line num="114" count="14" type="stmt"/>
        <line num="116" count="14" type="stmt"/>
        <line num="123" count="3" type="stmt"/>
        <line num="133" count="14" type="stmt"/>
        <line num="135" count="14" type="stmt"/>
        <line num="137" count="14" type="stmt"/>
        <line num="138" count="9" type="cond" truecount="1" falsecount="1"/>
        <line num="139" count="0" type="stmt"/>
        <line num="142" count="6" type="stmt"/>
        <line num="144" count="1" type="stmt"/>
        <line num="155" count="13" type="stmt"/>
        <line num="162" count="13" type="cond" truecount="1" falsecount="1"/>
        <line num="163" count="13" type="cond" truecount="4" falsecount="0"/>
        <line num="165" count="13" type="stmt"/>
      </file>
      <file name="SatelliteIntegration.js" path="/home/davicho/etherai-foresight-platform-main/server/src/integrations/SatelliteIntegration.js">
        <metrics statements="34" coveredstatements="34" conditionals="19" coveredconditionals="13" methods="4" coveredmethods="4"/>
        <line num="7" count="8" type="cond" truecount="1" falsecount="1"/>
        <line num="13" count="7" type="stmt"/>
        <line num="16" count="7" type="stmt"/>
        <line num="18" count="7" type="stmt"/>
        <line num="19" count="5" type="cond" truecount="2" falsecount="0"/>
        <line num="20" count="1" type="stmt"/>
        <line num="23" count="3" type="stmt"/>
        <line num="27" count="3" type="stmt"/>
        <line num="28" count="4" type="stmt"/>
        <line num="29" count="4" type="stmt"/>
        <line num="30" count="4" type="stmt"/>
        <line num="33" count="4" type="stmt"/>
        <line num="34" count="4" type="cond" truecount="4" falsecount="0"/>
        <line num="35" count="3" type="stmt"/>
        <line num="36" count="1" type="cond" truecount="1" falsecount="1"/>
        <line num="37" count="1" type="stmt"/>
        <line num="40" count="4" type="stmt"/>
        <line num="46" count="3" type="stmt"/>
        <line num="54" count="4" type="stmt"/>
        <line num="57" count="4" type="stmt"/>
        <line num="58" count="4" type="stmt"/>
        <line num="60" count="4" type="stmt"/>
        <line num="61" count="186" type="stmt"/>
        <line num="62" count="186" type="stmt"/>
        <line num="63" count="186" type="stmt"/>
        <line num="66" count="186" type="stmt"/>
        <line num="67" count="186" type="stmt"/>
        <line num="68" count="186" type="cond" truecount="4" falsecount="0"/>
        <line num="69" count="141" type="stmt"/>
        <line num="72" count="186" type="stmt"/>
        <line num="74" count="186" type="stmt"/>
        <line num="77" count="4" type="stmt"/>
        <line num="89" count="2" type="stmt"/>
        <line num="102" count="2" type="stmt"/>
      </file>
      <file name="WorldBankIntegration.js" path="/home/davicho/etherai-foresight-platform-main/server/src/integrations/WorldBankIntegration.js">
        <metrics statements="50" coveredstatements="44" conditionals="25" coveredconditionals="19" methods="8" coveredmethods="7"/>
        <line num="5" count="24" type="cond" truecount="2" falsecount="0"/>
        <line num="6" count="24" type="cond" truecount="1" falsecount="1"/>
        <line num="12" count="12" type="stmt"/>
        <line num="13" count="12" type="stmt"/>
        <line num="15" count="12" type="stmt"/>
        <line num="16" count="22" type="stmt"/>
        <line num="18" count="22" type="stmt"/>
        <line num="19" count="21" type="cond" truecount="2" falsecount="0"/>
        <line num="20" count="6" type="stmt"/>
        <line num="21" count="6" type="stmt"/>
        <line num="22" count="6" type="stmt"/>
        <line num="25" count="8" type="stmt"/>
        <line num="26" count="8" type="cond" truecount="4" falsecount="0"/>
        <line num="28" count="10" type="stmt"/>
        <line num="29" count="7" type="stmt"/>
        <line num="30" count="7" type="stmt"/>
        <line num="36" count="1" type="stmt"/>
        <line num="40" count="8" type="stmt"/>
        <line num="43" count="4" type="stmt"/>
        <line num="49" count="8" type="stmt"/>
        <line num="50" count="8" type="stmt"/>
        <line num="61" count="11" type="stmt"/>
        <line num="70" count="11" type="cond" truecount="2" falsecount="0"/>
        <line num="71" count="1" type="stmt"/>
        <line num="87" count="10" type="stmt"/>
        <line num="92" count="3" type="stmt"/>
        <line num="93" count="3" type="cond" truecount="2" falsecount="0"/>
        <line num="94" count="1" type="stmt"/>
        <line num="95" count="1" type="stmt"/>
        <line num="96" count="1" type="stmt"/>
        <line num="103" count="1" type="stmt"/>
        <line num="112" count="2" type="stmt"/>
        <line num="113" count="2" type="stmt"/>
        <line num="115" count="2" type="stmt"/>
        <line num="116" count="3" type="stmt"/>
        <line num="118" count="3" type="stmt"/>
        <line num="119" count="3" type="cond" truecount="1" falsecount="1"/>
        <line num="120" count="0" type="stmt"/>
        <line num="121" count="0" type="stmt"/>
        <line num="122" count="0" type="stmt"/>
        <line num="125" count="3" type="stmt"/>
        <line num="126" count="3" type="cond" truecount="3" falsecount="1"/>
        <line num="128" count="3" type="stmt"/>
        <line num="129" count="3" type="stmt"/>
        <line num="130" count="3" type="stmt"/>
        <line num="137" count="0" type="stmt"/>
[...]
        <line num="59" count="7" type="stmt"/>
        <line num="60" count="7" type="stmt"/>
        <line num="61" count="13" type="stmt"/>
        <line num="65" count="13" type="stmt"/>
        <line num="66" count="4" type="stmt"/>
        <line num="68" count="9" type="stmt"/>
        <line num="69" count="9" type="stmt"/>
        <line num="70" count="9" type="stmt"/>
        <line num="71" count="9" type="cond" truecount="1" falsecount="1"/>
        <line num="72" count="9" type="cond" truecount="2" falsecount="0"/>
        <line num="75" count="6" type="stmt"/>
        <line num="79" count="3" type="stmt"/>
        <line num="80" count="3" type="stmt"/>
      </file>
      <file name="climateService.js" path="/home/davicho/etherai-foresight-platform-main/server/src/services/climateService.js">
        <metrics statements="6" coveredstatements="6" conditionals="0" coveredconditionals="0" methods="1" coveredmethods="1"/>
        <line num="3" count="20" type="stmt"/>
        <line num="11" count="2" type="stmt"/>
        <line num="12" count="2" type="stmt"/>
        <line num="13" count="1" type="stmt"/>
        <line num="15" count="1" type="stmt"/>
        <line num="17" count="1" type="stmt"/>
      </file>
      <file name="ethicalVectorModule.js" path="/home/davicho/etherai-foresight-platform-main/server/src/services/ethicalVectorModule.js">
        <metrics statements="20" coveredstatements="20" conditionals="14" coveredconditionals="14" methods="4" coveredmethods="4"/>
        <line num="14" count="11" type="stmt"/>
        <line num="17" count="11" type="cond" truecount="2" falsecount="0"/>
        <line num="18" count="11" type="cond" truecount="2" falsecount="0"/>
        <line num="21" count="11" type="stmt"/>
        <line num="23" count="11" type="stmt"/>
        <line num="33" count="10" type="stmt"/>
        <line num="36" count="10" type="cond" truecount="2" falsecount="0"/>
        <line num="41" count="10" type="stmt"/>
        <line num="51" count="10" type="stmt"/>
        <line num="55" count="10" type="cond" truecount="2" falsecount="0"/>
        <line num="56" count="10" type="stmt"/>
        <line num="59" count="10" type="cond" truecount="2" falsecount="0"/>
        <line num="60" count="10" type="stmt"/>
        <line num="63" count="10" type="stmt"/>
        <line num="65" count="10" type="stmt"/>
        <line num="76" count="8" type="stmt"/>
        <line num="77" count="8" type="stmt"/>
        <line num="78" count="8" type="stmt"/>
        <line num="82" count="8" type="stmt"/>
        <line num="84" count="8" type="stmt"/>
      </file>
      <file name="predictionEngine.js" path="/home/davicho/etherai-foresight-platform-main/server/src/services/predictionEngine.js">
        <metrics statements="135" coveredstatements="122" conditionals="67" coveredconditionals="53" methods="21" coveredmethods="21"/>
        <line num="13" count="21" type="cond" truecount="3" falsecount="1"/>
        <line num="14" count="21" type="stmt"/>
        <line num="15" count="21" type="cond" truecount="2" falsecount="0"/>
        <line num="17" count="21" type="stmt"/>
        <line num="68" count="20" type="stmt"/>
        <line num="69" count="20" type="stmt"/>
        <line num="70" count="20" type="cond" truecount="2" falsecount="0"/>
        <line num="71" count="6" type="stmt"/>
        <line num="72" count="6" type="stmt"/>
        <line num="76" count="14" type="cond" truecount="4" falsecount="0"/>
        <line num="77" count="6" type="stmt"/>
        <line num="79" count="6" type="cond" truecount="2" falsecount="0"/>
        <line num="80" count="2" type="stmt"/>
        <line num="88" count="4" type="cond" truecount="2" falsecount="0"/>
        <line num="89" count="2" type="stmt"/>
        <line num="93" count="2" type="cond" truecount="1" falsecount="1"/>
        <line num="94" count="2" type="stmt"/>
        <line num="103" count="0" type="stmt"/>
        <line num="105" count="6" type="stmt"/>
        <line num="106" count="6" type="stmt"/>
        <line num="109" count="8" type="stmt"/>
        <line num="110" count="8" type="stmt"/>
        <line num="113" count="4" type="cond" truecount="2" falsecount="0"/>
        <line num="115" count="4" type="stmt"/>
        <line num="116" count="4" type="stmt"/>
        <line num="118" count="0" type="stmt"/>
        <line num="119" count="0" type="stmt"/>
        <line num="127" count="5" type="stmt"/>
        <line num="128" count="5" type="stmt"/>
        <line num="130" count="4" type="cond" truecount="4" falsecount="0"/>
        <line num="131" count="2" type="stmt"/>
        <line num="132" count="2" type="stmt"/>
        <line num="137" count="6" type="cond" truecount="2" falsecount="0"/>
        <line num="138" count="2" type="cond" truecount="1" falsecount="1"/>
        <line num="139" count="0" type="stmt"/>
        <line num="140" count="0" type="stmt"/>
        <line num="143" count="6" type="stmt"/>
        <line num="146" count="2" type="cond" truecount="1" falsecount="1"/>
        <line num="147" count="2" type="stmt"/>
        <line num="148" count="0" type="cond" truecount="0" falsecount="2"/>
        <line num="149" count="0" type="stmt"/>
        <line num="151" count="0" type="stmt"/>
        <line num="153" count="2" type="stmt"/>
        <line num="155" count="2" type="stmt"/>
        <line num="162" count="2" type="stmt"/>
        <line num="169" count="5" type="stmt"/>
        <line num="170" count="5" type="stmt"/>
        <line num="172" count="4" type="cond" truecount="1" falsecount="1"/>
        <line num="173" count="0" type="stmt"/>
        <line num="174" count="0" type="stmt"/>
        <line num="177" count="4" type="stmt"/>
        <line num="179" count="4" type="cond" truecount="2" falsecount="0"/>
        <line num="180" count="2" type="stmt"/>
        <line num="181" count="2" type="stmt"/>
        <line num="182" count="2" type="stmt"/>
        <line num="183" count="2" type="stmt"/>
        <line num="188" count="4" type="stmt"/>
        <line num="189" count="2" type="stmt"/>
        <line num="191" count="2" type="stmt"/>
        <line num="192" count="2" type="stmt"/>
        <line num="194" count="2" type="stmt"/>
        <line num="201" count="5" type="stmt"/>
        <line num="202" count="5" type="stmt"/>
        <line num="204" count="4" type="cond" truecount="1" falsecount="1"/>
        <line num="205" count="0" type="stmt"/>
        <line num="206" count="0" type="stmt"/>
        <line num="209" count="4" type="cond" truecount="2" falsecount="0"/>
        <line num="210" count="2" type="stmt"/>
        <line num="211" count="2" type="stmt"/>
        <line num="212" count="2" type="stmt"/>
        <line num="213" count="2" type="stmt"/>
        <line num="214" count="2" type="stmt"/>
        <line num="218" count="2" type="stmt"/>
        <line num="219" count="4" type="stmt"/>
        <line num="220" count="2" type="stmt"/>
        <line num="228" count="2" type="stmt"/>
        <line num="229" count="2" type="cond" truecount="1" falsecount="1"/>
        <line num="230" count="2" type="stmt"/>
        <line num="231" count="2" type="stmt"/>
        <line num="232" count="2" type="stmt"/>
        <line num="233" count="2" type="stmt"/>
        <line num="236" count="2" type="stmt"/>
        <line num="237" count="2" type="stmt"/>
        <line num="238" count="2" type="stmt"/>
        <line num="240" count="2" type="stmt"/>
        <line num="247" count="5" type="stmt"/>
        <line num="248" count="5" type="stmt"/>
        <line num="250" count="4" type="cond" truecount="5" falsecount="0"/>
        <line num="251" count="2" type="stmt"/>
        <line num="252" count="2" type="stmt"/>
        <line num="255" count="2" type="stmt"/>
        <line num="256" count="6" type="stmt"/>
        <line num="257" count="6" type="cond" truecount="2" falsecount="0"/>
        <line num="260" count="6" type="cond" truecount="1" falsecount="1"/>
        <line num="261" count="6" type="stmt"/>
        <line num="262" count="6" type="stmt"/>
        <line num="265" count="2" type="stmt"/>
        <line num="266" count="2" type="cond" truecount="1" falsecount="1"/>
        <line num="267" count="2" type="stmt"/>
        <line num="269" count="2" type="cond" truecount="1" falsecount="1"/>
        <line num="270" count="2" type="stmt"/>
        <line num="272" count="2" type="cond" truecount="1" falsecount="1"/>
        <line num="273" count="2" type="stmt"/>
        <line num="276" count="2" type="stmt"/>
        <line num="278" count="2" type="stmt"/>
        <line num="279" count="2" type="stmt"/>
        <line num="280" count="2" type="stmt"/>
        <line num="281" count="2" type="stmt"/>
        <line num="283" count="2" type="stmt"/>
        <line num="291" count="4" type="stmt"/>
        <line num="292" count="4" type="stmt"/>
        <line num="294" count="4" type="stmt"/>
        <line num="295" count="4" type="stmt"/>
        <line num="296" count="4" type="stmt"/>
        <line num="297" count="4" type="stmt"/>
        <line num="299" count="4" type="cond" truecount="2" falsecount="0"/>
        <line num="300" count="4" type="cond" truecount="2" falsecount="0"/>
        <line num="301" count="4" type="cond" truecount="2" falsecount="0"/>
        <line num="302" count="4" type="cond" truecount="2" falsecount="0"/>
        <line num="304" count="4" type="stmt"/>
        <line num="305" count="4" type="stmt"/>
        <line num="307" count="4" type="stmt"/>
        <line num="312" count="4" type="stmt"/>
        <line num="320" count="4" type="stmt"/>
        <line num="322" count="4" type="stmt"/>
        <line num="323" count="4" type="stmt"/>
        <line num="325" count="4" type="stmt"/>
        <line num="333" count="8" type="stmt"/>
        <line num="340" count="5" type="stmt"/>
        <line num="341" count="5" type="stmt"/>
        <line num="348" count="4" type="stmt"/>
        <line num="349" count="4" type="stmt"/>
        <line num="350" count="4" type="stmt"/>
        <line num="351" count="4" type="stmt"/>
        <line num="354" count="0" type="stmt"/>
      </file>
      <file name="usgsService.js" path="/home/davicho/etherai-foresight-platform-main/server/src/services/usgsService.js">
        <metrics statements="32" coveredstatements="25" conditionals="30" coveredconditionals="18" methods="4" coveredmethods="4"/>
        <line num="13" count="29" type="stmt"/>
        <line num="14" count="11" type="stmt"/>
        <line num="16" count="11" type="cond" truecount="2" falsecount="0"/>
        <line num="17" count="2" type="stmt"/>
        <line num="35" count="2" type="stmt"/>
        <line num="36" count="2" type="stmt"/>
        <line num="40" count="9" type="cond" truecount="2" falsecount="0"/>
        <line num="41" count="1" type="cond" truecount="1" falsecount="1"/>
        <line num="42" count="1" type="stmt"/>
        <line num="43" count="1" type="stmt"/>
        <line num="44" count="1" type="cond" truecount="1" falsecount="1"/>
        <line num="45" count="1" type="stmt"/>
        <line num="46" count="1" type="stmt"/>
        <line num="48" count="0" type="stmt"/>
        <line num="51" count="0" type="cond" truecount="0" falsecount="4"/>
        <line num="57" count="8" type="stmt"/>
        <line num="58" count="8" type="stmt"/>
        <line num="59" count="5" type="stmt"/>
        <line num="61" count="3" type="cond" truecount="3" falsecount="1"/>
        <line num="62" count="3" type="stmt"/>
        <line num="65" count="3" type="cond" truecount="1" falsecount="1"/>
        <line num="66" count="0" type="stmt"/>
        <line num="84" count="0" type="stmt"/>
        <line num="85" count="0" type="stmt"/>
        <line num="88" count="3" type="stmt"/>
        <line num="100" count="0" type="stmt"/>
        <line num="101" count="0" type="stmt"/>
        <line num="120" count="8" type="cond" truecount="4" falsecount="0"/>
        <line num="121" count="1" type="stmt"/>
        <line num="132" count="7" type="stmt"/>
        <line num="143" count="7" type="cond" truecount="2" falsecount="0"/>
        <line num="145" count="7" type="stmt"/>
      </file>
      <file name="worldBankService.js" path="/home/davicho/etherai-foresight-platform-main/server/src/services/worldBankService.js">
        <metrics statements="72" coveredstatements="65" conditionals="144" coveredconditionals="79" methods="16" coveredmethods="10"/>
        <line num="4" count="28" type="stmt"/>
        <line num="6" count="10" type="cond" truecount="1" falsecount="1"/>
        <line num="10" count="10" type="stmt"/>
        <line num="11" count="10" type="cond" truecount="3" falsecount="0"/>
        <line num="15" count="10" type="cond" truecount="3" falsecount="1"/>
        <line num="16" count="10" type="cond" truecount="4" falsecount="0"/>
        <line num="17" count="1" type="stmt"/>
        <line num="18" count="1" type="stmt"/>
        <line num="20" count="9" type="cond" truecount="3" falsecount="1"/>
        <line num="21" count="0" type="cond" truecount="0" falsecount="2"/>
        <line num="22" count="0" type="cond" truecount="0" falsecount="2"/>
        <line num="23" count="0" type="stmt"/>
        <line num="24" count="0" type="stmt"/>
        <line num="28" count="9" type="stmt"/>
        <line num="29" count="4" type="stmt"/>
        <line num="37" count="28" type="stmt"/>
        <line num="38" count="10" type="stmt"/>
        <line num="40" count="10" type="stmt"/>
        <line num="41" count="10" type="stmt"/>
        <line num="42" count="5" type="cond" truecount="4" falsecount="0"/>
        <line num="43" count="4" type="stmt"/>
        <line num="44" count="4" type="stmt"/>
        <line num="45" count="4" type="stmt"/>
        <line num="46" count="4" type="stmt"/>
        <line num="47" count="2" type="cond" truecount="1" falsecount="1"/>
        <line num="48" count="2" type="cond" truecount="1" falsecount="4"/>
        <line num="49" count="2" type="cond" truecount="1" falsecount="4"/>
        <line num="50" count="2" type="cond" truecount="3" falsecount="5"/>
        <line num="51" count="2" type="cond" truecount="1" falsecount="1"/>
        <line num="52" count="2" type="cond" truecount="1" falsecount="1"/>
        <line num="53" count="2" type="cond" truecount="1" falsecount="3"/>
        <line num="54" count="2" type="cond" truecount="3" falsecount="7"/>
        <line num="55" count="2" type="stmt"/>
        <line num="58" count="2" type="stmt"/>
        <line num="70" count="8" type="cond" truecount="2" falsecount="0"/>
        <line num="71" count="1" type="cond" truecount="1" falsecount="1"/>
        <line num="72" count="1" type="stmt"/>
        <line num="73" count="1" type="cond" truecount="1" falsecount="1"/>
        <line num="74" count="1" type="stmt"/>
        <line num="76" count="1" type="cond" truecount="2" falsecount="1"/>
        <line num="77" count="1" type="cond" truecount="1" falsecount="1"/>
        <line num="79" count="1" type="stmt"/>
        <line num="80" count="1" type="cond" truecount="1" falsecount="1"/>
        <line num="81" count="1" type="cond" truecount="1" falsecount="1"/>
        <line num="82" count="1" type="cond" truecount="2" falsecount="0"/>
        <line num="83" count="1" type="cond" truecount="2" falsecount="2"/>
        <line num="84" count="1" type="stmt"/>
        <line num="85" count="1" type="cond" truecount="3" falsecount="1"/>
        <line num="86" count="1" type="cond" truecount="1" falsecount="1"/>
        <line num="87" count="1" type="cond" truecount="3" falsecount="5"/>
        <line num="88" count="1" type="stmt"/>
        <line num="90" count="1" type="stmt"/>
        <line num="101" count="7" type="cond" truecount="2" falsecount="0"/>
        <line num="102" count="7" type="stmt"/>
        <line num="108" count="6" type="cond" truecount="2" falsecount="0"/>
        <line num="109" count="3" type="stmt"/>
        <line num="112" count="3" type="stmt"/>
        <line num="115" count="3" type="cond" truecount="1" falsecount="1"/>
        <line num="116" count="3" type="cond" truecount="1" falsecount="1"/>
        <line num="117" count="4" type="cond" truecount="2" falsecount="0"/>
        <line num="118" count="3" type="cond" truecount="2" falsecount="2"/>
        <line num="119" count="3" type="stmt"/>
        <line num="120" count="4" type="cond" truecount="3" falsecount="1"/>
        <line num="121" count="4" type="stmt"/>
        <line num="126" count="4" type="stmt"/>
        <line num="128" count="3" type="stmt"/>
        <line num="136" count="3" type="stmt"/>
        <line num="138" count="4" type="stmt"/>
        <line num="140" count="4" type="stmt"/>
        <line num="161" count="0" type="cond" truecount="0" falsecount="2"/>
        <line num="162" count="0" type="cond" truecount="0" falsecount="2"/>
        <line num="163" count="0" type="stmt"/>
      </file>
    </package>
    <package name="src.utils">
      <metrics statements="48" coveredstatements="47" conditionals="21" coveredconditionals="15" methods="10" coveredmethods="10"/>
      <file name="resilience.js" path="/home/davicho/etherai-foresight-platform-main/server/src/utils/resilience.js">
        <metrics statements="48" coveredstatements="47" conditionals="21" coveredconditionals="15" methods="10" coveredmethods="10"/>
        <line num="8" count="32" type="stmt"/>
        <line num="9" count="32" type="stmt"/>
        <line num="10" count="32" type="stmt"/>
        <line num="11" count="32" type="stmt"/>
        <line num="12" count="32" type="stmt"/>
        <line num="16" count="35" type="cond" truecount="2" falsecount="0"/>
        <line num="17" count="13" type="cond" truecount="2" falsecount="0"/>
        <line num="18" count="1" type="stmt"/>
        <line num="20" count="12" type="stmt"/>
        <line num="24" count="23" type="stmt"/>
        <line num="25" count="23" type="stmt"/>
        <line num="26" count="3" type="stmt"/>
        <line num="27" count="3" type="stmt"/>
        <line num="29" count="20" type="stmt"/>
        <line num="30" count="20" type="stmt"/>
        <line num="35" count="3" type="stmt"/>
        <line num="36" count="3" type="stmt"/>
        <line num="40" count="20" type="stmt"/>
        <line num="41" count="20" type="stmt"/>
        <line num="42" count="20" type="cond" truecount="2" falsecount="0"/>
        <line num="43" count="17" type="stmt"/>
        <line num="51" count="20" type="stmt"/>
        <line num="52" count="46" type="stmt"/>
        <line num="53" count="46" type="stmt"/>
        <line num="55" count="43" type="stmt"/>
        <line num="57" count="43" type="cond" truecount="2" falsecount="0"/>
        <line num="58" count="17" type="stmt"/>
        <line num="62" count="26" type="stmt"/>
        <line num="63" count="26" type="stmt"/>
        <line num="64" count="26" type="stmt"/>
        <line num="66" count="26" type="stmt"/>
        <line num="67" count="26" type="stmt"/>
        <line num="71" count="17" type="stmt"/>
        <line num="75" count="35" type="stmt"/>
        <line num="82" count="35" type="stmt"/>
        <line num="83" count="35" type="stmt"/>
        <line num="84" count="1" type="stmt"/>
        <line num="85" count="1" type="stmt"/>
        <line num="89" count="35" type="stmt"/>
        <line num="90" count="35" type="stmt"/>
        <line num="95" count="33" type="stmt"/>
        <line num="96" count="33" type="stmt"/>
        <line num="98" count="2" type="stmt"/>
        <line num="100" count="2" type="cond" truecount="3" falsecount="1"/>
        <line num="101" count="0" type="stmt"/>
        <line num="103" count="2" type="stmt"/>
        <line num="108" count="35" type="stmt"/>
        <line num="109" count="35" type="cond" truecount="2" falsecount="0"/>
      </file>
    </package>
  </project>
</coverage>
