{"/home/davicho/etherai-foresight-platform-main/server/__tests__/mocks/handlers.js": {"path":"/home/davicho/etherai-foresight-platform-main/server/__tests__/mocks/handlers.js","statementMap":{"0":{"start":{"line":3,"column":31},"end":{"line":3,"column":45}},"1":{"start":{"line":7,"column":17},"end":{"line":329,"column":1}},"2":{"start":{"line":10,"column":17},"end":{"line":10,"column":37}},"3":{"start":{"line":11,"column":21},"end":{"line":11,"column":59}},"4":{"start":{"line":12,"column":26},"end":{"line":12,"column":47}},"5":{"start":{"line":13,"column":21},"end":{"line":18,"column":6}},"6":{"start":{"line":19,"column":18},"end":{"line":19,"column":127}},"7":{"start":{"line":20,"column":5},"end":{"line":33,"column":8}},"8":{"start":{"line":38,"column":17},"end":{"line":38,"column":37}},"9":{"start":{"line":39,"column":21},"end":{"line":39,"column":59}},"10":{"start":{"line":40,"column":26},"end":{"line":40,"column":47}},"11":{"start":{"line":41,"column":18},"end":{"line":41,"column":90}},"12":{"start":{"line":42,"column":21},"end":{"line":42,"column":23}},"13":{"start":{"line":43,"column":5},"end":{"line":46,"column":6}},"14":{"start":{"line":43,"column":18},"end":{"line":43,"column":19}},"15":{"start":{"line":44,"column":17},"end":{"line":44,"column":27}},"16":{"start":{"line":44,"column":29},"end":{"line":44,"column":56}},"17":{"start":{"line":45,"column":7},"end":{"line":45,"column":181}},"18":{"start":{"line":47,"column":5},"end":{"line":47,"column":43}},"19":{"start":{"line":52,"column":17},"end":{"line":52,"column":37}},"20":{"start":{"line":53,"column":21},"end":{"line":53,"column":59}},"21":{"start":{"line":54,"column":26},"end":{"line":54,"column":47}},"22":{"start":{"line":55,"column":18},"end":{"line":55,"column":260}},"23":{"start":{"line":56,"column":5},"end":{"line":56,"column":106}},"24":{"start":{"line":61,"column":35},"end":{"line":61,"column":41}},"25":{"start":{"line":62,"column":17},"end":{"line":62,"column":200}},"26":{"start":{"line":63,"column":4},"end":{"line":63,"column":35}},"27":{"start":{"line":68,"column":24},"end":{"line":68,"column":30}},"28":{"start":{"line":69,"column":17},"end":{"line":69,"column":230}},"29":{"start":{"line":70,"column":4},"end":{"line":72,"column":7}},"30":{"start":{"line":78,"column":16},"end":{"line":78,"column":36}},"31":{"start":{"line":79,"column":16},"end":{"line":79,"column":56}},"32":{"start":{"line":80,"column":17},"end":{"line":80,"column":137}},"33":{"start":{"line":80,"column":43},"end":{"line":80,"column":135}},"34":{"start":{"line":81,"column":4},"end":{"line":81,"column":35}},"35":{"start":{"line":86,"column":19},"end":{"line":86,"column":67}},"36":{"start":{"line":87,"column":4},"end":{"line":87,"column":41}},"37":{"start":{"line":92,"column":16},"end":{"line":92,"column":36}},"38":{"start":{"line":93,"column":18},"end":{"line":93,"column":68}},"39":{"start":{"line":94,"column":16},"end":{"line":94,"column":64}},"40":{"start":{"line":95,"column":17},"end":{"line":95,"column":29}},"41":{"start":{"line":96,"column":31},"end":{"line":96,"column":39}},"42":{"start":{"line":97,"column":31},"end":{"line":97,"column":39}},"43":{"start":{"line":98,"column":4},"end":{"line":98,"column":90}},"44":{"start":{"line":103,"column":16},"end":{"line":103,"column":36}},"45":{"start":{"line":104,"column":18},"end":{"line":104,"column":53}},"46":{"start":{"line":105,"column":4},"end":{"line":109,"column":7}},"47":{"start":{"line":113,"column":74},"end":{"line":113,"column":129}},"48":{"start":{"line":116,"column":69},"end":{"line":116,"column":235}},"49":{"start":{"line":120,"column":16},"end":{"line":120,"column":36}},"50":{"start":{"line":121,"column":17},"end":{"line":121,"column":29}},"51":{"start":{"line":122,"column":4},"end":{"line":128,"column":5}},"52":{"start":{"line":123,"column":6},"end":{"line":127,"column":9}},"53":{"start":{"line":126,"column":55},"end":{"line":126,"column":105}},"54":{"start":{"line":129,"column":4},"end":{"line":129,"column":114}},"55":{"start":{"line":134,"column":16},"end":{"line":134,"column":36}},"56":{"start":{"line":135,"column":18},"end":{"line":135,"column":61}},"57":{"start":{"line":136,"column":16},"end":{"line":136,"column":57}},"58":{"start":{"line":137,"column":16},"end":{"line":137,"column":60}},"59":{"start":{"line":138,"column":16},"end":{"line":138,"column":63}},"60":{"start":{"line":141,"column":17},"end":{"line":141,"column":19}},"61":{"start":{"line":142,"column":31},"end":{"line":142,"column":33}},"62":{"start":{"line":143,"column":31},"end":{"line":143,"column":33}},"63":{"start":{"line":144,"column":30},"end":{"line":144,"column":32}},"64":{"start":{"line":146,"column":22},"end":{"line":146,"column":86}},"65":{"start":{"line":147,"column":20},"end":{"line":147,"column":78}},"66":{"start":{"line":149,"column":4},"end":{"line":154,"column":5}},"67":{"start":{"line":149,"column":17},"end":{"line":149,"column":36}},"68":{"start":{"line":150,"column":6},"end":{"line":150,"column":47}},"69":{"start":{"line":151,"column":6},"end":{"line":151,"column":55}},"70":{"start":{"line":152,"column":6},"end":{"line":152,"column":55}},"71":{"start":{"line":153,"column":6},"end":{"line":153,"column":49}},"72":{"start":{"line":156,"column":4},"end":{"line":164,"column":7}},"73":{"start":{"line":159,"column":71},"end":{"line":159,"column":101}},"74":{"start":{"line":160,"column":71},"end":{"line":160,"column":101}},"75":{"start":{"line":161,"column":74},"end":{"line":161,"column":104}},"76":{"start":{"line":168,"column":96},"end":{"line":202,"column":4}},"77":{"start":{"line":213,"column":43},"end":{"line":215,"column":4}},"78":{"start":{"line":218,"column":39},"end":{"line":223,"column":4}},"79":{"start":{"line":226,"column":49},"end":{"line":235,"column":4}},"80":{"start":{"line":238,"column":55},"end":{"line":247,"column":4}},"81":{"start":{"line":250,"column":52},"end":{"line":254,"column":4}},"82":{"start":{"line":257,"column":55},"end":{"line":261,"column":4}},"83":{"start":{"line":265,"column":16},"end":{"line":265,"column":36}},"84":{"start":{"line":266,"column":20},"end":{"line":266,"column":60}},"85":{"start":{"line":267,"column":22},"end":{"line":267,"column":71}},"86":{"start":{"line":268,"column":20},"end":{"line":268,"column":67}},"87":{"start":{"line":269,"column":4},"end":{"line":272,"column":7}},"88":{"start":{"line":277,"column":4},"end":{"line":284,"column":7}},"89":{"start":{"line":288,"column":51},"end":{"line":288,"column":97}},"90":{"start":{"line":291,"column":40},"end":{"line":298,"column":4}},"91":{"start":{"line":301,"column":34},"end":{"line":306,"column":4}},"92":{"start":{"line":309,"column":102},"end":{"line":312,"column":4}},"93":{"start":{"line":316,"column":4},"end":{"line":325,"column":5}},"94":{"start":{"line":317,"column":16},"end":{"line":317,"column":36}},"95":{"start":{"line":318,"column":19},"end":{"line":318,"column":29}},"96":{"start":{"line":319,"column":6},"end":{"line":322,"column":7}},"97":{"start":{"line":321,"column":8},"end":{"line":321,"column":25}},"98":{"start":{"line":326,"column":4},"end":{"line":326,"column":69}},"99":{"start":{"line":327,"column":4},"end":{"line":327,"column":82}},"100":{"start":{"line":331,"column":0},"end":{"line":331,"column":30}}},"fnMap":{"0":{"name":"(anonymous_0)","decl":{"start":{"line":9,"column":57},"end":{"line":9,"column":58}},"loc":{"start":{"line":9,"column":74},"end":{"line":34,"column":4}},"line":9},"1":{"name":"(anonymous_1)","decl":{"start":{"line":37,"column":67},"end":{"line":37,"column":68}},"loc":{"start":{"line":37,"column":84},"end":{"line":48,"column":4}},"line":37},"2":{"name":"(anonymous_2)","decl":{"start":{"line":51,"column":61},"end":{"line":51,"column":62}},"loc":{"start":{"line":51,"column":78},"end":{"line":57,"column":4}},"line":51},"3":{"name":"(anonymous_3)","decl":{"start":{"line":60,"column":81},"end":{"line":60,"column":82}},"loc":{"start":{"line":60,"column":97},"end":{"line":64,"column":3}},"line":60},"4":{"name":"(anonymous_4)","decl":{"start":{"line":67,"column":85},"end":{"line":67,"column":86}},"loc":{"start":{"line":67,"column":101},"end":{"line":73,"column":3}},"line":67},"5":{"name":"(anonymous_5)","decl":{"start":{"line":77,"column":61},"end":{"line":77,"column":62}},"loc":{"start":{"line":77,"column":78},"end":{"line":82,"column":3}},"line":77},"6":{"name":"(anonymous_6)","decl":{"start":{"line":80,"column":36},"end":{"line":80,"column":37}},"loc":{"start":{"line":80,"column":43},"end":{"line":80,"column":135}},"line":80},"7":{"name":"(anonymous_7)","decl":{"start":{"line":85,"column":70},"end":{"line":85,"column":71}},"loc":{"start":{"line":85,"column":76},"end":{"line":88,"column":3}},"line":85},"8":{"name":"(anonymous_8)","decl":{"start":{"line":91,"column":53},"end":{"line":91,"column":54}},"loc":{"start":{"line":91,"column":70},"end":{"line":99,"column":3}},"line":91},"9":{"name":"(anonymous_9)","decl":{"start":{"line":102,"column":58},"end":{"line":102,"column":59}},"loc":{"start":{"line":102,"column":75},"end":{"line":110,"column":3}},"line":102},"10":{"name":"(anonymous_10)","decl":{"start":{"line":113,"column":68},"end":{"line":113,"column":69}},"loc":{"start":{"line":113,"column":74},"end":{"line":113,"column":129}},"line":113},"11":{"name":"(anonymous_11)","decl":{"start":{"line":116,"column":63},"end":{"line":116,"column":64}},"loc":{"start":{"line":116,"column":69},"end":{"line":116,"column":235}},"line":116},"12":{"name":"(anonymous_12)","decl":{"start":{"line":119,"column":58},"end":{"line":119,"column":59}},"loc":{"start":{"line":119,"column":75},"end":{"line":130,"column":3}},"line":119},"13":{"name":"(anonymous_13)","decl":{"start":{"line":126,"column":44},"end":{"line":126,"column":45}},"loc":{"start":{"line":126,"column":55},"end":{"line":126,"column":105}},"line":126},"14":{"name":"(anonymous_14)","decl":{"start":{"line":133,"column":67},"end":{"line":133,"column":68}},"loc":{"start":{"line":133,"column":84},"end":{"line":165,"column":3}},"line":133},"15":{"name":"(anonymous_15)","decl":{"start":{"line":159,"column":61},"end":{"line":159,"column":62}},"loc":{"start":{"line":159,"column":71},"end":{"line":159,"column":101}},"line":159},"16":{"name":"(anonymous_16)","decl":{"start":{"line":160,"column":61},"end":{"line":160,"column":62}},"loc":{"start":{"line":160,"column":71},"end":{"line":160,"column":101}},"line":160},"17":{"name":"(anonymous_17)","decl":{"start":{"line":161,"column":64},"end":{"line":161,"column":65}},"loc":{"start":{"line":161,"column":74},"end":{"line":161,"column":104}},"line":161},"18":{"name":"(anonymous_18)","decl":{"start":{"line":168,"column":90},"end":{"line":168,"column":91}},"loc":{"start":{"line":168,"column":96},"end":{"line":202,"column":4}},"line":168},"19":{"name":"(anonymous_19)","decl":{"start":{"line":213,"column":37},"end":{"line":213,"column":38}},"loc":{"start":{"line":213,"column":43},"end":{"line":215,"column":4}},"line":213},"20":{"name":"(anonymous_20)","decl":{"start":{"line":218,"column":33},"end":{"line":218,"column":34}},"loc":{"start":{"line":218,"column":39},"end":{"line":223,"column":4}},"line":218},"21":{"name":"(anonymous_21)","decl":{"start":{"line":226,"column":43},"end":{"line":226,"column":44}},"loc":{"start":{"line":226,"column":49},"end":{"line":235,"column":4}},"line":226},"22":{"name":"(anonymous_22)","decl":{"start":{"line":238,"column":49},"end":{"line":238,"column":50}},"loc":{"start":{"line":238,"column":55},"end":{"line":247,"column":4}},"line":238},"23":{"name":"(anonymous_23)","decl":{"start":{"line":250,"column":46},"end":{"line":250,"column":47}},"loc":{"start":{"line":250,"column":52},"end":{"line":254,"column":4}},"line":250},"24":{"name":"(anonymous_24)","decl":{"start":{"line":257,"column":49},"end":{"line":257,"column":50}},"loc":{"start":{"line":257,"column":55},"end":{"line":261,"column":4}},"line":257},"25":{"name":"(anonymous_25)","decl":{"start":{"line":264,"column":33},"end":{"line":264,"column":34}},"loc":{"start":{"line":264,"column":50},"end":{"line":273,"column":3}},"line":264},"26":{"name":"(anonymous_26)","decl":{"start":{"line":276,"column":45},"end":{"line":276,"column":46}},"loc":{"start":{"line":276,"column":51},"end":{"line":285,"column":3}},"line":276},"27":{"name":"(anonymous_27)","decl":{"start":{"line":288,"column":45},"end":{"line":288,"column":46}},"loc":{"start":{"line":288,"column":51},"end":{"line":288,"column":97}},"line":288},"28":{"name":"(anonymous_28)","decl":{"start":{"line":291,"column":34},"end":{"line":291,"column":35}},"loc":{"start":{"line":291,"column":40},"end":{"line":298,"column":4}},"line":291},"29":{"name":"(anonymous_29)","decl":{"start":{"line":301,"column":28},"end":{"line":301,"column":29}},"loc":{"start":{"line":301,"column":34},"end":{"line":306,"column":4}},"line":301},"30":{"name":"(anonymous_30)","decl":{"start":{"line":309,"column":96},"end":{"line":309,"column":97}},"loc":{"start":{"line":309,"column":102},"end":{"line":312,"column":4}},"line":309},"31":{"name":"(anonymous_31)","decl":{"start":{"line":315,"column":18},"end":{"line":315,"column":19}},"loc":{"start":{"line":315,"column":35},"end":{"line":328,"column":3}},"line":315}},"branchMap":{"0":{"loc":{"start":{"line":11,"column":21},"end":{"line":11,"column":59}},"type":"binary-expr","locations":[{"start":{"line":11,"column":21},"end":{"line":11,"column":53}},{"start":{"line":11,"column":57},"end":{"line":11,"column":59}}],"line":11},"1":{"loc":{"start":{"line":19,"column":18},"end":{"line":19,"column":127}},"type":"binary-expr","locations":[{"start":{"line":19,"column":18},"end":{"line":19,"column":39}},{"start":{"line":19,"column":43},"end":{"line":19,"column":127}}],"line":19},"2":{"loc":{"start":{"line":39,"column":21},"end":{"line":39,"column":59}},"type":"binary-expr","locations":[{"start":{"line":39,"column":21},"end":{"line":39,"column":53}},{"start":{"line":39,"column":57},"end":{"line":39,"column":59}}],"line":39},"3":{"loc":{"start":{"line":41,"column":18},"end":{"line":41,"column":90}},"type":"binary-expr","locations":[{"start":{"line":41,"column":18},"end":{"line":41,"column":83}},{"start":{"line":41,"column":87},"end":{"line":41,"column":90}}],"line":41},"4":{"loc":{"start":{"line":53,"column":21},"end":{"line":53,"column":59}},"type":"binary-expr","locations":[{"start":{"line":53,"column":21},"end":{"line":53,"column":53}},{"start":{"line":53,"column":57},"end":{"line":53,"column":59}}],"line":53},"5":{"loc":{"start":{"line":56,"column":30},"end":{"line":56,"column":104}},"type":"binary-expr","locations":[{"start":{"line":56,"column":30},"end":{"line":56,"column":48}},{"start":{"line":56,"column":52},"end":{"line":56,"column":104}}],"line":56},"6":{"loc":{"start":{"line":79,"column":16},"end":{"line":79,"column":56}},"type":"binary-expr","locations":[{"start":{"line":79,"column":16},"end":{"line":79,"column":43}},{"start":{"line":79,"column":47},"end":{"line":79,"column":56}}],"line":79},"7":{"loc":{"start":{"line":80,"column":102},"end":{"line":80,"column":133}},"type":"cond-expr","locations":[{"start":{"line":80,"column":121},"end":{"line":80,"column":126}},{"start":{"line":80,"column":129},"end":{"line":80,"column":133}}],"line":80},"8":{"loc":{"start":{"line":93,"column":18},"end":{"line":93,"column":68}},"type":"binary-expr","locations":[{"start":{"line":93,"column":18},"end":{"line":93,"column":52}},{"start":{"line":93,"column":56},"end":{"line":93,"column":68}}],"line":93},"9":{"loc":{"start":{"line":94,"column":16},"end":{"line":94,"column":64}},"type":"binary-expr","locations":[{"start":{"line":94,"column":16},"end":{"line":94,"column":48}},{"start":{"line":94,"column":52},"end":{"line":94,"column":64}}],"line":94},"10":{"loc":{"start":{"line":104,"column":18},"end":{"line":104,"column":53}},"type":"binary-expr","locations":[{"start":{"line":104,"column":18},"end":{"line":104,"column":47}},{"start":{"line":104,"column":51},"end":{"line":104,"column":53}}],"line":104},"11":{"loc":{"start":{"line":122,"column":4},"end":{"line":128,"column":5}},"type":"if","locations":[{"start":{"line":122,"column":4},"end":{"line":128,"column":5}},{"start":{},"end":{}}],"line":122},"12":{"loc":{"start":{"line":135,"column":18},"end":{"line":135,"column":61}},"type":"binary-expr","locations":[{"start":{"line":135,"column":18},"end":{"line":135,"column":47}},{"start":{"line":135,"column":51},"end":{"line":135,"column":61}}],"line":135},"13":{"loc":{"start":{"line":136,"column":16},"end":{"line":136,"column":57}},"type":"binary-expr","locations":[{"start":{"line":136,"column":16},"end":{"line":136,"column":43}},{"start":{"line":136,"column":47},"end":{"line":136,"column":57}}],"line":136},"14":{"loc":{"start":{"line":137,"column":16},"end":{"line":137,"column":60}},"type":"binary-expr","locations":[{"start":{"line":137,"column":16},"end":{"line":137,"column":48}},{"start":{"line":137,"column":52},"end":{"line":137,"column":60}}],"line":137},"15":{"loc":{"start":{"line":138,"column":16},"end":{"line":138,"column":63}},"type":"binary-expr","locations":[{"start":{"line":138,"column":16},"end":{"line":138,"column":49}},{"start":{"line":138,"column":53},"end":{"line":138,"column":63}}],"line":138},"16":{"loc":{"start":{"line":266,"column":20},"end":{"line":266,"column":60}},"type":"binary-expr","locations":[{"start":{"line":266,"column":20},"end":{"line":266,"column":51}},{"start":{"line":266,"column":55},"end":{"line":266,"column":60}}],"line":266},"17":{"loc":{"start":{"line":267,"column":22},"end":{"line":267,"column":71}},"type":"binary-expr","locations":[{"start":{"line":267,"column":22},"end":{"line":267,"column":55}},{"start":{"line":267,"column":59},"end":{"line":267,"column":71}}],"line":267},"18":{"loc":{"start":{"line":268,"column":20},"end":{"line":268,"column":67}},"type":"binary-expr","locations":[{"start":{"line":268,"column":20},"end":{"line":268,"column":51}},{"start":{"line":268,"column":55},"end":{"line":268,"column":67}}],"line":268},"19":{"loc":{"start":{"line":319,"column":6},"end":{"line":322,"column":7}},"type":"if","locations":[{"start":{"line":319,"column":6},"end":{"line":322,"column":7}},{"start":{},"end":{}}],"line":319},"20":{"loc":{"start":{"line":319,"column":10},"end":{"line":319,"column":72}},"type":"binary-expr","locations":[{"start":{"line":319,"column":10},"end":{"line":319,"column":30}},{"start":{"line":319,"column":34},"end":{"line":319,"column":54}},{"start":{"line":319,"column":58},"end":{"line":319,"column":72}}],"line":319}},"s":{"0":96,"1":96,"2":8,"3":8,"4":8,"5":8,"6":8,"7":8,"8":1,"9":1,"10":1,"11":1,"12":1,"13":1,"14":1,"15":6,"16":6,"17":6,"18":1,"19":7,"20":7,"21":7,"22":7,"23":7,"24":72,"25":72,"26":72,"27":0,"28":0,"29":0,"30":11,"31":11,"32":11,"33":18,"34":11,"35":10,"36":10,"37":25,"38":25,"39":25,"40":25,"41":25,"42":25,"43":25,"44":0,"45":0,"46":0,"47":3,"48":0,"49":0,"50":0,"51":0,"52":0,"53":0,"54":0,"55":2,"56":2,"57":2,"58":2,"59":2,"60":2,"61":2,"62":2,"63":2,"64":2,"65":2,"66":2,"67":2,"68":62,"69":62,"70":62,"71":62,"72":2,"73":62,"74":62,"75":62,"76":0,"77":7,"78":4,"79":2,"80":2,"81":6,"82":6,"83":2,"84":2,"85":2,"86":2,"87":2,"88":6,"89":4,"90":2,"91":0,"92":3,"93":124,"94":124,"95":124,"96":124,"97":112,"98":12,"99":12,"100":96},"f":{"0":8,"1":1,"2":7,"3":72,"4":0,"5":11,"6":18,"7":10,"8":25,"9":0,"10":3,"11":0,"12":0,"13":0,"14":2,"15":62,"16":62,"17":62,"18":0,"19":7,"20":4,"21":2,"22":2,"23":6,"24":6,"25":2,"26":6,"27":4,"28":2,"29":0,"30":3,"31":124},"b":{"0":[8,0],"1":[8,0],"2":[1,0],"3":[1,0],"4":[7,0],"5":[7,1],"6":[11,2],"7":[11,7],"8":[25,12],"9":[25,12],"10":[0,0],"11":[0,0],"12":[2,0],"13":[2,0],"14":[2,0],"15":[2,0],"16":[2,1],"17":[2,1],"18":[2,1],"19":[112,12],"20":[124,26,12]},"_coverageSchema":"1a1c01bbd47fc00a2c39e90264f33305004495a9","hash":"dd02a9f2501b66c2bf5649a542e3a16478cb1763"}
,"/home/davicho/etherai-foresight-platform-main/server/__tests__/mocks/server.js": {"path":"/home/davicho/etherai-foresight-platform-main/server/__tests__/mocks/server.js","statementMap":{"0":{"start":{"line":1,"column":24},"end":{"line":1,"column":43}},"1":{"start":{"line":2,"column":21},"end":{"line":2,"column":42}},"2":{"start":{"line":7,"column":15},"end":{"line":7,"column":39}},"3":{"start":{"line":9,"column":0},"end":{"line":9,"column":28}}},"fnMap":{},"branchMap":{},"s":{"0":96,"1":96,"2":96,"3":96},"f":{},"b":{},"_coverageSchema":"1a1c01bbd47fc00a2c39e90264f33305004495a9","hash":"9a05234f8da16a491742efcf7dada489e7120731"}
,"/home/davicho/etherai-foresight-platform-main/server/src/agents.js": {"path":"/home/davicho/etherai-foresight-platform-main/server/src/agents.js","statementMap":{"0":{"start":{"line":3,"column":4},"end":{"line":3,"column":21}},"1":{"start":{"line":5,"column":4},"end":{"line":5,"column":21}},"2":{"start":{"line":6,"column":4},"end":{"line":6,"column":65}},"3":{"start":{"line":7,"column":4},"end":{"line":7,"column":30}},"4":{"start":{"line":8,"column":4},"end":{"line":10,"column":6}},"5":{"start":{"line":11,"column":4},"end":{"line":11,"column":33}},"6":{"start":{"line":12,"column":4},"end":{"line":12,"column":28}},"7":{"start":{"line":17,"column":16},"end":{"line":17,"column":37}},"8":{"start":{"line":18,"column":20},"end":{"line":18,"column":45}},"9":{"start":{"line":19,"column":4},"end":{"line":19,"column":49}},"10":{"start":{"line":19,"column":27},"end":{"line":19,"column":49}},"11":{"start":{"line":20,"column":4},"end":{"line":20,"column":64}},"12":{"start":{"line":20,"column":35},"end":{"line":20,"column":64}},"13":{"start":{"line":21,"column":4},"end":{"line":21,"column":57}},"14":{"start":{"line":21,"column":31},"end":{"line":21,"column":57}},"15":{"start":{"line":23,"column":21},"end":{"line":23,"column":72}},"16":{"start":{"line":24,"column":4},"end":{"line":26,"column":6}},"17":{"start":{"line":30,"column":16},"end":{"line":30,"column":37}},"18":{"start":{"line":31,"column":4},"end":{"line":33,"column":5}},"19":{"start":{"line":32,"column":6},"end":{"line":32,"column":57}},"20":{"start":{"line":34,"column":4},"end":{"line":36,"column":6}},"21":{"start":{"line":35,"column":6},"end":{"line":35,"column":55}},"22":{"start":{"line":41,"column":27},"end":{"line":41,"column":58}},"23":{"start":{"line":42,"column":22},"end":{"line":42,"column":98}},"24":{"start":{"line":42,"column":56},"end":{"line":42,"column":70}},"25":{"start":{"line":43,"column":4},"end":{"line":47,"column":5}},"26":{"start":{"line":44,"column":6},"end":{"line":44,"column":43}},"27":{"start":{"line":46,"column":6},"end":{"line":46,"column":43}},"28":{"start":{"line":54,"column":4},"end":{"line":56,"column":14}},"29":{"start":{"line":55,"column":6},"end":{"line":55,"column":29}},"30":{"start":{"line":62,"column":21},"end":{"line":62,"column":52}},"31":{"start":{"line":63,"column":4},"end":{"line":67,"column":5}},"32":{"start":{"line":64,"column":6},"end":{"line":64,"column":42}},"33":{"start":{"line":65,"column":6},"end":{"line":65,"column":94}},"34":{"start":{"line":66,"column":6},"end":{"line":66,"column":29}},"35":{"start":{"line":72,"column":4},"end":{"line":100,"column":5}},"36":{"start":{"line":73,"column":17},"end":{"line":73,"column":44}},"37":{"start":{"line":74,"column":19},"end":{"line":74,"column":39}},"38":{"start":{"line":75,"column":26},"end":{"line":75,"column":94}},"39":{"start":{"line":76,"column":19},"end":{"line":76,"column":57}},"40":{"start":{"line":77,"column":20},"end":{"line":77,"column":64}},"41":{"start":{"line":77,"column":59},"end":{"line":77,"column":63}},"42":{"start":{"line":78,"column":6},"end":{"line":87,"column":7}},"43":{"start":{"line":79,"column":28},"end":{"line":79,"column":63}},"44":{"start":{"line":81,"column":8},"end":{"line":86,"column":10}},"45":{"start":{"line":90,"column":29},"end":{"line":90,"column":60}},"46":{"start":{"line":91,"column":6},"end":{"line":99,"column":7}},"47":{"start":{"line":92,"column":28},"end":{"line":92,"column":69}},"48":{"start":{"line":93,"column":8},"end":{"line":98,"column":10}},"49":{"start":{"line":101,"column":4},"end":{"line":101,"column":16}},"50":{"start":{"line":106,"column":4},"end":{"line":109,"column":6}},"51":{"start":{"line":113,"column":4},"end":{"line":142,"column":6}},"52":{"start":{"line":115,"column":22},"end":{"line":115,"column":62}},"53":{"start":{"line":116,"column":23},"end":{"line":116,"column":47}},"54":{"start":{"line":118,"column":23},"end":{"line":132,"column":16}},"55":{"start":{"line":119,"column":47},"end":{"line":119,"column":54}},"56":{"start":{"line":120,"column":28},"end":{"line":120,"column":47}},"57":{"start":{"line":121,"column":28},"end":{"line":121,"column":109}},"58":{"start":{"line":122,"column":10},"end":{"line":131,"column":12}},"59":{"start":{"line":134,"column":8},"end":{"line":137,"column":11}},"60":{"start":{"line":135,"column":25},"end":{"line":135,"column":74}},"61":{"start":{"line":136,"column":10},"end":{"line":136,"column":66}},"62":{"start":{"line":139,"column":8},"end":{"line":139,"column":51}},"63":{"start":{"line":140,"column":8},"end":{"line":140,"column":22}},"64":{"start":{"line":146,"column":4},"end":{"line":146,"column":100}},"65":{"start":{"line":148,"column":19},"end":{"line":148,"column":71}},"66":{"start":{"line":148,"column":37},"end":{"line":148,"column":61}},"67":{"start":{"line":149,"column":4},"end":{"line":149,"column":75}},"68":{"start":{"line":153,"column":4},"end":{"line":172,"column":5}},"69":{"start":{"line":155,"column":6},"end":{"line":155,"column":45}},"70":{"start":{"line":155,"column":35},"end":{"line":155,"column":45}},"71":{"start":{"line":156,"column":30},"end":{"line":170,"column":8}},"72":{"start":{"line":157,"column":45},"end":{"line":157,"column":52}},"73":{"start":{"line":158,"column":26},"end":{"line":158,"column":45}},"74":{"start":{"line":159,"column":26},"end":{"line":159,"column":107}},"75":{"start":{"line":160,"column":8},"end":{"line":169,"column":10}},"76":{"start":{"line":171,"column":6},"end":{"line":171,"column":94}},"77":{"start":{"line":171,"column":43},"end":{"line":171,"column":91}},"78":{"start":{"line":173,"column":4},"end":{"line":173,"column":16}},"79":{"start":{"line":178,"column":4},"end":{"line":178,"column":62}},"80":{"start":{"line":178,"column":53},"end":{"line":178,"column":62}},"81":{"start":{"line":179,"column":20},"end":{"line":179,"column":22}},"82":{"start":{"line":180,"column":4},"end":{"line":182,"column":5}},"83":{"start":{"line":180,"column":17},"end":{"line":180,"column":18}},"84":{"start":{"line":181,"column":6},"end":{"line":181,"column":64}},"85":{"start":{"line":183,"column":17},"end":{"line":183,"column":68}},"86":{"start":{"line":183,"column":42},"end":{"line":183,"column":47}},"87":{"start":{"line":184,"column":21},"end":{"line":184,"column":92}},"88":{"start":{"line":184,"column":46},"end":{"line":184,"column":71}},"89":{"start":{"line":185,"column":4},"end":{"line":185,"column":31}},"90":{"start":{"line":189,"column":4},"end":{"line":189,"column":71}},"91":{"start":{"line":189,"column":54},"end":{"line":189,"column":71}},"92":{"start":{"line":190,"column":19},"end":{"line":190,"column":35}},"93":{"start":{"line":191,"column":18},"end":{"line":191,"column":39}},"94":{"start":{"line":192,"column":22},"end":{"line":192,"column":71}},"95":{"start":{"line":192,"column":46},"end":{"line":192,"column":51}},"96":{"start":{"line":193,"column":21},"end":{"line":193,"column":68}},"97":{"start":{"line":193,"column":44},"end":{"line":193,"column":49}},"98":{"start":{"line":194,"column":4},"end":{"line":194,"column":54}},"99":{"start":{"line":194,"column":37},"end":{"line":194,"column":54}},"100":{"start":{"line":195,"column":4},"end":{"line":195,"column":54}},"101":{"start":{"line":195,"column":37},"end":{"line":195,"column":54}},"102":{"start":{"line":196,"column":4},"end":{"line":196,"column":21}},"103":{"start":{"line":200,"column":18},"end":{"line":200,"column":36}},"104":{"start":{"line":201,"column":18},"end":{"line":201,"column":20}},"105":{"start":{"line":202,"column":4},"end":{"line":205,"column":5}},"106":{"start":{"line":203,"column":20},"end":{"line":203,"column":55}},"107":{"start":{"line":204,"column":6},"end":{"line":204,"column":38}},"108":{"start":{"line":204,"column":17},"end":{"line":204,"column":38}},"109":{"start":{"line":206,"column":4},"end":{"line":206,"column":17}},"110":{"start":{"line":210,"column":4},"end":{"line":210,"column":65}},"111":{"start":{"line":210,"column":54},"end":{"line":210,"column":65}},"112":{"start":{"line":211,"column":4},"end":{"line":211,"column":50}},"113":{"start":{"line":215,"column":17},"end":{"line":215,"column":19}},"114":{"start":{"line":216,"column":4},"end":{"line":219,"column":5}},"115":{"start":{"line":217,"column":6},"end":{"line":217,"column":62}},"116":{"start":{"line":218,"column":6},"end":{"line":218,"column":51}},"117":{"start":{"line":220,"column":4},"end":{"line":220,"column":16}},"118":{"start":{"line":224,"column":16},"end":{"line":224,"column":117}},"119":{"start":{"line":224,"column":58},"end":{"line":224,"column":79}},"120":{"start":{"line":225,"column":4},"end":{"line":228,"column":6}},"121":{"start":{"line":232,"column":4},"end":{"line":236,"column":6}},"122":{"start":{"line":240,"column":4},"end":{"line":240,"column":75}},"123":{"start":{"line":244,"column":21},"end":{"line":244,"column":50}},"124":{"start":{"line":245,"column":24},"end":{"line":245,"column":44}},"125":{"start":{"line":246,"column":23},"end":{"line":246,"column":45}},"126":{"start":{"line":247,"column":4},"end":{"line":247,"column":39}},"127":{"start":{"line":247,"column":25},"end":{"line":247,"column":39}},"128":{"start":{"line":248,"column":4},"end":{"line":248,"column":41}},"129":{"start":{"line":248,"column":25},"end":{"line":248,"column":41}},"130":{"start":{"line":249,"column":4},"end":{"line":249,"column":17}},"131":{"start":{"line":253,"column":4},"end":{"line":259,"column":5}},"132":{"start":{"line":254,"column":6},"end":{"line":254,"column":30}},"133":{"start":{"line":257,"column":20},"end":{"line":257,"column":64}},"134":{"start":{"line":257,"column":52},"end":{"line":257,"column":63}},"135":{"start":{"line":258,"column":6},"end":{"line":258,"column":58}},"136":{"start":{"line":258,"column":32},"end":{"line":258,"column":55}},"137":{"start":{"line":263,"column":4},"end":{"line":518,"column":5}},"138":{"start":{"line":265,"column":8},"end":{"line":265,"column":34}},"139":{"start":{"line":267,"column":8},"end":{"line":267,"column":52}},"140":{"start":{"line":270,"column":8},"end":{"line":274,"column":10}},"141":{"start":{"line":277,"column":50},"end":{"line":277,"column":56}},"142":{"start":{"line":278,"column":27},"end":{"line":278,"column":55}},"143":{"start":{"line":281,"column":28},"end":{"line":281,"column":62}},"144":{"start":{"line":282,"column":8},"end":{"line":282,"column":63}},"145":{"start":{"line":284,"column":8},"end":{"line":286,"column":11}},"146":{"start":{"line":285,"column":10},"end":{"line":285,"column":65}},"147":{"start":{"line":288,"column":8},"end":{"line":288,"column":52}},"148":{"start":{"line":289,"column":8},"end":{"line":295,"column":11}},"149":{"start":{"line":290,"column":10},"end":{"line":290,"column":123}},"150":{"start":{"line":290,"column":50},"end":{"line":290,"column":123}},"151":{"start":{"line":291,"column":10},"end":{"line":291,"column":128}},"152":{"start":{"line":291,"column":51},"end":{"line":291,"column":128}},"153":{"start":{"line":292,"column":10},"end":{"line":292,"column":117}},"154":{"start":{"line":292,"column":47},"end":{"line":292,"column":117}},"155":{"start":{"line":293,"column":10},"end":{"line":293,"column":129}},"156":{"start":{"line":293,"column":52},"end":{"line":293,"column":129}},"157":{"start":{"line":294,"column":10},"end":{"line":294,"column":123}},"158":{"start":{"line":294,"column":49},"end":{"line":294,"column":123}},"159":{"start":{"line":297,"column":8},"end":{"line":297,"column":57}},"160":{"start":{"line":300,"column":25},"end":{"line":300,"column":43}},"161":{"start":{"line":301,"column":8},"end":{"line":301,"column":58}},"162":{"start":{"line":303,"column":8},"end":{"line":306,"column":10}},"163":{"start":{"line":309,"column":47},"end":{"line":309,"column":53}},"164":{"start":{"line":310,"column":35},"end":{"line":310,"column":37}},"165":{"start":{"line":312,"column":8},"end":{"line":320,"column":9}},"166":{"start":{"line":313,"column":10},"end":{"line":319,"column":12}},"167":{"start":{"line":322,"column":8},"end":{"line":322,"column":52}},"168":{"start":{"line":325,"column":8},"end":{"line":325,"column":52}},"169":{"start":{"line":328,"column":30},"end":{"line":328,"column":36}},"170":{"start":{"line":329,"column":24},"end":{"line":329,"column":26}},"171":{"start":{"line":331,"column":8},"end":{"line":343,"column":9}},"172":{"start":{"line":332,"column":26},"end":{"line":332,"column":51}},"173":{"start":{"line":333,"column":27},"end":{"line":333,"column":53}},"174":{"start":{"line":334,"column":23},"end":{"line":334,"column":45}},"175":{"start":{"line":335,"column":25},"end":{"line":335,"column":49}},"176":{"start":{"line":337,"column":10},"end":{"line":342,"column":12}},"177":{"start":{"line":345,"column":8},"end":{"line":345,"column":23}},"178":{"start":{"line":348,"column":56},"end":{"line":348,"column":62}},"179":{"start":{"line":349,"column":28},"end":{"line":349,"column":30}},"180":{"start":{"line":351,"column":8},"end":{"line":358,"column":9}},"181":{"start":{"line":352,"column":34},"end":{"line":352,"column":59}},"182":{"start":{"line":353,"column":35},"end":{"line":353,"column":61}},"183":{"start":{"line":354,"column":31},"end":{"line":354,"column":53}},"184":{"start":{"line":356,"column":28},"end":{"line":356,"column":91}},"185":{"start":{"line":357,"column":10},"end":{"line":357,"column":55}},"186":{"start":{"line":360,"column":8},"end":{"line":360,"column":27}},"187":{"start":{"line":363,"column":52},"end":{"line":363,"column":58}},"188":{"start":{"line":364,"column":23},"end":{"line":364,"column":25}},"189":{"start":{"line":365,"column":28},"end":{"line":365,"column":63}},"190":{"start":{"line":368,"column":37},"end":{"line":368,"column":101}},"191":{"start":{"line":369,"column":33},"end":{"line":369,"column":93}},"192":{"start":{"line":370,"column":31},"end":{"line":370,"column":89}},"193":{"start":{"line":371,"column":37},"end":{"line":371,"column":101}},"194":{"start":{"line":372,"column":35},"end":{"line":372,"column":97}},"195":{"start":{"line":375,"column":26},"end":{"line":375,"column":52}},"196":{"start":{"line":376,"column":22},"end":{"line":376,"column":44}},"197":{"start":{"line":377,"column":20},"end":{"line":377,"column":40}},"198":{"start":{"line":378,"column":26},"end":{"line":378,"column":52}},"199":{"start":{"line":379,"column":24},"end":{"line":379,"column":48}},"200":{"start":{"line":381,"column":8},"end":{"line":411,"column":9}},"201":{"start":{"line":381,"column":21},"end":{"line":381,"column":22}},"202":{"start":{"line":382,"column":26},"end":{"line":382,"column":38}},"203":{"start":{"line":383,"column":28},"end":{"line":383,"column":52}},"204":{"start":{"line":385,"column":10},"end":{"line":410,"column":11}},"205":{"start":{"line":387,"column":85},"end":{"line":393,"column":14}},"206":{"start":{"line":395,"column":12},"end":{"line":401,"column":14}},"207":{"start":{"line":404,"column":12},"end":{"line":409,"column":14}},"208":{"start":{"line":413,"column":8},"end":{"line":413,"column":22}},"209":{"start":{"line":416,"column":25},"end":{"line":416,"column":43}},"210":{"start":{"line":417,"column":27},"end":{"line":417,"column":47}},"211":{"start":{"line":419,"column":8},"end":{"line":481,"column":9}},"212":{"start":{"line":421,"column":30},"end":{"line":421,"column":77}},"213":{"start":{"line":422,"column":30},"end":{"line":422,"column":84}},"214":{"start":{"line":425,"column":36},"end":{"line":429,"column":11}},"215":{"start":{"line":432,"column":28},"end":{"line":436,"column":11}},"216":{"start":{"line":439,"column":36},"end":{"line":443,"column":11}},"217":{"start":{"line":445,"column":27},"end":{"line":449,"column":11}},"218":{"start":{"line":452,"column":28},"end":{"line":452,"column":118}},"219":{"start":{"line":455,"column":29},"end":{"line":455,"column":58}},"220":{"start":{"line":456,"column":30},"end":{"line":456,"column":62}},"221":{"start":{"line":457,"column":10},"end":{"line":457,"column":66}},"222":{"start":{"line":458,"column":10},"end":{"line":458,"column":66}},"223":{"start":{"line":459,"column":10},"end":{"line":459,"column":70}},"224":{"start":{"line":460,"column":10},"end":{"line":460,"column":54}},"225":{"start":{"line":461,"column":10},"end":{"line":461,"column":85}},"226":{"start":{"line":462,"column":10},"end":{"line":462,"column":71}},"227":{"start":{"line":463,"column":10},"end":{"line":463,"column":53}},"228":{"start":{"line":464,"column":10},"end":{"line":464,"column":61}},"229":{"start":{"line":465,"column":10},"end":{"line":465,"column":79}},"230":{"start":{"line":466,"column":10},"end":{"line":466,"column":54}},"231":{"start":{"line":467,"column":10},"end":{"line":467,"column":93}},"232":{"start":{"line":468,"column":10},"end":{"line":468,"column":95}},"233":{"start":{"line":469,"column":10},"end":{"line":469,"column":87}},"234":{"start":{"line":470,"column":10},"end":{"line":470,"column":54}},"235":{"start":{"line":472,"column":10},"end":{"line":472,"column":60}},"236":{"start":{"line":474,"column":10},"end":{"line":478,"column":12}},"237":{"start":{"line":480,"column":10},"end":{"line":480,"column":22}},"238":{"start":{"line":483,"column":8},"end":{"line":483,"column":34}},"239":{"start":{"line":485,"column":8},"end":{"line":485,"column":36}},"240":{"start":{"line":488,"column":46},"end":{"line":488,"column":52}},"241":{"start":{"line":489,"column":35},"end":{"line":489,"column":37}},"242":{"start":{"line":491,"column":8},"end":{"line":498,"column":9}},"243":{"start":{"line":493,"column":10},"end":{"line":497,"column":12}},"244":{"start":{"line":500,"column":8},"end":{"line":504,"column":10}},"245":{"start":{"line":506,"column":8},"end":{"line":506,"column":34}},"246":{"start":{"line":515,"column":8},"end":{"line":515,"column":39}},"247":{"start":{"line":517,"column":8},"end":{"line":517,"column":18}}},"fnMap":{"0":{"name":"(anonymous_0)","decl":{"start":{"line":2,"column":2},"end":{"line":2,"column":3}},"loc":{"start":{"line":2,"column":20},"end":{"line":13,"column":3}},"line":2},"1":{"name":"(anonymous_1)","decl":{"start":{"line":16,"column":2},"end":{"line":16,"column":3}},"loc":{"start":{"line":16,"column":49},"end":{"line":27,"column":3}},"line":16},"2":{"name":"(anonymous_2)","decl":{"start":{"line":29,"column":2},"end":{"line":29,"column":3}},"loc":{"start":{"line":29,"column":22},"end":{"line":37,"column":3}},"line":29},"3":{"name":"(anonymous_3)","decl":{"start":{"line":34,"column":48},"end":{"line":34,"column":49}},"loc":{"start":{"line":35,"column":6},"end":{"line":35,"column":55}},"line":35},"4":{"name":"(anonymous_4)","decl":{"start":{"line":40,"column":2},"end":{"line":40,"column":3}},"loc":{"start":{"line":40,"column":20},"end":{"line":48,"column":3}},"line":40},"5":{"name":"(anonymous_5)","decl":{"start":{"line":42,"column":44},"end":{"line":42,"column":45}},"loc":{"start":{"line":42,"column":56},"end":{"line":42,"column":70}},"line":42},"6":{"name":"(anonymous_6)","decl":{"start":{"line":51,"column":2},"end":{"line":51,"column":3}},"loc":{"start":{"line":51,"column":21},"end":{"line":57,"column":3}},"line":51},"7":{"name":"(anonymous_7)","decl":{"start":{"line":54,"column":40},"end":{"line":54,"column":41}},"loc":{"start":{"line":54,"column":46},"end":{"line":56,"column":5}},"line":54},"8":{"name":"(anonymous_8)","decl":{"start":{"line":59,"column":2},"end":{"line":59,"column":3}},"loc":{"start":{"line":59,"column":26},"end":{"line":68,"column":3}},"line":59},"9":{"name":"(anonymous_9)","decl":{"start":{"line":70,"column":2},"end":{"line":70,"column":3}},"loc":{"start":{"line":70,"column":29},"end":{"line":102,"column":3}},"line":70},"10":{"name":"(anonymous_10)","decl":{"start":{"line":77,"column":51},"end":{"line":77,"column":52}},"loc":{"start":{"line":77,"column":59},"end":{"line":77,"column":63}},"line":77},"11":{"name":"(anonymous_11)","decl":{"start":{"line":104,"column":2},"end":{"line":104,"column":3}},"loc":{"start":{"line":104,"column":29},"end":{"line":110,"column":3}},"line":104},"12":{"name":"(anonymous_12)","decl":{"start":{"line":112,"column":2},"end":{"line":112,"column":3}},"loc":{"start":{"line":112,"column":27},"end":{"line":143,"column":3}},"line":112},"13":{"name":"(anonymous_13)","decl":{"start":{"line":114,"column":15},"end":{"line":114,"column":16}},"loc":{"start":{"line":114,"column":31},"end":{"line":141,"column":7}},"line":114},"14":{"name":"(anonymous_14)","decl":{"start":{"line":118,"column":42},"end":{"line":118,"column":43}},"loc":{"start":{"line":118,"column":53},"end":{"line":132,"column":9}},"line":118},"15":{"name":"(anonymous_15)","decl":{"start":{"line":134,"column":23},"end":{"line":134,"column":24}},"loc":{"start":{"line":134,"column":32},"end":{"line":137,"column":9}},"line":134},"16":{"name":"(anonymous_16)","decl":{"start":{"line":145,"column":2},"end":{"line":145,"column":3}},"loc":{"start":{"line":145,"column":40},"end":{"line":150,"column":3}},"line":145},"17":{"name":"(anonymous_17)","decl":{"start":{"line":148,"column":32},"end":{"line":148,"column":33}},"loc":{"start":{"line":148,"column":37},"end":{"line":148,"column":61}},"line":148},"18":{"name":"(anonymous_18)","decl":{"start":{"line":152,"column":2},"end":{"line":152,"column":3}},"loc":{"start":{"line":152,"column":38},"end":{"line":174,"column":3}},"line":152},"19":{"name":"(anonymous_19)","decl":{"start":{"line":156,"column":48},"end":{"line":156,"column":49}},"loc":{"start":{"line":156,"column":59},"end":{"line":170,"column":7}},"line":156},"20":{"name":"(anonymous_20)","decl":{"start":{"line":171,"column":33},"end":{"line":171,"column":34}},"loc":{"start":{"line":171,"column":43},"end":{"line":171,"column":91}},"line":171},"21":{"name":"(anonymous_21)","decl":{"start":{"line":177,"column":2},"end":{"line":177,"column":3}},"loc":{"start":{"line":177,"column":30},"end":{"line":186,"column":3}},"line":177},"22":{"name":"(anonymous_22)","decl":{"start":{"line":183,"column":32},"end":{"line":183,"column":33}},"loc":{"start":{"line":183,"column":42},"end":{"line":183,"column":47}},"line":183},"23":{"name":"(anonymous_23)","decl":{"start":{"line":184,"column":36},"end":{"line":184,"column":37}},"loc":{"start":{"line":184,"column":46},"end":{"line":184,"column":71}},"line":184},"24":{"name":"(anonymous_24)","decl":{"start":{"line":188,"column":2},"end":{"line":188,"column":3}},"loc":{"start":{"line":188,"column":23},"end":{"line":197,"column":3}},"line":188},"25":{"name":"(anonymous_25)","decl":{"start":{"line":192,"column":36},"end":{"line":192,"column":37}},"loc":{"start":{"line":192,"column":46},"end":{"line":192,"column":51}},"line":192},"26":{"name":"(anonymous_26)","decl":{"start":{"line":193,"column":34},"end":{"line":193,"column":35}},"loc":{"start":{"line":193,"column":44},"end":{"line":193,"column":49}},"line":193},"27":{"name":"(anonymous_27)","decl":{"start":{"line":199,"column":2},"end":{"line":199,"column":3}},"loc":{"start":{"line":199,"column":30},"end":{"line":207,"column":3}},"line":199},"28":{"name":"(anonymous_28)","decl":{"start":{"line":209,"column":2},"end":{"line":209,"column":3}},"loc":{"start":{"line":209,"column":33},"end":{"line":212,"column":3}},"line":209},"29":{"name":"(anonymous_29)","decl":{"start":{"line":214,"column":2},"end":{"line":214,"column":3}},"loc":{"start":{"line":214,"column":49},"end":{"line":221,"column":3}},"line":214},"30":{"name":"(anonymous_30)","decl":{"start":{"line":223,"column":2},"end":{"line":223,"column":3}},"loc":{"start":{"line":223,"column":48},"end":{"line":229,"column":3}},"line":223},"31":{"name":"(anonymous_31)","decl":{"start":{"line":224,"column":48},"end":{"line":224,"column":49}},"loc":{"start":{"line":224,"column":58},"end":{"line":224,"column":79}},"line":224},"32":{"name":"(anonymous_32)","decl":{"start":{"line":231,"column":2},"end":{"line":231,"column":3}},"loc":{"start":{"line":231,"column":30},"end":{"line":237,"column":3}},"line":231},"33":{"name":"(anonymous_33)","decl":{"start":{"line":239,"column":2},"end":{"line":239,"column":3}},"loc":{"start":{"line":239,"column":30},"end":{"line":241,"column":3}},"line":239},"34":{"name":"(anonymous_34)","decl":{"start":{"line":243,"column":2},"end":{"line":243,"column":3}},"loc":{"start":{"line":243,"column":38},"end":{"line":250,"column":3}},"line":243},"35":{"name":"(anonymous_35)","decl":{"start":{"line":252,"column":2},"end":{"line":252,"column":3}},"loc":{"start":{"line":252,"column":34},"end":{"line":260,"column":3}},"line":252},"36":{"name":"(anonymous_36)","decl":{"start":{"line":257,"column":44},"end":{"line":257,"column":45}},"loc":{"start":{"line":257,"column":52},"end":{"line":257,"column":63}},"line":257},"37":{"name":"(anonymous_37)","decl":{"start":{"line":258,"column":23},"end":{"line":258,"column":24}},"loc":{"start":{"line":258,"column":32},"end":{"line":258,"column":55}},"line":258},"38":{"name":"(anonymous_38)","decl":{"start":{"line":262,"column":2},"end":{"line":262,"column":3}},"loc":{"start":{"line":262,"column":25},"end":{"line":519,"column":3}},"line":262},"39":{"name":"(anonymous_39)","decl":{"start":{"line":284,"column":38},"end":{"line":284,"column":39}},"loc":{"start":{"line":284,"column":59},"end":{"line":286,"column":9}},"line":284},"40":{"name":"(anonymous_40)","decl":{"start":{"line":289,"column":45},"end":{"line":289,"column":46}},"loc":{"start":{"line":289,"column":66},"end":{"line":295,"column":9}},"line":289}},"branchMap":{"0":{"loc":{"start":{"line":19,"column":4},"end":{"line":19,"column":49}},"type":"if","locations":[{"start":{"line":19,"column":4},"end":{"line":19,"column":49}},{"start":{},"end":{}}],"line":19},"1":{"loc":{"start":{"line":20,"column":4},"end":{"line":20,"column":64}},"type":"if","locations":[{"start":{"line":20,"column":4},"end":{"line":20,"column":64}},{"start":{},"end":{}}],"line":20},"2":{"loc":{"start":{"line":21,"column":4},"end":{"line":21,"column":57}},"type":"if","locations":[{"start":{"line":21,"column":4},"end":{"line":21,"column":57}},{"start":{},"end":{}}],"line":21},"3":{"loc":{"start":{"line":31,"column":4},"end":{"line":33,"column":5}},"type":"if","locations":[{"start":{"line":31,"column":4},"end":{"line":33,"column":5}},{"start":{},"end":{}}],"line":31},"4":{"loc":{"start":{"line":31,"column":8},"end":{"line":31,"column":48}},"type":"binary-expr","locations":[{"start":{"line":31,"column":8},"end":{"line":31,"column":25}},{"start":{"line":31,"column":29},"end":{"line":31,"column":48}}],"line":31},"5":{"loc":{"start":{"line":32,"column":13},"end":{"line":32,"column":56}},"type":"cond-expr","locations":[{"start":{"line":32,"column":35},"end":{"line":32,"column":44}},{"start":{"line":32,"column":47},"end":{"line":32,"column":56}}],"line":32},"6":{"loc":{"start":{"line":35,"column":6},"end":{"line":35,"column":55}},"type":"cond-expr","locations":[{"start":{"line":35,"column":50},"end":{"line":35,"column":51}},{"start":{"line":35,"column":54},"end":{"line":35,"column":55}}],"line":35},"7":{"loc":{"start":{"line":43,"column":4},"end":{"line":47,"column":5}},"type":"if","locations":[{"start":{"line":43,"column":4},"end":{"line":47,"column":5}},{"start":{"line":45,"column":11},"end":{"line":47,"column":5}}],"line":43},"8":{"loc":{"start":{"line":63,"column":4},"end":{"line":67,"column":5}},"type":"if","locations":[{"start":{"line":63,"column":4},"end":{"line":67,"column":5}},{"start":{},"end":{}}],"line":63},"9":{"loc":{"start":{"line":78,"column":6},"end":{"line":87,"column":7}},"type":"if","locations":[{"start":{"line":78,"column":6},"end":{"line":87,"column":7}},{"start":{},"end":{}}],"line":78},"10":{"loc":{"start":{"line":91,"column":6},"end":{"line":99,"column":7}},"type":"if","locations":[{"start":{"line":91,"column":6},"end":{"line":99,"column":7}},{"start":{},"end":{}}],"line":91},"11":{"loc":{"start":{"line":96,"column":18},"end":{"line":96,"column":53}},"type":"cond-expr","locations":[{"start":{"line":96,"column":47},"end":{"line":96,"column":48}},{"start":{"line":96,"column":51},"end":{"line":96,"column":53}}],"line":96},"12":{"loc":{"start":{"line":115,"column":34},"end":{"line":115,"column":60}},"type":"binary-expr","locations":[{"start":{"line":115,"column":34},"end":{"line":115,"column":55}},{"start":{"line":115,"column":59},"end":{"line":115,"column":60}}],"line":115},"13":{"loc":{"start":{"line":118,"column":23},"end":{"line":132,"column":16}},"type":"binary-expr","locations":[{"start":{"line":118,"column":23},"end":{"line":132,"column":10}},{"start":{"line":132,"column":14},"end":{"line":132,"column":16}}],"line":118},"14":{"loc":{"start":{"line":120,"column":28},"end":{"line":120,"column":47}},"type":"binary-expr","locations":[{"start":{"line":120,"column":28},"end":{"line":120,"column":42}},{"start":{"line":120,"column":46},"end":{"line":120,"column":47}}],"line":120},"15":{"loc":{"start":{"line":121,"column":80},"end":{"line":121,"column":107}},"type":"cond-expr","locations":[{"start":{"line":121,"column":101},"end":{"line":121,"column":103}},{"start":{"line":121,"column":106},"end":{"line":121,"column":107}}],"line":121},"16":{"loc":{"start":{"line":135,"column":25},"end":{"line":135,"column":74}},"type":"binary-expr","locations":[{"start":{"line":135,"column":25},"end":{"line":135,"column":69}},{"start":{"line":135,"column":73},"end":{"line":135,"column":74}}],"line":135},"17":{"loc":{"start":{"line":148,"column":19},"end":{"line":148,"column":71}},"type":"cond-expr","locations":[{"start":{"line":148,"column":65},"end":{"line":148,"column":66}},{"start":{"line":148,"column":69},"end":{"line":148,"column":71}}],"line":148},"18":{"loc":{"start":{"line":153,"column":4},"end":{"line":172,"column":5}},"type":"if","locations":[{"start":{"line":153,"column":4},"end":{"line":172,"column":5}},{"start":{},"end":{}}],"line":153},"19":{"loc":{"start":{"line":155,"column":6},"end":{"line":155,"column":45}},"type":"if","locations":[{"start":{"line":155,"column":6},"end":{"line":155,"column":45}},{"start":{},"end":{}}],"line":155},"20":{"loc":{"start":{"line":155,"column":10},"end":{"line":155,"column":33}},"type":"binary-expr","locations":[{"start":{"line":155,"column":10},"end":{"line":155,"column":15}},{"start":{"line":155,"column":19},"end":{"line":155,"column":33}}],"line":155},"21":{"loc":{"start":{"line":158,"column":26},"end":{"line":158,"column":45}},"type":"binary-expr","locations":[{"start":{"line":158,"column":26},"end":{"line":158,"column":40}},{"start":{"line":158,"column":44},"end":{"line":158,"column":45}}],"line":158},"22":{"loc":{"start":{"line":159,"column":78},"end":{"line":159,"column":105}},"type":"cond-expr","locations":[{"start":{"line":159,"column":99},"end":{"line":159,"column":101}},{"start":{"line":159,"column":104},"end":{"line":159,"column":105}}],"line":159},"23":{"loc":{"start":{"line":178,"column":4},"end":{"line":178,"column":62}},"type":"if","locations":[{"start":{"line":178,"column":4},"end":{"line":178,"column":62}},{"start":{},"end":{}}],"line":178},"24":{"loc":{"start":{"line":178,"column":8},"end":{"line":178,"column":51}},"type":"binary-expr","locations":[{"start":{"line":178,"column":8},"end":{"line":178,"column":30}},{"start":{"line":178,"column":34},"end":{"line":178,"column":51}}],"line":178},"25":{"loc":{"start":{"line":189,"column":4},"end":{"line":189,"column":71}},"type":"if","locations":[{"start":{"line":189,"column":4},"end":{"line":189,"column":71}},{"start":{},"end":{}}],"line":189},"26":{"loc":{"start":{"line":189,"column":8},"end":{"line":189,"column":52}},"type":"binary-expr","locations":[{"start":{"line":189,"column":8},"end":{"line":189,"column":30}},{"start":{"line":189,"column":34},"end":{"line":189,"column":52}}],"line":189},"27":{"loc":{"start":{"line":194,"column":4},"end":{"line":194,"column":54}},"type":"if","locations":[{"start":{"line":194,"column":4},"end":{"line":194,"column":54}},{"start":{},"end":{}}],"line":194},"28":{"loc":{"start":{"line":195,"column":4},"end":{"line":195,"column":54}},"type":"if","locations":[{"start":{"line":195,"column":4},"end":{"line":195,"column":54}},{"start":{},"end":{}}],"line":195},"29":{"loc":{"start":{"line":204,"column":6},"end":{"line":204,"column":38}},"type":"if","locations":[{"start":{"line":204,"column":6},"end":{"line":204,"column":38}},{"start":{},"end":{}}],"line":204},"30":{"loc":{"start":{"line":210,"column":4},"end":{"line":210,"column":65}},"type":"if","locations":[{"start":{"line":210,"column":4},"end":{"line":210,"column":65}},{"start":{},"end":{}}],"line":210},"31":{"loc":{"start":{"line":210,"column":8},"end":{"line":210,"column":52}},"type":"binary-expr","locations":[{"start":{"line":210,"column":8},"end":{"line":210,"column":13}},{"start":{"line":210,"column":17},"end":{"line":210,"column":52}}],"line":210},"32":{"loc":{"start":{"line":216,"column":4},"end":{"line":219,"column":5}},"type":"if","locations":[{"start":{"line":216,"column":4},"end":{"line":219,"column":5}},{"start":{},"end":{}}],"line":216},"33":{"loc":{"start":{"line":226,"column":18},"end":{"line":226,"column":81}},"type":"cond-expr","locations":[{"start":{"line":226,"column":29},"end":{"line":226,"column":54}},{"start":{"line":226,"column":57},"end":{"line":226,"column":81}}],"line":226},"34":{"loc":{"start":{"line":247,"column":4},"end":{"line":247,"column":39}},"type":"if","locations":[{"start":{"line":247,"column":4},"end":{"line":247,"column":39}},{"start":{},"end":{}}],"line":247},"35":{"loc":{"start":{"line":248,"column":4},"end":{"line":248,"column":41}},"type":"if","locations":[{"start":{"line":248,"column":4},"end":{"line":248,"column":41}},{"start":{},"end":{}}],"line":248},"36":{"loc":{"start":{"line":262,"column":12},"end":{"line":262,"column":23}},"type":"default-arg","locations":[{"start":{"line":262,"column":21},"end":{"line":262,"column":23}}],"line":262},"37":{"loc":{"start":{"line":263,"column":4},"end":{"line":518,"column":5}},"type":"switch","locations":[{"start":{"line":264,"column":6},"end":{"line":265,"column":34}},{"start":{"line":266,"column":6},"end":{"line":267,"column":52}},{"start":{"line":268,"column":6},"end":{"line":274,"column":10}},{"start":{"line":275,"column":6},"end":{"line":306,"column":10}},{"start":{"line":307,"column":6},"end":{"line":322,"column":52}},{"start":{"line":323,"column":6},"end":{"line":325,"column":52}},{"start":{"line":326,"column":6},"end":{"line":345,"column":23}},{"start":{"line":346,"column":6},"end":{"line":360,"column":27}},{"start":{"line":361,"column":6},"end":{"line":413,"column":22}},{"start":{"line":414,"column":6},"end":{"line":481,"column":9}},{"start":{"line":482,"column":6},"end":{"line":483,"column":34}},{"start":{"line":484,"column":6},"end":{"line":485,"column":36}},{"start":{"line":486,"column":6},"end":{"line":504,"column":10}},{"start":{"line":505,"column":6},"end":{"line":506,"column":34}},{"start":{"line":507,"column":6},"end":{"line":507,"column":26}},{"start":{"line":508,"column":6},"end":{"line":508,"column":29}},{"start":{"line":509,"column":6},"end":{"line":509,"column":25}},{"start":{"line":510,"column":6},"end":{"line":510,"column":28}},{"start":{"line":511,"column":6},"end":{"line":511,"column":22}},{"start":{"line":512,"column":6},"end":{"line":512,"column":18}},{"start":{"line":513,"column":6},"end":{"line":513,"column":19}},{"start":{"line":514,"column":6},"end":{"line":515,"column":39}},{"start":{"line":516,"column":6},"end":{"line":517,"column":18}}],"line":263},"38":{"loc":{"start":{"line":277,"column":16},"end":{"line":277,"column":26}},"type":"default-arg","locations":[{"start":{"line":277,"column":24},"end":{"line":277,"column":26}}],"line":277},"39":{"loc":{"start":{"line":277,"column":28},"end":{"line":277,"column":45}},"type":"default-arg","locations":[{"start":{"line":277,"column":43},"end":{"line":277,"column":45}}],"line":277},"40":{"loc":{"start":{"line":290,"column":10},"end":{"line":290,"column":123}},"type":"if","locations":[{"start":{"line":290,"column":10},"end":{"line":290,"column":123}},{"start":{},"end":{}}],"line":290},"41":{"loc":{"start":{"line":291,"column":10},"end":{"line":291,"column":128}},"type":"if","locations":[{"start":{"line":291,"column":10},"end":{"line":291,"column":128}},{"start":{},"end":{}}],"line":291},"42":{"loc":{"start":{"line":292,"column":10},"end":{"line":292,"column":117}},"type":"if","locations":[{"start":{"line":292,"column":10},"end":{"line":292,"column":117}},{"start":{},"end":{}}],"line":292},"43":{"loc":{"start":{"line":293,"column":10},"end":{"line":293,"column":129}},"type":"if","locations":[{"start":{"line":293,"column":10},"end":{"line":293,"column":129}},{"start":{},"end":{}}],"line":293},"44":{"loc":{"start":{"line":294,"column":10},"end":{"line":294,"column":123}},"type":"if","locations":[{"start":{"line":294,"column":10},"end":{"line":294,"column":123}},{"start":{},"end":{}}],"line":294},"45":{"loc":{"start":{"line":309,"column":25},"end":{"line":309,"column":42}},"type":"default-arg","locations":[{"start":{"line":309,"column":40},"end":{"line":309,"column":42}}],"line":309},"46":{"loc":{"start":{"line":314,"column":29},"end":{"line":314,"column":62}},"type":"cond-expr","locations":[{"start":{"line":314,"column":53},"end":{"line":314,"column":56}},{"start":{"line":314,"column":59},"end":{"line":314,"column":62}}],"line":314},"47":{"loc":{"start":{"line":315,"column":30},"end":{"line":315,"column":63}},"type":"cond-expr","locations":[{"start":{"line":315,"column":54},"end":{"line":315,"column":57}},{"start":{"line":315,"column":60},"end":{"line":315,"column":63}}],"line":315},"48":{"loc":{"start":{"line":316,"column":26},"end":{"line":316,"column":55}},"type":"cond-expr","locations":[{"start":{"line":316,"column":46},"end":{"line":316,"column":49}},{"start":{"line":316,"column":52},"end":{"line":316,"column":55}}],"line":316},"49":{"loc":{"start":{"line":317,"column":31},"end":{"line":317,"column":64}},"type":"cond-expr","locations":[{"start":{"line":317,"column":55},"end":{"line":317,"column":58}},{"start":{"line":317,"column":61},"end":{"line":317,"column":64}}],"line":317},"50":{"loc":{"start":{"line":318,"column":28},"end":{"line":318,"column":57}},"type":"cond-expr","locations":[{"start":{"line":318,"column":48},"end":{"line":318,"column":51}},{"start":{"line":318,"column":54},"end":{"line":318,"column":57}}],"line":318},"51":{"loc":{"start":{"line":328,"column":16},"end":{"line":328,"column":25}},"type":"default-arg","locations":[{"start":{"line":328,"column":23},"end":{"line":328,"column":25}}],"line":328},"52":{"loc":{"start":{"line":332,"column":26},"end":{"line":332,"column":51}},"type":"binary-expr","locations":[{"start":{"line":332,"column":26},"end":{"line":332,"column":45}},{"start":{"line":332,"column":49},"end":{"line":332,"column":51}}],"line":332},"53":{"loc":{"start":{"line":333,"column":27},"end":{"line":333,"column":53}},"type":"binary-expr","locations":[{"start":{"line":333,"column":27},"end":{"line":333,"column":47}},{"start":{"line":333,"column":51},"end":{"line":333,"column":53}}],"line":333},"54":{"loc":{"start":{"line":334,"column":23},"end":{"line":334,"column":45}},"type":"binary-expr","locations":[{"start":{"line":334,"column":23},"end":{"line":334,"column":39}},{"start":{"line":334,"column":43},"end":{"line":334,"column":45}}],"line":334},"55":{"loc":{"start":{"line":335,"column":25},"end":{"line":335,"column":49}},"type":"binary-expr","locations":[{"start":{"line":335,"column":25},"end":{"line":335,"column":43}},{"start":{"line":335,"column":47},"end":{"line":335,"column":49}}],"line":335},"56":{"loc":{"start":{"line":338,"column":28},"end":{"line":338,"column":97}},"type":"binary-expr","locations":[{"start":{"line":338,"column":28},"end":{"line":338,"column":59}},{"start":{"line":338,"column":63},"end":{"line":338,"column":97}}],"line":338},"57":{"loc":{"start":{"line":338,"column":29},"end":{"line":338,"column":53}},"type":"binary-expr","locations":[{"start":{"line":338,"column":29},"end":{"line":338,"column":48}},{"start":{"line":338,"column":52},"end":{"line":338,"column":53}}],"line":338},"58":{"loc":{"start":{"line":338,"column":64},"end":{"line":338,"column":90}},"type":"binary-expr","locations":[{"start":{"line":338,"column":64},"end":{"line":338,"column":85}},{"start":{"line":338,"column":89},"end":{"line":338,"column":90}}],"line":338},"59":{"loc":{"start":{"line":339,"column":28},"end":{"line":339,"column":95}},"type":"binary-expr","locations":[{"start":{"line":339,"column":28},"end":{"line":339,"column":58}},{"start":{"line":339,"column":62},"end":{"line":339,"column":95}}],"line":339},"60":{"loc":{"start":{"line":339,"column":29},"end":{"line":339,"column":52}},"type":"binary-expr","locations":[{"start":{"line":339,"column":29},"end":{"line":339,"column":47}},{"start":{"line":339,"column":51},"end":{"line":339,"column":52}}],"line":339},"61":{"loc":{"start":{"line":339,"column":63},"end":{"line":339,"column":89}},"type":"binary-expr","locations":[{"start":{"line":339,"column":63},"end":{"line":339,"column":84}},{"start":{"line":339,"column":88},"end":{"line":339,"column":89}}],"line":339},"62":{"loc":{"start":{"line":340,"column":25},"end":{"line":340,"column":40}},"type":"binary-expr","locations":[{"start":{"line":340,"column":25},"end":{"line":340,"column":35}},{"start":{"line":340,"column":39},"end":{"line":340,"column":40}}],"line":340},"63":{"loc":{"start":{"line":341,"column":27},"end":{"line":341,"column":49}},"type":"binary-expr","locations":[{"start":{"line":341,"column":27},"end":{"line":341,"column":44}},{"start":{"line":341,"column":48},"end":{"line":341,"column":49}}],"line":341},"64":{"loc":{"start":{"line":348,"column":30},"end":{"line":348,"column":51}},"type":"default-arg","locations":[{"start":{"line":348,"column":49},"end":{"line":348,"column":51}}],"line":348},"65":{"loc":{"start":{"line":352,"column":34},"end":{"line":352,"column":59}},"type":"binary-expr","locations":[{"start":{"line":352,"column":34},"end":{"line":352,"column":54}},{"start":{"line":352,"column":58},"end":{"line":352,"column":59}}],"line":352},"66":{"loc":{"start":{"line":353,"column":35},"end":{"line":353,"column":61}},"type":"binary-expr","locations":[{"start":{"line":353,"column":35},"end":{"line":353,"column":56}},{"start":{"line":353,"column":60},"end":{"line":353,"column":61}}],"line":353},"67":{"loc":{"start":{"line":354,"column":31},"end":{"line":354,"column":53}},"type":"binary-expr","locations":[{"start":{"line":354,"column":31},"end":{"line":354,"column":48}},{"start":{"line":354,"column":52},"end":{"line":354,"column":53}}],"line":354},"68":{"loc":{"start":{"line":363,"column":16},"end":{"line":363,"column":30}},"type":"default-arg","locations":[{"start":{"line":363,"column":28},"end":{"line":363,"column":30}}],"line":363},"69":{"loc":{"start":{"line":363,"column":32},"end":{"line":363,"column":47}},"type":"default-arg","locations":[{"start":{"line":363,"column":45},"end":{"line":363,"column":47}}],"line":363},"70":{"loc":{"start":{"line":383,"column":28},"end":{"line":383,"column":52}},"type":"binary-expr","locations":[{"start":{"line":383,"column":28},"end":{"line":383,"column":41}},{"start":{"line":383,"column":45},"end":{"line":383,"column":52}}],"line":383},"71":{"loc":{"start":{"line":396,"column":24},"end":{"line":396,"column":116}},"type":"cond-expr","locations":[{"start":{"line":396,"column":62},"end":{"line":396,"column":80}},{"start":{"line":396,"column":83},"end":{"line":396,"column":116}}],"line":396},"72":{"loc":{"start":{"line":397,"column":22},"end":{"line":397,"column":106}},"type":"cond-expr","locations":[{"start":{"line":397,"column":58},"end":{"line":397,"column":74}},{"start":{"line":397,"column":77},"end":{"line":397,"column":106}}],"line":397},"73":{"loc":{"start":{"line":398,"column":20},"end":{"line":398,"column":87}},"type":"cond-expr","locations":[{"start":{"line":398,"column":54},"end":{"line":398,"column":68}},{"start":{"line":398,"column":71},"end":{"line":398,"column":87}}],"line":398},"74":{"loc":{"start":{"line":399,"column":25},"end":{"line":399,"column":151}},"type":"cond-expr","locations":[{"start":{"line":399,"column":64},"end":{"line":399,"column":83}},{"start":{"line":399,"column":86},"end":{"line":399,"column":151}}],"line":399},"75":{"loc":{"start":{"line":400,"column":23},"end":{"line":400,"column":118}},"type":"cond-expr","locations":[{"start":{"line":400,"column":60},"end":{"line":400,"column":77}},{"start":{"line":400,"column":80},"end":{"line":400,"column":118}}],"line":400},"76":{"loc":{"start":{"line":488,"column":16},"end":{"line":488,"column":30}},"type":"default-arg","locations":[{"start":{"line":488,"column":28},"end":{"line":488,"column":30}}],"line":488},"77":{"loc":{"start":{"line":488,"column":32},"end":{"line":488,"column":41}},"type":"default-arg","locations":[{"start":{"line":488,"column":39},"end":{"line":488,"column":41}}],"line":488}},"s":{"0":331,"1":331,"2":331,"3":331,"4":331,"5":331,"6":331,"7":1,"8":1,"9":1,"10":1,"11":1,"12":1,"13":1,"14":1,"15":1,"16":1,"17":1,"18":1,"19":0,"20":1,"21":1,"22":2,"23":2,"24":20,"25":2,"26":1,"27":1,"28":331,"29":0,"30":0,"31":0,"32":0,"33":0,"34":0,"35":1,"36":1,"37":1,"38":1,"39":1,"40":1,"41":1,"42":1,"43":1,"44":1,"45":0,"46":0,"47":0,"48":0,"49":0,"50":1,"51":331,"52":0,"53":0,"54":0,"55":0,"56":0,"57":0,"58":0,"59":0,"60":0,"61":0,"62":0,"63":0,"64":1,"65":1,"66":1,"67":1,"68":1,"69":1,"70":0,"71":1,"72":1,"73":1,"74":1,"75":1,"76":1,"77":1,"78":0,"79":7,"80":4,"81":3,"82":3,"83":3,"84":14,"85":3,"86":14,"87":3,"88":14,"89":3,"90":9,"91":2,"92":7,"93":7,"94":7,"95":49,"96":7,"97":49,"98":7,"99":3,"100":4,"101":3,"102":1,"103":2,"104":2,"105":2,"106":8,"107":8,"108":3,"109":2,"110":4,"111":0,"112":4,"113":3,"114":3,"115":3,"116":3,"117":3,"118":1,"119":2,"120":1,"121":1,"122":1,"123":3,"124":3,"125":3,"126":3,"127":1,"128":2,"129":1,"130":1,"131":2,"132":2,"133":1,"134":3,"135":1,"136":3,"137":84,"138":2,"139":3,"140":2,"141":5,"142":5,"143":5,"144":5,"145":5,"146":5,"147":5,"148":5,"149":5,"150":5,"151":5,"152":5,"153":5,"154":5,"155":5,"156":5,"157":5,"158":5,"159":5,"160":5,"161":5,"162":5,"163":5,"164":5,"165":5,"166":5,"167":5,"168":2,"169":5,"170":5,"171":5,"172":5,"173":5,"174":5,"175":5,"176":5,"177":5,"178":6,"179":6,"180":6,"181":7,"182":7,"183":7,"184":7,"185":7,"186":6,"187":4,"188":4,"189":4,"190":4,"191":4,"192":4,"193":4,"194":4,"195":4,"196":4,"197":4,"198":4,"199":4,"200":4,"201":4,"202":4,"203":4,"204":4,"205":4,"206":4,"207":0,"208":4,"209":5,"210":5,"211":5,"212":5,"213":5,"214":4,"215":4,"216":4,"217":4,"218":4,"219":4,"220":4,"221":4,"222":4,"223":4,"224":4,"225":4,"226":4,"227":4,"228":4,"229":4,"230":4,"231":4,"232":4,"233":4,"234":4,"235":4,"236":4,"237":1,"238":6,"239":0,"240":2,"241":2,"242":2,"243":1,"244":2,"245":1,"246":6,"247":30},"f":{"0":331,"1":1,"2":1,"3":1,"4":2,"5":20,"6":331,"7":0,"8":0,"9":1,"10":1,"11":1,"12":331,"13":0,"14":0,"15":0,"16":1,"17":1,"18":1,"19":1,"20":1,"21":7,"22":14,"23":14,"24":9,"25":49,"26":49,"27":2,"28":4,"29":3,"30":1,"31":2,"32":1,"33":1,"34":3,"35":2,"36":3,"37":3,"38":84,"39":5,"40":5},"b":{"0":[1,0],"1":[1,0],"2":[1,0],"3":[0,1],"4":[1,1],"5":[0,0],"6":[1,0],"7":[1,1],"8":[0,0],"9":[1,0],"10":[0,0],"11":[0,0],"12":[0,0],"13":[0,0],"14":[0,0],"15":[0,0],"16":[0,0],"17":[1,0],"18":[1,0],"19":[0,1],"20":[1,1],"21":[1,0],"22":[0,1],"23":[4,3],"24":[7,7],"25":[2,7],"26":[9,9],"27":[3,4],"28":[3,1],"29":[3,5],"30":[0,4],"31":[4,4],"32":[3,0],"33":[0,1],"34":[1,2],"35":[1,1],"36":[0],"37":[2,3,2,5,5,2,5,6,4,5,6,0,2,1,1,2,2,3,5,6,6,6,30],"38":[1],"39":[1],"40":[5,0],"41":[5,0],"42":[5,0],"43":[5,0],"44":[5,0],"45":[1],"46":[3,2],"47":[2,3],"48":[3,2],"49":[3,2],"50":[3,2],"51":[1],"52":[5,0],"53":[5,0],"54":[5,0],"55":[5,0],"56":[5,3],"57":[5,0],"58":[3,0],"59":[5,4],"60":[5,0],"61":[4,0],"62":[5,5],"63":[5,0],"64":[1],"65":[7,1],"66":[7,1],"67":[7,1],"68":[0],"69":[1],"70":[4,1],"71":[3,1],"72":[4,0],"73":[4,0],"74":[3,1],"75":[4,0],"76":[1],"77":[1]},"_coverageSchema":"1a1c01bbd47fc00a2c39e90264f33305004495a9","hash":"3912daa62b28c9b257a163bad7161a2999b461f1"}
,"/home/davicho/etherai-foresight-platform-main/server/src/cache.js": {"path":"/home/davicho/etherai-foresight-platform-main/server/src/cache.js","statementMap":{"0":{"start":{"line":8,"column":4},"end":{"line":8,"column":27}},"1":{"start":{"line":18,"column":19},"end":{"line":18,"column":37}},"2":{"start":{"line":19,"column":4},"end":{"line":19,"column":43}},"3":{"start":{"line":28,"column":18},"end":{"line":28,"column":37}},"4":{"start":{"line":29,"column":4},"end":{"line":29,"column":28}},"5":{"start":{"line":29,"column":16},"end":{"line":29,"column":28}},"6":{"start":{"line":30,"column":4},"end":{"line":33,"column":5}},"7":{"start":{"line":31,"column":6},"end":{"line":31,"column":29}},"8":{"start":{"line":32,"column":6},"end":{"line":32,"column":18}},"9":{"start":{"line":34,"column":4},"end":{"line":34,"column":23}},"10":{"start":{"line":41,"column":16},"end":{"line":41,"column":26}},"11":{"start":{"line":42,"column":4},"end":{"line":46,"column":5}},"12":{"start":{"line":43,"column":6},"end":{"line":45,"column":7}},"13":{"start":{"line":44,"column":8},"end":{"line":44,"column":31}},"14":{"start":{"line":53,"column":4},"end":{"line":53,"column":23}},"15":{"start":{"line":58,"column":14},"end":{"line":58,"column":31}},"16":{"start":{"line":61,"column":26},"end":{"line":61,"column":30}},"17":{"start":{"line":63,"column":2},"end":{"line":63,"column":97}},"18":{"start":{"line":63,"column":90},"end":{"line":63,"column":97}},"19":{"start":{"line":64,"column":2},"end":{"line":64,"column":34}},"20":{"start":{"line":64,"column":27},"end":{"line":64,"column":34}},"21":{"start":{"line":65,"column":2},"end":{"line":65,"column":74}},"22":{"start":{"line":65,"column":42},"end":{"line":65,"column":57}},"23":{"start":{"line":69,"column":2},"end":{"line":72,"column":3}},"24":{"start":{"line":70,"column":4},"end":{"line":70,"column":39}},"25":{"start":{"line":71,"column":4},"end":{"line":71,"column":31}},"26":{"start":{"line":77,"column":2},"end":{"line":77,"column":22}},"27":{"start":{"line":81,"column":2},"end":{"line":81,"column":21}}},"fnMap":{"0":{"name":"(anonymous_0)","decl":{"start":{"line":7,"column":2},"end":{"line":7,"column":3}},"loc":{"start":{"line":7,"column":16},"end":{"line":9,"column":3}},"line":7},"1":{"name":"(anonymous_1)","decl":{"start":{"line":17,"column":2},"end":{"line":17,"column":3}},"loc":{"start":{"line":17,"column":25},"end":{"line":20,"column":3}},"line":17},"2":{"name":"(anonymous_2)","decl":{"start":{"line":27,"column":2},"end":{"line":27,"column":3}},"loc":{"start":{"line":27,"column":11},"end":{"line":35,"column":3}},"line":27},"3":{"name":"(anonymous_3)","decl":{"start":{"line":40,"column":2},"end":{"line":40,"column":3}},"loc":{"start":{"line":40,"column":12},"end":{"line":47,"column":3}},"line":40},"4":{"name":"(anonymous_4)","decl":{"start":{"line":52,"column":2},"end":{"line":52,"column":3}},"loc":{"start":{"line":52,"column":10},"end":{"line":54,"column":3}},"line":52},"5":{"name":"startCacheCleanup","decl":{"start":{"line":62,"column":9},"end":{"line":62,"column":26}},"loc":{"start":{"line":62,"column":29},"end":{"line":66,"column":1}},"line":62},"6":{"name":"(anonymous_6)","decl":{"start":{"line":65,"column":36},"end":{"line":65,"column":37}},"loc":{"start":{"line":65,"column":42},"end":{"line":65,"column":57}},"line":65},"7":{"name":"stopCacheCleanup","decl":{"start":{"line":68,"column":9},"end":{"line":68,"column":25}},"loc":{"start":{"line":68,"column":28},"end":{"line":73,"column":1}},"line":68},"8":{"name":"initialize","decl":{"start":{"line":76,"column":16},"end":{"line":76,"column":26}},"loc":{"start":{"line":76,"column":29},"end":{"line":78,"column":1}},"line":76},"9":{"name":"shutdown","decl":{"start":{"line":80,"column":16},"end":{"line":80,"column":24}},"loc":{"start":{"line":80,"column":27},"end":{"line":82,"column":1}},"line":80}},"branchMap":{"0":{"loc":{"start":{"line":29,"column":4},"end":{"line":29,"column":28}},"type":"if","locations":[{"start":{"line":29,"column":4},"end":{"line":29,"column":28}},{"start":{},"end":{}}],"line":29},"1":{"loc":{"start":{"line":30,"column":4},"end":{"line":33,"column":5}},"type":"if","locations":[{"start":{"line":30,"column":4},"end":{"line":33,"column":5}},{"start":{},"end":{}}],"line":30},"2":{"loc":{"start":{"line":43,"column":6},"end":{"line":45,"column":7}},"type":"if","locations":[{"start":{"line":43,"column":6},"end":{"line":45,"column":7}},{"start":{},"end":{}}],"line":43},"3":{"loc":{"start":{"line":63,"column":2},"end":{"line":63,"column":97}},"type":"if","locations":[{"start":{"line":63,"column":2},"end":{"line":63,"column":97}},{"start":{},"end":{}}],"line":63},"4":{"loc":{"start":{"line":63,"column":6},"end":{"line":63,"column":88}},"type":"binary-expr","locations":[{"start":{"line":63,"column":6},"end":{"line":63,"column":37}},{"start":{"line":63,"column":41},"end":{"line":63,"column":88}}],"line":63},"5":{"loc":{"start":{"line":64,"column":2},"end":{"line":64,"column":34}},"type":"if","locations":[{"start":{"line":64,"column":2},"end":{"line":64,"column":34}},{"start":{},"end":{}}],"line":64},"6":{"loc":{"start":{"line":69,"column":2},"end":{"line":72,"column":3}},"type":"if","locations":[{"start":{"line":69,"column":2},"end":{"line":72,"column":3}},{"start":{},"end":{}}],"line":69}},"s":{"0":24,"1":42,"2":42,"3":96,"4":96,"5":62,"6":34,"7":2,"8":2,"9":32,"10":1,"11":1,"12":2,"13":1,"14":29,"15":24,"16":24,"17":1,"18":1,"19":0,"20":0,"21":0,"22":0,"23":1,"24":0,"25":0,"26":1,"27":1},"f":{"0":24,"1":42,"2":96,"3":1,"4":29,"5":1,"6":0,"7":1,"8":1,"9":1},"b":{"0":[62,34],"1":[2,32],"2":[1,1],"3":[1,0],"4":[1,0],"5":[0,0],"6":[0,1]},"_coverageSchema":"1a1c01bbd47fc00a2c39e90264f33305004495a9","hash":"1025549dd93b132b088f785fe931c1343a5df9f1"}
,"/home/davicho/etherai-foresight-platform-main/server/src/causalWeaver.js": {"path":"/home/davicho/etherai-foresight-platform-main/server/src/causalWeaver.js","statementMap":{"0":{"start":{"line":6,"column":4},"end":{"line":6,"column":23}},"1":{"start":{"line":7,"column":4},"end":{"line":7,"column":35}},"2":{"start":{"line":8,"column":4},"end":{"line":8,"column":28}},"3":{"start":{"line":10,"column":4},"end":{"line":13,"column":5}},"4":{"start":{"line":11,"column":6},"end":{"line":11,"column":36}},"5":{"start":{"line":12,"column":6},"end":{"line":12,"column":36}},"6":{"start":{"line":17,"column":4},"end":{"line":21,"column":5}},"7":{"start":{"line":18,"column":6},"end":{"line":18,"column":43}},"8":{"start":{"line":20,"column":6},"end":{"line":20,"column":81}},"9":{"start":{"line":25,"column":4},"end":{"line":31,"column":5}},"10":{"start":{"line":26,"column":20},"end":{"line":26,"column":129}},"11":{"start":{"line":27,"column":6},"end":{"line":27,"column":43}},"12":{"start":{"line":28,"column":6},"end":{"line":28,"column":80}},"13":{"start":{"line":29,"column":6},"end":{"line":29,"column":53}},"14":{"start":{"line":30,"column":6},"end":{"line":30,"column":19}},"15":{"start":{"line":32,"column":20},"end":{"line":32,"column":41}},"16":{"start":{"line":33,"column":4},"end":{"line":45,"column":5}},"17":{"start":{"line":34,"column":21},"end":{"line":39,"column":7}},"18":{"start":{"line":40,"column":6},"end":{"line":40,"column":72}},"19":{"start":{"line":41,"column":6},"end":{"line":41,"column":53}},"20":{"start":{"line":42,"column":6},"end":{"line":42,"column":51}},"21":{"start":{"line":44,"column":6},"end":{"line":44,"column":28}},"22":{"start":{"line":49,"column":4},"end":{"line":57,"column":5}},"23":{"start":{"line":50,"column":23},"end":{"line":50,"column":52}},"24":{"start":{"line":51,"column":6},"end":{"line":51,"column":33}},"25":{"start":{"line":51,"column":21},"end":{"line":51,"column":33}},"26":{"start":{"line":52,"column":22},"end":{"line":52,"column":89}},"27":{"start":{"line":53,"column":6},"end":{"line":53,"column":45}},"28":{"start":{"line":54,"column":6},"end":{"line":54,"column":73}},"29":{"start":{"line":55,"column":6},"end":{"line":55,"column":53}},"30":{"start":{"line":56,"column":6},"end":{"line":56,"column":21}},"31":{"start":{"line":58,"column":20},"end":{"line":58,"column":41}},"32":{"start":{"line":59,"column":4},"end":{"line":74,"column":5}},"33":{"start":{"line":60,"column":21},"end":{"line":65,"column":7}},"34":{"start":{"line":66,"column":6},"end":{"line":70,"column":7}},"35":{"start":{"line":67,"column":8},"end":{"line":67,"column":67}},"36":{"start":{"line":68,"column":8},"end":{"line":68,"column":55}},"37":{"start":{"line":69,"column":8},"end":{"line":69,"column":53}},"38":{"start":{"line":71,"column":6},"end":{"line":71,"column":18}},"39":{"start":{"line":73,"column":6},"end":{"line":73,"column":28}},"40":{"start":{"line":78,"column":4},"end":{"line":85,"column":5}},"41":{"start":{"line":79,"column":6},"end":{"line":79,"column":83}},"42":{"start":{"line":79,"column":42},"end":{"line":79,"column":83}},"43":{"start":{"line":80,"column":6},"end":{"line":80,"column":150}},"44":{"start":{"line":81,"column":6},"end":{"line":81,"column":105}},"45":{"start":{"line":82,"column":6},"end":{"line":82,"column":66}},"46":{"start":{"line":83,"column":6},"end":{"line":83,"column":64}},"47":{"start":{"line":84,"column":6},"end":{"line":84,"column":13}},"48":{"start":{"line":86,"column":20},"end":{"line":86,"column":41}},"49":{"start":{"line":87,"column":4},"end":{"line":100,"column":5}},"50":{"start":{"line":88,"column":6},"end":{"line":94,"column":8}},"51":{"start":{"line":95,"column":6},"end":{"line":95,"column":97}},"52":{"start":{"line":96,"column":6},"end":{"line":96,"column":66}},"53":{"start":{"line":97,"column":6},"end":{"line":97,"column":64}},"54":{"start":{"line":99,"column":6},"end":{"line":99,"column":28}},"55":{"start":{"line":104,"column":4},"end":{"line":113,"column":5}},"56":{"start":{"line":105,"column":18},"end":{"line":105,"column":20}},"57":{"start":{"line":106,"column":6},"end":{"line":111,"column":7}},"58":{"start":{"line":107,"column":8},"end":{"line":110,"column":9}},"59":{"start":{"line":108,"column":23},"end":{"line":108,"column":42}},"60":{"start":{"line":109,"column":10},"end":{"line":109,"column":49}},"61":{"start":{"line":109,"column":34},"end":{"line":109,"column":49}},"62":{"start":{"line":112,"column":6},"end":{"line":112,"column":17}},"63":{"start":{"line":114,"column":20},"end":{"line":114,"column":41}},"64":{"start":{"line":115,"column":4},"end":{"line":124,"column":5}},"65":{"start":{"line":116,"column":21},"end":{"line":120,"column":7}},"66":{"start":{"line":121,"column":6},"end":{"line":121,"column":60}},"67":{"start":{"line":121,"column":42},"end":{"line":121,"column":58}},"68":{"start":{"line":123,"column":6},"end":{"line":123,"column":28}},"69":{"start":{"line":128,"column":23},"end":{"line":128,"column":55}},"70":{"start":{"line":129,"column":4},"end":{"line":136,"column":5}},"71":{"start":{"line":130,"column":6},"end":{"line":135,"column":9}},"72":{"start":{"line":140,"column":4},"end":{"line":142,"column":5}},"73":{"start":{"line":141,"column":6},"end":{"line":141,"column":48}},"74":{"start":{"line":143,"column":4},"end":{"line":143,"column":49}},"75":{"start":{"line":146,"column":4},"end":{"line":154,"column":6}},"76":{"start":{"line":147,"column":19},"end":{"line":147,"column":49}},"77":{"start":{"line":148,"column":6},"end":{"line":153,"column":7}},"78":{"start":{"line":149,"column":8},"end":{"line":149,"column":30}},"79":{"start":{"line":150,"column":8},"end":{"line":152,"column":9}},"80":{"start":{"line":151,"column":10},"end":{"line":151,"column":44}},"81":{"start":{"line":158,"column":4},"end":{"line":175,"column":5}},"82":{"start":{"line":160,"column":22},"end":{"line":160,"column":31}},"83":{"start":{"line":161,"column":20},"end":{"line":161,"column":22}},"84":{"start":{"line":162,"column":18},"end":{"line":172,"column":7}},"85":{"start":{"line":163,"column":8},"end":{"line":163,"column":30}},"8
[...]
"start":{"line":79,"column":185},"end":{"line":79,"column":207}}],"line":79},"37":{"loc":{"start":{"line":82,"column":28},"end":{"line":82,"column":121}},"type":"binary-expr","locations":[{"start":{"line":82,"column":28},"end":{"line":82,"column":64}},{"start":{"line":82,"column":68},"end":{"line":82,"column":121}}],"line":82},"38":{"loc":{"start":{"line":84,"column":8},"end":{"line":104,"column":9}},"type":"if","locations":[{"start":{"line":84,"column":8},"end":{"line":104,"column":9}},{"start":{},"end":{}}],"line":84},"39":{"loc":{"start":{"line":84,"column":12},"end":{"line":84,"column":27}},"type":"binary-expr","locations":[{"start":{"line":84,"column":12},"end":{"line":84,"column":16}},{"start":{"line":84,"column":20},"end":{"line":84,"column":27}}],"line":84},"40":{"loc":{"start":{"line":86,"column":22},"end":{"line":86,"column":35}},"type":"binary-expr","locations":[{"start":{"line":86,"column":22},"end":{"line":86,"column":29}},{"start":{"line":86,"column":33},"end":{"line":86,"column":35}}],"line":86},"41":{"loc":{"start":{"line":87,"column":31},"end":{"line":87,"column":111}},"type":"cond-expr","locations":[{"start":{"line":87,"column":57},"end":{"line":87,"column":65}},{"start":{"line":87,"column":68},"end":{"line":87,"column":111}}],"line":87},"42":{"loc":{"start":{"line":87,"column":68},"end":{"line":87,"column":111}},"type":"binary-expr","locations":[{"start":{"line":87,"column":69},"end":{"line":87,"column":77}},{"start":{"line":87,"column":81},"end":{"line":87,"column":104}},{"start":{"line":87,"column":109},"end":{"line":87,"column":111}}],"line":87},"43":{"loc":{"start":{"line":88,"column":33},"end":{"line":88,"column":179}},"type":"binary-expr","locations":[{"start":{"line":88,"column":33},"end":{"line":88,"column":46}},{"start":{"line":88,"column":50},"end":{"line":88,"column":179}}],"line":88},"44":{"loc":{"start":{"line":88,"column":75},"end":{"line":88,"column":117}},"type":"binary-expr","locations":[{"start":{"line":88,"column":75},"end":{"line":88,"column":79}},{"start":{"line":88,"column":84},"end":{"line":88,"column":96}},{"start":{"line":88,"column":100},"end":{"line":88,"column":116}}],"line":88},"45":{"loc":{"start":{"line":89,"column":23},"end":{"line":89,"column":165}},"type":"cond-expr","locations":[{"start":{"line":89,"column":58},"end":{"line":89,"column":86}},{"start":{"line":89,"column":90},"end":{"line":89,"column":164}}],"line":89},"46":{"loc":{"start":{"line":89,"column":23},"end":{"line":89,"column":55}},"type":"binary-expr","locations":[{"start":{"line":89,"column":23},"end":{"line":89,"column":33}},{"start":{"line":89,"column":37},"end":{"line":89,"column":55}}],"line":89},"47":{"loc":{"start":{"line":89,"column":90},"end":{"line":89,"column":164}},"type":"cond-expr","locations":[{"start":{"line":89,"column":116},"end":{"line":89,"column":157}},{"start":{"line":89,"column":160},"end":{"line":89,"column":164}}],"line":89},"48":{"loc":{"start":{"line":89,"column":125},"end":{"line":89,"column":156}},"type":"binary-expr","locations":[{"start":{"line":89,"column":125},"end":{"line":89,"column":146}},{"start":{"line":89,"column":150},"end":{"line":89,"column":156}}],"line":89},"49":{"loc":{"start":{"line":90,"column":26},"end":{"line":95,"column":21}},"type":"cond-expr","locations":[{"start":{"line":90,"column":56},"end":{"line":95,"column":16}},{"start":{"line":95,"column":19},"end":{"line":95,"column":21}}],"line":90},"50":{"loc":{"start":{"line":91,"column":12},"end":{"line":91,"column":34}},"type":"if","locations":[{"start":{"line":91,"column":12},"end":{"line":91,"column":34}},{"start":{},"end":{}}],"line":91},"51":{"loc":{"start":{"line":92,"column":26},"end":{"line":92,"column":77}},"type":"binary-expr","locations":[{"start":{"line":92,"column":26},"end":{"line":92,"column":42}},{"start":{"line":92,"column":46},"end":{"line":92,"column":77}}],"line":92},"52":{"loc":{"start":{"line":92,"column":47},"end":{"line":92,"column":65}},"type":"binary-expr","locations":[{"start":{"line":92,"column":47},"end":{"line":92,"column":59}},{"start":{"line":92,"column":63},"end":{"line":92,"column":65}}],"line":92},"53":{"loc":{"start":{"line":93,"column":33},"end":{"line":93,"column":138}},"type":"cond-expr","locations":[{"start":{"line":93,"column":68},"end":{"line":93,"column":78}},{"start":{"line":93,"column":82},"end":{"line":93,"column":137}}],"line":93},"54":{"loc":{"start":{"line":93,"column":82},"end":{"line":93,"column":137}},"type":"cond-expr","locations":[{"start":{"line":93,"column":104},"end":{"line":93,"column":108}},{"start":{"line":93,"column":111},"end":{"line":93,"column":137}}],"line":93},"55":{"loc":{"start":{"line":93,"column":111},"end":{"line":93,"column":137}},"type":"binary-expr","locations":[{"start":{"line":93,"column":111},"end":{"line":93,"column":129}},{"start":{"line":93,"column":133},"end":{"line":93,"column":137}}],"line":93},"56":{"loc":{"start":{"line":93,"column":146},"end":{"line":93,"column":171}},"type":"binary-expr","locations":[{"start":{"line":93,"column":146},"end":{"line":93,"column":155}},{"start":{"line":93,"column":159},"end":{"line":93,"column":171}}],"line":93},"57":{"loc":{"start":{"line":93,"column":182},"end":{"line":93,"column":202}},"type":"binary-expr","locations":[{"start":{"line":93,"column":182},"end":{"line":93,"column":194}},{"start":{"line":93,"column":198},"end":{"line":93,"column":202}}],"line":93},"58":{"loc":{"start":{"line":100,"column":20},"end":{"line":100,"column":57}},"type":"binary-expr","locations":[{"start":{"line":100,"column":20},"end":{"line":100,"column":30}},{"start":{"line":100,"column":34},"end":{"line":100,"column":57}}],"line":100},"59":{"loc":{"start":{"line":102,"column":27},"end":{"line":102,"column":147}},"type":"cond-expr","locations":[{"start":{"line":102,"column":89},"end":{"line":102,"column":113}},{"start":{"line":102,"column":116},"end":{"line":102,"column":147}}],"line":102},"60":{"loc":{"start":{"line":102,"column":27},"end":{"line":102,"column":86}},"type":"binary-expr","locations":[{"start":{"line":102,"column":27},"end":{"line":102,"column":38}},{"start":{"line":102,"column":42},"end":{"line":102,"column":86}}],"line":102},"61":{"loc":{"start":{"line":106,"column":59},"end":{"line":106,"column":97}},"type":"cond-expr","locations":[{"start":{"line":106,"column":76},"end":{"line":106,"column":85}},{"start":{"line":106,"column":88},"end":{"line":106,"column":97}}],"line":106},"62":{"loc":{"start":{"line":106,"column":59},"end":{"line":106,"column":73}},"type":"binary-expr","locations":[{"start":{"line":106,"column":59},"end":{"line":106,"column":60}},{"start":{"line":106,"column":64},"end":{"line":106,"column":73}}],"line":106},"63":{"loc":{"start":{"line":122,"column":52},"end":{"line":122,"column":130}},"type":"cond-expr","locations":[{"start":{"line":122,"column":75},"end":{"line":122,"column":86}},{"start":{"line":122,"column":89},"end":{"line":122,"column":130}}],"line":122},"64":{"loc":{"start":{"line":122,"column":52},"end":{"line":122,"column":72}},"type":"binary-expr","locations":[{"start":{"line":122,"column":52},"end":{"line":122,"column":57}},{"start":{"line":122,"column":61},"end":{"line":122,"column":72}}],"line":122},"65":{"loc":{"start":{"line":122,"column":89},"end":{"line":122,"column":130}},"type":"binary-expr","locations":[{"start":{"line":122,"column":90},"end":{"line":122,"column":95}},{"start":{"line":122,"column":99},"end":{"line":122,"column":112}},{"start":{"line":122,"column":117},"end":{"line":122,"column":130}}],"line":122},"66":{"loc":{"start":{"line":134,"column":52},"end":{"line":134,"column":86}},"type":"binary-expr","locations":[{"start":{"line":134,"column":52},"end":{"line":134,"column":71}},{"start":{"line":134,"column":75},"end":{"line":134,"column":86}}],"line":134},"67":{"loc":{"start":{"line":135,"column":2},"end":{"line":135,"column":39}},"type":"if","locations":[{"start":{"line":135,"column":2},"end":{"line":135,"column":39}},{"start":{},"end":{}}],"line":135}},"s":{"0":11,"1":10,"2":0,"3":10,"4":10,"5":0,"6":0,"7":0,"8":0,"9":10,"10":10,"11":10,"12":1,"13":1,"14":9,"15":0,"16":0,"17":0,"18":0,"19":9,"20":4,"21":11,"22":10,"23":10,"24":10,"25":5,"26":4,"27":4,"28":4,"29":4,"30":2,"31":2,"32":2,"33":0,"34":0,"35":2,"36":2,"37":2,"38":0,"39":2,"40":2,"41":2,"42":2,"43":7,"44":7,"45":7,"46":7,"47":7,"48":4,"49":4,"50":4,"51":4,"52":5,"53":5,"54":4,"55":4,"56":5,"57":0,"58":5,"59":5,"60":5,"61":4,"62":0,"63":3,"64":0,"65":0,"66":0,"67":0,"68":0,"69":0,"70":0,"71":0,"72":0},"f":{"0":10,"1":10,"2":0,"3":0,"4":2,"5":5,"6":5,"7":5,"8":0,"9":0,"10":0,"11":0},"b":{"0":[0,10],"1":[0,0,0],"2":[10,10,10],"3":[10,0],"4":[10,10],"5":[1,9],"6":[10,10],"7":[0,9],"8":[9,9],"9":[0,0],"10":[0,0],"11":[4,1],"12":[5,5],"13":[2,0],"14":[2,0],"15":[0,0,0],"16":[2,0],"17":[0,0,0],"18":[2,0],"19":[2,2],"20":[0,0],"21":[0,0],"22":[2,0],"23":[0,2],"24":[2,0],"25":[0,0],"26":[2,0],"27":[0,0],"28":[0,0],"29":[2,0],"30":[2,0],"31":[2,2],"32":[2,0],"33":[2,2],"34":[7,0],"35":[7,7],"36":[0,0,0],"37":[7,7],"38":[4,3],"39":[7,7],"40":[4,0],"41":[4,0],"42":[0,0,0],"43":[4,4],"44":[5,5,0],"45":[0,4],"46":[4,0],"47":[4,0],"48":[4,0],"49":[4,0],"50":[0,5],"51":[5,1],"52":[1,0],"53":[5,0],"54":[0,0],"55":[0,0],"56":[5,0],"57":[5,0],"58":[4,4],"59":[4,0],"60":[4,4],"61":[0,0],"62":[0,0],"63":[0,0],"64":[0,0],"65":[0,0,0],"66":[0,0],"67":[0,0]},"_coverageSchema":"1a1c01bbd47fc00a2c39e90264f33305004495a9","hash":"79ea1c01bedac7d6b2ff8c37fe2e700b94b09f5b"}
,"/home/davicho/etherai-foresight-platform-main/server/src/utils/externalWithFallback.js": {"path":"/home/davicho/etherai-foresight-platform-main/server/src/utils/externalWithFallback.js","statementMap":{"0":{"start":{"line":3,"column":2},"end":{"line":8,"column":3}},"1":{"start":{"line":4,"column":16},"end":{"line":4,"column":36}},"2":{"start":{"line":5,"column":4},"end":{"line":5,"column":36}},"3":{"start":{"line":7,"column":4},"end":{"line":7,"column":114}},"4":{"start":{"line":11,"column":0},"end":{"line":11,"column":38}}},"fnMap":{"0":{"name":"callWithFallback","decl":{"start":{"line":2,"column":15},"end":{"line":2,"column":31}},"loc":{"start":{"line":2,"column":56},"end":{"line":9,"column":1}},"line":2}},"branchMap":{"0":{"loc":{"start":{"line":7,"column":51},"end":{"line":7,"column":111}},"type":"cond-expr","locations":[{"start":{"line":7,"column":84},"end":{"line":7,"column":100}},{"start":{"line":7,"column":103},"end":{"line":7,"column":111}}],"line":7}},"s":{"0":2,"1":2,"2":1,"3":1,"4":1},"f":{"0":2},"b":{"0":[1,0]},"_coverageSchema":"1a1c01bbd47fc00a2c39e90264f33305004495a9","hash":"bbc4f9c37b814b755146cd7b686324f938bc41c6"}
,"/home/davicho/etherai-foresight-platform-main/server/src/utils/resilience.js": {"path":"/home/davicho/etherai-foresight-platform-main/server/src/utils/resilience.js","statementMap":{"0":{"start":{"line":8,"column":4},"end":{"line":8,"column":45}},"1":{"start":{"line":9,"column":4},"end":{"line":9,"column":43}},"2":{"start":{"line":10,"column":4},"end":{"line":10,"column":26}},"3":{"start":{"line":11,"column":4},"end":{"line":11,"column":32}},"4":{"start":{"line":12,"column":4},"end":{"line":12,"column":26}},"5":{"start":{"line":16,"column":4},"end":{"line":22,"column":5}},"6":{"start":{"line":17,"column":6},"end":{"line":21,"column":7}},"7":{"start":{"line":18,"column":8},"end":{"line":18,"column":33}},"8":{"start":{"line":20,"column":8},"end":{"line":20,"column":51}},"9":{"start":{"line":24,"column":4},"end":{"line":31,"column":5}},"10":{"start":{"line":25,"column":21},"end":{"line":25,"column":31}},"11":{"start":{"line":26,"column":6},"end":{"line":26,"column":23}},"12":{"start":{"line":27,"column":6},"end":{"line":27,"column":20}},"13":{"start":{"line":29,"column":6},"end":{"line":29,"column":23}},"14":{"start":{"line":30,"column":6},"end":{"line":30,"column":18}},"15":{"start":{"line":35,"column":4},"end":{"line":35,"column":26}},"16":{"start":{"line":36,"column":4},"end":{"line":36,"column":26}},"17":{"start":{"line":40,"column":4},"end":{"line":40,"column":24}},"18":{"start":{"line":41,"column":4},"end":{"line":41,"column":38}},"19":{"start":{"line":42,"column":4},"end":{"line":44,"column":5}},"20":{"start":{"line":43,"column":6},"end":{"line":43,"column":26}},"21":{"start":{"line":51,"column":2},"end":{"line":69,"column":3}},"22":{"start":{"line":51,"column":21},"end":{"line":51,"column":22}},"23":{"start":{"line":52,"column":4},"end":{"line":68,"column":5}},"24":{"start":{"line":53,"column":6},"end":{"line":53,"column":24}},"25":{"start":{"line":55,"column":6},"end":{"line":55,"column":24}},"26":{"start":{"line":57,"column":6},"end":{"line":59,"column":7}},"27":{"start":{"line":58,"column":8},"end":{"line":58,"column":14}},"28":{"start":{"line":62,"column":20},"end":{"line":62,"column":72}},"29":{"start":{"line":63,"column":21},"end":{"line":63,"column":48}},"30":{"start":{"line":64,"column":25},"end":{"line":64,"column":39}},"31":{"start":{"line":66,"column":6},"end":{"line":66,"column":115}},"32":{"start":{"line":67,"column":6},"end":{"line":67,"column":68}},"33":{"start":{"line":67,"column":35},"end":{"line":67,"column":66}},"34":{"start":{"line":71,"column":2},"end":{"line":71,"column":18}},"35":{"start":{"line":75,"column":21},"end":{"line":75,"column":42}},"36":{"start":{"line":82,"column":25},"end":{"line":87,"column":4}},"37":{"start":{"line":83,"column":4},"end":{"line":86,"column":16}},"38":{"start":{"line":84,"column":6},"end":{"line":84,"column":46}},"39":{"start":{"line":84,"column":12},"end":{"line":84,"column":31}},"40":{"start":{"line":85,"column":6},"end":{"line":85,"column":62}},"41":{"start":{"line":89,"column":2},"end":{"line":110,"column":3}},"42":{"start":{"line":91,"column":27},"end":{"line":94,"column":5}},"43":{"start":{"line":95,"column":26},"end":{"line":95,"column":127}},"44":{"start":{"line":96,"column":21},"end":{"line":99,"column":6}},"45":{"start":{"line":101,"column":4},"end":{"line":101,"column":28}},"46":{"start":{"line":102,"column":4},"end":{"line":102,"column":20}},"47":{"start":{"line":104,"column":4},"end":{"line":104,"column":28}},"48":{"start":{"line":106,"column":4},"end":{"line":108,"column":5}},"49":{"start":{"line":107,"column":6},"end":{"line":107,"column":60}},"50":{"start":{"line":109,"column":4},"end":{"line":109,"column":16}},"51":{"start":{"line":114,"column":22},"end":{"line":114,"column":58}},"52":{"start":{"line":115,"column":2},"end":{"line":115,"column":69}}},"fnMap":{"0":{"name":"(anonymous_0)","decl":{"start":{"line":7,"column":2},"end":{"line":7,"column":3}},"loc":{"start":{"line":7,"column":61},"end":{"line":13,"column":3}},"line":7},"1":{"name":"(anonymous_1)","decl":{"start":{"line":15,"column":2},"end":{"line":15,"column":3}},"loc":{"start":{"line":15,"column":20},"end":{"line":32,"column":3}},"line":15},"2":{"name":"(anonymous_2)","decl":{"start":{"line":34,"column":2},"end":{"line":34,"column":3}},"loc":{"start":{"line":34,"column":14},"end":{"line":37,"column":3}},"line":34},"3":{"name":"(anonymous_3)","decl":{"start":{"line":39,"column":2},"end":{"line":39,"column":3}},"loc":{"start":{"line":39,"column":14},"end":{"line":45,"column":3}},"line":39},"4":{"name":"retryWithBackoff","decl":{"start":{"line":48,"column":15},"end":{"line":48,"column":31}},"loc":{"start":{"line":48,"column":88},"end":{"line":72,"column":1}},"line":48},"5":{"name":"(anonymous_5)","decl":{"start":{"line":67,"column":24},"end":{"line":67,"column":25}},"loc":{"start":{"line":67,"column":35},"end":{"line":67,"column":66}},"line":67},"6":{"name":"fetchWithTimeout","decl":{"start":{"line":74,"column":15},"end":{"line":74,"column":31}},"loc":{"start":{"line":74,"column":68},"end":{"line":111,"column":1}},"line":74},"7":{"name":"(anonymous_7)","decl":{"start":{"line":82,"column":37},"end":{"line":82,"column":38}},"loc":{"start":{"line":82,"column":52},"end":{"line":87,"column":3}},"line":82},"8":{"name":"(anonymous_8)","decl":{"start":{"line":83,"column":27},"end":{"line":83,"column":28}},"loc":{"start":{"line":83,"column":33},"end":{"line":86,"column":5}},"line":83},"9":{"name":"isJsonResponse","decl":{"start":{"line":113,"column":9},"end":{"line":113,"column":23}},"loc":{"start":{"line":113,"column":34},"end":{"line":116,"column":1}},"line":113}},"branchMap":{"0":{"loc":{"start":{"line":7,"column":14},"end":{"line":7,"column":34}},"type":"default-arg","locations":[{"start":{"line":7,"column":33},"end":{"line":7,"column":34}}],"line":7},"1":{"loc":{"start":{"line":7,"column":36},"end":{"line":7,"column":59}},"type":"default-arg","locations":[{"start":{"line":7,"column":54},"end":{"line":7,"column":59}}],"line":7},"2":{"loc":{"start":{"line":16,"column":4},"end":{"line":22,"column":5}},"type":"if","locations":[{"start":{"line":16,"column":4},"end":{"line":22,"column":5}},{"start":{},"end":{}}],"line":16},"3":{"loc":{"start":{"line":17,"column":6},"end":{"line":21,"column":7}},"type":"if","locations":[{"start":{"line":17,"column":6},"end":{"line":21,"column":7}},{"start":{"line":19,"column":13},"end":{"line":21,"column":7}}],"line":17},"4":{"loc":{"start":{"line":42,"column":4},"end":{"line":44,"column":5}},"type":"if","locations":[{"start":{"line":42,"column":4},"end":{"line":44,"column":5}},{"start":{},"end":{}}],"line":42},"5":{"loc":{"start":{"line":48,"column":36},"end":{"line":48,"column":50}},"type":"default-arg","locations":[{"start":{"line":48,"column":49},"end":{"line":48,"column":50}}],"line":48},"6":{"loc":{"start":{"line":48,"column":52},"end":{"line":48,"column":68}},"type":"default-arg","locations":[{"start":{"line":48,"column":64},"end":{"line":48,"column":68}}],"line":48},"7":{"loc":{"start":{"line":48,"column":70},"end":{"line":48,"column":86}},"type":"default-arg","locations":[{"start":{"line":48,"column":81},"end":{"line":48,"column":86}}],"line":48},"8":{"loc":{"start":{"line":57,"column":6},"end":{"line":59,"column":7}},"type":"if","locations":[{"start":{"line":57,"column":6},"end":{"line":59,"column":7}},{"start":{},"end":{}}],"line":57},"9":{"loc":{"start":{"line":74,"column":37},"end":{"line":74,"column":49}},"type":"default-arg","locations":[{"start":{"line":74,"column":47},"end":{"line":74,"column":49}}],"line":74},"10":{"loc":{"start":{"line":74,"column":51},"end":{"line":74,"column":66}},"type":"default-arg","locations":[{"start":{"line":74,"column":61},"end":{"line":74,"column":66}}],"line":74},"11":{"loc":{"start":{"line":95,"column":55},"end":{"line":95,"column":76}},"type":"binary-expr","locations":[{"start":{"line":95,"column":55},"end":{"line":95,"column":70}},{"start":{"line":95,"column":74},"end":{"line":95,"column":76}}],"line":95},"12":{"loc":{"start":{"line":106,"column":4},"end":{"line":108,"column":5}},"type":"if","locations":[{"start":{"line":106,"column":4},"end":{"line":108,"column":5}},{"start":{},"end":{}}],"line":106},"13":{"loc":{"start":{"line":106,"column":8},"end":{"line":106,"column":44}},"type":"binary-expr","locations":[{"start":{"line":106,"column":8},"end":{"line":106,"column":13}},{"start":{"line":106,"column":17},"end":{"line":106,"column":44}}],"line":106},"14":{"loc":{"start":{"line":115,"column":12},"end":{"line":115,"column":67}},"type":"binary-expr","locations":[{"start":{"line":115,"column":12},"end":{"line":115,"column":23}},{"start":{"line":115,"column":27},"end":{"line":115,"column":67}}],"line":115}},"s":{"0":28,"1":28,"2":28,"3":28,"4":28,"5":10,"6":2,"7":1,"8":1,"9":9,"10":9,"11":3,"12":3,"13":6,"14":6,"15":3,"16":3,"17":6,"18":6,"19":6,"20":3,"21":6,"22":6,"23":18,"24":18,"25":15,"26":15,"27":3,"28":12,"29":12,"30":12,"31":12,"32":12,"33":12,"34":3,"35":7,"36":7,"37":7,"38":1,"39":1,"40":1,"41":7,"42":7,"43":7,"44":7,"45":5,"46":5,"47":2,"48":2,"49":0,"50":2,"51":7,"52":7},"f":{"0":28,"1":10,"2":3,"3":6,"4":6,"5":12,"6":7,"7":7,"8":1,"9":7},"b":{"0":[1],"1":[1],"2":[2,8],"3":[1,1],"4":[3,3],"5":[0],"6":[0],"7":[0],"8":[3,12],"9":[0],"10":[0],"11":[7,7],"12":[0,2],"13":[2,2],"14":[7,6]},"_coverageSchema":"1a1c01bbd47fc00a2c39e90264f33305004495a9","hash":"5463876cde367b7326683557a6f8599705aaa8ca"}
}
