{"/home/davicho/etherai-foresight-platform-main/server/src/agents.js": {"path":"/home/davicho/etherai-foresight-platform-main/server/src/agents.js","statementMap":{"0":{"start":{"line":8,"column":4},"end":{"line":8,"column":21}},"1":{"start":{"line":9,"column":4},"end":{"line":9,"column":65}},"2":{"start":{"line":10,"column":4},"end":{"line":10,"column":30}},"3":{"start":{"line":11,"column":4},"end":{"line":13,"column":6}},"4":{"start":{"line":14,"column":4},"end":{"line":14,"column":33}},"5":{"start":{"line":15,"column":4},"end":{"line":15,"column":28}},"6":{"start":{"line":20,"column":16},"end":{"line":20,"column":37}},"7":{"start":{"line":21,"column":20},"end":{"line":21,"column":45}},"8":{"start":{"line":22,"column":4},"end":{"line":22,"column":49}},"9":{"start":{"line":22,"column":27},"end":{"line":22,"column":49}},"10":{"start":{"line":23,"column":4},"end":{"line":23,"column":64}},"11":{"start":{"line":23,"column":35},"end":{"line":23,"column":64}},"12":{"start":{"line":24,"column":4},"end":{"line":24,"column":57}},"13":{"start":{"line":24,"column":31},"end":{"line":24,"column":57}},"14":{"start":{"line":26,"column":21},"end":{"line":26,"column":72}},"15":{"start":{"line":27,"column":4},"end":{"line":29,"column":6}},"16":{"start":{"line":33,"column":16},"end":{"line":33,"column":37}},"17":{"start":{"line":34,"column":4},"end":{"line":36,"column":5}},"18":{"start":{"line":35,"column":6},"end":{"line":35,"column":57}},"19":{"start":{"line":37,"column":4},"end":{"line":39,"column":6}},"20":{"start":{"line":38,"column":6},"end":{"line":38,"column":55}},"21":{"start":{"line":44,"column":27},"end":{"line":44,"column":58}},"22":{"start":{"line":45,"column":22},"end":{"line":45,"column":98}},"23":{"start":{"line":45,"column":56},"end":{"line":45,"column":70}},"24":{"start":{"line":46,"column":4},"end":{"line":50,"column":5}},"25":{"start":{"line":47,"column":6},"end":{"line":47,"column":43}},"26":{"start":{"line":49,"column":6},"end":{"line":49,"column":43}},"27":{"start":{"line":57,"column":4},"end":{"line":59,"column":14}},"28":{"start":{"line":58,"column":6},"end":{"line":58,"column":29}},"29":{"start":{"line":65,"column":21},"end":{"line":65,"column":52}},"30":{"start":{"line":66,"column":4},"end":{"line":70,"column":5}},"31":{"start":{"line":67,"column":6},"end":{"line":67,"column":42}},"32":{"start":{"line":68,"column":6},"end":{"line":68,"column":94}},"33":{"start":{"line":69,"column":6},"end":{"line":69,"column":29}},"34":{"start":{"line":75,"column":4},"end":{"line":103,"column":5}},"35":{"start":{"line":76,"column":17},"end":{"line":76,"column":44}},"36":{"start":{"line":77,"column":19},"end":{"line":77,"column":39}},"37":{"start":{"line":78,"column":26},"end":{"line":78,"column":94}},"38":{"start":{"line":79,"column":19},"end":{"line":79,"column":57}},"39":{"start":{"line":80,"column":20},"end":{"line":80,"column":64}},"40":{"start":{"line":80,"column":59},"end":{"line":80,"column":63}},"41":{"start":{"line":81,"column":6},"end":{"line":90,"column":7}},"42":{"start":{"line":82,"column":28},"end":{"line":82,"column":63}},"43":{"start":{"line":84,"column":8},"end":{"line":89,"column":10}},"44":{"start":{"line":93,"column":29},"end":{"line":93,"column":60}},"45":{"start":{"line":94,"column":6},"end":{"line":102,"column":7}},"46":{"start":{"line":95,"column":28},"end":{"line":95,"column":69}},"47":{"start":{"line":96,"column":8},"end":{"line":101,"column":10}},"48":{"start":{"line":104,"column":4},"end":{"line":104,"column":16}},"49":{"start":{"line":109,"column":4},"end":{"line":112,"column":6}},"50":{"start":{"line":116,"column":4},"end":{"line":130,"column":6}},"51":{"start":{"line":118,"column":22},"end":{"line":118,"column":62}},"52":{"start":{"line":119,"column":23},"end":{"line":119,"column":47}},"53":{"start":{"line":120,"column":23},"end":{"line":120,"column":51}},"54":{"start":{"line":122,"column":8},"end":{"line":125,"column":11}},"55":{"start":{"line":123,"column":25},"end":{"line":123,"column":74}},"56":{"start":{"line":124,"column":10},"end":{"line":124,"column":66}},"57":{"start":{"line":127,"column":8},"end":{"line":127,"column":51}},"58":{"start":{"line":128,"column":8},"end":{"line":128,"column":22}},"59":{"start":{"line":135,"column":19},"end":{"line":135,"column":71}},"60":{"start":{"line":135,"column":37},"end":{"line":135,"column":61}},"61":{"start":{"line":136,"column":4},"end":{"line":136,"column":75}},"62":{"start":{"line":140,"column":18},"end":{"line":140,"column":42}},"63":{"start":{"line":141,"column":4},"end":{"line":143,"column":5}},"64":{"start":{"line":142,"column":6},"end":{"line":142,"column":39}},"65":{"start":{"line":144,"column":4},"end":{"line":144,"column":16}},"66":{"start":{"line":148,"column":18},"end":{"line":148,"column":43}}},"fnMap":{"0":{"name":"(anonymous_0)","decl":{"start":{"line":7,"column":2},"end":{"line":7,"column":3}},"loc":{"start":{"line":7,"column":16},"end":{"line":16,"column":3}},"line":7},"1":{"name":"(anonymous_1)","decl":{"start":{"line":19,"column":2},"end":{"line":19,"column":3}},"loc":{"start":{"line":19,"column":49},"end":{"line":30,"column":3}},"line":19},"2":{"name":"(anonymous_2)","decl":{"start":{"line":32,"column":2},"end":{"line":32,"column":3}},"loc":{"start":{"line":32,"column":22},"end":{"line":40,"column":3}},"line":32},"3":{"name":"(anonymous_3)","decl":{"start":{"line":37,"column":48},"end":{"line":37,"column":49}},"loc":{"start":{"line":38,"column":6},"end":{"line":38,"column":55}},"line":38},"4":{"name":"(anonymous_4)","decl":{"start":{"line":43,"column":2},"end":{"line":43,"column":3}},"loc":{"start":{"line":43,"column":20},"end":{"line":51,"column":3}},"line":43},"5":{"name":"(anonymous_5)","decl":{"start":{"line":45,"column":44},"end":{"line":45,"column":45}},"loc":{"start":{"line":45,"column":56},"end":{"line":45,"column":70}},"line":45},"6":{"name":"(anonymous_6)","decl":{"start":{"line":54,"column":2},"end":{"line":54,"column":3}},"loc":{"start":{"line":54,"column":21},"end":{"line":60,"column":3}},"line":54},"7":{"name":"(anonymous_7)","decl":{"start":{"line":57,"column":40},"end":{"line":57,"column":41}},"loc":{"start":{"line":57,"column":46},"end":{"line":59,"column":5}},"line":57},"8":{"name":"(anonymous_8)","decl":{"start":{"line":62,"column":2},"end":{"line":62,"column":3}},"loc":{"start":{"line":62,"column":26},"end":{"line":71,"column":3}},"line":62},"9":{"name":"(anonymous_9)","decl":{"start":{"line":73,"column":2},"end":{"line":73,"column":3}},"loc":{"start":{"line":73,"column":29},"end":{"line":105,"column":3}},"line":73},"10":{"name":"(anonymous_10)","decl":{"start":{"line":80,"column":51},"end":{"line":80,"column":52}},"loc":{"start":{"line":80,"column":59},"end":{"line":80,"column":63}},"line":80},"11":{"name":"(anonymous_11)","decl":{"start":{"line":107,"column":2},"end":{"line":107,"column":3}},"loc":{"start":{"line":107,"column":29},"end":{"line":113,"column":3}},"line":107},"12":{"name":"(anonymous_12)","decl":{"start":{"line":115,"column":2},"end":{"line":115,"column":3}},"loc":{"start":{"line":115,"column":27},"end":{"line":131,"column":3}},"line":115},"13":{"name":"(anonymous_13)","decl":{"start":{"line":117,"column":15},"end":{"line":117,"column":16}},"loc":{"start":{"line":117,"column":31},"end":{"line":129,"column":7}},"line":117},"14":{"name":"(anonymous_14)","decl":{"start":{"line":122,"column":23},"end":{"line":122,"column":24}},"loc":{"start":{"line":122,"column":32},"end":{"line":125,"column":9}},"line":122},"15":{"name":"(anonymous_15)","decl":{"start":{"line":133,"column":2},"end":{"line":133,"column":3}},"loc":{"start":{"line":133,"column":40},"end":{"line":137,"column":3}},"line":133},"16":{"name":"(anonymous_16)","decl":{"start":{"line":135,"column":32},"end":{"line":135,"column":33}},"loc":{"start":{"line":135,"column":37},"end":{"line":135,"column":61}},"line":135},"17":{"name":"(anonymous_17)","decl":{"start":{"line":139,"column":2},"end":{"line":139,"column":3}},"loc":{"start":{"line":139,"column":38},"end":{"line":145,"column":3}},"line":139}},"branchMap":{"0":{"loc":{"start":{"line":22,"column":4},"end":{"line":22,"column":49}},"type":"if","locations":[{"start":{"line":22,"column":4},"end":{"line":22,"column":49}},{"start":{},"end":{}}],"line":22},"1":{"loc":{"start":{"line":23,"column":4},"end":{"line":23,"column":64}},"type":"if","locations":[{"start":{"line":23,"column":4},"end":{"line":23,"column":64}},{"start":{},"end":{}}],"line":23},"2":{"loc":{"start":{"line":24,"column":4},"end":{"line":24,"column":57}},"type":"if","locations":[{"start":{"line":24,"column":4},"end":{"line":24,"column":57}},{"start":{},"end":{}}],"line":24},"3":{"loc":{"start":{"line":34,"column":4},"end":{"line":36,"column":5}},"type":"if","locations":[{"start":{"line":34,"column":4},"end":{"line":36,"column":5}},{"start":{},"end":{}}],"line":34},"4":{"loc":{"start":{"line":34,"column":8},"end":{"line":34,"column":48}},"type":"binary-expr","locations":[{"start":{"line":34,"column":8},"end":{"line":34,"column":25}},{"start":{"line":34,"column":29},"end":{"line":34,"column":48}}],"line":34},"5":{"loc":{"start":{"line":35,"column":13},"end":{"line":35,"column":56}},"type":"cond-expr","locations":[{"start":{"line":35,"column":35},"end":{"line":35,"column":44}},{"start":{"line":35,"column":47},"end":{"line":35,"column":56}}],"line":35},"6":{"loc":{"start":{"line":38,"column":6},"end":{"line":38,"column":55}},"type":"cond-expr","locations":[{"start":{"line":38,"column":50},"end":{"line":38,"column":51}},{"start":{"line":38,"column":54},"end":{"line":38,"column":55}}],"line":38},"7":{"loc":{"start":{"line":46,"column":4},"end":{"line":50,"column":5}},"type":"if","locations":[{"start":{"line":46,"column":4},"end":{"line":50,"column":5}},{"start":{"line":48,"column":11},"end":{"line":50,"column":5}}],"line":46},"8":{"loc":{"start":{"line":66,"column":4},"end":{"line":70,"column":5}},"type":"if","locations":[{"start":{"line":66,"column":4},"end":{"line":70,"column":5}},{"start":{},"end":{}}],"line":66},"9":{"loc":{"start":{"line":81,"column":6},"end":{"line":90,"column":7}},"type":"if","locations":[{"start":{"line":81,"column":6},"end":{"line":90,"column":7}},{"start":{},"end":{}}],"line":81},"10":{"loc":{"start":{"line":94,"column":6},"end":{"line":102,"column":7}},"type":"if","locations":[{"start":{"line":94,"column":6},"end":{"line":102,"column":7}},{"start":{},"end":{}}],"line":94},"11":{"loc":{"start":{"line":99,"column":18},"end":{"line":99,"column":53}},"type":"cond-expr","locations":[{"start":{"line":99,"column":47},"end":{"line":99,"column":48}},{"start":{"line":99,"column":51},"end":{"line":99,"column":53}}],"line":99},"12":{"loc":{"start":{"line":118,"column":34},"end":{"line":118,"column":60}},"type":"binary-expr","locations":[{"start":{"line":118,"column":34},"end":{"line":118,"column":55}},{"start":{"line":118,"column":59},"end":{"line":118,"column":60}}],"line":118},"13":{"loc":{"start":{"line":123,"column":25},"end":{"line":123,"column":74}},"type":"binary-expr","locations":[{"start":{"line":123,"column":25},"end":{"line":123,"column":69}},{"start":{"line":123,"column":73},"end":{"line":123,"column":74}}],"line":123},"14":{"loc":{"start":{"line":135,"column":19},"end":{"line":135,"column":71}},"type":"cond-expr","locations":[{"start":{"line":135,"column":65},"end":{"line":135,"column":66}},{"start":{"line":135,"column":69},"end":{"line":135,"column":71}}],"line":135},"15":{"loc":{"start":{"line":141,"column":4},"end":{"line":143,"column":5}},"type":"if","locations":[{"start":{"line":141,"column":4},"end":{"line":143,"column":5}},{"start":{},"end":{}}],"line":141}},"s":{"0":1,"1":1,"2":1,"3":1,"4":1,"5":1,"6":0,"7":0,"8":0,"9":0,"10":0,"11":0,"12":0,"13":0,"14":0,"15":0,"16":0,"17":0,"18":0,"19":0,"20":0,"21":0,"22":0,"23":0,"24":0,"25":0,"26":0,"27":1,"28":0,"29":0,"30":0,"31":0,"32":0,"33":0,"34":0,"35":0,"36":0,"37":0,"38":0,"39":0,"40":0,"41":0,"42":0,"43":0,"44":0,"45":0,"46":0,"47":0,"48":0,"49":0,"50":1,"51":0,"52":0,"53":0,"54":0,"55":0,"56":0,"57":0,"58":0,"59":0,"60":0,"61":0,"62":0,"63":0,"64":0,"65":0,"66":1},"f":{"0":1,"1":0,"2":0,"3":0,"4":0,"5":0,"6":1,"7":0,"8":0,"9":0,"10":0,"11":0,"12":1,"13":0,"14":0,"15":0,"16":0,"17":0},"b":{"0":[0,0],"1":[0,0],"2":[0,0],"3":[0,0],"4":[0,0],"5":[0,0],"6":[0,0],"7":[0,0],"8":[0,0],"9":[0,0],"10":[0,0],"11":[0,0],"12":[0,0],"13":[0,0],"14":[0,0],"15":[0,0]},"_coverageSchema":"1a1c01bbd47fc00a2c39e90264f33305004495a9","hash":"8bc7a0624774961b5aa01da20ae5532cba54be32"}
,"/home/davicho/etherai-foresight-platform-main/server/src/database.js": {"path":"/home/davicho/etherai-foresight-platform-main/server/src/database.js","statementMap":{"0":{"start":{"line":6,"column":16},"end":{"line":6,"column":29}},"1":{"start":{"line":7,"column":0},"end":{"line":17,"column":1}},"2":{"start":{"line":19,"column":21},"end":{"line":19,"column":55}},"3":{"start":{"line":20,"column":22},"end":{"line":20,"column":69}},"4":{"start":{"line":23,"column":2},"end":{"line":29,"column":3}},"5":{"start":{"line":24,"column":16},"end":{"line":24,"column":56}},"6":{"start":{"line":25,"column":4},"end":{"line":25,"column":57}},"7":{"start":{"line":26,"column":4},"end":{"line":26,"column":52}},"8":{"start":{"line":28,"column":4},"end":{"line":28,"column":82}},"9":{"start":{"line":33,"column":2},"end":{"line":38,"column":3}},"10":{"start":{"line":34,"column":4},"end":{"line":34,"column":54}},"11":{"start":{"line":35,"column":4},"end":{"line":35,"column":113}},"12":{"start":{"line":37,"column":4},"end":{"line":37,"column":74}},"13":{"start":{"line":42,"column":0},"end":{"line":42,"column":39}},"14":{"start":{"line":47,"column":19},"end":{"line":47,"column":100}},"15":{"start":{"line":52,"column":12},"end":{"line":52,"column":35}},"16":{"start":{"line":53,"column":2},"end":{"line":56,"column":3}},"17":{"start":{"line":53,"column":15},"end":{"line":53,"column":16}},"18":{"start":{"line":54,"column":17},"end":{"line":54,"column":35}},"19":{"start":{"line":55,"column":4},"end":{"line":55,"column":46}},"20":{"start":{"line":58,"column":14},"end":{"line":58,"column":47}},"21":{"start":{"line":59,"column":2},"end":{"line":59,"column":33}},"22":{"start":{"line":59,"column":23},"end":{"line":59,"column":30}},"23":{"start":{"line":66,"column":2},"end":{"line":91,"column":3}},"24":{"start":{"line":67,"column":4},"end":{"line":89,"column":5}},"25":{"start":{"line":68,"column":6},"end":{"line":88,"column":8}},"26":{"start":{"line":70,"column":26},"end":{"line":70,"column":39}},"27":{"start":{"line":71,"column":35},"end":{"line":71,"column":42}},"28":{"start":{"line":74,"column":22},"end":{"line":74,"column":37}},"29":{"start":{"line":75,"column":23},"end":{"line":75,"column":95}},"30":{"start":{"line":76,"column":21},"end":{"line":76,"column":101}},"31":{"start":{"line":77,"column":28},"end":{"line":77,"column":52}},"32":{"start":{"line":78,"column":10},"end":{"line":78,"column":91}},"33":{"start":{"line":78,"column":51},"end":{"line":78,"column":91}},"34":{"start":{"line":79,"column":10},"end":{"line":79,"column":101}},"35":{"start":{"line":79,"column":56},"end":{"line":79,"column":101}},"36":{"start":{"line":80,"column":10},"end":{"line":80,"column":106}},"37":{"start":{"line":83,"column":10},"end":{"line":85,"column":11}},"38":{"start":{"line":84,"column":12},"end":{"line":84,"column":84}},"39":{"start":{"line":86,"column":10},"end":{"line":86,"column":20}},"40":{"start":{"line":90,"column":4},"end":{"line":90,"column":24}},"41":{"start":{"line":93,"column":2},"end":{"line":170,"column":3}},"42":{"start":{"line":94,"column":4},"end":{"line":169,"column":6}},"43":{"start":{"line":97,"column":8},"end":{"line":102,"column":9}},"44":{"start":{"line":98,"column":23},"end":{"line":98,"column":85}},"45":{"start":{"line":99,"column":10},"end":{"line":99,"column":25}},"46":{"start":{"line":101,"column":10},"end":{"line":101,"column":23}},"47":{"start":{"line":105,"column":8},"end":{"line":115,"column":9}},"48":{"start":{"line":108,"column":10},"end":{"line":112,"column":29}},"49":{"start":{"line":118,"column":20},"end":{"line":118,"column":35}},"50":{"start":{"line":119,"column":21},"end":{"line":119,"column":93}},"51":{"start":{"line":120,"column":19},"end":{"line":120,"column":99}},"52":{"start":{"line":121,"column":26},"end":{"line":121,"column":50}},"53":{"start":{"line":122,"column":10},"end":{"line":147,"column":11}},"54":{"start":{"line":123,"column":26},"end":{"line":123,"column":46}},"55":{"start":{"line":124,"column":12},"end":{"line":124,"column":62}},"56":{"start":{"line":124,"column":24},"end":{"line":124,"column":62}},"57":{"start":{"line":126,"column":12},"end":{"line":126,"column":45}},"58":{"start":{"line":129,"column":25},"end":{"line":134,"column":13}},"59":{"start":{"line":135,"column":12},"end":{"line":139,"column":15}},"60":{"start":{"line":142,"column":12},"end":{"line":142,"column":93}},"61":{"start":{"line":142,"column":53},"end":{"line":142,"column":93}},"62":{"start":{"line":143,"column":12},"end":{"line":143,"column":103}},"63":{"start":{"line":143,"column":58},"end":{"line":143,"column":103}},"64":{"start":{"line":144,"column":12},"end":{"line":144,"column":108}},"65":{"start":{"line":146,"column":12},"end":{"line":146,"column":52}},"66":{"start":{"line":150,"column":8},"end":{"line":167,"column":9}},"67":{"start":{"line":151,"column":24},"end":{"line":151,"column":44}},"68":{"start":{"line":152,"column":10},"end":{"line":152,"column":60}},"69":{"start":{"line":152,"column":22},"end":{"line":152,"column":60}},"70":{"start":{"line":153,"column":28},"end":{"line":153,"column":52}},"71":{"start":{"line":154,"column":23},"end":{"line":158,"column":12}},"72":{"start":{"line":159,"column":10},"end":{"line":159,"column":34}},"73":{"start":{"line":159,"column":24},"end":{"line":159,"column":34}},"74":{"start":{"line":160,"column":23},"end":{"line":160,"column":40}},"75":{"start":{"line":161,"column":10},"end":{"line":161,"column":22}},"76":{"start":{"line":163,"column":10},"end":{"line":165,"column":11}},"77":{"start":{"line":164,"column":12},"end":{"line":164,"column":84}},"78":{"start":{"line":166,"column":10},"end":{"line":166,"column":20}},"79":{"start":{"line":171,"column":2},"end":{"line":171,"column":22}},"80":{"start":{"line":176,"column":2},"end":{"line":176,"column":51}},"81":{"start":{"line":176,"column":39},"end":{"line":176,"column":51}},"82":{"start":{"line":179,"column":2},"end":{"line":181,"column":3}},"83":{"start":{"line":180,"column":4},"end":{"line":180,"column":16}},"84":{"start":{"line":183,"column":2},"end":{"line":218,"column":3}},"85":{"start":{"line":184,"column":17},"end":{"line":184,"column":54}},"86":{"start":{"line":185,"column":17},"end":{"line":185,"column":49}},"87":{"start":{"line":186,"column":17},"end":{"line":186,"column":50}},"88":{"start":{"line":187,"column":21},"end":{"line":187,"column":71}},"89":{"start":{"line":188,"column":23},"end":{"line":188,"column":24}},"90":{"start":{"line":189,"column":23},"end":{"line":189,"column":27}},"91":{"start":{"line":191,"column":4},"end":{"line":217,"column":5}},"92":{"start":{"line":191,"column":23},"end":{"line":191,"column":24}},"93":{"start":{"line":192,"column":6},"end":{"line":216,"column":7}},"94":{"start":{"line":193,"column":8},"end":{"line":197,"column":11}},"95":{"start":{"line":200,"column":24},"end":{"line":200,"column":45}},"96":{"start":{"line":201,"column":8},"end":{"line":201,"column":46}},"97":{"start":{"line":202,"column":8},"end":{"line":202,"column":30}},"98":{"start":{"line":204,"column":8},"end":{"line":204,"column":65}},"99":{"start":{"line":205,"column":8},"end":{"line":205,"column":14}},"100":{"start":{"line":207,"column":8},"end":{"line":207,"column":97}},"101":{"start":{"line":208,"column":8},"end":{"line":211,"column":9}},"102":{"start":{"line":209,"column":10},"end":{"line":209,"column":36}},"103":{"start":{"line":210,"column":10},"end":{"line":210,"column":29}},"104":{"start":{"line":212,"column":8},"end":{"line":214,"column":9}},"105":{"start":{"line":213,"column":10},"end":{"line":213,"column":103}},"106":{"start":{"line":215,"column":8},"end":{"line":215,"column":70}},"107":{"start":{"line":215,"column":37},"end":{"line":215,"column":68}},"108":{"start":{"line":219,"column":2},"end":{"line":219,"column":21}},"109":{"start":{"line":223,"column":2},"end":{"line":225,"column":3}},"110":{"start":{"line":224,"column":4},"end":{"line":224,"column":30}}},"fnMap":{"0":{"name":"loadFallbackFromDisk","decl":{"start":{"line":22,"column":15},"end":{"line":22,"column":35}},"loc":{"start":{"line":22,"column":38},"end":{"line":30,"column":1}},"line":22},"1":{"name":"persistFallbackToDisk","decl":{"start":{"line":32,"column":15},"end":{"line":32,"column":36}},"loc":{"start":{"line":32,"column":39},"end":{"line":39,"column":1}},"line":32},"2":{"name":"(anonymous_2)","decl":{"start":{"line":42,"column":29},"end":{"line":42,"column":30}},"loc":{"start":{"line":42,"column":35},"end":{"line":42,"column":37}},"line":42},"3":{"name":"textToEmbedding","decl":{"start":{"line":49,"column":9},"end":{"line":49,"column":24}},"loc":{"start":{"line":49,"column":41},"end":{"line":60,"column":1}},"line":49},"4":{"name":"(anonymous_4)","decl":{"start":{"line":59,"column":15},"end":{"line":59,"column":16}},"loc":{"start":{"line":59,"column":23},"end":{"line":59,"column":30}},"line":59},"5":{"name":"getChromaClient","decl":{"start":{"line":62,"column":9},"end":{"line":62,"column":24}},"loc":{"start":{"line":62,"column":27},"end":{"line":172,"column":1}},"line":62},"6":{"name":"(anonymous_6)","decl":{"start":{"line":70,"column":8},"end":{"line":70,"column":9}},"loc":{"start":{"line":70,"column":24},"end":{"line":70,"column":41}},"line":70},"7":{"name":"(anonymous_7)","decl":{"start":{"line":71,"column":8},"end":{"line":71,"column":9}},"loc":{"start":{"line":71,"column":33},"end":{"line":71,"column":44}},"line":71},"8":{"name":"(anonymous_8)","decl":{"start":{"line":72,"column":8},"end":{"line":72,"column":9}},"loc":{"start":{"line":72,"column":40},"end":{"line":81,"column":9}},"line":72},"9":{"name":"(anonymous_9)","decl":{"start":{"line":82,"column":8},"end":{"line":82,"column":9}},"loc":{"start":{"line":82,"column":43},"end":{"line":87,"column":9}},"line":82},"10":{"name":"(anonymous_10)","decl":{"start":{"line":96,"column":6},"end":{"line":96,"column":7}},"loc":{"start":{"line":96,"column":22},"end":{"line":103,"column":7}},"line":96},"11":{"name":"(anonymous_11)","decl":{"start":{"line":104,"column":6},"end":{"line":104,"column":7}},"loc":{"start":{"line":104,"column":35},"end":{"line":116,"column":7}},"line":104},"12":{"name":"(anonymous_12)","decl":{"start":{"line":112,"column":19},"end":{"line":112,"column":20}},"loc":{"start":{"line":112,"column":25},"end":{"line":112,"column":27}},"line":112},"13":{"name":"(anonymous_13)","decl":{"start":{"line":117,"column":6},"end":{"line":117,"column":7}},"loc":{"start":{"line":117,"column":38},"end":{"line":148,"column":7}},"line":117},"14":{"name":"(anonymous_14)","decl":{"start":{"line":146,"column":42},"end":{"line":146,"column":43}},"loc":{"start":{"line":146,"column":48},"end":{"line":146,"column":50}},"line":146},"15":{"name":"(anonymous_15)","decl":{"start":{"line":149,"column":6},"end":{"line":149,"column":7}},"loc":{"start":{"line":149,"column":41},"end":{"line":168,"column":7}},"line":149},"16":{"name":"getNeo4jDriver","decl":{"start":{"line":174,"column":15},"end":{"line":174,"column":29}},"loc":{"start":{"line":174,"column":32},"end":{"line":220,"column":1}},"line":174},"17":{"name":"(anonymous_17)","decl":{"start":{"line":215,"column":26},"end":{"line":215,"column":27}},"loc":{"start":{"line":215,"column":37},"end":{"line":215,"column":68}},"line":215},"18":{"name":"closeConnections","decl":{"start":{"line":222,"column":15},"end":{"line":222,"column":31}},"loc":{"start":{"line":222,"column":34},"end":{"line":226,"column":1}},"line":222}},"branchMap":{"0":{"loc":{"start":{"line":28,"column":41},"end":{"line":28,"column":81}},"type":"binary-expr","locations":[{"start":{"line":28,"column":41},"end":{"line":28,"column":75}},{"start":{"line":28,"column":79},"end":{"line":28,"column":81}}],"line":28},"1":{"loc":{"start":{"line":35,"column":53},"end":{"line":35,"column":93}},"type":"binary-expr","locations":[{"start":{"line":35,"column":53},"end":{"line":35,"column":87}},{"start":{"line":35,"column":91},"end":{"line":35,"column":93}}],"line":35},"2":{"loc":{"start":{"line":47,"column":19},"end":{"line":47,"column":100}},"type":"binary-expr","locations":[{"start":{"line":47,"column":19},"end":{"line":47,"column":41}},{"start":{"line":47,"column":45},"end":{"line":47,"column":74}},{"start":{"line":47,"column":78},"end":{"line":47,"column":100}}],"line":47},"3":{"loc":{"start":{"line":49,"column":31},"end":{"line":49,"column":39}},"type":"default-arg","locations":[{"start":{"line":49,"column":38},"end":{"line":49,"column":39}}],"line":49},"4":{"loc":{"start":{"line":58,"column":14},"end":{"line":58,"column":47}},"type":"binary-expr","locations":[{"start":{"line":58,"column":14},"end":{"line":58,"column":42}},{"start":{"line":58,"column":46},"end":{"line":58,"column":47}}],"line":58},"5":{"loc":{"start":{"line":66,"column":2},"end":{"line":91,"column":3}},"type":"if","locations":[{"start":{"line":66,"column":2},"end":{"line":91,"column":3}},{"start":{},"end":{}}],"line":66},"6":{"loc":{"start":{"line":67,"column":4},"end":{"line":89,"column":5}},"type":"if","locations":[{"start":{"line":67,"column":4},"end":{"line":89,"column":5}},{"start":{},"end":{}}],"line":67},"7":{"loc":{"start":{"line":75,"column":23},"end":{"line":75,"column":95}},"type":"cond-expr","locations":[{"start":{"line":75,"column":49},"end":{"line":75,"column":52}},{"start":{"line":75,"column":56},"end":{"line":75,"column":94}}],"line":75},"8":{"loc":{"start":{"line":75,"column":56},"end":{"line":75,"column":94}},"type":"binary-expr","locations":[{"start":{"line":75,"column":56},"end":{"line":75,"column":71}},{"start":{"line":75,"column":75},"end":{"line":75,"column":94}}],"line":75},"9":{"loc":{"start":{"line":78,"column":10},"end":{"line":78,"column":91}},"type":"if","locations":[{"start":{"line":78,"column":10},"end":{"line":78,"column":91}},{"start":{},"end":{}}],"line":78},"10":{"loc":{"start":{"line":79,"column":10},"end":{"line":79,"column":101}},"type":"if","locations":[{"start":{"line":79,"column":10},"end":{"line":79,"column":101}},{"start":{},"end":{}}],"line":79},"11":{"loc":{"start":{"line":82,"column":33},"end":{"line":82,"column":41}},"type":"default-arg","locations":[{"start":{"line":82,"column":40},"end":{"line":82,"column":41}}],"line":82},"12":{"loc":{"start":{"line":83,"column":10},"end":{"line":85,"column":11}},"type":"if","locations":[{"start":{"line":83,"column":10},"end":{"line":85,"column":11}},{"start":{},"end":{}}],"line":83},"13":{"loc":{"start":{"line":83,"column":14},"end":{"line":83,"column":103}},"type":"binary-expr","locations":[{"start":{"line":83,"column":14},"end":{"line":83,"column":48}},{"start":{"line":83,"column":52},"end":{"line":83,"column":103}}],"line":83},"14":{"loc":{"start":{"line":93,"column":2},"end":{"line":170,"column":3}},"type":"if","locations":[{"start":{"line":93,"column":2},"end":{"line":170,"column":3}},{"start":{},"end":{}}],"line":93},"15":{"loc":{"start":{"line":119,"column":21},"end":{"line":119,"column":93}},"type":"cond-expr","locations":[{"start":{"line":119,"column":47},"end":{"line":119,"column":50}},{"start":{"line":119,"column":54},"end":{"line":119,"column":92}}],"line":119},"16":{"loc":{"start":{"line":119,"column":54},"end":{"line":119,"column":92}},"type":"binary-expr","locations":[{"start":{"line":119,"column":54},"end":{"line":119,"column":69}},{"start":{"line":119,"column":73},"end":{"line":119,"column":92}}],"line":119},"17":{"loc":{"start":{"line":124,"column":12},"end":{"line":124,"column":62}},"type":"if","locations":[{"start":{"line":124,"column":12},"end":{"line":124,"column":62}},{"start":{},"end":{}}],"line":124},"18":{"loc":{"start":{"line":132,"column":43},"end":{"line":132,"column":52}},"type":"binary-expr","locations":[{"start":{"line":132,"column":43},"end":{"line":132,"column":46}},{"start":{"line":132,"column":50},"end":{"line":132,"column":52}}],"line":132},"19":{"loc":{"start":{"line":142,"column":12},"end":{"line":142,"column":93}},"type":"if","locations":[{"start":{"line":142,"column":12},"end":{"line":142,"column":93}},{"start":{},"end":{}}],"line":142},"20":{"loc":{"start":{"line":143,"column":12},"end":{"line":143,"column":103}},"type":"if","locations":[{"start":{"line":143,"column":12},"end":{"line":143,"column":103}},{"start":{},"end":{}}],"line":143},"21":{"loc":{"start":{"line":149,"column":31},"end":{"line":149,"column":39}},"type":"default-arg","locations":[{"start":{"line":149,"column":38},"end":{"line":149,"column":39}}],"line":149},"22":{"loc":{"start":{"line":152,"column":10},"end":{"line":152,"column":60}},"type":"if","locations":[{"start":{"line":152,"column":10},"end":{"line":152,"column":60}},{"start":{},"end":{}}],"line":152},"23":{"loc":{"start":{"line":159,"column":10},"end":{"line":159,"column":34}},"type":"if","locations":[{"start":{"line":159,"column":10},"end":{"line":159,"column":34}},{"start":{},"end":{}}],"line":159},"24":{"loc":{"start":{"line":163,"column":10},"end":{"line":165,"column":11}},"type":"if","locations":[{"start":{"line":163,"column":10},"end":{"line":165,"column":11}},{"start":{},"end":{}}],"line":163},"25":{"loc":{"start":{"line":163,"column":14},"end":{"line":163,"column":103}},"type":"binary-expr","locations":[{"start":{"line":163,"column":14},"end":{"line":163,"column":48}},{"start":{"line":163,"column":52},"end":{"line":163,"column":103}}],"line":163},"26":{"loc":{"start":{"line":176,"column":2},"end":{"line":176,"column":51}},"type":"if","locations":[{"start":{"line":176,"column":2},"end":{"line":176,"column":51}},{"start":{},"end":{}}],"line":176},"27":{"loc":{"start":{"line":179,"column":2},"end":{"line":181,"column":3}},"type":"if","locations":[{"start":{"line":179,"column":2},"end":{"line":181,"column":3}},{"start":{},"end":{}}],"line":179},"28":{"loc":{"start":{"line":183,"column":2},"end":{"line":218,"column":3}},"type":"if","locations":[{"start":{"line":183,"column":2},"end":{"line":218,"column":3}},{"start":{},"end":{}}],"line":183},"29":{"loc":{"start":{"line":184,"column":17},"end":{"line":184,"column":54}},"type":"binary-expr","locations":[{"start":{"line":184,"column":17},"end":{"line":184,"column":39}},{"start":{"line":184,"column":43},"end":{"line":184,"column":54}}],"line":184},"30":{"loc":{"start":{"line":185,"column":17},"end":{"line":185,"column":49}},"type":"binary-expr","locations":[{"start":{"line":185,"column":17},"end":{"line":185,"column":39}},{"start":{"line":185,"column":43},"end":{"line":185,"column":49}}],"line":185},"31":{"loc":{"start":{"line":186,"column":17},"end":{"line":186,"column":50}},"type":"binary-expr","locations":[{"start":{"line":186,"column":17},"end":{"line":186,"column":39}},{"start":{"line":186,"column":43},"end":{"line":186,"column":50}}],"line":186},"32":{"loc":{"start":{"line":187,"column":21},"end":{"line":187,"column":71}},"type":"binary-expr","locations":[{"start":{"line":187,"column":21},"end":{"line":187,"column":47}},{"start":{"line":187,"column":51},"end":{"line":187,"column":71}}],"line":187},"33":{"loc":{"start":{"line":208,"column":8},"end":{"line":211,"column":9}},"type":"if","locations":[{"start":{"line":208,"column":8},"end":{"line":211,"column":9}},{"start":{},"end":{}}],"line":208},"34":{"loc":{"start":{"line":212,"column":8},"end":{"line":214,"column":9}},"type":"if","locations":[{"start":{"line":212,"column":8},"end":{"line":214,"column":9}},{"start":{},"end":{}}],"line":212},"35":{"loc":{"start":{"line":223,"column":2},"end":{"line":225,"column":3}},"type":"if","locations":[{"start":{"line":223,"column":2},"end":{"line":225,"column":3}},{"start":{},"end":{}}],"line":223}},"s":{"0":1,"1":1,"2":1,"3":1,"4":1,"5":1,"6":0,"7":0,"8":0,"9":0,"10":0,"11":0,"12":0,"13":1,"14":1,"15":0,"16":0,"17":0,"18":0,"19":0,"20":0,"21":0,"22":0,"23":1,"24":0,"25":0,"26":0,"27":0,"28":0,"29":0,"30":0,"31":0,"32":0,"33":0,"34":0,"35":0,"36":0,"37":0,"38":0,"39":0,"40":0,"41":1,"42":1,"43":0,"44":0,"45":0,"46":0,"47":0,"48":0,"49":0,"50":0,"51":0,"52":0,"53":0,"54":0,"55":0,"56":0,"57":0,"58":0,"59":0,"60":0,"61":0,"62":0,"63":0,"64":0,"65":0,"66":0,"67":0,"68":0,"69":0,"70":0,"71":0,"72":0,"73":0,"74":0,"75":0,"76":0,"77":0,"78":0,"79":1,"80":0,"81":0,"82":0,"83":0,"84":0,"85":0,"86":0,"87":0,"88":0,"89":0,"90":0,"91":0,"92":0,"93":0,"94":0,"95":0,"96":0,"97":0,"98":0,"99":0,"100":0,"101":0,"102":0,"103":0,"104":0,"105":0,"106":0,"107":0,"108":0,"109":0,"110":0},"f":{"0":1,"1":0,"2":0,"3":0,"4":0,"5":1,"6":0,"7":0,"8":0,"9":0,"10":0,"11":0,"12":0,"13":0,"14":0,"15":0,"16":0,"17":0,"18":0},"b":{"0":[0,0],"1":[0,0],"2":[1,1,1],"3":[0],"4":[0,0],"5":[0,1],"6":[0,0],"7":[0,0],"8":[0,0],"9":[0,0],"10":[0,0],"11":[0],"12":[0,0],"13":[0,0],"14":[1,0],"15":[0,0],"16":[0,0],"17":[0,0],"18":[0,0],"19":[0,0],"20":[0,0],"21":[0],"22":[0,0],"23":[0,0],"24":[0,0],"25":[0,0],"26":[0,0],"27":[0,0],"28":[0,0],"29":[0,0],"30":[0,0],"31":[0,0],"32":[0,0],"33":[0,0],"34":[0,0],"35":[0,0]},"_coverageSchema":"1a1c01bbd47fc00a2c39e90264f33305004495a9","hash":"6e6652a14a0a6d2f2ad3a6c3631871bd7ed1e231"}
,"/home/davicho/etherai-foresight-platform-main/server/src/eventHub.js": {"path":"/home/davicho/etherai-foresight-platform-main/server/src/eventHub.js","statementMap":{"0":{"start":{"line":2,"column":20},"end":{"line":2,"column":29}},"1":{"start":{"line":3,"column":26},"end":{"line":3,"column":35}},"2":{"start":{"line":6,"column":2},"end":{"line":6,"column":73}},"3":{"start":{"line":6,"column":35},"end":{"line":6,"column":73}},"4":{"start":{"line":7,"column":2},"end":{"line":7,"column":37}},"5":{"start":{"line":8,"column":2},"end":{"line":14,"column":4}},"6":{"start":{"line":9,"column":14},"end":{"line":9,"column":40}},"7":{"start":{"line":10,"column":4},"end":{"line":13,"column":5}},"8":{"start":{"line":11,"column":6},"end":{"line":11,"column":19}},"9":{"start":{"line":12,"column":6},"end":{"line":12,"column":54}},"10":{"start":{"line":12,"column":24},"end":{"line":12,"column":54}},"11":{"start":{"line":18,"column":2},"end":{"line":18,"column":28}},"12":{"start":{"line":19,"column":2},"end":{"line":19,"column":44}},"13":{"start":{"line":19,"column":15},"end":{"line":19,"column":43}},"14":{"start":{"line":24,"column":12},"end":{"line":24,"column":38}},"15":{"start":{"line":25,"column":2},"end":{"line":29,"column":3}},"16":{"start":{"line":26,"column":4},"end":{"line":28,"column":5}},"17":{"start":{"line":27,"column":6},"end":{"line":27,"column":65}},"18":{"start":{"line":27,"column":12},"end":{"line":27,"column":22}},"19":{"start":{"line":32,"column":2},"end":{"line":34,"column":3}},"20":{"start":{"line":33,"column":4},"end":{"line":33,"column":63}},"21":{"start":{"line":33,"column":10},"end":{"line":33,"column":38}}},"fnMap":{"0":{"name":"subscribe","decl":{"start":{"line":5,"column":16},"end":{"line":5,"column":25}},"loc":{"start":{"line":5,"column":41},"end":{"line":15,"column":1}},"line":5},"1":{"name":"(anonymous_1)","decl":{"start":{"line":8,"column":9},"end":{"line":8,"column":10}},"loc":{"start":{"line":8,"column":15},"end":{"line":14,"column":3}},"line":8},"2":{"name":"subscribeAll","decl":{"start":{"line":17,"column":16},"end":{"line":17,"column":28}},"loc":{"start":{"line":17,"column":33},"end":{"line":20,"column":1}},"line":17},"3":{"name":"(anonymous_3)","decl":{"start":{"line":19,"column":9},"end":{"line":19,"column":10}},"loc":{"start":{"line":19,"column":15},"end":{"line":19,"column":43}},"line":19},"4":{"name":"publish","decl":{"start":{"line":22,"column":16},"end":{"line":22,"column":23}},"loc":{"start":{"line":22,"column":42},"end":{"line":35,"column":1}},"line":22}},"branchMap":{"0":{"loc":{"start":{"line":6,"column":2},"end":{"line":6,"column":73}},"type":"if","locations":[{"start":{"line":6,"column":2},"end":{"line":6,"column":73}},{"start":{},"end":{}}],"line":6},"1":{"loc":{"start":{"line":10,"column":4},"end":{"line":13,"column":5}},"type":"if","locations":[{"start":{"line":10,"column":4},"end":{"line":13,"column":5}},{"start":{},"end":{}}],"line":10},"2":{"loc":{"start":{"line":12,"column":6},"end":{"line":12,"column":54}},"type":"if","locations":[{"start":{"line":12,"column":6},"end":{"line":12,"column":54}},{"start":{},"end":{}}],"line":12},"3":{"loc":{"start":{"line":25,"column":2},"end":{"line":29,"column":3}},"type":"if","locations":[{"start":{"line":25,"column":2},"end":{"line":29,"column":3}},{"start":{},"end":{}}],"line":25}},"s":{"0":1,"1":1,"2":0,"3":0,"4":0,"5":0,"6":0,"7":0,"8":0,"9":0,"10":0,"11":1,"12":1,"13":0,"14":0,"15":0,"16":0,"17":0,"18":0,"19":0,"20":0,"21":0},"f":{"0":0,"1":0,"2":1,"3":0,"4":0},"b":{"0":[0,0],"1":[0,0],"2":[0,0],"3":[0,0]},"_coverageSchema":"1a1c01bbd47fc00a2c39e90264f33305004495a9","hash":"dd688346b90347686002dffda259d6031bbbb05d"}
,"/home/davicho/etherai-foresight-platform-main/server/src/agents/GeophysicalRiskAgent.js": {"path":"/home/davicho/etherai-foresight-platform-main/server/src/agents/GeophysicalRiskAgent.js","statementMap":{"0":{"start":{"line":27,"column":2},"end":{"line":30,"column":3}},"1":{"start":{"line":28,"column":4},"end":{"line":28,"column":82}},"2":{"start":{"line":29,"column":4},"end":{"line":29,"column":14}},"3":{"start":{"line":33,"column":26},"end":{"line":50,"column":4}},"4":{"start":{"line":34,"column":41},"end":{"line":34,"column":48}},"5":{"start":{"line":35,"column":22},"end":{"line":35,"column":41}},"6":{"start":{"line":37,"column":22},"end":{"line":37,"column":103}},"7":{"start":{"line":38,"column":4},"end":{"line":49,"column":6}},"8":{"start":{"line":53,"column":24},"end":{"line":53,"column":96}},"9":{"start":{"line":55,"column":2},"end":{"line":55,"column":101}},"10":{"start":{"line":56,"column":2},"end":{"line":56,"column":42}}},"fnMap":{"0":{"name":"analyzeSeismicActivity","decl":{"start":{"line":26,"column":15},"end":{"line":26,"column":37}},"loc":{"start":{"line":26,"column":51},"end":{"line":57,"column":1}},"line":26},"1":{"name":"(anonymous_1)","decl":{"start":{"line":33,"column":51},"end":{"line":33,"column":52}},"loc":{"start":{"line":33,"column":62},"end":{"line":50,"column":3}},"line":33}},"branchMap":{"0":{"loc":{"start":{"line":27,"column":2},"end":{"line":30,"column":3}},"type":"if","locations":[{"start":{"line":27,"column":2},"end":{"line":30,"column":3}},{"start":{},"end":{}}],"line":27},"1":{"loc":{"start":{"line":27,"column":6},"end":{"line":27,"column":43}},"type":"binary-expr","locations":[{"start":{"line":27,"column":6},"end":{"line":27,"column":18}},{"start":{"line":27,"column":22},"end":{"line":27,"column":43}}],"line":27},"2":{"loc":{"start":{"line":35,"column":22},"end":{"line":35,"column":41}},"type":"binary-expr","locations":[{"start":{"line":35,"column":22},"end":{"line":35,"column":36}},{"start":{"line":35,"column":40},"end":{"line":35,"column":41}}],"line":35},"3":{"loc":{"start":{"line":37,"column":74},"end":{"line":37,"column":101}},"type":"cond-expr","locations":[{"start":{"line":37,"column":95},"end":{"line":37,"column":97}},{"start":{"line":37,"column":100},"end":{"line":37,"column":101}}],"line":37},"4":{"loc":{"start":{"line":56,"column":9},"end":{"line":56,"column":41}},"type":"binary-expr","locations":[{"start":{"line":56,"column":9},"end":{"line":56,"column":22}},{"start":{"line":56,"column":26},"end":{"line":56,"column":41}}],"line":56}},"s":{"0":0,"1":0,"2":0,"3":0,"4":0,"5":0,"6":0,"7":0,"8":0,"9":0,"10":0},"f":{"0":0,"1":0},"b":{"0":[0,0],"1":[0,0],"2":[0,0],"3":[0,0],"4":[0,0]},"_coverageSchema":"1a1c01bbd47fc00a2c39e90264f33305004495a9","hash":"826a377105865dd323fdb508bd01cf1a7359495a"}
,"/home/davicho/etherai-foresight-platform-main/server/src/agents/chronicler.js": {"path":"/home/davicho/etherai-foresight-platform-main/server/src/agents/chronicler.js","statementMap":{"0":{"start":{"line":6,"column":4},"end":{"line":6,"column":36}},"1":{"start":{"line":7,"column":4},"end":{"line":7,"column":16}},"2":{"start":{"line":12,"column":4},"end":{"line":24,"column":7}},"3":{"start":{"line":13,"column":6},"end":{"line":23,"column":7}},"4":{"start":{"line":14,"column":8},"end":{"line":16,"column":9}},"5":{"start":{"line":15,"column":10},"end":{"line":15,"column":39}},"6":{"start":{"line":18,"column":8},"end":{"line":20,"column":9}},"7":{"start":{"line":19,"column":10},"end":{"line":19,"column":39}},"8":{"start":{"line":22,"column":8},"end":{"line":22,"column":74}},"9":{"start":{"line":28,"column":19},"end":{"line":28,"column":30}},"10":{"start":{"line":29,"column":16},"end":{"line":37,"column":5}},"11":{"start":{"line":39,"column":4},"end":{"line":59,"column":5}},"12":{"start":{"line":41,"column":27},"end":{"line":41,"column":103}},"13":{"start":{"line":42,"column":6},"end":{"line":47,"column":7}},"14":{"start":{"line":43,"column":27},"end":{"line":43,"column":91}},"15":{"start":{"line":44,"column":8},"end":{"line":44,"column":99}},"16":{"start":{"line":45,"column":8},"end":{"line":45,"column":74}},"17":{"start":{"line":46,"column":8},"end":{"line":46,"column":15}},"18":{"start":{"line":50,"column":17},"end":{"line":50,"column":44}},"19":{"start":{"line":51,"column":19},"end":{"line":51,"column":39}},"20":{"start":{"line":52,"column":16},"end":{"line":52,"column":84}},"21":{"start":{"line":53,"column":19},"end":{"line":53,"column":45}},"22":{"start":{"line":54,"column":6},"end":{"line":54,"column":75}},"23":{"start":{"line":55,"column":6},"end":{"line":55,"column":43}},"24":{"start":{"line":56,"column":6},"end":{"line":56,"column":69}},"25":{"start":{"line":58,"column":6},"end":{"line":58,"column":78}},"26":{"start":{"line":63,"column":4},"end":{"line":63,"column":33}},"27":{"start":{"line":63,"column":20},"end":{"line":63,"column":33}},"28":{"start":{"line":67,"column":19},"end":{"line":67,"column":40}}},"fnMap":{"0":{"name":"(anonymous_0)","decl":{"start":{"line":5,"column":2},"end":{"line":5,"column":3}},"loc":{"start":{"line":5,"column":16},"end":{"line":8,"column":3}},"line":5},"1":{"name":"(anonymous_1)","decl":{"start":{"line":10,"column":2},"end":{"line":10,"column":3}},"loc":{"start":{"line":10,"column":9},"end":{"line":25,"column":3}},"line":10},"2":{"name":"(anonymous_2)","decl":{"start":{"line":12,"column":30},"end":{"line":12,"column":31}},"loc":{"start":{"line":12,"column":44},"end":{"line":24,"column":5}},"line":12},"3":{"name":"(anonymous_3)","decl":{"start":{"line":27,"column":2},"end":{"line":27,"column":3}},"loc":{"start":{"line":27,"column":29},"end":{"line":60,"column":3}},"line":27},"4":{"name":"(anonymous_4)","decl":{"start":{"line":54,"column":65},"end":{"line":54,"column":66}},"loc":{"start":{"line":54,"column":71},"end":{"line":54,"column":73}},"line":54},"5":{"name":"(anonymous_5)","decl":{"start":{"line":62,"column":2},"end":{"line":62,"column":3}},"loc":{"start":{"line":62,"column":13},"end":{"line":64,"column":3}},"line":62}},"branchMap":{"0":{"loc":{"start":{"line":14,"column":8},"end":{"line":16,"column":9}},"type":"if","locations":[{"start":{"line":14,"column":8},"end":{"line":16,"column":9}},{"start":{},"end":{}}],"line":14},"1":{"loc":{"start":{"line":14,"column":12},"end":{"line":14,"column":52}},"type":"binary-expr","locations":[{"start":{"line":14,"column":12},"end":{"line":14,"column":14}},{"start":{"line":14,"column":18},"end":{"line":14,"column":27}},{"start":{"line":14,"column":31},"end":{"line":14,"column":52}}],"line":14},"2":{"loc":{"start":{"line":18,"column":8},"end":{"line":20,"column":9}},"type":"if","locations":[{"start":{"line":18,"column":8},"end":{"line":20,"column":9}},{"start":{},"end":{}}],"line":18},"3":{"loc":{"start":{"line":18,"column":12},"end":{"line":18,"column":52}},"type":"binary-expr","locations":[{"start":{"line":18,"column":12},"end":{"line":18,"column":14}},{"start":{"line":18,"column":18},"end":{"line":18,"column":27}},{"start":{"line":18,"column":31},"end":{"line":18,"column":52}}],"line":18},"4":{"loc":{"start":{"line":31,"column":13},"end":{"line":31,"column":70}},"type":"binary-expr","locations":[{"start":{"line":31,"column":13},"end":{"line":31,"column":30}},{"start":{"line":31,"column":34},"end":{"line":31,"column":45}},{"start":{"line":31,"column":49},"end":{"line":31,"column":70}}],"line":31},"5":{"loc":{"start":{"line":33,"column":19},"end":{"line":33,"column":42}},"type":"binary-expr","locations":[{"start":{"line":33,"column":19},"end":{"line":33,"column":34}},{"start":{"line":33,"column":38},"end":{"line":33,"column":42}}],"line":33},"6":{"loc":{"start":{"line":34,"column":16},"end":{"line":34,"column":36}},"type":"binary-expr","locations":[{"start":{"line":34,"column":16},"end":{"line":34,"column":28}},{"start":{"line":34,"column":32},"end":{"line":34,"column":36}}],"line":34},"7":{"loc":{"start":{"line":41,"column":27},"end":{"line":41,"column":103}},"type":"binary-expr","locations":[{"start":{"line":41,"column":27},"end":{"line":41,"column":33}},{"start":{"line":41,"column":37},"end":{"line":41,"column":87}},{"start":{"line":41,"column":91},"end":{"line":41,"column":103}}],"line":41},"8":{"loc":{"start":{"line":42,"column":6},"end":{"line":47,"column":7}},"type":"if","locations":[{"start":{"line":42,"column":6},"end":{"line":47,"column":7}},{"start":{},"end":{}}],"line":42},"9":{"loc":{"start":{"line":63,"column":4},"end":{"line":63,"column":33}},"type":"if","locations":[{"start":{"line":63,"column":4},"end":{"line":63,"column":33}},{"start":{},"end":{}}],"line":63}},"s":{"0":1,"1":1,"2":1,"3":0,"4":0,"5":0,"6":0,"7":0,"8":0,"9":0,"10":0,"11":0,"12":0,"13":0,"14":0,"15":0,"16":0,"17":0,"18":0,"19":0,"20":0,"21":0,"22":0,"23":0,"24":0,"25":0,"26":0,"27":0,"28":1},"f":{"0":1,"1":1,"2":0,"3":0,"4":0,"5":0},"b":{"0":[0,0],"1":[0,0,0],"2":[0,0],"3":[0,0,0],"4":[0,0,0],"5":[0,0],"6":[0,0],"7":[0,0,0],"8":[0,0],"9":[0,0]},"_coverageSchema":"1a1c01bbd47fc00a2c39e90264f33305004495a9","hash":"bf4ac5f3f8078b337d15e4bcdb478691bac0645c"}
}
