TN:
SF:__tests__/mocks/handlers.js
FN:9,(anonymous_0)
FN:37,(anonymous_1)
FN:51,(anonymous_2)
FN:60,(anonymous_3)
FN:67,(anonymous_4)
FN:77,(anonymous_5)
FN:80,(anonymous_6)
FN:85,(anonymous_7)
FN:91,(anonymous_8)
FN:102,(anonymous_9)
FN:113,(anonymous_10)
FN:116,(anonymous_11)
FN:119,(anonymous_12)
FN:126,(anonymous_13)
FN:133,(anonymous_14)
FN:159,(anonymous_15)
FN:160,(anonymous_16)
FN:161,(anonymous_17)
FN:168,(anonymous_18)
FN:213,(anonymous_19)
FN:218,(anonymous_20)
FN:226,(anonymous_21)
FN:238,(anonymous_22)
FN:250,(anonymous_23)
FN:257,(anonymous_24)
FN:264,(anonymous_25)
FN:276,(anonymous_26)
FN:288,(anonymous_27)
FN:291,(anonymous_28)
FN:301,(anonymous_29)
FN:309,(anonymous_30)
FN:315,(anonymous_31)
FNF:32
FNH:25
FNDA:8,(anonymous_0)
FNDA:1,(anonymous_1)
FNDA:7,(anonymous_2)
FNDA:72,(anonymous_3)
FNDA:0,(anonymous_4)
FNDA:11,(anonymous_5)
FNDA:18,(anonymous_6)
FNDA:10,(anonymous_7)
FNDA:25,(anonymous_8)
FNDA:0,(anonymous_9)
FNDA:3,(anonymous_10)
FNDA:0,(anonymous_11)
FNDA:0,(anonymous_12)
FNDA:0,(anonymous_13)
FNDA:2,(anonymous_14)
FNDA:62,(anonymous_15)
FNDA:62,(anonymous_16)
FNDA:62,(anonymous_17)
FNDA:0,(anonymous_18)
FNDA:7,(anonymous_19)
FNDA:4,(anonymous_20)
FNDA:2,(anonymous_21)
FNDA:2,(anonymous_22)
FNDA:6,(anonymous_23)
FNDA:6,(anonymous_24)
FNDA:2,(anonymous_25)
FNDA:6,(anonymous_26)
FNDA:4,(anonymous_27)
FNDA:2,(anonymous_28)
FNDA:0,(anonymous_29)
FNDA:3,(anonymous_30)
FNDA:124,(anonymous_31)
DA:3,96
DA:7,96
DA:10,8
DA:11,8
DA:12,8
DA:13,8
DA:19,8
DA:20,8
DA:38,1
DA:39,1
DA:40,1
DA:41,1
DA:42,1
DA:43,1
DA:44,6
DA:45,6
DA:47,1
DA:52,7
DA:53,7
DA:54,7
DA:55,7
DA:56,7
DA:61,72
DA:62,72
DA:63,72
DA:68,0
DA:69,0
DA:70,0
DA:78,11
DA:79,11
DA:80,18
DA:81,11
DA:86,10
DA:87,10
DA:92,25
DA:93,25
DA:94,25
DA:95,25
DA:96,25
DA:97,25
DA:98,25
DA:103,0
DA:104,0
DA:105,0
DA:113,3
DA:116,0
DA:120,0
DA:121,0
DA:122,0
DA:123,0
DA:126,0
DA:129,0
DA:134,2
DA:135,2
DA:136,2
DA:137,2
DA:138,2
DA:141,2
DA:142,2
DA:143,2
DA:144,2
DA:146,2
DA:147,2
DA:149,2
DA:150,62
DA:151,62
DA:152,62
DA:153,62
DA:156,2
DA:159,62
DA:160,62
DA:161,62
DA:168,0
DA:213,7
DA:218,4
DA:226,2
DA:238,2
DA:250,6
DA:257,6
DA:265,2
DA:266,2
DA:267,2
DA:268,2
DA:269,2
DA:277,6
DA:288,4
DA:291,2
DA:301,0
DA:309,3
DA:316,124
DA:317,124
DA:318,124
DA:319,124
DA:321,112
DA:326,12
DA:327,12
DA:331,96
LF:97
LH:82
BRDA:11,0,0,8
BRDA:11,0,1,0
BRDA:19,1,0,8
BRDA:19,1,1,0
BRDA:39,2,0,1
BRDA:39,2,1,0
BRDA:41,3,0,1
BRDA:41,3,1,0
BRDA:53,4,0,7
BRDA:53,4,1,0
BRDA:56,5,0,7
BRDA:56,5,1,1
BRDA:79,6,0,11
BRDA:79,6,1,2
BRDA:80,7,0,11
BRDA:80,7,1,7
BRDA:93,8,0,25
BRDA:93,8,1,12
BRDA:94,9,0,25
BRDA:94,9,1,12
BRDA:104,10,0,0
BRDA:104,10,1,0
BRDA:122,11,0,0
BRDA:122,11,1,0
BRDA:135,12,0,2
BRDA:135,12,1,0
BRDA:136,13,0,2
BRDA:136,13,1,0
BRDA:137,14,0,2
BRDA:137,14,1,0
BRDA:138,15,0,2
BRDA:138,15,1,0
BRDA:266,16,0,2
BRDA:266,16,1,1
BRDA:267,17,0,2
BRDA:267,17,1,1
BRDA:268,18,0,2
BRDA:268,18,1,1
BRDA:319,19,0,112
BRDA:319,19,1,12
BRDA:319,20,0,124
BRDA:319,20,1,26
BRDA:319,20,2,12
BRF:43
BRH:30
end_of_record
TN:
SF:__tests__/mocks/server.js
FNF:0
FNH:0
DA:1,96
DA:2,96
DA:7,96
DA:9,96
LF:4
LH:4
BRF:0
BRH:0
end_of_record
TN:
SF:src/agents.js
FN:2,(anonymous_0)
FN:16,(anonymous_1)
FN:29,(anonymous_2)
FN:34,(anonymous_3)
FN:40,(anonymous_4)
FN:42,(anonymous_5)
FN:51,(anonymous_6)
FN:54,(anonymous_7)
FN:59,(anonymous_8)
FN:70,(anonymous_9)
FN:77,(anonymous_10)
FN:104,(anonymous_11)
FN:112,(anonymous_12)
FN:114,(anonymous_13)
FN:118,(anonymous_14)
FN:134,(anonymous_15)
FN:145,(anonymous_16)
FN:148,(anonymous_17)
FN:152,(anonymous_18)
FN:156,(anonymous_19)
FN:171,(anonymous_20)
FN:177,(anonymous_21)
FN:183,(anonymous_22)
FN:184,(anonymous_23)
FN:188,(anonymous_24)
FN:192,(anonymous_25)
FN:193,(anonymous_26)
FN:199,(anonymous_27)
FN:209,(anonymous_28)
FN:214,(anonymous_29)
FN:223,(anonymous_30)
FN:224,(anonymous_31)
FN:231,(anonymous_32)
FN:239,(anonymous_33)
FN:243,(anonymous_34)
FN:252,(anonymous_35)
FN:257,(anonymous_36)
FN:258,(anonymous_37)
FN:262,(anonymous_38)
FN:284,(anonymous_39)
FN:289,(anonymous_40)
FNF:41
FNH:36
FNDA:331,(anonymous_0)
FNDA:1,(anonymous_1)
FNDA:1,(anonymous_2)
FNDA:1,(anonymous_3)
FNDA:2,(anonymous_4)
FNDA:20,(anonymous_5)
FNDA:331,(anonymous_6)
FNDA:0,(anonymous_7)
FNDA:0,(anonymous_8)
FNDA:1,(anonymous_9)
FNDA:1,(anonymous_10)
FNDA:1,(anonymous_11)
FNDA:331,(anonymous_12)
FNDA:0,(anonymous_13)
FNDA:0,(anonymous_14)
FNDA:0,(anonymous_15)
FNDA:1,(anonymous_16)
FNDA:1,(anonymous_17)
FNDA:1,(anonymous_18)
FNDA:1,(anonymous_19)
FNDA:1,(anonymous_20)
FNDA:7,(anonymous_21)
FNDA:14,(anonymous_22)
FNDA:14,(anonymous_23)
FNDA:9,(anonymous_24)
FNDA:49,(anonymous_25)
FNDA:49,(anonymous_26)
FNDA:2,(anonymous_27)
FNDA:4,(anonymous_28)
FNDA:3,(anonymous_29)
FNDA:1,(anonymous_30)
FNDA:2,(anonymous_31)
FNDA:1,(anonymous_32)
FNDA:1,(anonymous_33)
FNDA:3,(anonymous_34)
FNDA:2,(anonymous_35)
FNDA:3,(anonymous_36)
FNDA:3,(anonymous_37)
FNDA:84,(anonymous_38)
FNDA:5,(anonymous_39)
FNDA:5,(anonymous_40)
DA:3,331
DA:5,331
DA:6,331
DA:7,331
DA:8,331
DA:11,331
DA:12,331
DA:17,1
DA:18,1
DA:19,1
DA:20,1
DA:21,1
DA:23,1
DA:24,1
DA:30,1
DA:31,1
DA:32,0
DA:34,1
DA:35,1
DA:41,2
DA:42,20
DA:43,2
DA:44,1
DA:46,1
DA:54,331
DA:55,0
DA:62,0
DA:63,0
DA:64,0
DA:65,0
DA:66,0
DA:72,1
DA:73,1
DA:74,1
DA:75,1
DA:76,1
DA:77,1
DA:78,1
DA:79,1
DA:81,1
DA:90,0
DA:91,0
DA:92,0
DA:93,0
DA:101,0
DA:106,1
DA:113,331
DA:115,0
DA:116,0
DA:118,0
DA:119,0
DA:120,0
DA:121,0
DA:122,0
DA:134,0
DA:135,0
DA:136,0
DA:139,0
DA:140,0
DA:146,1
DA:148,1
DA:149,1
DA:153,1
DA:155,1
DA:156,1
DA:157,1
DA:158,1
DA:159,1
DA:160,1
DA:171,1
DA:173,0
DA:178,7
DA:179,3
DA:180,3
DA:181,14
DA:183,14
DA:184,14
DA:185,3
DA:189,9
DA:190,7
DA:191,7
DA:192,49
DA:193,49
DA:194,7
DA:195,4
DA:196,1
DA:200,2
DA:201,2
DA:202,2
DA:203,8
DA:204,8
DA:206,2
DA:210,4
DA:211,4
DA:215,3
DA:216,3
DA:217,3
DA:218,3
DA:220,3
DA:224,2
DA:225,1
DA:232,1
DA:240,1
DA:244,3
DA:245,3
DA:246,3
DA:247,3
DA:248,2
DA:249,1
DA:253,2
DA:254,2
DA:257,3
DA:258,3
DA:263,84
DA:265,2
DA:267,3
DA:270,2
DA:277,5
DA:278,5
DA:281,5
DA:282,5
DA:284,5
DA:285,5
DA:288,5
DA:289,5
DA:290,5
DA:291,5
DA:292,5
DA:293,5
DA:294,5
DA:297,5
DA:300,5
DA:301,5
DA:303,5
DA:309,5
DA:310,5
DA:312,5
DA:313,5
DA:322,5
DA:325,2
DA:328,5
DA:329,5
DA:331,5
DA:332,5
DA:333,5
DA:334,5
DA:335,5
DA:337,5
DA:345,5
DA:348,6
DA:349,6
DA:351,6
DA:352,7
DA:353,7
DA:354,7
DA:356,7
DA:357,7
DA:360,6
DA:363,4
DA:364,4
DA:365,4
DA:368,4
DA:369,4
DA:370,4
DA:371,4
DA:372,4
DA:375,4
DA:376,4
DA:377,4
DA:378,4
DA:379,4
DA:381,4
DA:382,4
DA:383,4
DA:385,4
DA:387,4
DA:395,4
DA:404,0
DA:413,4
DA:416,5
DA:417,5
DA:419,5
DA:421,5
DA:422,5
DA:425,4
DA:432,4
DA:439,4
DA:445,4
DA:452,4
DA:455,4
DA:456,4
DA:457,4
DA:458,4
DA:459,4
DA:460,4
DA:461,4
DA:462,4
DA:463,4
DA:464,4
DA:465,4
DA:466,4
DA:467,4
DA:468,4
DA:469,4
DA:470,4
DA:472,4
DA:474,4
DA:480,1
DA:483,6
DA:485,0
DA:488,2
DA:489,2
DA:491,2
DA:493,1
DA:500,2
DA:506,1
DA:515,6
DA:517,30
LF:218
LH:191
BRDA:19,0,0,1
BRDA:19,0,1,0
BRDA:20,1,0,1
BRDA:20,1,1,0
BRDA:21,2,0,1
BRDA:21,2,1,0
BRDA:31,3,0,0
BRDA:31,3,1,1
BRDA:31,4,0,1
BRDA:31,4,1,1
BRDA:32,5,0,0
BRDA:32,5,1,0
BRDA:35,6,0,1
BRDA:35,6,1,0
BRDA:43,7,0,1
BRDA:43,7,1,1
BRDA:63,8,0,0
BRDA:63,8,1,0
BRDA:78,9,0,1
BRDA:78,9,1,0
BRDA:91,10,0,0
BRDA:91,10,1,0
BRDA:96,11,0,0
BRDA:96,11,1,0
BRDA:115,12,0,0
BRDA:115,12,1,0
BRDA:118,13,0,0
BRDA:118,13,1,0
BRDA:120,14,0,0
BRDA:120,14,1,0
BRDA:121,15,0,0
BRDA:121,15,1,0
BRDA:135,16,0,0
BRDA:135,16,1,0
BRDA:148,17,0,1
BRDA:148,17,1,0
BRDA:153,18,0,1
BRDA:153,18,1,0
BRDA:155,19,0,0
BRDA:155,19,1,1
BRDA:155,20,0,1
BRDA:155,20,1,1
BRDA:158,21,0,1
BRDA:158,21,1,0
BRDA:159,22,0,0
BRDA:159,22,1,1
BRDA:178,23,0,4
BRDA:178,23,1,3
BRDA:178,24,0,7
BRDA:178,24,1,7
BRDA:189,25,0,2
BRDA:189,25,1,7
BRDA:189,26,0,9
BRDA:189,26,1,9
BRDA:194,27,0,3
BRDA:194,27,1,4
BRDA:195,28,0,3
BRDA:195,28,1,1
BRDA:204,29,0,3
BRDA:204,29,1,5
BRDA:210,30,0,0
BRDA:210,30,1,4
BRDA:210,31,0,4
BRDA:210,31,1,4
BRDA:216,32,0,3
BRDA:216,32,1,0
BRDA:226,33,0,0
BRDA:226,33,1,1
BRDA:247,34,0,1
BRDA:247,34,1,2
BRDA:248,35,0,1
BRDA:248,35,1,1
BRDA:262,36,0,0
BRDA:263,37,0,2
BRDA:263,37,1,3
BRDA:263,37,2,2
BRDA:263,37,3,5
BRDA:263,37,4,5
BRDA:263,37,5,2
BRDA:263,37,6,5
BRDA:263,37,7,6
BRDA:263,37,8,4
BRDA:263,37,9,5
BRDA:263,37,10,6
BRDA:263,37,11,0
BRDA:263,37,12,2
BRDA:263,37,13,1
BRDA:263,37,14,1
BRDA:263,37,15,2
BRDA:263,37,16,2
BRDA:263,37,17,3
BRDA:263,37,18,5
BRDA:263,37,19,6
BRDA:263,37,20,6
BRDA:263,37,21,6
BRDA:263,37,22,30
BRDA:277,38,0,1
BRDA:277,39,0,1
BRDA:290,40,0,5
BRDA:290,40,1,0
BRDA:291,41,0,5
BRDA:291,41,1,0
BRDA:292,42,0,5
BRDA:292,42,1,0
BRDA:293,43,0,5
BRDA:293,43,1,0
BRDA:294,44,0,5
BRDA:294,44,1,0
BRDA:309,45,0,1
BRDA:314,46,0,3
BRDA:314,46,1,2
BRDA:315,47,0,2
BRDA:315,47,1,3
BRDA:316,48,0,3
BRDA:316,48,1,2
BRDA:317,49,0,3
BRDA:317,49,1,2
BRDA:318,50,0,3
BRDA:318,50,1,2
BRDA:328,51,0,1
BRDA:332,52,0,5
BRDA:332,52,1,0
BRDA:333,53,0,5
BRDA:333,53,1,0
BRDA:334,54,0,5
BRDA:334,54,1,0
BRDA:335,55,0,5
BRDA:335,55,1,0
BRDA:338,56,0,5
BRDA:338,56,1,3
BRDA:338,57,0,5
BRDA:338,57,1,0
BRDA:338,58,0,3
BRDA:338,58,1,0
BRDA:339,59,0,5
BRDA:339,59,1,4
BRDA:339,60,0,5
BRDA:339,60,1,0
BRDA:339,61,0,4
BRDA:339,61,1,0
BRDA:340,62,0,5
BRDA:340,62,1,5
BRDA:341,63,0,5
BRDA:341,63,1,0
BRDA:348,64,0,1
BRDA:352,65,0,7
BRDA:352,65,1,1
BRDA:353,66,0,7
BRDA:353,66,1,1
BRDA:354,67,0,7
BRDA:354,67,1,1
BRDA:363,68,0,0
BRDA:363,69,0,1
BRDA:383,70,0,4
BRDA:383,70,1,1
BRDA:396,71,0,3
BRDA:396,71,1,1
BRDA:397,72,0,4
BRDA:397,72,1,0
BRDA:398,73,0,4
BRDA:398,73,1,0
BRDA:399,74,0,3
BRDA:399,74,1,1
BRDA:400,75,0,4
BRDA:400,75,1,0
BRDA:488,76,0,1
BRDA:488,77,0,1
BRF:167
BRH:115
end_of_record
TN:
SF:src/cache.js
FN:7,(anonymous_0)
FN:17,(anonymous_1)
FN:27,(anonymous_2)
FN:40,(anonymous_3)
FN:52,(anonymous_4)
FN:62,startCacheCleanup
FN:65,(anonymous_6)
FN:68,stopCacheCleanup
FN:76,initialize
FN:80,shutdown
FNF:10
FNH:9
FNDA:24,(anonymous_0)
FNDA:42,(anonymous_1)
FNDA:96,(anonymous_2)
FNDA:1,(anonymous_3)
FNDA:29,(anonymous_4)
FNDA:1,startCacheCleanup
FNDA:0,(anonymous_6)
FNDA:1,stopCacheCleanup
FNDA:1,initialize
FNDA:1,shutdown
DA:8,24
DA:18,42
DA:19,42
DA:28,96
DA:29,96
DA:30,34
DA:31,2
DA:32,2
DA:34,32
DA:41,1
DA:42,1
DA:43,2
DA:44,1
DA:53,29
DA:58,24
DA:61,24
DA:63,1
DA:64,0
DA:65,0
DA:69,1
DA:70,0
DA:71,0
DA:77,1
DA:81,1
LF:24
LH:20
BRDA:29,0,0,62
BRDA:29,0,1,34
BRDA:30,1,0,2
BRDA:30,1,1,32
BRDA:43,2,0,1
BRDA:43,2,1,1
BRDA:63,3,0,1
BRDA:63,3,1,0
BRDA:63,4,0,1
BRDA:63,4,1,0
BRDA:64,5,0,0
BRDA:64,5,1,0
BRDA:69,6,0,0
BRDA:69,6,1,1
BRF:14
BRH:9
end_of_record
TN:
SF:src/causalWeaver.js
FN:5,(anonymous_0)
FN:16,(anonymous_1)
FN:24,(anonymous_2)
FN:48,(anonymous_3)
FN:77,(anonymous_4)
FN:103,(anonymous_5)
FN:121,(anonymous_6)
FN:127,(anonymous_7)
FN:139,(anonymous_8)
FN:146,(anonymous_9)
FN:157,(anonymous_10)
FN:162,(anonymous_11)
FN:183,(anonymous_12)
FN:189,(anonymous_13)
FN:215,(anonymous_14)
FNF:15
FNH:12
FNDA:5,(anonymous_0)
FNDA:5,(anonymous_1)
FNDA:3,(anonymous_2)
FNDA:2,(anonymous_3)
FNDA:1,(anonymous_4)
FNDA:7,(anonymous_5)
FNDA:0,(anonymous_6)
FNDA:6,(anonymous_7)
FNDA:1,(anonymous_8)
FNDA:1,(anonymous_9)
FNDA:1,(anonymous_10)
FNDA:2,(anonymous_11)
FNDA:0,(anonymous_12)
FNDA:1,(anonymous_13)
FNDA:0,(anonymous_14)
DA:6,5
DA:7,5
DA:8,5
DA:10,5
DA:11,3
DA:12,3
DA:17,5
DA:18,5
DA:20,0
DA:25,3
DA:26,3
DA:27,3
DA:28,3
DA:29,3
DA:30,3
DA:32,0
DA:33,0
DA:34,0
DA:40,0
DA:41,0
DA:42,0
DA:44,0
DA:49,2
DA:50,2
DA:51,2
DA:52,1
DA:53,1
DA:54,1
DA:55,1
DA:56,1
DA:58,0
DA:59,0
DA:60,0
DA:66,0
DA:67,0
DA:68,0
DA:69,0
DA:71,0
DA:73,0
DA:78,1
DA:79,1
DA:80,1
DA:81,1
DA:82,1
DA:83,1
DA:84,1
DA:86,0
DA:87,0
DA:88,0
DA:95,0
DA:96,0
DA:97,0
DA:99,0
DA:104,7
DA:105,7
DA:106,7
DA:107,3
DA:108,3
DA:109,3
DA:112,7
DA:114,0
DA:115,0
DA:116,0
DA:121,0
DA:123,0
DA:128,6
DA:129,6
DA:130,1
DA:140,1
DA:141,1
DA:143,1
DA:146,1
DA:147,1
DA:148,1
DA:149,1
DA:150,1
DA:151,1
DA:158,1
DA:160,1
DA:161,1
DA:162,1
DA:163,2
DA:164,2
DA:165,2
DA:166,2
DA:167,1
DA:168,1
DA:169,1
DA:170,1
DA:173,1
DA:174,1
DA:176,0
DA:177,0
DA:178,0
DA:183,0
DA:185,0
DA:190,1
DA:192,1
DA:193,1
DA:194,1
DA:195,1
DA:196,2
DA:197,2
DA:198,2
DA:199,2
DA:200,2
DA:201,1
DA:202,1
DA:203,1
DA:206,1
DA:208,0
DA:209,0
DA:210,0
DA:215,0
DA:217,0
DA:222,2
LF:116
LH:77
BRDA:10,0,0,3
BRDA:10,0,1,2
BRDA:24,1,0,2
BRDA:25,2,0,3
BRDA:25,2,1,0
BRDA:48,3,0,0
BRDA:49,4,0,2
BRDA:49,4,1,0
BRDA:51,5,0,1
BRDA:51,5,1,1
BRDA:66,6,0,0
BRDA:66,6,1,0
BRDA:77,7,0,0
BRDA:78,8,0,1
BRDA:78,8,1,0
BRDA:79,9,0,1
BRDA:79,9,1,0
BRDA:104,10,0,7
BRDA:104,10,1,0
BRDA:109,11,0,2
BRDA:109,11,1,1
BRDA:140,12,0,1
BRDA:140,12,1,0
BRDA:148,13,0,1
BRDA:148,13,1,0
BRDA:150,14,0,1
BRDA:150,14,1,0
BRDA:157,15,0,0
BRDA:158,16,0,1
BRDA:158,16,1,0
BRDA:163,17,0,0
BRDA:163,17,1,2
BRDA:165,18,0,2
BRDA:165,18,1,1
BRDA:189,19,0,0
BRDA:190,20,0,1
BRDA:190,20,1,0
BRDA:197,21,0,0
BRDA:197,21,1,2
BRDA:199,22,0,2
BRDA:199,22,1,1
BRDA:203,23,0,1
BRDA:203,23,1,0
BRF:43
BRH:24
end_of_record
TN:
SF:src/database.js
FN:22,loadFallbackFromDisk
FN:32,persistFallbackToDisk
FN:42,(anonymous_2)
FN:49,textToEmbedding
FN:59,(anonymous_4)
FN:62,getChromaClient
FN:70,(anonymous_6)
FN:71,(anonymous_7)
FN:72,(anonymous_8)
FN:82,(anonymous_9)
FN:96,(anonymous_10)
FN:104,(anonymous_11)
FN:112,(anonymous_12)
FN:117,(anonymous_13)
FN:146,(anonymous_14)
FN:149,(anonymous_15)
FN:174,getNeo4jDriver
FN:213,(anonymous_17)
FN:220,closeConnections
FNF:19
FNH:11
FNDA:43,loadFallbackFromDisk
FNDA:0,persistFallbackToDisk
FNDA:0,(anonymous_2)
FNDA:5,textToEmbedding
FNDA:40,(anonymous_4)
FNDA:31,getChromaClient
FNDA:0,(anonymous_6)
FNDA:0,(anonymous_7)
FNDA:1,(anonymous_8)
FNDA:1,(anonymous_9)
FNDA:4,(anonymous_10)
FNDA:3,(anonymous_11)
FNDA:0,(anonymous_12)
FNDA:3,(anonymous_13)
FNDA:0,(anonymous_14)
FNDA:1,(anonymous_15)
FNDA:7,getNeo4jDriver
FNDA:0,(anonymous_17)
FNDA:0,closeConnections
DA:6,43
DA:7,43
DA:19,43
DA:20,43
DA:23,43
DA:24,43
DA:25,17
DA:26,17
DA:28,0
DA:33,0
DA:34,0
DA:35,0
DA:37,0
DA:42,43
DA:47,43
DA:52,5
DA:53,5
DA:54,127
DA:55,127
DA:58,5
DA:59,40
DA:66,31
DA:67,1
DA:68,1
DA:70,0
DA:71,0
DA:74,1
DA:75,1
DA:76,1
DA:77,1
DA:78,1
DA:79,1
DA:80,1
DA:83,1
DA:84,1
DA:86,0
DA:90,1
DA:93,30
DA:94,21
DA:97,4
DA:98,4
DA:99,4
DA:101,0
DA:105,3
DA:108,3
DA:118,3
DA:119,3
DA:120,3
DA:121,3
DA:122,3
DA:123,3
DA:124,3
DA:126,3
DA:129,1
DA:135,1
DA:142,0
DA:143,0
DA:144,0
DA:146,0
DA:150,1
DA:151,1
DA:152,1
DA:153,1
DA:154,1
DA:159,1
DA:160,0
DA:161,0
DA:163,1
DA:164,0
DA:166,1
DA:171,30
DA:176,7
DA:180,1
DA:181,1
DA:182,1
DA:183,1
DA:184,1
DA:185,1
DA:186,1
DA:188,1
DA:189,1
DA:190,1
DA:197,1
DA:198,1
DA:199,1
DA:201,1
DA:202,1
DA:204,0
DA:205,0
DA:206,0
DA:207,0
DA:209,0
DA:210,0
DA:211,0
DA:213,0
DA:217,1
DA:221,0
DA:222,0
LF:98
LH:72
BRDA:28,0,0,0
BRDA:28,0,1,0
BRDA:35,1,0,0
BRDA:35,1,1,0
BRDA:47,2,0,43
BRDA:47,2,1,43
BRDA:47,2,2,43
BRDA:49,3,0,0
BRDA:58,4,0,5
BRDA:58,4,1,0
BRDA:66,5,0,1
BRDA:66,5,1,30
BRDA:67,6,0,1
BRDA:67,6,1,0
BRDA:75,7,0,0
BRDA:75,7,1,1
BRDA:75,8,0,1
BRDA:75,8,1,0
BRDA:78,9,0,0
BRDA:78,9,1,1
BRDA:79,10,0,1
BRDA:79,10,1,0
BRDA:82,11,0,0
BRDA:83,12,0,1
BRDA:83,12,1,0
BRDA:83,13,0,1
BRDA:83,13,1,1
BRDA:93,14,0,21
BRDA:93,14,1,9
BRDA:119,15,0,0
BRDA:119,15,1,3
BRDA:119,16,0,3
BRDA:119,16,1,0
BRDA:124,17,0,0
BRDA:124,17,1,3
BRDA:132,18,0,1
BRDA:132,18,1,0
BRDA:142,19,0,0
BRDA:142,19,1,0
BRDA:143,20,0,0
BRDA:143,20,1,0
BRDA:149,21,0,0
BRDA:152,22,0,0
BRDA:152,22,1,1
BRDA:159,23,0,0
BRDA:159,23,1,0
BRDA:163,24,0,0
BRDA:163,24,1,1
BRDA:163,25,0,1
BRDA:163,25,1,1
BRDA:176,26,0,6
BRDA:176,26,1,1
BRDA:180,27,0,1
BRDA:180,27,1,0
BRDA:181,28,0,1
BRDA:181,28,1,1
BRDA:182,29,0,1
BRDA:182,29,1,1
BRDA:183,30,0,1
BRDA:183,30,1,0
BRDA:184,31,0,1
BRDA:184,31,1,0
BRDA:205,32,0,0
BRDA:205,32,1,0
BRDA:209,33,0,0
BRDA:209,33,1,0
BRDA:221,34,0,0
BRDA:221,34,1,0
BRF:68
BRH:33
end_of_record
TN:
SF:src/eternalVigilanceService.js
FN:7,(anonymous_0)
FN:17,publish
FN:20,(anonymous_2)
FN:29,getState
FN:46,(anonymous_4)
FN:47,(anonymous_5)
FN:55,subscribe
FN:59,unsubscribe
FN:60,(anonymous_8)
FN:63,clearState
FN:68,start
FN:81,stop
FN:92,generateReport
FN:96,(anonymous_13)
FN:100,(anonymous_14)
FN:104,(anonymous_15)
FN:111,emitEvent
FNF:17
FNH:15
FNDA:31,(anonymous_0)
FNDA:5,publish
FNDA:2,(anonymous_2)
FNDA:10,getState
FNDA:10,(anonymous_4)
FNDA:10,(anonymous_5)
FNDA:2,subscribe
FNDA:1,unsubscribe
FNDA:2,(anonymous_8)
FNDA:0,clearState
FNDA:1,start
FNDA:0,stop
FNDA:2,generateReport
FNDA:6,(anonymous_13)
FNDA:2,(anonymous_14)
FNDA:2,(anonymous_15)
FNDA:4,emitEvent
DA:3,31
DA:4,31
DA:7,31
DA:8,31
DA:9,31
DA:10,31
DA:11,31
DA:13,0
DA:19,5
DA:20,5
DA:21,2
DA:22,2
DA:24,0
DA:30,10
DA:31,0
DA:43,10
DA:44,10
DA:46,10
DA:47,10
DA:56,2
DA:60,2
DA:65,0
DA:69,1
DA:70,0
DA:71,0
DA:74,1
DA:75,1
DA:82,0
DA:83,0
DA:84,0
DA:87,0
DA:88,0
DA:89,0
DA:93,2
DA:94,2
DA:95,2
DA:96,2
DA:97,6
DA:100,2
DA:101,2
DA:104,2
DA:105,2
DA:108,2
DA:112,4
LF:44
LH:32
BRDA:30,0,0,0
BRDA:30,0,1,10
BRDA:46,1,0,10
BRDA:46,1,1,5
BRDA:47,2,0,10
BRDA:47,2,1,5
BRDA:69,3,0,0
BRDA:69,3,1,1
BRDA:82,4,0,0
BRDA:82,4,1,0
BRDA:97,5,0,5
BRDA:97,5,1,1
BRDA:97,6,0,6
BRDA:97,6,1,4
BRDA:105,7,0,2
BRDA:105,7,1,0
BRF:16
BRH:11
end_of_record
TN:
SF:src/eventHub.js
FN:5,subscribe
FN:8,(anonymous_1)
FN:17,subscribeAll
FN:19,(anonymous_3)
FN:22,publish
FNF:5
FNH:5
FNDA:9,subscribe
FNDA:9,(anonymous_1)
FNDA:6,subscribeAll
FNDA:6,(anonymous_3)
FNDA:92,publish
DA:2,32
DA:3,32
DA:6,9
DA:7,9
DA:8,9
DA:9,9
DA:10,9
DA:11,9
DA:12,9
DA:18,6
DA:19,6
DA:24,92
DA:25,92
DA:26,3
DA:27,5
DA:32,92
DA:33,6
LF:17
LH:17
BRDA:6,0,0,6
BRDA:6,0,1,3
BRDA:10,1,0,9
BRDA:10,1,1,0
BRDA:12,2,0,6
BRDA:12,2,1,3
BRDA:25,3,0,3
BRDA:25,3,1,89
BRF:8
BRH:7
end_of_record
TN:
SF:src/index.js
FN:11,createApp
FN:22,safeImport
FN:48,(anonymous_2)
FN:48,(anonymous_3)
FN:49,(anonymous_4)
FN:57,(anonymous_5)
FN:63,(anonymous_6)
FN:63,(anonymous_7)
FN:67,(anonymous_8)
FN:68,(anonymous_9)
FN:68,(anonymous_10)
FN:69,(anonymous_11)
FN:70,(anonymous_12)
FN:71,(anonymous_13)
FN:72,(anonymous_14)
FN:73,(anonymous_15)
FN:73,(anonymous_16)
FN:74,(anonymous_17)
FN:74,(anonymous_18)
FN:75,(anonymous_19)
FN:76,(anonymous_20)
FN:77,(anonymous_21)
FN:78,(anonymous_22)
FN:79,(anonymous_23)
FN:80,(anonymous_24)
FN:81,(anonymous_25)
FN:82,(anonymous_26)
FN:83,(anonymous_27)
FN:84,(anonymous_28)
FN:85,(anonymous_29)
FN:86,(anonymous_30)
FN:87,(anonymous_31)
FN:88,(anonymous_32)
FN:89,(anonymous_33)
FN:90,(anonymous_34)
FN:91,(anonymous_35)
FN:92,(anonymous_36)
FN:92,(anonymous_37)
FN:93,(anonymous_38)
FN:94,(anonymous_39)
FN:95,(anonymous_40)
FN:96,(anonymous_41)
FN:97,(anonymous_42)
FN:98,(anonymous_43)
FN:98,(anonymous_44)
FN:104,(anonymous_45)
FN:115,bearerAuth
FN:172,(anonymous_47)
FN:188,(anonymous_48)
FN:192,(anonymous_49)
FN:207,(anonymous_50)
FN:211,(anonymous_51)
FNF:52
FNH:8
FNDA:21,createApp
FNDA:735,safeImport
FNDA:0,(anonymous_2)
FNDA:0,(anonymous_3)
FNDA:0,(anonymous_4)
FNDA:21,(anonymous_5)
FNDA:0,(anonymous_6)
FNDA:0,(anonymous_7)
FNDA:0,(anonymous_8)
FNDA:16,(anonymous_9)
FNDA:0,(anonymous_10)
FNDA:0,(anonymous_11)
FNDA:0,(anonymous_12)
FNDA:0,(anonymous_13)
FNDA:0,(anonymous_14)
FNDA:0,(anonymous_15)
FNDA:0,(anonymous_16)
FNDA:0,(anonymous_17)
FNDA:0,(anonymous_18)
FNDA:0,(anonymous_19)
FNDA:0,(anonymous_20)
FNDA:0,(anonymous_21)
FNDA:0,(anonymous_22)
FNDA:0,(anonymous_23)
FNDA:0,(anonymous_24)
FNDA:0,(anonymous_25)
FNDA:0,(anonymous_26)
FNDA:0,(anonymous_27)
FNDA:0,(anonymous_28)
FNDA:0,(anonymous_29)
FNDA:0,(anonymous_30)
FNDA:0,(anonymous_31)
FNDA:0,(anonymous_32)
FNDA:0,(anonymous_33)
FNDA:21,(anonymous_34)
FNDA:0,(anonymous_35)
FNDA:0,(anonymous_36)
FNDA:0,(anonymous_37)
FNDA:0,(anonymous_38)
FNDA:0,(anonymous_39)
FNDA:0,(anonymous_40)
FNDA:0,(anonymous_41)
FNDA:0,(anonymous_42)
FNDA:0,(anonymous_43)
FNDA:0,(anonymous_44)
FNDA:0,(anonymous_45)
FNDA:29,bearerAuth
FNDA:4,(anonymous_47)
FNDA:1,(anonymous_48)
FNDA:0,(anonymous_49)
FNDA:0,(anonymous_50)
FNDA:0,(anonymous_51)
DA:12,21
DA:13,21
DA:14,21
DA:15,21
DA:21,21
DA:23,735
DA:24,735
DA:25,735
DA:27,735
DA:28,735
DA:29,735
DA:33,735
DA:34,698
DA:36,37
DA:39,37
DA:40,37
DA:41,0
DA:43,37
DA:44,37
DA:48,21
DA:49,21
DA:52,21
DA:53,2
DA:54,2
DA:57,21
DA:58,21
DA:59,21
DA:60,21
DA:62,0
DA:63,0
DA:67,21
DA:68,21
DA:69,21
DA:70,21
DA:71,21
DA:72,21
DA:73,21
DA:74,21
DA:75,21
DA:76,21
DA:77,21
DA:78,21
DA:79,21
DA:80,21
DA:81,21
DA:82,21
DA:83,21
DA:84,21
DA:85,21
DA:86,21
DA:87,21
DA:88,21
DA:89,21
DA:90,21
DA:91,21
DA:92,21
DA:93,21
DA:94,21
DA:95,21
DA:96,21
DA:97,21
DA:98,21
DA:103,21
DA:104,21
DA:105,21
DA:106,21
DA:108,0
DA:112,21
DA:116,29
DA:117,29
DA:119,29
DA:120,29
DA:121,22
DA:122,7
DA:123,1
DA:124,6
DA:125,1
DA:127,29
DA:129,24
DA:130,6
DA:131,6
DA:133,22
DA:136,21
DA:137,21
DA:138,21
DA:140,21
DA:141,21
DA:142,21
DA:143,21
DA:144,21
DA:145,21
DA:146,21
DA:147,21
DA:148,21
DA:149,21
DA:150,21
DA:151,21
DA:152,21
DA:153,21
DA:155,21
DA:157,21
DA:158,21
DA:159,21
DA:160,21
DA:161,21
DA:162,21
DA:163,21
DA:164,21
DA:165,21
DA:166,21
DA:167,21
DA:168,21
DA:169,21
DA:172,21
DA:173,4
DA:174,4
DA:175,4
DA:180,0
DA:181,0
DA:186,21
DA:188,2
DA:189,1
DA:190,1
DA:191,0
DA:192,0
DA:193,0
DA:194,0
DA:197,0
DA:202,21
DA:206,21
DA:207,0
DA:208,0
DA:209,0
DA:210,0
DA:211,0
DA:212,0
DA:213,0
DA:216,0
DA:217,0
LF:139
LH:119
BRDA:11,0,0,0
BRDA:11,1,0,0
BRDA:11,2,0,8
BRDA:21,3,0,21
BRDA:21,3,1,0
BRDA:23,4,0,735
BRDA:23,4,1,0
BRDA:24,5,0,735
BRDA:24,5,1,0
BRDA:33,6,0,0
BRDA:33,6,1,735
BRDA:34,7,0,698
BRDA:34,7,1,698
BRDA:34,7,2,126
BRDA:36,8,0,37
BRDA:36,8,1,37
BRDA:41,9,0,0
BRDA:41,9,1,0
BRDA:41,9,2,0
BRDA:43,10,0,37
BRDA:43,10,1,37
BRDA:52,11,0,2
BRDA:52,11,1,19
BRDA:53,12,0,2
BRDA:53,12,1,0
BRDA:54,13,0,2
BRDA:54,13,1,0
BRDA:62,14,0,0
BRDA:62,14,1,0
BRDA:105,15,0,21
BRDA:105,15,1,0
BRDA:106,16,0,0
BRDA:106,16,1,21
BRDA:106,17,0,21
BRDA:106,17,1,21
BRDA:108,18,0,0
BRDA:108,18,1,0
BRDA:116,19,0,29
BRDA:116,19,1,7
BRDA:117,20,0,29
BRDA:117,20,1,0
BRDA:120,21,0,22
BRDA:120,21,1,7
BRDA:120,22,0,29
BRDA:120,22,1,22
BRDA:122,23,0,1
BRDA:122,23,1,6
BRDA:122,24,0,7
BRDA:122,24,1,7
BRDA:124,25,0,1
BRDA:124,25,1,5
BRDA:124,26,0,6
BRDA:124,26,1,6
BRDA:127,27,0,5
BRDA:127,27,1,24
BRDA:129,28,0,6
BRDA:129,28,1,18
BRDA:130,29,0,6
BRDA:130,29,1,6
BRDA:130,29,2,6
BRDA:131,30,0,2
BRDA:131,30,1,4
BRDA:186,31,0,2
BRDA:186,31,1,19
BRDA:197,32,0,0
BRDA:197,32,1,0
BRDA:197,33,0,0
BRDA:197,33,1,0
BRDA:206,34,0,0
BRDA:206,34,1,21
BRDA:206,35,0,21
BRDA:206,35,1,21
BRDA:210,36,0,0
BRDA:210,36,1,0
BRDA:210,37,0,0
BRDA:210,37,1,0
BRF:76
BRH:49
end_of_record
TN:
SF:src/llm.js
FN:5,(anonymous_0)
FN:10,(anonymous_1)
FN:24,(anonymous_2)
FN:34,(anonymous_3)
FN:37,(anonymous_4)
FN:41,(anonymous_5)
FN:47,(anonymous_6)
FN:53,getLLM
FNF:8
FNH:6
FNDA:14,(anonymous_0)
FNDA:17,(anonymous_1)
FNDA:0,(anonymous_2)
FNDA:5,(anonymous_3)
FNDA:8,(anonymous_4)
FNDA:0,(anonymous_5)
FNDA:12,(anonymous_6)
FNDA:3,getLLM
DA:6,14
DA:7,14
DA:11,17
DA:18,17
DA:23,17
DA:24,3
DA:25,3
DA:27,14
DA:28,14
DA:29,10
DA:30,2
DA:31,1
DA:35,5
DA:36,5
DA:37,8
DA:38,1
DA:39,1
DA:40,0
DA:41,0
DA:43,5
DA:44,5
DA:48,12
DA:49,12
DA:54,3
DA:55,2
DA:60,1
LF:26
LH:24
BRDA:5,0,0,6
BRDA:6,1,0,14
BRDA:6,1,1,13
BRDA:6,1,2,12
BRDA:7,2,0,14
BRDA:7,2,1,7
BRDA:7,2,2,6
BRDA:14,3,0,17
BRDA:14,3,1,16
BRDA:15,4,0,17
BRDA:15,4,1,16
BRDA:23,5,0,3
BRDA:23,5,1,14
BRDA:28,6,0,4
BRDA:28,6,1,10
BRDA:28,7,0,14
BRDA:28,7,1,4
BRDA:29,8,0,8
BRDA:29,8,1,2
BRDA:30,9,0,1
BRDA:30,9,1,1
BRDA:36,10,0,4
BRDA:36,10,1,1
BRDA:37,11,0,8
BRDA:37,11,1,4
BRDA:38,12,0,1
BRDA:38,12,1,0
BRDA:40,13,0,0
BRDA:40,13,1,0
BRDA:40,14,0,0
BRDA:40,14,1,0
BRDA:40,14,2,0
BRDA:48,15,0,12
BRDA:48,15,1,0
BRDA:48,16,0,0
BRDA:48,16,1,0
BRDA:54,17,0,2
BRDA:54,17,1,1
BRDA:57,18,0,2
BRDA:57,18,1,1
BRDA:60,19,0,1
BRDA:60,19,1,1
BRF:42
BRH:33
end_of_record
TN:
SF:src/oracle.js
FN:3,(anonymous_0)
FN:13,(anonymous_1)
FN:39,(anonymous_2)
FN:54,(anonymous_3)
FN:61,(anonymous_4)
FN:69,(anonymous_5)
FN:70,(anonymous_6)
FN:82,(anonymous_7)
FNF:8
FNH:0
FNDA:0,(anonymous_0)
FNDA:0,(anonymous_1)
FNDA:0,(anonymous_2)
FNDA:0,(anonymous_3)
FNDA:0,(anonymous_4)
FNDA:0,(anonymous_5)
FNDA:0,(anonymous_6)
FNDA:0,(anonymous_7)
DA:4,0
DA:14,0
DA:16,0
DA:18,0
DA:19,0
DA:20,0
DA:33,0
DA:36,0
DA:41,0
DA:42,0
DA:45,0
DA:54,0
DA:55,0
DA:58,0
DA:64,0
DA:66,0
DA:67,0
DA:69,0
DA:70,0
DA:71,0
DA:72,0
DA:73,0
DA:77,0
DA:78,0
DA:83,0
DA:84,0
DA:85,0
DA:88,0
DA:89,0
DA:93,0
LF:30
LH:0
BRDA:71,0,0,0
BRDA:71,0,1,0
BRDA:89,1,0,0
BRDA:89,1,1,0
BRF:4
BRH:0
end_of_record
TN:
SF:src/orchestrator.js
FN:9,(anonymous_0)
FN:20,(anonymous_1)
FN:62,(anonymous_2)
FN:82,(anonymous_3)
FN:83,(anonymous_4)
FN:89,(anonymous_5)
FN:102,(anonymous_6)
FN:108,(anonymous_7)
FN:112,(anonymous_8)
FN:115,(anonymous_9)
FN:130,(anonymous_10)
FN:138,(anonymous_11)
FN:145,(anonymous_12)
FN:158,(anonymous_13)
FN:179,(anonymous_14)
FN:179,(anonymous_15)
FN:202,(anonymous_16)
FN:324,(anonymous_17)
FN:328,(anonymous_18)
FN:344,(anonymous_19)
FNF:20
FNH:15
FNDA:34,(anonymous_0)
FNDA:75,(anonymous_1)
FNDA:0,(anonymous_2)
FNDA:1,(anonymous_3)
FNDA:0,(anonymous_4)
FNDA:33,(anonymous_5)
FNDA:26,(anonymous_6)
FNDA:15,(anonymous_7)
FNDA:11,(anonymous_8)
FNDA:12,(anonymous_9)
FNDA:1,(anonymous_10)
FNDA:9,(anonymous_11)
FNDA:118,(anonymous_12)
FNDA:0,(anonymous_13)
FNDA:0,(anonymous_14)
FNDA:0,(anonymous_15)
FNDA:7,(anonymous_16)
FNDA:10,(anonymous_17)
FNDA:7,(anonymous_18)
FNDA:5,(anonymous_19)
DA:3,34
DA:8,34
DA:9,34
DA:10,34
DA:11,34
DA:13,0
DA:17,34
DA:22,75
DA:23,75
DA:24,75
DA:30,75
DA:31,75
DA:34,75
DA:42,75
DA:43,75
DA:50,75
DA:51,75
DA:52,75
DA:53,75
DA:54,75
DA:57,75
DA:58,0
DA:63,0
DA:64,0
DA:65,0
DA:67,0
DA:68,0
DA:71,0
DA:75,0
DA:78,0
DA:83,1
DA:84,0
DA:85,0
DA:91,33
DA:92,4
DA:94,29
DA:95,2
DA:98,27
DA:99,27
DA:104,26
DA:109,15
DA:110,15
DA:111,15
DA:112,15
DA:116,12
DA:117,12
DA:118,12
DA:119,12
DA:120,12
DA:121,10
DA:122,10
DA:124,2
DA:125,2
DA:131,1
DA:132,1
DA:139,9
DA:142,9
DA:143,9
DA:145,9
DA:146,118
DA:147,118
DA:148,118
DA:149,118
DA:150,118
DA:153,118
DA:154,118
DA:157,2
DA:158,2
DA:163,118
DA:164,118
DA:167,2
DA:168,0
DA:169,0
DA:173,0
DA:179,0
DA:185,9
DA:187,9
DA:188,9
DA:189,9
DA:190,9
DA:191,3
DA:193,6
DA:195,6
DA:196,6
DA:197,6
DA:200,6
DA:201,6
DA:202,7
DA:203,6
DA:204,6
DA:206,6
DA:207,6
DA:208,6
DA:210,6
DA:211,6
DA:212,6
DA:214,6
DA:215,6
DA:216,6
DA:218,6
DA:219,6
DA:220,6
DA:223,6
DA:224,6
DA:225,6
DA:226,6
DA:227,1
DA:229,5
DA:232,5
DA:233,0
DA:234,0
DA:235,0
DA:236,0
DA:239,0
DA:240,0
DA:241,0
DA:242,0
DA:243,0
DA:244,0
DA:245,0
DA:246,0
DA:247,0
DA:249,0
DA:254,5
DA:255,1
DA:258,1
DA:259,1
DA:261,1
DA:262,1
DA:263,1
DA:266,0
DA:271,0
DA:275,1
DA:276,1
DA:277,1
DA:278,1
DA:281,1
DA:282,1
DA:283,1
DA:284,1
DA:287,1
DA:288,1
DA:289,1
DA:290,1
DA:293,1
DA:294,1
DA:295,1
DA:296,1
DA:299,1
DA:300,0
DA:303,4
DA:308,4
DA:309,4
DA:311,4
DA:312,4
DA:315,4
DA:317,5
DA:318,5
DA:319,5
DA:320,5
DA:325,10
DA:329,7
DA:345,5
DA:346,5
DA:348,5
DA:389,5
DA:390,5
DA:391,5
DA:395,34
LF:169
LH:136
BRDA:22,0,0,44
BRDA:22,0,1,31
BRDA:38,1,0,75
BRDA:38,1,1,75
BRDA:57,2,0,0
BRDA:57,2,1,75
BRDA:64,3,0,0
BRDA:64,3,1,0
BRDA:64,4,0,0
BRDA:64,4,1,0
BRDA:75,5,0,0
BRDA:75,5,1,0
BRDA:91,6,0,4
BRDA:91,6,1,29
BRDA:94,7,0,2
BRDA:94,7,1,27
BRDA:94,8,0,29
BRDA:94,8,1,28
BRDA:108,9,0,0
BRDA:110,10,0,15
BRDA:110,10,1,0
BRDA:116,11,0,0
BRDA:116,11,1,12
BRDA:131,12,0,1
BRDA:131,12,1,0
BRDA:149,13,0,118
BRDA:149,13,1,0
BRDA:154,14,0,116
BRDA:154,14,1,2
BRDA:157,15,0,2
BRDA:157,15,1,0
BRDA:157,16,0,2
BRDA:157,16,1,2
BRDA:164,17,0,116
BRDA:164,17,1,2
BRDA:167,18,0,0
BRDA:167,18,1,2
BRDA:175,19,0,0
BRDA:175,19,1,0
BRDA:190,20,0,3
BRDA:190,20,1,6
BRDA:208,21,0,6
BRDA:208,21,1,6
BRDA:226,22,0,1
BRDA:226,22,1,5
BRDA:232,23,0,0
BRDA:232,23,1,5
BRDA:232,24,0,5
BRDA:232,24,1,5
BRDA:244,25,0,0
BRDA:244,25,1,0
BRDA:254,26,0,1
BRDA:254,26,1,4
BRDA:254,27,0,5
BRDA:254,27,1,5
BRDA:325,28,0,10
BRDA:325,28,1,1
BRDA:358,29,0,0
BRDA:358,29,1,5
BRDA:359,30,0,0
BRDA:359,30,1,5
BRDA:360,31,0,0
BRDA:360,31,1,5
BRF:63
BRH:41
end_of_record
TN:
SF:src/prisma.js
FN:7,(anonymous_0)
FNF:1
FNH:0
FNDA:0,(anonymous_0)
DA:2,18
DA:4,18
DA:7,18
DA:8,0
DA:9,0
LF:5
LH:3
BRF:0
BRH:0
end_of_record
TN:
SF:src/sseTokenService.js
FN:9,(anonymous_0)
FN:18,generateToken
FN:29,validateToken
FN:49,cleanupExpired
FN:57,startCleanupInterval
FN:64,stopCleanupInterval
FN:72,initialize
FN:76,shutdown
FNF:8
FNH:6
FNDA:0,(anonymous_0)
FNDA:9,generateToken
FNDA:10,validateToken
FNDA:0,cleanupExpired
FNDA:4,startCleanupInterval
FNDA:17,stopCleanupInterval
FNDA:4,initialize
FNDA:17,shutdown
DA:4,16
DA:5,16
DA:7,16
DA:8,0
DA:9,0
DA:11,0
DA:16,16
DA:19,9
DA:20,9
DA:21,9
DA:22,0
DA:24,9
DA:26,9
DA:30,10
DA:31,9
DA:32,0
DA:33,0
DA:34,0
DA:36,0
DA:40,9
DA:41,9
DA:42,7
DA:43,4
DA:44,4
DA:46,3
DA:50,0
DA:51,0
DA:52,0
DA:56,16
DA:58,4
DA:59,1
DA:60,1
DA:61,1
DA:65,17
DA:66,1
DA:67,1
DA:73,4
DA:77,17
LF:38
LH:27
BRDA:4,0,0,16
BRDA:4,0,1,16
BRDA:7,1,0,0
BRDA:7,1,1,16
BRDA:18,2,0,1
BRDA:21,3,0,0
BRDA:21,3,1,9
BRDA:30,4,0,1
BRDA:30,4,1,9
BRDA:31,5,0,0
BRDA:31,5,1,9
BRDA:41,6,0,2
BRDA:41,6,1,7
BRDA:42,7,0,4
BRDA:42,7,1,3
BRDA:52,8,0,0
BRDA:52,8,1,0
BRDA:58,9,0,3
BRDA:58,9,1,1
BRDA:58,10,0,4
BRDA:58,10,1,2
BRDA:59,11,0,0
BRDA:59,11,1,1
BRDA:61,12,0,1
BRDA:61,12,1,0
BRDA:65,13,0,1
BRDA:65,13,1,16
BRF:27
BRH:20
end_of_record
TN:
SF:src/agents/GeophysicalRiskAgent.js
FN:1,analyzeSeismicActivity
FN:4,(anonymous_1)
FNF:2
FNH:2
FNDA:5,analyzeSeismicActivity
FNDA:2,(anonymous_1)
DA:2,5
DA:4,3
DA:5,2
DA:6,2
DA:7,2
DA:9,2
LF:6
LH:6
BRDA:2,0,0,2
BRDA:2,0,1,3
BRDA:2,1,0,5
BRDA:2,1,1,4
BRDA:6,2,0,2
BRDA:6,2,1,0
BRDA:7,3,0,1
BRDA:7,3,1,1
BRF:8
BRH:7
end_of_record
TN:
SF:src/integrations/BiodiversityIntegration.js
FN:4,(anonymous_0)
FN:10,(anonymous_1)
FN:27,(anonymous_2)
FN:43,(anonymous_3)
FN:67,(anonymous_4)
FN:68,(anonymous_5)
FN:76,(anonymous_6)
FNF:7
FNH:0
FNDA:0,(anonymous_0)
FNDA:0,(anonymous_1)
FNDA:0,(anonymous_2)
FNDA:0,(anonymous_3)
FNDA:0,(anonymous_4)
FNDA:0,(anonymous_5)
FNDA:0,(anonymous_6)
DA:6,0
DA:11,0
DA:14,0
DA:15,0
DA:17,0
DA:18,0
DA:19,0
DA:20,0
DA:22,0
DA:23,0
DA:28,0
DA:30,0
DA:31,0
DA:33,0
DA:34,0
DA:35,0
DA:36,0
DA:38,0
DA:39,0
DA:44,0
DA:46,0
DA:47,0
DA:62,0
DA:67,0
DA:68,0
DA:77,0
LF:26
LH:0
BRDA:10,0,0,0
BRDA:18,1,0,0
BRDA:18,1,1,0
BRDA:23,2,0,0
BRDA:23,2,1,0
BRDA:23,3,0,0
BRDA:23,3,1,0
BRDA:34,4,0,0
BRDA:34,4,1,0
BRDA:39,5,0,0
BRDA:39,5,1,0
BRDA:39,6,0,0
BRDA:39,6,1,0
BRF:13
BRH:0
end_of_record
TN:
SF:src/integrations/ClimateIntegration.js
FN:4,(anonymous_0)
FN:8,(anonymous_1)
FN:11,(anonymous_2)
FN:20,(anonymous_3)
FN:26,(anonymous_4)
FN:61,(anonymous_5)
FN:67,(anonymous_6)
FN:68,(anonymous_7)
FN:69,(anonymous_8)
FN:70,(anonymous_9)
FN:74,(anonymous_10)
FN:75,(anonymous_11)
FN:76,(anonymous_12)
FN:92,(anonymous_13)
FN:104,(anonymous_14)
FN:125,(anonymous_15)
FN:136,(anonymous_16)
FNF:17
FNH:12
FNDA:3,(anonymous_0)
FNDA:0,(anonymous_1)
FNDA:0,(anonymous_2)
FNDA:0,(anonymous_3)
FNDA:2,(anonymous_4)
FNDA:2,(anonymous_5)
FNDA:62,(anonymous_6)
FNDA:62,(anonymous_7)
FNDA:62,(anonymous_8)
FNDA:0,(anonymous_9)
FNDA:62,(anonymous_10)
FNDA:62,(anonymous_11)
FNDA:62,(anonymous_12)
FNDA:2,(anonymous_13)
FNDA:0,(anonymous_14)
FNDA:2,(anonymous_15)
FNDA:2,(anonymous_16)
DA:5,3
DA:9,0
DA:10,0
DA:11,0
DA:13,0
DA:15,0
DA:18,0
DA:19,0
DA:20,0
DA:22,0
DA:27,2
DA:28,2
DA:29,2
DA:30,2
DA:32,2
DA:42,2
DA:43,2
DA:45,2
DA:46,2
DA:48,0
DA:51,0
DA:52,0
DA:53,0
DA:54,0
DA:55,0
DA:57,0
DA:62,2
DA:63,2
DA:64,2
DA:65,2
DA:67,62
DA:68,62
DA:69,62
DA:70,2
DA:73,2
DA:74,62
DA:75,62
DA:76,62
DA:78,2
DA:93,2
DA:94,2
DA:95,2
DA:96,2
DA:97,2
DA:99,2
DA:100,2
DA:101,2
DA:105,0
DA:113,0
DA:115,0
DA:126,2
DA:133,2
DA:137,2
DA:144,2
LF:54
LH:35
BRDA:8,0,0,0
BRDA:19,1,0,0
BRDA:19,1,1,0
BRDA:22,2,0,0
BRDA:22,2,1,0
BRDA:22,3,0,0
BRDA:22,3,1,0
BRDA:45,4,0,2
BRDA:45,4,1,0
BRDA:45,5,0,2
BRDA:45,5,1,2
BRDA:45,5,2,2
BRDA:52,6,0,0
BRDA:52,6,1,0
BRDA:53,7,0,0
BRDA:53,7,1,0
BRDA:57,8,0,0
BRDA:57,8,1,0
BRDA:57,9,0,0
BRDA:57,9,1,0
BRDA:62,10,0,2
BRDA:62,10,1,0
BRDA:63,11,0,2
BRDA:63,11,1,0
BRDA:64,12,0,2
BRDA:64,12,1,0
BRDA:65,13,0,2
BRDA:65,13,1,2
BRDA:74,14,0,0
BRDA:74,14,1,62
BRDA:75,15,0,0
BRDA:75,15,1,62
BRDA:76,16,0,0
BRDA:76,16,1,62
BRDA:94,17,0,0
BRDA:94,17,1,2
BRDA:95,18,0,0
BRDA:95,18,1,2
BRDA:96,19,0,0
BRDA:96,19,1,2
BRDA:97,20,0,0
BRDA:97,20,1,2
BRDA:99,21,0,0
BRDA:99,21,1,2
BRDA:100,22,0,0
BRDA:100,22,1,2
BRDA:113,23,0,0
BRDA:113,23,1,0
BRDA:133,24,0,2
BRDA:133,24,1,0
BRDA:144,25,0,2
BRDA:144,25,1,0
BRF:52
BRH:20
end_of_record
TN:
SF:src/integrations/CryptoIntegration.js
FN:4,(anonymous_0)
FN:8,(anonymous_1)
FN:25,(anonymous_2)
FNF:3
FNH:3
FNDA:11,(anonymous_0)
FNDA:6,(anonymous_1)
FNDA:5,(anonymous_2)
DA:5,11
DA:9,6
DA:10,6
DA:11,6
DA:12,6
DA:13,6
DA:15,0
DA:16,0
DA:17,0
DA:18,0
DA:20,0
DA:21,0
DA:26,5
DA:27,5
DA:28,5
DA:29,5
DA:31,0
DA:32,0
DA:33,0
DA:34,0
DA:36,0
DA:37,0
LF:22
LH:10
BRDA:8,0,0,1
BRDA:8,1,0,1
BRDA:16,2,0,0
BRDA:16,2,1,0
BRDA:21,3,0,0
BRDA:21,3,1,0
BRDA:21,4,0,0
BRDA:21,4,1,0
BRDA:25,5,0,0
BRDA:25,6,0,0
BRDA:32,7,0,0
BRDA:32,7,1,0
BRDA:37,8,0,0
BRDA:37,8,1,0
BRDA:37,9,0,0
BRDA:37,9,1,0
BRF:16
BRH:2
end_of_record
TN:
SF:src/integrations/FMIIntegration.js
FN:4,(anonymous_0)
FN:11,(anonymous_1)
FN:13,(anonymous_2)
FN:14,(anonymous_3)
FN:41,(anonymous_4)
FNF:5
FNH:5
FNDA:12,(anonymous_0)
FNDA:12,(anonymous_1)
FNDA:6,(anonymous_2)
FNDA:8,(anonymous_3)
FNDA:2,(anonymous_4)
DA:5,12
DA:8,12
DA:12,12
DA:13,12
DA:14,6
DA:16,8
DA:17,8
DA:19,6
DA:20,0
DA:24,6
DA:25,1
DA:29,5
DA:30,5
DA:32,1
DA:36,4
DA:37,3
DA:41,2
DA:46,1
DA:55,2
DA:58,10
DA:60,10
DA:61,10
DA:62,0
DA:66,10
DA:75,10
DA:76,10
DA:78,10
DA:83,10
LF:28
LH:26
BRDA:5,0,0,0
BRDA:5,0,1,12
BRDA:19,1,0,0
BRDA:19,1,1,6
BRDA:24,2,0,1
BRDA:24,2,1,5
BRDA:36,3,0,3
BRDA:36,3,1,1
BRDA:42,4,0,2
BRDA:42,4,1,0
BRDA:43,5,0,2
BRDA:43,5,1,0
BRDA:61,6,0,0
BRDA:61,6,1,10
BRDA:62,7,0,0
BRDA:62,7,1,0
BRDA:62,8,0,0
BRDA:62,8,1,0
BRDA:75,9,0,10
BRDA:75,9,1,1
BRF:20
BRH:11
end_of_record
TN:
SF:src/integrations/GdeltIntegration.js
FN:5,(anonymous_0)
FN:21,(anonymous_1)
FN:29,(anonymous_2)
FN:36,(anonymous_3)
FN:41,(anonymous_4)
FN:79,(anonymous_5)
FN:111,(anonymous_6)
FN:135,(anonymous_7)
FNF:8
FNH:4
FNDA:34,(anonymous_0)
FNDA:21,(anonymous_1)
FNDA:0,(anonymous_2)
FNDA:0,(anonymous_3)
FNDA:0,(anonymous_4)
FNDA:0,(anonymous_5)
FNDA:21,(anonymous_6)
FNDA:42,(anonymous_7)
DA:6,34
DA:7,34
DA:8,34
DA:15,34
DA:17,34
DA:18,34
DA:23,21
DA:24,21
DA:25,21
DA:28,0
DA:29,0
DA:31,0
DA:32,0
DA:33,0
DA:34,0
DA:36,0
DA:39,0
DA:41,0
DA:42,0
DA:43,0
DA:46,0
DA:47,0
DA:49,0
DA:51,0
DA:52,0
DA:54,0
DA:58,0
DA:59,0
DA:62,0
DA:63,0
DA:65,0
DA:69,0
DA:70,0
DA:74,0
DA:75,0
DA:78,0
DA:79,0
DA:80,0
DA:81,0
DA:82,0
DA:83,0
DA:84,0
DA:85,0
DA:89,0
DA:100,0
DA:103,0
DA:106,0
DA:112,21
DA:134,21
DA:135,21
DA:136,42
DA:137,42
DA:138,42
DA:139,42
DA:140,42
DA:141,42
DA:145,21
LF:57
LH:19
BRDA:6,0,0,34
BRDA:6,0,1,34
BRDA:7,1,0,34
BRDA:7,1,1,34
BRDA:8,2,0,3
BRDA:8,2,1,31
BRDA:10,3,0,0
BRDA:10,3,1,31
BRDA:17,4,0,34
BRDA:17,4,1,0
BRDA:18,5,0,34
BRDA:18,5,1,0
BRDA:18,6,0,34
BRDA:18,6,1,0
BRDA:23,7,0,21
BRDA:23,7,1,16
BRDA:23,7,2,16
BRDA:24,8,0,21
BRDA:24,8,1,0
BRDA:31,9,0,0
BRDA:31,9,1,0
BRDA:31,9,2,0
BRDA:32,10,0,0
BRDA:32,10,1,0
BRDA:33,11,0,0
BRDA:33,11,1,0
BRDA:34,12,0,0
BRDA:34,12,1,0
BRDA:42,13,0,0
BRDA:42,13,1,0
BRDA:47,14,0,0
BRDA:47,14,1,0
BRDA:62,15,0,0
BRDA:62,15,1,0
BRDA:62,16,0,0
BRDA:62,16,1,0
BRDA:69,17,0,0
BRDA:69,17,1,0
BRDA:69,18,0,0
BRDA:69,18,1,0
BRDA:74,19,0,0
BRDA:74,19,1,0
BRDA:80,20,0,0
BRDA:80,20,1,0
BRDA:82,21,0,0
BRDA:82,21,1,0
BRDA:83,22,0,0
BRDA:83,22,1,0
BRDA:84,23,0,0
BRDA:84,23,1,0
BRDA:85,24,0,0
BRDA:85,24,1,0
BRDA:136,25,0,42
BRDA:136,25,1,0
BRDA:138,26,0,21
BRDA:138,26,1,21
BRDA:139,27,0,0
BRDA:139,27,1,42
BRDA:140,28,0,21
BRDA:140,28,1,21
BRDA:141,29,0,21
BRDA:141,29,1,21
BRF:62
BRH:22
end_of_record
TN:
SF:src/integrations/INEIIntegration.js
FN:4,(anonymous_0)
FN:11,(anonymous_1)
FN:73,(anonymous_2)
FNF:3
FNH:3
FNDA:25,(anonymous_0)
FNDA:3,(anonymous_1)
FNDA:1,(anonymous_2)
DA:6,25
DA:12,3
DA:15,3
DA:17,3
DA:20,3
DA:29,3
DA:36,0
DA:37,0
DA:38,0
DA:39,0
DA:46,0
DA:53,0
DA:69,0
DA:74,1
DA:76,1
DA:78,1
DA:80,1
DA:89,1
DA:96,0
DA:97,0
DA:98,0
DA:99,0
DA:106,0
DA:113,0
DA:129,0
LF:25
LH:11
BRDA:6,0,0,0
BRDA:6,0,1,25
BRDA:21,1,0,3
BRDA:21,1,1,0
BRDA:22,2,0,3
BRDA:22,2,1,0
BRDA:23,3,0,3
BRDA:23,3,1,3
BRDA:24,4,0,3
BRDA:24,4,1,3
BRDA:25,5,0,3
BRDA:25,5,1,3
BRDA:26,6,0,3
BRDA:26,6,1,3
BRDA:37,7,0,0
BRDA:37,7,1,0
BRDA:46,8,0,0
BRDA:46,8,1,0
BRDA:69,9,0,0
BRDA:69,9,1,0
BRDA:69,10,0,0
BRDA:69,10,1,0
BRDA:81,11,0,1
BRDA:81,11,1,0
BRDA:82,12,0,1
BRDA:82,12,1,0
BRDA:83,13,0,1
BRDA:83,13,1,1
BRDA:84,14,0,1
BRDA:84,14,1,1
BRDA:85,15,0,1
BRDA:85,15,1,1
BRDA:86,16,0,1
BRDA:86,16,1,1
BRDA:97,17,0,0
BRDA:97,17,1,0
BRDA:106,18,0,0
BRDA:106,18,1,0
BRDA:129,19,0,0
BRDA:129,19,1,0
BRDA:129,20,0,0
BRDA:129,20,1,0
BRF:42
BRH:21
end_of_record
TN:
SF:src/integrations/MINAGRIIntegration.js
FN:4,(anonymous_0)
FN:11,(anonymous_1)
FN:22,(anonymous_2)
FN:64,(anonymous_3)
FN:73,(anonymous_4)
FNF:5
FNH:3
FNDA:25,(anonymous_0)
FNDA:4,(anonymous_1)
FNDA:0,(anonymous_2)
FNDA:1,(anonymous_3)
FNDA:0,(anonymous_4)
DA:6,25
DA:12,4
DA:15,4
DA:16,4
DA:18,4
DA:19,4
DA:22,4
DA:29,4
DA:36,0
DA:37,0
DA:38,0
DA:39,0
DA:46,0
DA:60,0
DA:65,1
DA:67,1
DA:68,1
DA:70,1
DA:71,1
DA:73,1
DA:80,1
DA:86,0
DA:87,0
DA:88,0
DA:89,0
DA:96,0
DA:98,0
DA:111,0
LF:28
LH:15
BRDA:6,0,0,0
BRDA:6,0,1,25
BRDA:19,1,0,0
BRDA:19,1,1,4
BRDA:19,2,0,4
BRDA:19,2,1,4
BRDA:19,2,2,0
BRDA:23,3,0,0
BRDA:23,3,1,0
BRDA:24,4,0,0
BRDA:24,4,1,0
BRDA:25,5,0,0
BRDA:25,5,1,0
BRDA:26,6,0,0
BRDA:26,6,1,0
BRDA:37,7,0,0
BRDA:37,7,1,0
BRDA:52,8,0,0
BRDA:52,8,1,0
BRDA:60,9,0,0
BRDA:60,9,1,0
BRDA:60,10,0,0
BRDA:60,10,1,0
BRDA:71,11,0,0
BRDA:71,11,1,1
BRDA:71,12,0,1
BRDA:71,12,1,1
BRDA:71,12,2,0
BRDA:74,13,0,0
BRDA:74,13,1,0
BRDA:75,14,0,0
BRDA:75,14,1,0
BRDA:76,15,0,0
BRDA:76,15,1,0
BRDA:77,16,0,0
BRDA:77,16,1,0
BRDA:87,17,0,0
BRDA:87,17,1,0
BRDA:96,18,0,0
BRDA:96,18,1,0
BRDA:111,19,0,0
BRDA:111,19,1,0
BRDA:111,20,0,0
BRDA:111,20,1,0
BRF:44
BRH:7
end_of_record
TN:
SF:src/integrations/SIMIntegration.js
FN:4,(anonymous_0)
FN:11,(anonymous_1)
FN:71,(anonymous_2)
FN:83,(anonymous_3)
FN:128,(anonymous_4)
FNF:5
FNH:5
FNDA:37,(anonymous_0)
FNDA:9,(anonymous_1)
FNDA:2,(anonymous_2)
FNDA:6,(anonymous_3)
FNDA:7,(anonymous_4)
DA:6,37
DA:12,9
DA:14,9
DA:16,9
DA:19,7
DA:31,7
DA:38,0
DA:39,0
DA:40,0
DA:41,0
DA:43,0
DA:50,0
DA:52,0
DA:72,2
DA:74,2
DA:75,2
DA:76,2
DA:78,2
DA:80,2
DA:83,6
DA:89,1
DA:96,0
DA:97,0
DA:98,0
DA:99,0
DA:102,0
DA:103,0
DA:105,0
DA:106,0
DA:107,0
DA:108,0
DA:109,0
DA:111,0
DA:118,0
DA:129,7
DA:131,7
DA:133,7
DA:135,6
DA:143,0
DA:144,0
DA:145,0
DA:146,0
DA:148,0
DA:155,0
DA:156,0
DA:158,0
LF:46
LH:18
BRDA:6,0,0,0
BRDA:6,0,1,37
BRDA:21,1,0,7
BRDA:21,1,1,0
BRDA:22,2,0,7
BRDA:22,2,1,7
BRDA:23,3,0,7
BRDA:23,3,1,7
BRDA:24,4,0,7
BRDA:24,4,1,7
BRDA:25,5,0,7
BRDA:25,5,1,7
BRDA:26,6,0,7
BRDA:26,6,1,7
BRDA:27,7,0,7
BRDA:27,7,1,7
BRDA:38,8,0,0
BRDA:38,8,1,0
BRDA:40,9,0,0
BRDA:40,9,1,0
BRDA:41,10,0,0
BRDA:41,10,1,0
BRDA:41,11,0,0
BRDA:41,11,1,0
BRDA:50,12,0,0
BRDA:50,12,1,0
BRDA:57,13,0,0
BRDA:57,13,1,0
BRDA:71,14,0,0
BRDA:83,15,0,1
BRDA:83,15,1,0
BRDA:86,16,0,6
BRDA:86,16,1,0
BRDA:96,17,0,0
BRDA:96,17,1,0
BRDA:98,18,0,0
BRDA:98,18,1,0
BRDA:99,19,0,0
BRDA:99,19,1,0
BRDA:99,20,0,0
BRDA:99,20,1,0
BRDA:103,21,0,0
BRDA:103,21,1,0
BRDA:138,22,0,6
BRDA:138,22,1,0
BRDA:139,23,0,6
BRDA:139,23,1,0
BRDA:143,24,0,0
BRDA:143,24,1,0
BRDA:145,25,0,0
BRDA:145,25,1,0
BRDA:146,26,0,0
BRDA:146,26,1,0
BRDA:146,27,0,0
BRDA:146,27,1,0
BRDA:155,28,0,0
BRDA:155,28,1,0
BRDA:156,29,0,0
BRDA:156,29,1,0
BRDA:156,30,0,0
BRDA:156,30,1,0
BRF:61
BRH:18
end_of_record
TN:
SF:src/integrations/SatelliteIntegration.js
FN:4,(anonymous_0)
FN:12,(anonymous_1)
FN:22,(anonymous_2)
FN:86,(anonymous_3)
FNF:4
FNH:4
FNDA:8,(anonymous_0)
FNDA:7,(anonymous_1)
FNDA:14,(anonymous_2)
FNDA:2,(anonymous_3)
DA:7,8
DA:13,7
DA:16,7
DA:18,7
DA:22,7
DA:23,14
DA:24,14
DA:25,14
DA:28,14
DA:29,14
DA:30,14
DA:31,0
DA:32,0
DA:35,14
DA:41,7
DA:49,0
DA:50,0
DA:51,0
DA:54,0
DA:56,0
DA:57,0
DA:59,0
DA:60,0
DA:61,0
DA:62,0
DA:65,0
DA:66,0
DA:67,0
DA:68,0
DA:71,0
DA:73,0
DA:76,0
DA:88,2
DA:101,2
LF:34
LH:15
BRDA:7,0,0,0
BRDA:7,0,1,8
BRDA:29,1,0,14
BRDA:29,1,1,0
BRDA:29,2,0,14
BRDA:29,2,1,14
BRDA:31,3,0,0
BRDA:31,3,1,0
BRDA:50,4,0,0
BRDA:50,4,1,0
BRDA:54,5,0,0
BRDA:54,5,1,0
BRDA:54,6,0,0
BRDA:54,6,1,0
BRDA:67,7,0,0
BRDA:67,7,1,0
BRDA:67,8,0,0
BRDA:67,8,1,0
BRDA:86,9,0,0
BRDA:93,10,0,0
BRDA:93,10,1,2
BRDA:93,11,0,2
BRDA:93,11,1,0
BRF:23
BRH:6
end_of_record
TN:
SF:src/integrations/WorldBankIntegration.js
FN:4,(anonymous_0)
FN:10,(anonymous_1)
FN:41,(anonymous_2)
FN:55,(anonymous_3)
FN:77,(anonymous_4)
FN:100,(anonymous_5)
FN:114,(anonymous_6)
FN:144,(anonymous_7)
FN:157,(anonymous_8)
FN:175,(anonymous_9)
FN:188,(anonymous_10)
FN:212,(anonymous_11)
FN:215,(anonymous_12)
FNF:13
FNH:6
FNDA:24,(anonymous_0)
FNDA:13,(anonymous_1)
FNDA:0,(anonymous_2)
FNDA:0,(anonymous_3)
FNDA:38,(anonymous_4)
FNDA:11,(anonymous_5)
FNDA:3,(anonymous_6)
FNDA:0,(anonymous_7)
FNDA:4,(anonymous_8)
FNDA:0,(anonymous_9)
FNDA:0,(anonymous_10)
FNDA:0,(anonymous_11)
FNDA:0,(anonymous_12)
DA:5,24
DA:11,13
DA:12,13
DA:14,13
DA:15,38
DA:18,38
DA:19,38
DA:21,0
DA:22,0
DA:23,0
DA:26,38
DA:27,0
DA:28,0
DA:29,0
DA:30,0
DA:31,0
DA:35,0
DA:39,38
DA:41,38
DA:42,38
DA:43,38
DA:50,0
DA:51,0
DA:52,0
DA:54,0
DA:55,0
DA:56,0
DA:62,0
DA:63,0
DA:69,0
DA:71,0
DA:72,0
DA:77,38
DA:80,7
DA:86,0
DA:90,0
DA:91,0
DA:92,0
DA:93,0
DA:95,0
DA:101,11
DA:110,11
DA:115,3
DA:116,3
DA:117,3
DA:119,3
DA:120,4
DA:123,4
DA:124,4
DA:126,0
DA:127,0
DA:128,0
DA:131,4
DA:132,0
DA:133,0
DA:134,0
DA:135,0
DA:136,0
DA:139,0
DA:142,4
DA:144,4
DA:145,4
DA:146,4
DA:153,0
DA:157,4
DA:160,3
DA:167,0
DA:169,0
DA:170,0
DA:176,0
DA:179,0
DA:188,0
DA:189,0
DA:190,0
DA:193,0
DA:202,0
DA:213,0
DA:215,0
DA:216,0
DA:224,0
LF:80
LH:30
BRDA:5,0,0,0
BRDA:5,0,1,24
BRDA:26,1,0,0
BRDA:26,1,1,38
BRDA:26,2,0,38
BRDA:26,2,1,38
BRDA:26,2,2,38
BRDA:26,2,3,38
BRDA:30,3,0,0
BRDA:30,3,1,0
BRDA:30,4,0,0
BRDA:30,4,1,0
BRDA:30,4,2,0
BRDA:30,4,3,0
BRDA:39,5,0,38
BRDA:39,5,1,0
BRDA:39,6,0,38
BRDA:39,6,1,38
BRDA:39,6,2,38
BRDA:52,7,0,0
BRDA:52,7,1,0
BRDA:52,8,0,0
BRDA:52,8,1,0
BRDA:52,8,2,0
BRDA:54,9,0,0
BRDA:54,9,1,0
BRDA:54,10,0,0
BRDA:54,10,1,0
BRDA:55,11,0,0
BRDA:55,11,1,0
BRDA:55,11,2,0
BRDA:56,12,0,0
BRDA:56,12,1,0
BRDA:62,13,0,0
BRDA:62,13,1,0
BRDA:66,14,0,0
BRDA:66,14,1,0
BRDA:91,15,0,0
BRDA:91,15,1,0
BRDA:95,16,0,0
BRDA:95,16,1,0
BRDA:95,17,0,0
BRDA:95,17,1,0
BRDA:100,18,0,6
BRDA:100,19,0,6
BRDA:114,20,0,0
BRDA:114,21,0,0
BRDA:114,22,0,0
BRDA:131,23,0,0
BRDA:131,23,1,4
BRDA:131,24,0,4
BRDA:131,24,1,4
BRDA:131,24,2,4
BRDA:131,24,3,4
BRDA:135,25,0,0
BRDA:135,25,1,0
BRDA:135,26,0,0
BRDA:135,26,1,0
BRDA:135,26,2,0
BRDA:135,26,3,0
BRDA:142,27,0,4
BRDA:142,27,1,0
BRDA:142,28,0,4
BRDA:142,28,1,4
BRDA:142,28,2,4
BRDA:189,29,0,0
BRDA:189,29,1,0
BRF:67
BRH:21
end_of_record
TN:
SF:src/integrations/open-meteo.mock.js
FN:5,fetchRecentTemperature
FN:46,fetchClimatePrediction
FNF:2
FNH:2
FNDA:6,fetchRecentTemperature
FNDA:6,fetchClimatePrediction
DA:7,6
DA:8,6
DA:9,6
DA:10,6
DA:13,6
DA:14,6
DA:15,6
DA:18,6
DA:19,6
DA:20,6
DA:21,6
DA:23,6
DA:31,0
DA:33,0
DA:48,6
DA:49,6
DA:50,6
DA:51,6
DA:54,6
DA:55,6
DA:56,6
DA:58,0
DA:60,0
DA:61,0
DA:62,0
DA:70,0
LF:26
LH:19
BRDA:9,0,0,6
BRDA:9,0,1,6
BRDA:10,1,0,0
BRDA:10,1,1,6
BRDA:12,2,0,0
BRDA:12,2,1,6
BRDA:15,3,0,6
BRDA:15,3,1,0
BRDA:18,4,0,6
BRDA:18,4,1,6
BRDA:19,5,0,6
BRDA:19,5,1,6
BRDA:20,6,0,6
BRDA:20,6,1,6
BRDA:21,7,0,6
BRDA:21,7,1,6
BRDA:24,8,0,6
BRDA:24,8,1,6
BRDA:25,9,0,0
BRDA:25,9,1,6
BRDA:25,10,0,6
BRDA:25,10,1,6
BRDA:26,11,0,0
BRDA:26,11,1,6
BRDA:26,12,0,6
BRDA:26,12,1,6
BRDA:27,13,0,6
BRDA:27,13,1,6
BRDA:28,14,0,6
BRDA:28,14,1,6
BRDA:31,15,0,0
BRDA:31,15,1,0
BRDA:31,16,0,0
BRDA:31,16,1,0
BRDA:46,17,0,0
BRDA:50,18,0,6
BRDA:50,18,1,6
BRDA:51,19,0,0
BRDA:51,19,1,6
BRDA:53,20,0,0
BRDA:53,20,1,6
BRDA:56,21,0,6
BRDA:56,21,1,0
BRDA:56,22,0,6
BRDA:56,22,1,6
BRDA:58,23,0,0
BRDA:58,23,1,0
BRDA:58,24,0,0
BRDA:58,24,1,0
BRF:49
BRH:32
end_of_record
TN:
SF:src/lib/force-mocks.js
FN:1,forceMocksEnabled
FNF:1
FNH:1
FNDA:10,forceMocksEnabled
DA:2,10
LF:1
LH:1
BRDA:2,0,0,10
BRDA:2,0,1,10
BRDA:2,0,2,10
BRF:3
BRH:3
end_of_record
TN:
SF:src/lib/safeFetch.js
FN:11,safeFetch
FN:14,(anonymous_1)
FN:24,(anonymous_2)
FN:82,(anonymous_3)
FN:104,(anonymous_4)
FNF:5
FNH:1
FNDA:89,safeFetch
FNDA:0,(anonymous_1)
FNDA:0,(anonymous_2)
FNDA:0,(anonymous_3)
FNDA:0,(anonymous_4)
DA:6,53
DA:12,89
DA:13,89
DA:14,89
DA:15,89
DA:16,89
DA:17,89
DA:18,85
DA:19,85
DA:22,0
DA:23,0
DA:24,0
DA:25,0
DA:26,0
DA:27,0
DA:28,0
DA:30,0
DA:34,0
DA:35,0
DA:36,0
DA:37,0
DA:38,0
DA:42,0
DA:46,85
DA:47,85
DA:48,85
DA:49,85
DA:50,85
DA:51,0
DA:52,0
DA:56,0
DA:60,85
DA:61,0
DA:64,85
DA:65,85
DA:66,85
DA:69,0
DA:70,0
DA:71,0
DA:72,0
DA:73,0
DA:75,0
DA:80,0
DA:81,0
DA:82,0
DA:83,0
DA:84,0
DA:85,0
DA:86,0
DA:88,0
DA:92,0
DA:93,0
DA:94,0
DA:95,0
DA:96,0
DA:98,0
DA:100,0
DA:101,0
DA:103,0
DA:104,0
LF:60
LH:18
BRDA:11,0,0,0
BRDA:11,1,0,0
BRDA:11,2,0,0
BRDA:11,3,0,0
BRDA:16,4,0,89
BRDA:16,4,1,45
BRDA:19,5,0,0
BRDA:19,5,1,85
BRDA:23,6,0,0
BRDA:23,6,1,0
BRDA:23,7,0,0
BRDA:23,7,1,0
BRDA:25,8,0,0
BRDA:25,8,1,0
BRDA:25,9,0,0
BRDA:25,9,1,0
BRDA:28,10,0,0
BRDA:28,10,1,0
BRDA:48,11,0,85
BRDA:48,11,1,0
BRDA:48,12,0,85
BRDA:48,12,1,85
BRDA:49,13,0,85
BRDA:49,13,1,0
BRDA:50,14,0,85
BRDA:50,14,1,0
BRDA:51,15,0,0
BRDA:51,15,1,0
BRDA:60,16,0,0
BRDA:60,16,1,85
BRDA:60,17,0,85
BRDA:60,17,1,0
BRDA:60,17,2,0
BRDA:64,18,0,85
BRDA:64,18,1,0
BRDA:64,19,0,85
BRDA:64,19,1,85
BRDA:66,20,0,85
BRDA:66,20,1,0
BRDA:72,21,0,0
BRDA:72,21,1,0
BRDA:72,22,0,0
BRDA:72,22,1,0
BRDA:75,23,0,0
BRDA:75,23,1,0
BRDA:75,24,0,0
BRDA:75,24,1,0
BRDA:81,25,0,0
BRDA:81,25,1,0
BRDA:81,26,0,0
BRDA:81,26,1,0
BRDA:83,27,0,0
BRDA:83,27,1,0
BRDA:83,28,0,0
BRDA:83,28,1,0
BRDA:86,29,0,0
BRDA:86,29,1,0
BRDA:101,30,0,0
BRDA:101,30,1,0
BRF:59
BRH:14
end_of_record
TN:
SF:src/routes/agent.js
FN:14,(anonymous_0)
FN:22,(anonymous_1)
FN:24,(anonymous_2)
FN:41,(anonymous_3)
FN:50,(anonymous_4)
FN:52,(anonymous_5)
FN:64,(anonymous_6)
FN:79,(anonymous_7)
FN:84,(anonymous_8)
FN:89,(anonymous_9)
FN:99,(anonymous_10)
FN:123,(anonymous_11)
FN:140,(anonymous_12)
FN:145,(anonymous_13)
FNF:14
FNH:1
FNDA:0,(anonymous_0)
FNDA:0,(anonymous_1)
FNDA:0,(anonymous_2)
FNDA:0,(anonymous_3)
FNDA:0,(anonymous_4)
FNDA:0,(anonymous_5)
FNDA:0,(anonymous_6)
FNDA:0,(anonymous_7)
FNDA:0,(anonymous_8)
FNDA:0,(anonymous_9)
FNDA:2,(anonymous_10)
FNDA:0,(anonymous_11)
FNDA:0,(anonymous_12)
FNDA:0,(anonymous_13)
DA:4,17
DA:8,17
DA:11,17
DA:14,17
DA:15,0
DA:16,0
DA:17,0
DA:19,0
DA:22,0
DA:23,0
DA:24,0
DA:25,0
DA:26,0
DA:33,0
DA:35,0
DA:36,0
DA:41,17
DA:42,0
DA:43,0
DA:49,0
DA:50,0
DA:51,0
DA:52,0
DA:53,0
DA:56,0
DA:58,0
DA:59,0
DA:64,17
DA:65,0
DA:67,0
DA:74,0
DA:75,0
DA:78,0
DA:79,0
DA:80,0
DA:84,0
DA:85,0
DA:89,0
DA:90,0
DA:91,0
DA:92,0
DA:93,0
DA:94,0
DA:99,17
DA:100,2
DA:102,2
DA:105,2
DA:106,2
DA:107,1
DA:110,1
DA:113,1
DA:115,1
DA:117,0
DA:118,0
DA:123,17
DA:124,0
DA:125,0
DA:126,0
DA:141,0
DA:146,0
DA:155,0
DA:156,0
DA:157,0
DA:158,0
DA:160,0
DA:162,0
DA:163,0
LF:67
LH:16
BRDA:4,0,0,17
BRDA:4,0,1,0
BRDA:4,0,2,0
BRDA:4,0,3,0
BRDA:17,1,0,0
BRDA:17,1,1,0
BRDA:23,2,0,0
BRDA:23,2,1,0
BRDA:51,3,0,0
BRDA:51,3,1,0
BRDA:74,4,0,0
BRDA:74,4,1,0
BRDA:78,5,0,0
BRDA:78,5,1,0
BRDA:79,6,0,0
BRDA:79,6,1,0
BRDA:91,7,0,0
BRDA:91,7,1,0
BRDA:93,8,0,0
BRDA:93,8,1,0
BRDA:94,9,0,0
BRDA:94,9,1,0
BRDA:106,10,0,1
BRDA:106,10,1,1
BRDA:132,11,0,0
BRDA:132,11,1,0
BRDA:133,12,0,0
BRDA:133,12,1,0
BRDA:134,13,0,0
BRDA:134,13,1,0
BRDA:135,14,0,0
BRDA:135,14,1,0
BRDA:136,15,0,0
BRDA:136,15,1,0
BRDA:137,16,0,0
BRDA:137,16,1,0
BRF:36
BRH:3
end_of_record
TN:
SF:src/routes/alerts.js
FN:30,(anonymous_0)
FN:45,(anonymous_1)
FN:48,(anonymous_2)
FN:51,(anonymous_3)
FN:67,(anonymous_4)
FN:68,(anonymous_5)
FN:76,(anonymous_6)
FNF:7
FNH:6
FNDA:20,(anonymous_0)
FNDA:4,(anonymous_1)
FNDA:2,(anonymous_2)
FNDA:0,(anonymous_3)
FNDA:2,(anonymous_4)
FNDA:3,(anonymous_5)
FNDA:2,(anonymous_6)
DA:3,18
DA:6,18
DA:30,18
DA:31,20
DA:34,20
DA:37,20
DA:38,20
DA:39,12
DA:42,8
DA:44,8
DA:45,4
DA:47,8
DA:48,2
DA:50,8
DA:51,0
DA:54,8
DA:61,8
DA:63,8
DA:67,18
DA:68,3
DA:69,2
DA:70,1
DA:72,1
DA:76,18
DA:77,2
DA:79,2
DA:80,1
DA:83,1
DA:94,1
DA:95,1
LF:30
LH:29
BRDA:34,0,0,20
BRDA:34,0,1,17
BRDA:34,1,0,20
BRDA:34,1,1,19
BRDA:34,2,0,20
BRDA:34,2,1,20
BRDA:38,3,0,12
BRDA:38,3,1,8
BRDA:44,4,0,2
BRDA:44,4,1,6
BRDA:47,5,0,1
BRDA:47,5,1,7
BRDA:50,6,0,0
BRDA:50,6,1,8
BRDA:69,7,0,1
BRDA:69,7,1,1
BRDA:79,8,0,1
BRDA:79,8,1,1
BRDA:79,9,0,2
BRDA:79,9,1,2
BRDA:79,9,2,1
BRDA:79,9,3,1
BRDA:79,9,4,1
BRF:23
BRH:22
end_of_record
TN:
SF:src/routes/auth.js
FN:11,(anonymous_0)
FN:29,(anonymous_1)
FNF:2
FNH:0
FNDA:0,(anonymous_0)
FNDA:0,(anonymous_1)
DA:5,21
DA:8,21
DA:11,21
DA:12,0
DA:13,0
DA:15,0
DA:16,0
DA:19,0
DA:20,0
DA:21,0
DA:22,0
DA:24,0
DA:25,0
DA:29,21
DA:30,0
DA:31,0
DA:32,0
DA:34,0
DA:43,0
DA:45,0
DA:47,0
DA:48,0
LF:22
LH:4
BRDA:8,0,0,21
BRDA:8,0,1,21
BRDA:13,1,0,0
BRDA:13,1,1,0
BRDA:15,2,0,0
BRDA:15,2,1,0
BRDA:31,3,0,0
BRDA:31,3,1,0
BRDA:32,4,0,0
BRDA:32,4,1,0
BRDA:32,5,0,0
BRDA:32,5,1,0
BRF:12
BRH:2
end_of_record
TN:
SF:src/routes/climate.js
FN:8,(anonymous_0)
FN:22,(anonymous_1)
FN:38,(anonymous_2)
FNF:3
FNH:0
FNDA:0,(anonymous_0)
FNDA:0,(anonymous_1)
FNDA:0,(anonymous_2)
DA:5,16
DA:8,16
DA:9,0
DA:10,0
DA:11,0
DA:13,0
DA:14,0
DA:16,0
DA:17,0
DA:22,16
DA:23,0
DA:24,0
DA:25,0
DA:27,0
DA:28,0
DA:30,0
DA:32,0
DA:33,0
DA:38,16
DA:39,0
DA:40,0
DA:41,0
DA:42,0
DA:43,0
DA:44,0
DA:46,0
DA:47,0
LF:27
LH:4
BRDA:11,0,0,0
BRDA:11,0,1,0
BRDA:11,1,0,0
BRDA:11,1,1,0
BRDA:24,2,0,0
BRDA:25,3,0,0
BRDA:25,3,1,0
BRDA:25,4,0,0
BRDA:25,4,1,0
BRDA:28,5,0,0
BRDA:28,5,1,0
BRDA:41,6,0,0
BRDA:41,6,1,0
BRDA:41,7,0,0
BRDA:41,7,1,0
BRDA:41,7,2,0
BRDA:41,7,3,0
BRDA:47,8,0,0
BRDA:47,8,1,0
BRDA:47,9,0,0
BRDA:47,9,1,0
BRF:21
BRH:0
end_of_record
TN:
SF:src/routes/community-resilience.js
FN:7,(anonymous_0)
FN:10,(anonymous_1)
FN:27,(anonymous_2)
FN:30,(anonymous_3)
FN:44,(anonymous_4)
FNF:5
FNH:4
FNDA:3,(anonymous_0)
FNDA:8,(anonymous_1)
FNDA:2,(anonymous_2)
FNDA:6,(anonymous_3)
FNDA:0,(anonymous_4)
DA:4,17
DA:7,17
DA:8,3
DA:9,3
DA:10,8
DA:12,3
DA:13,3
DA:15,3
DA:21,0
DA:22,0
DA:27,17
DA:28,2
DA:29,2
DA:30,6
DA:32,2
DA:33,2
DA:36,2
DA:44,0
DA:60,0
DA:67,2
DA:68,2
LF:21
LH:17
BRDA:9,0,0,2
BRDA:9,1,0,2
BRDA:29,2,0,2
BRDA:29,3,0,2
BRF:4
BRH:4
end_of_record
TN:
SF:src/routes/consciousness.js
FN:9,(anonymous_0)
FN:19,(anonymous_1)
FN:25,(anonymous_2)
FN:25,(anonymous_3)
FN:29,(anonymous_4)
FNF:5
FNH:5
FNDA:4,(anonymous_0)
FNDA:2,(anonymous_1)
FNDA:1,(anonymous_2)
FNDA:1,(anonymous_3)
FNDA:1,(anonymous_4)
DA:6,18
DA:9,18
DA:10,4
DA:11,4
DA:12,4
DA:13,4
DA:14,2
DA:15,2
DA:16,2
DA:17,2
DA:18,2
DA:19,2
DA:20,2
DA:24,2
DA:25,2
DA:26,2
DA:27,1
DA:28,1
DA:29,1
DA:30,1
DA:32,0
DA:33,0
LF:22
LH:20
BRDA:12,0,0,4
BRDA:12,0,1,2
BRDA:12,0,2,2
BRDA:13,1,0,2
BRDA:13,1,1,2
BRDA:16,2,0,2
BRDA:16,2,1,0
BRDA:16,3,0,2
BRDA:16,3,1,0
BRDA:17,4,0,2
BRDA:17,4,1,0
BRDA:17,5,0,2
BRDA:17,5,1,0
BRDA:18,6,0,2
BRDA:18,6,1,0
BRDA:18,7,0,2
BRDA:18,7,1,0
BRDA:26,8,0,1
BRDA:26,8,1,1
BRF:19
BRH:13
end_of_record
TN:
SF:src/routes/dashboard.js
FN:7,(anonymous_0)
FN:47,(anonymous_1)
FN:53,(anonymous_2)
FN:55,(anonymous_3)
FN:66,(anonymous_4)
FN:67,(anonymous_5)
FNF:6
FNH:6
FNDA:2,(anonymous_0)
FNDA:10,(anonymous_1)
FNDA:1,(anonymous_2)
FNDA:10,(anonymous_3)
FNDA:9,(anonymous_4)
FNDA:5,(anonymous_5)
DA:4,16
DA:7,16
DA:8,2
DA:10,2
DA:15,2
DA:17,1
DA:40,1
DA:44,1
DA:47,1
DA:48,10
DA:49,10
DA:50,10
DA:53,1
DA:54,1
DA:55,10
DA:56,1
DA:66,9
DA:67,5
DA:70,1
DA:78,1
DA:91,1
DA:93,0
DA:94,0
LF:23
LH:21
BRDA:15,0,0,1
BRDA:15,0,1,1
BRDA:15,1,0,2
BRDA:15,1,1,2
BRDA:48,2,0,1
BRDA:48,2,1,9
BRDA:67,3,0,5
BRDA:67,3,1,0
BRF:8
BRH:7
end_of_record
TN:
SF:src/routes/demo.js
FN:25,fetchOrThrow
FN:51,(anonymous_1)
FN:60,calculateRiskForCountry
FN:79,(anonymous_3)
FN:88,(anonymous_4)
FN:94,(anonymous_5)
FN:114,(anonymous_6)
FN:126,(anonymous_7)
FN:129,(anonymous_8)
FN:171,(anonymous_9)
FN:183,(anonymous_10)
FN:192,(anonymous_11)
FN:192,(anonymous_12)
FN:196,(anonymous_13)
FN:209,(anonymous_14)
FN:264,(anonymous_15)
FN:267,(anonymous_16)
FN:278,(anonymous_17)
FN:290,(anonymous_18)
FN:330,(anonymous_19)
FN:332,(anonymous_20)
FN:333,(anonymous_21)
FN:334,(anonymous_22)
FN:367,(anonymous_23)
FN:376,(anonymous_24)
FNF:25
FNH:19
FNDA:8,fetchOrThrow
FNDA:0,(anonymous_1)
FNDA:6,calculateRiskForCountry
FNDA:21,(anonymous_3)
FNDA:2,(anonymous_4)
FNDA:6,(anonymous_5)
FNDA:0,(anonymous_6)
FNDA:0,(anonymous_7)
FNDA:0,(anonymous_8)
FNDA:1,(anonymous_9)
FNDA:0,(anonymous_10)
FNDA:1,(anonymous_11)
FNDA:0,(anonymous_12)
FNDA:1,(anonymous_13)
FNDA:1,(anonymous_14)
FNDA:3,(anonymous_15)
FNDA:18,(anonymous_16)
FNDA:18,(anonymous_17)
FNDA:18,(anonymous_18)
FNDA:6,(anonymous_19)
FNDA:21,(anonymous_20)
FNDA:21,(anonymous_21)
FNDA:21,(anonymous_22)
FNDA:2,(anonymous_23)
FNDA:7,(anonymous_24)
DA:12,20
DA:15,20
DA:26,8
DA:32,8
DA:33,8
DA:34,8
DA:35,8
DA:37,8
DA:39,8
DA:40,8
DA:47,8
DA:48,5
DA:51,0
DA:52,0
DA:55,3
DA:62,6
DA:63,6
DA:64,6
DA:66,6
DA:69,6
DA:71,6
DA:72,6
DA:73,6
DA:76,6
DA:78,6
DA:79,21
DA:88,20
DA:89,2
DA:91,2
DA:94,6
DA:95,1
DA:98,1
DA:99,1
DA:101,1
DA:113,1
DA:114,1
DA:115,0
DA:116,0
DA:117,0
DA:119,0
DA:120,0
DA:123,1
DA:127,0
DA:128,0
DA:129,0
DA:131,0
DA:139,1
DA:141,1
DA:147,1
DA:151,1
DA:163,1
DA:165,1
DA:166,1
DA:171,20
DA:172,1
DA:174,1
DA:175,1
DA:177,1
DA:178,0
DA:179,0
DA:180,0
DA:181,0
DA:182,0
DA:183,0
DA:191,1
DA:192,1
DA:193,1
DA:194,1
DA:195,1
DA:196,1
DA:197,1
DA:198,1
DA:200,0
DA:208,1
DA:209,1
DA:210,1
DA:211,1
DA:212,1
DA:213,1
DA:214,0
DA:216,1
DA:218,1
DA:227,1
DA:244,1
DA:245,3
DA:246,3
DA:247,3
DA:248,3
DA:249,3
DA:250,1
DA:252,3
DA:253,3
DA:256,1
DA:258,0
DA:259,0
DA:264,20
DA:265,3
DA:267,3
DA:268,18
DA:269,18
DA:270,18
DA:278,3
DA:279,18
DA:280,18
DA:281,18
DA:282,18
DA:283,18
DA:290,3
DA:291,18
DA:292,18
DA:293,12
DA:300,3
DA:301,3
DA:304,3
DA:307,3
DA:310,1
DA:317,1
DA:318,1
DA:319,1
DA:322,1
DA:330,6
DA:332,21
DA:333,21
DA:334,21
DA:352,1
DA:354,2
DA:356,2
DA:367,20
DA:368,2
DA:369,2
DA:371,2
DA:372,0
DA:376,7
DA:377,2
DA:378,1
DA:382,1
DA:385,1
DA:386,1
DA:393,1
DA:396,1
DA:399,1
DA:402,1
DA:403,1
DA:404,1
DA:405,1
DA:406,1
DA:407,1
DA:408,1
DA:411,0
DA:415,1
DA:418,1
DA:419,1
DA:420,1
DA:422,1
DA:433,0
DA:434,0
LF:156
LH:131
BRDA:33,0,0,8
BRDA:33,0,1,0
BRDA:37,1,0,8
BRDA:37,1,1,0
BRDA:37,2,0,8
BRDA:37,2,1,1
BRDA:48,3,0,5
BRDA:48,3,1,0
BRDA:72,4,0,0
BRDA:72,4,1,6
BRDA:73,5,0,0
BRDA:73,5,1,6
BRDA:79,6,0,6
BRDA:79,6,1,0
BRDA:116,7,0,0
BRDA:116,7,1,0
BRDA:128,8,0,0
BRDA:128,8,1,0
BRDA:139,9,0,1
BRDA:139,9,1,0
BRDA:153,10,0,1
BRDA:153,10,1,0
BRDA:154,11,0,1
BRDA:154,11,1,0
BRDA:177,12,0,0
BRDA:177,12,1,1
BRDA:177,13,0,1
BRDA:177,13,1,0
BRDA:177,13,2,0
BRDA:180,14,0,0
BRDA:180,14,1,0
BRDA:180,15,0,0
BRDA:180,15,1,0
BRDA:181,16,0,0
BRDA:181,16,1,0
BRDA:181,17,0,0
BRDA:181,17,1,0
BRDA:182,18,0,0
BRDA:182,18,1,0
BRDA:182,19,0,0
BRDA:182,19,1,0
BRDA:193,20,0,1
BRDA:193,20,1,0
BRDA:210,21,0,1
BRDA:210,21,1,0
BRDA:221,22,0,1
BRDA:221,22,1,1
BRDA:222,23,0,1
BRDA:222,23,1,1
BRDA:222,23,2,1
BRDA:246,24,0,3
BRDA:246,24,1,0
BRDA:325,25,0,1
BRDA:325,25,1,0
BRDA:325,25,2,0
BRDA:326,26,0,1
BRDA:326,26,1,0
BRDA:326,26,2,0
BRDA:371,27,0,0
BRDA:371,27,1,2
BRDA:377,28,0,1
BRDA:377,28,1,1
BRDA:388,29,0,1
BRDA:388,29,1,0
BRDA:389,30,0,1
BRDA:389,30,1,0
BRDA:396,31,0,1
BRDA:396,31,1,0
BRDA:399,32,0,1
BRDA:399,32,1,0
BRDA:407,33,0,1
BRDA:407,33,1,0
BRDA:407,34,0,1
BRDA:407,34,1,1
BRDA:426,35,0,1
BRDA:426,35,1,0
BRDA:427,36,0,1
BRDA:427,36,1,0
BRF:78
BRH:35
end_of_record
TN:
SF:src/routes/eternalVigilance.js
FN:8,(anonymous_0)
FN:13,(anonymous_1)
FN:21,(anonymous_2)
FN:28,(anonymous_3)
FNF:4
FNH:4
FNDA:1,(anonymous_0)
FNDA:1,(anonymous_1)
FNDA:1,(anonymous_2)
FNDA:2,(anonymous_3)
DA:5,16
DA:8,16
DA:9,1
DA:13,16
DA:14,1
DA:15,1
DA:19,16
DA:21,16
DA:22,1
DA:23,1
DA:24,1
DA:28,16
DA:29,2
DA:30,2
DA:31,1
DA:32,1
LF:16
LH:16
BRDA:29,0,0,2
BRDA:29,0,1,0
BRDA:30,1,0,1
BRDA:30,1,1,1
BRF:4
BRH:3
end_of_record
TN:
SF:src/routes/eternalVigilanceStream.js
FN:8,(anonymous_0)
FN:31,(anonymous_1)
FNF:2
FNH:0
FNDA:0,(anonymous_0)
FNDA:0,(anonymous_1)
DA:5,19
DA:8,19
DA:10,0
DA:11,0
DA:12,0
DA:13,0
DA:14,0
DA:15,0
DA:17,0
DA:18,0
DA:21,0
DA:22,0
DA:23,0
DA:24,0
DA:27,0
DA:29,0
DA:31,0
DA:32,0
LF:18
LH:2
BRDA:10,0,0,0
BRDA:10,0,1,0
BRDA:10,1,0,0
BRDA:10,1,1,0
BRDA:11,2,0,0
BRDA:11,2,1,0
BRDA:11,3,0,0
BRDA:11,3,1,0
BRDA:11,4,0,0
BRDA:11,4,1,0
BRDA:11,4,2,0
BRDA:11,5,0,0
BRDA:11,5,1,0
BRDA:12,6,0,0
BRDA:12,6,1,0
BRDA:13,7,0,0
BRDA:13,7,1,0
BRDA:14,8,0,0
BRDA:14,8,1,0
BRDA:15,9,0,0
BRDA:15,9,1,0
BRDA:15,10,0,0
BRDA:15,10,1,0
BRDA:24,11,0,0
BRDA:24,11,1,0
BRF:25
BRH:0
end_of_record
TN:
SF:src/routes/eternalVigilanceToken.js
FN:10,(anonymous_0)
FNF:1
FNH:0
FNDA:0,(anonymous_0)
DA:5,18
DA:7,18
DA:10,18
DA:11,0
DA:12,0
DA:13,0
DA:14,0
DA:15,0
DA:16,0
DA:18,0
DA:19,0
LF:11
LH:3
BRDA:12,0,0,0
BRDA:12,0,1,0
BRDA:12,1,0,0
BRDA:12,1,1,0
BRF:4
BRH:0
end_of_record
TN:
SF:src/routes/fallbackMocks.js
FN:6,(anonymous_0)
FN:18,(anonymous_1)
FN:29,(anonymous_2)
FNF:3
FNH:0
FNDA:0,(anonymous_0)
FNDA:0,(anonymous_1)
FNDA:0,(anonymous_2)
DA:3,21
DA:6,21
DA:7,0
DA:8,0
DA:14,0
DA:18,21
DA:19,0
DA:29,21
DA:30,0
LF:9
LH:4
BRF:0
BRH:0
end_of_record
TN:
SF:src/routes/food-resilience.js
FN:14,(anonymous_0)
FN:58,(anonymous_1)
FN:60,(anonymous_2)
FN:60,(anonymous_3)
FN:81,(anonymous_4)
FN:121,(anonymous_5)
FN:128,(anonymous_6)
FN:129,(anonymous_7)
FN:130,(anonymous_8)
FN:140,(anonymous_9)
FNF:10
FNH:1
FNDA:0,(anonymous_0)
FNDA:0,(anonymous_1)
FNDA:0,(anonymous_2)
FNDA:0,(anonymous_3)
FNDA:0,(anonymous_4)
FNDA:0,(anonymous_5)
FNDA:0,(anonymous_6)
FNDA:0,(anonymous_7)
FNDA:0,(anonymous_8)
FNDA:2,(anonymous_9)
DA:6,17
DA:9,17
DA:10,17
DA:11,17
DA:14,17
DA:15,0
DA:16,0
DA:17,0
DA:19,0
DA:20,0
DA:22,0
DA:23,0
DA:25,0
DA:26,0
DA:30,0
DA:31,0
DA:32,0
DA:34,0
DA:44,0
DA:46,0
DA:58,0
DA:59,0
DA:60,0
DA:62,0
DA:75,0
DA:76,0
DA:81,17
DA:82,0
DA:83,0
DA:84,0
DA:86,0
DA:87,0
DA:89,0
DA:91,0
DA:92,0
DA:95,0
DA:97,0
DA:107,0
DA:109,0
DA:121,0
DA:123,0
DA:128,0
DA:129,0
DA:130,0
DA:134,0
DA:135,0
DA:140,17
DA:141,2
DA:142,2
DA:144,2
DA:145,1
DA:148,1
DA:151,1
DA:156,1
DA:157,0
DA:160,1
DA:161,1
DA:164,1
DA:167,1
DA:168,1
DA:169,1
DA:172,1
DA:179,1
DA:180,0
DA:183,1
DA:184,0
DA:187,1
DA:201,1
DA:203,0
DA:204,0
LF:70
LH:25
BRDA:25,0,0,0
BRDA:25,0,1,0
BRDA:25,1,0,0
BRDA:25,1,1,0
BRDA:25,1,2,0
BRDA:40,2,0,0
BRDA:40,2,1,0
BRDA:59,3,0,0
BRDA:59,3,1,0
BRDA:59,4,0,0
BRDA:59,4,1,0
BRDA:69,5,0,0
BRDA:69,5,1,0
BRDA:91,6,0,0
BRDA:91,6,1,0
BRDA:91,7,0,0
BRDA:91,7,1,0
BRDA:91,7,2,0
BRDA:104,8,0,0
BRDA:104,8,1,0
BRDA:144,9,0,1
BRDA:144,9,1,1
BRDA:148,10,0,1
BRDA:148,10,1,1
BRDA:156,11,0,0
BRDA:156,11,1,1
BRDA:156,12,0,1
BRDA:156,12,1,1
BRDA:156,12,2,1
BRDA:168,13,0,0
BRDA:168,13,1,1
BRDA:168,14,0,1
BRDA:168,14,1,1
BRDA:168,14,2,1
BRDA:179,15,0,0
BRDA:179,15,1,1
BRDA:183,16,0,0
BRDA:183,16,1,1
BRDA:183,17,0,1
BRDA:183,17,1,1
BRDA:183,17,2,1
BRDA:192,18,0,1
BRDA:192,18,1,0
BRDA:196,19,0,0
BRDA:196,19,1,1
BRDA:197,20,0,0
BRDA:197,20,1,1
BRDA:197,21,0,1
BRDA:197,21,1,1
BRDA:198,22,0,0
BRDA:198,22,1,1
BRDA:200,23,0,1
BRDA:200,23,1,1
BRDA:200,23,2,1
BRDA:200,23,3,1
BRF:55
BRH:27
end_of_record
TN:
SF:src/routes/gdelt.js
FN:7,(anonymous_0)
FNF:1
FNH:0
FNDA:0,(anonymous_0)
DA:4,18
DA:7,18
DA:8,0
DA:9,0
DA:10,0
DA:11,0
DA:14,0
DA:15,0
DA:16,0
DA:18,0
DA:19,0
LF:11
LH:2
BRDA:10,0,0,0
BRDA:10,0,1,0
BRDA:10,1,0,0
BRDA:10,1,1,0
BRDA:10,1,2,0
BRF:5
BRH:0
end_of_record
TN:
SF:src/routes/globalRiskRoutes.js
FN:10,safeLoad
FN:27,(anonymous_1)
FN:97,(anonymous_2)
FN:102,(anonymous_3)
FN:107,(anonymous_4)
FN:112,(anonymous_5)
FN:117,(anonymous_6)
FN:128,(anonymous_7)
FN:161,(anonymous_8)
FN:194,(anonymous_9)
FN:224,(anonymous_10)
FN:227,(anonymous_11)
FN:263,(anonymous_12)
FN:266,(anonymous_13)
FN:312,(anonymous_14)
FN:315,(anonymous_15)
FN:371,(anonymous_16)
FN:374,(anonymous_17)
FN:407,(anonymous_18)
FN:410,(anonymous_19)
FN:443,(anonymous_20)
FN:446,(anonymous_21)
FN:479,(anonymous_22)
FN:482,(anonymous_23)
FNF:24
FNH:6
FNDA:26,safeLoad
FNDA:18,(anonymous_1)
FNDA:0,(anonymous_2)
FNDA:0,(anonymous_3)
FNDA:0,(anonymous_4)
FNDA:0,(anonymous_5)
FNDA:0,(anonymous_6)
FNDA:0,(anonymous_7)
FNDA:0,(anonymous_8)
FNDA:0,(anonymous_9)
FNDA:8,(anonymous_10)
FNDA:9,(anonymous_11)
FNDA:18,(anonymous_12)
FNDA:18,(anonymous_13)
FNDA:0,(anonymous_14)
FNDA:0,(anonymous_15)
FNDA:0,(anonymous_16)
FNDA:0,(anonymous_17)
FNDA:0,(anonymous_18)
FNDA:0,(anonymous_19)
FNDA:0,(anonymous_20)
FNDA:0,(anonymous_21)
FNDA:0,(anonymous_22)
FNDA:0,(anonymous_23)
DA:6,19
DA:12,26
DA:13,26
DA:14,26
DA:16,0
DA:18,0
DA:19,0
DA:22,0
DA:27,19
DA:30,18
DA:33,18
DA:34,18
DA:35,0
DA:36,0
DA:37,0
DA:38,0
DA:48,18
DA:49,18
DA:50,18
DA:51,6372
DA:52,6372
DA:53,6372
DA:54,6372
DA:55,6372
DA:57,0
DA:68,18
DA:70,18
DA:71,0
DA:72,0
DA:74,0
DA:75,0
DA:76,0
DA:81,0
DA:88,18
DA:89,18
DA:90,18
DA:91,18
DA:94,0
DA:97,19
DA:98,0
DA:99,0
DA:100,0
DA:102,19
DA:103,0
DA:104,0
DA:105,0
DA:107,19
DA:108,0
DA:109,0
DA:110,0
DA:112,19
DA:113,0
DA:114,0
DA:115,0
DA:117,19
DA:118,0
DA:119,0
DA:120,0
DA:128,19
DA:129,0
DA:130,0
DA:131,0
DA:132,0
DA:136,0
DA:137,0
DA:138,0
DA:140,0
DA:148,0
DA:149,0
DA:161,19
DA:162,0
DA:163,0
DA:164,0
DA:165,0
DA:167,0
DA:168,0
DA:169,0
DA:170,0
DA:171,0
DA:173,0
DA:181,0
DA:182,0
DA:194,19
DA:195,0
DA:196,0
DA:197,0
DA:198,0
DA:201,0
DA:203,0
DA:211,0
DA:212,0
DA:224,19
DA:225,8
DA:226,8
DA:227,9
DA:228,8
DA:229,8
DA:230,8
DA:233,6
DA:235,6
DA:236,6
DA:237,6
DA:239,6
DA:240,6
DA:242,6
DA:250,2
DA:251,2
DA:263,19
DA:264,18
DA:265,18
DA:266,18
DA:267,18
DA:268,18
DA:271,0
DA:272,0
DA:273,0
DA:275,0
DA:277,0
DA:278,0
DA:279,0
DA:281,0
DA:289,18
DA:291,18
DA:292,18
DA:312,19
DA:313,0
DA:314,0
DA:315,0
DA:316,0
DA:317,0
DA:321,0
DA:322,0
DA:339,0
DA:341,0
DA:342,0
DA:371,19
DA:372,0
DA:373,0
DA:374,0
DA:375,0
DA:377,0
DA:378,0
DA:388,0
DA:390,0
DA:407,19
DA:408,0
DA:409,0
DA:410,0
DA:411,0
DA:413,0
DA:414,0
DA:424,0
DA:426,0
DA:443,19
DA:444,0
DA:445,0
DA:446,0
DA:447,0
DA:449,0
DA:450,0
DA:460,0
DA:462,0
DA:479,19
DA:480,0
DA:481,0
DA:482,0
DA:483,0
DA:485,0
DA:486,0
DA:496,0
DA:498,0
LF:171
LH:60
BRDA:14,0,0,26
BRDA:14,0,1,26
BRDA:14,0,2,8
BRDA:19,1,0,0
BRDA:19,1,1,0
BRDA:19,1,2,0
BRDA:34,2,0,0
BRDA:34,2,1,18
BRDA:34,3,0,18
BRDA:34,3,1,18
BRDA:34,3,2,18
BRDA:34,3,3,0
BRDA:37,4,0,0
BRDA:37,4,1,0
BRDA:37,4,2,0
BRDA:38,5,0,0
BRDA:38,5,1,0
BRDA:49,6,0,18
BRDA:49,6,1,0
BRDA:52,7,0,6372
BRDA:52,7,1,6372
BRDA:53,8,0,0
BRDA:53,8,1,6372
BRDA:54,9,0,3708
BRDA:54,9,1,2664
BRDA:54,10,0,36
BRDA:54,10,1,2628
BRDA:54,11,0,2664
BRDA:54,11,1,2664
BRDA:54,11,2,90
BRDA:55,12,0,0
BRDA:55,12,1,6372
BRDA:55,13,0,6372
BRDA:55,13,1,3744
BRDA:55,13,2,0
BRDA:55,13,3,0
BRDA:71,14,0,0
BRDA:71,14,1,0
BRDA:71,14,2,0
BRDA:72,15,0,0
BRDA:72,15,1,0
BRDA:75,16,0,0
BRDA:75,16,1,0
BRDA:90,17,0,18
BRDA:90,17,1,18
BRDA:90,17,2,18
BRDA:91,18,0,18
BRDA:91,18,1,0
BRDA:99,19,0,0
BRDA:99,19,1,0
BRDA:99,19,2,0
BRDA:104,20,0,0
BRDA:104,20,1,0
BRDA:104,20,2,0
BRDA:109,21,0,0
BRDA:109,21,1,0
BRDA:109,21,2,0
BRDA:114,22,0,0
BRDA:114,22,1,0
BRDA:114,22,2,0
BRDA:119,23,0,0
BRDA:119,23,1,0
BRDA:119,23,2,0
BRDA:131,24,0,0
BRDA:131,24,1,0
BRDA:131,25,0,0
BRDA:131,25,1,0
BRDA:131,26,0,0
BRDA:131,26,1,0
BRDA:131,26,2,0
BRDA:136,27,0,0
BRDA:136,27,1,0
BRDA:137,28,0,0
BRDA:137,28,1,0
BRDA:138,29,0,0
BRDA:138,29,1,0
BRDA:164,30,0,0
BRDA:164,30,1,0
BRDA:164,31,0,0
BRDA:164,31,1,0
BRDA:164,32,0,0
BRDA:164,32,1,0
BRDA:164,32,2,0
BRDA:167,33,0,0
BRDA:167,33,1,0
BRDA:168,34,0,0
BRDA:168,34,1,0
BRDA:169,35,0,0
BRDA:169,35,1,0
BRDA:170,36,0,0
BRDA:170,36,1,0
BRDA:170,37,0,0
BRDA:170,37,1,0
BRDA:170,38,0,0
BRDA:170,38,1,0
BRDA:170,38,2,0
BRDA:171,39,0,0
BRDA:171,39,1,0
BRDA:197,40,0,0
BRDA:197,40,1,0
BRDA:197,41,0,0
BRDA:197,41,1,0
BRDA:197,42,0,0
BRDA:197,42,1,0
BRDA:197,42,2,0
BRDA:201,43,0,0
BRDA:201,43,1,0
BRDA:226,44,0,2
BRDA:226,45,0,6
BRDA:227,46,0,2
BRDA:227,46,1,6
BRDA:229,47,0,8
BRDA:229,47,1,0
BRDA:229,48,0,8
BRDA:229,48,1,8
BRDA:229,49,0,0
BRDA:229,49,1,0
BRDA:229,49,2,0
BRDA:233,50,0,6
BRDA:233,50,1,0
BRDA:235,51,0,6
BRDA:235,51,1,0
BRDA:235,52,0,6
BRDA:235,52,1,6
BRDA:239,53,0,6
BRDA:239,53,1,6
BRDA:240,54,0,6
BRDA:240,54,1,0
BRDA:265,55,0,11
BRDA:266,56,0,11
BRDA:266,56,1,7
BRDA:271,57,0,0
BRDA:271,57,1,0
BRDA:272,58,0,0
BRDA:272,58,1,0
BRDA:275,59,0,0
BRDA:275,59,1,0
BRDA:277,60,0,0
BRDA:277,60,1,0
BRDA:278,61,0,0
BRDA:278,61,1,0
BRDA:279,62,0,0
BRDA:279,62,1,0
BRDA:314,63,0,0
BRDA:315,64,0,0
BRDA:315,64,1,0
BRDA:321,65,0,0
BRDA:321,65,1,0
BRDA:321,66,0,0
BRDA:321,66,1,0
BRDA:328,67,0,0
BRDA:328,67,1,0
BRDA:329,68,0,0
BRDA:329,68,1,0
BRDA:330,69,0,0
BRDA:330,69,1,0
BRDA:373,70,0,0
BRDA:374,71,0,0
BRDA:374,71,1,0
BRDA:377,72,0,0
BRDA:377,72,1,0
BRDA:377,73,0,0
BRDA:377,73,1,0
BRDA:409,74,0,0
BRDA:410,75,0,0
BRDA:410,75,1,0
BRDA:413,76,0,0
BRDA:413,76,1,0
BRDA:413,77,0,0
BRDA:413,77,1,0
BRDA:445,78,0,0
BRDA:446,79,0,0
BRDA:446,79,1,0
BRDA:449,80,0,0
BRDA:449,80,1,0
BRDA:449,81,0,0
BRDA:449,81,1,0
BRDA:481,82,0,0
BRDA:482,83,0,0
BRDA:482,83,1,0
BRDA:485,84,0,0
BRDA:485,84,1,0
BRDA:485,85,0,0
BRDA:485,85,1,0
BRF:184
BRH:42
end_of_record
TN:
SF:src/routes/health.js
FN:6,(anonymous_0)
FNF:1
FNH:1
FNDA:2,(anonymous_0)
DA:4,16
DA:6,16
DA:7,2
DA:8,2
DA:9,2
LF:5
LH:5
BRDA:13,0,0,0
BRDA:13,0,1,2
BRF:2
BRH:1
end_of_record
TN:
SF:src/routes/kanban.js
FN:8,(anonymous_0)
FN:27,(anonymous_1)
FN:53,(anonymous_2)
FN:91,(anonymous_3)
FN:127,(anonymous_4)
FNF:5
FNH:0
FNDA:0,(anonymous_0)
FNDA:0,(anonymous_1)
FNDA:0,(anonymous_2)
FNDA:0,(anonymous_3)
FNDA:0,(anonymous_4)
DA:4,21
DA:5,21
DA:8,21
DA:9,0
DA:10,0
DA:19,0
DA:27,0
DA:28,0
DA:29,0
DA:41,0
DA:47,0
DA:48,0
DA:53,21
DA:54,0
DA:55,0
DA:56,0
DA:58,0
DA:59,0
DA:63,0
DA:64,0
DA:65,0
DA:68,0
DA:77,0
DA:82,0
DA:83,0
DA:84,0
DA:86,0
DA:91,21
DA:92,0
DA:93,0
DA:95,0
DA:96,0
DA:100,0
DA:101,0
DA:102,0
DA:105,0
DA:116,0
DA:121,0
DA:122,0
DA:127,21
DA:128,0
DA:129,0
DA:131,0
DA:135,0
DA:140,0
DA:141,0
DA:142,0
DA:144,0
LF:48
LH:6
BRDA:28,0,0,0
BRDA:28,0,1,0
BRDA:58,1,0,0
BRDA:58,1,1,0
BRDA:64,2,0,0
BRDA:64,2,1,0
BRDA:72,3,0,0
BRDA:72,3,1,0
BRDA:83,4,0,0
BRDA:83,4,1,0
BRDA:95,5,0,0
BRDA:95,5,1,0
BRDA:95,6,0,0
BRDA:95,6,1,0
BRDA:101,7,0,0
BRDA:101,7,1,0
BRDA:108,8,0,0
BRDA:108,8,1,0
BRDA:110,9,0,0
BRDA:110,9,1,0
BRDA:111,10,0,0
BRDA:111,10,1,0
BRDA:141,11,0,0
BRDA:141,11,1,0
BRF:24
BRH:0
end_of_record
TN:
SF:src/routes/llm.js
FN:9,(anonymous_0)
FN:34,(anonymous_1)
FN:55,(anonymous_2)
FN:63,(anonymous_3)
FN:78,(anonymous_4)
FN:93,(anonymous_5)
FNF:6
FNH:5
FNDA:1,(anonymous_0)
FNDA:0,(anonymous_1)
FNDA:1,(anonymous_2)
FNDA:1,(anonymous_3)
FNDA:1,(anonymous_4)
FNDA:1,(anonymous_5)
DA:6,16
DA:9,16
DA:10,1
DA:11,1
DA:12,1
DA:13,0
DA:17,1
DA:18,1
DA:19,1
DA:21,1
DA:23,1
DA:34,0
DA:35,0
DA:39,0
DA:40,0
DA:41,0
DA:45,0
DA:47,0
DA:53,1
DA:55,1
DA:56,1
DA:58,1
DA:63,16
DA:64,1
DA:65,1
DA:66,1
DA:67,1
DA:69,1
DA:70,1
DA:72,0
DA:73,0
DA:78,16
DA:79,1
DA:80,1
DA:81,1
DA:82,1
DA:83,1
DA:84,1
DA:85,1
DA:87,0
DA:88,0
DA:93,16
DA:94,1
DA:95,1
DA:96,1
DA:97,1
DA:98,1
DA:99,1
DA:100,1
DA:102,0
DA:103,0
LF:51
LH:37
BRDA:11,0,0,1
BRDA:11,0,1,0
BRDA:12,1,0,0
BRDA:12,1,1,1
BRDA:12,2,0,1
BRDA:12,2,1,1
BRDA:17,3,0,1
BRDA:17,3,1,0
BRDA:18,4,0,0
BRDA:18,4,1,1
BRDA:39,5,0,0
BRDA:39,5,1,0
BRDA:45,6,0,0
BRDA:45,6,1,0
BRDA:55,7,0,1
BRDA:55,7,1,0
BRDA:65,8,0,1
BRDA:65,8,1,0
BRDA:66,9,0,0
BRDA:66,9,1,1
BRDA:69,10,0,1
BRDA:69,10,1,0
BRDA:80,11,0,1
BRDA:80,11,1,0
BRDA:81,12,0,0
BRDA:81,12,1,1
BRDA:81,13,0,1
BRDA:81,13,1,1
BRDA:84,14,0,1
BRDA:84,14,1,0
BRDA:95,15,0,1
BRDA:95,15,1,0
BRDA:96,16,0,0
BRDA:96,16,1,1
BRDA:96,17,0,1
BRDA:96,17,1,1
BRDA:99,18,0,1
BRDA:99,18,1,0
BRF:38
BRH:20
end_of_record
TN:
SF:src/routes/logistics.js
FN:6,(anonymous_0)
FNF:1
FNH:0
FNDA:0,(anonymous_0)
DA:3,21
DA:6,21
DA:7,0
DA:9,0
DA:77,0
DA:79,0
DA:80,0
LF:7
LH:2
BRF:0
BRH:0
end_of_record
TN:
SF:src/routes/missions.js
FN:8,(anonymous_0)
FN:20,(anonymous_1)
FN:36,(anonymous_2)
FN:101,(anonymous_3)
FN:113,(anonymous_4)
FN:131,(anonymous_5)
FN:132,(anonymous_6)
FN:133,(anonymous_7)
FN:136,(anonymous_8)
FN:142,(anonymous_9)
FN:156,(anonymous_10)
FN:162,(anonymous_11)
FNF:12
FNH:0
FNDA:0,(anonymous_0)
FNDA:0,(anonymous_1)
FNDA:0,(anonymous_2)
FNDA:0,(anonymous_3)
FNDA:0,(anonymous_4)
FNDA:0,(anonymous_5)
FNDA:0,(anonymous_6)
FNDA:0,(anonymous_7)
FNDA:0,(anonymous_8)
FNDA:0,(anonymous_9)
FNDA:0,(anonymous_10)
FNDA:0,(anonymous_11)
DA:4,21
DA:8,21
DA:9,0
DA:10,0
DA:11,0
DA:13,0
DA:15,0
DA:18,0
DA:20,0
DA:21,0
DA:22,0
DA:23,0
DA:36,0
DA:40,0
DA:41,0
DA:85,0
DA:91,0
DA:92,0
DA:101,21
DA:102,0
DA:103,0
DA:104,0
DA:106,0
DA:107,0
DA:109,0
DA:111,0
DA:113,0
DA:114,0
DA:118,0
DA:120,0
DA:121,0
DA:131,0
DA:132,0
DA:133,0
DA:137,0
DA:143,0
DA:156,0
DA:162,0
DA:168,0
DA:169,0
DA:276,0
DA:281,0
DA:282,0
LF:43
LH:3
BRDA:13,0,0,0
BRDA:13,0,1,0
BRDA:13,1,0,0
BRDA:13,1,1,0
BRDA:21,2,0,0
BRDA:21,2,1,0
BRDA:21,2,2,0
BRDA:22,3,0,0
BRDA:22,3,1,0
BRDA:27,4,0,0
BRDA:27,4,1,0
BRDA:28,5,0,0
BRDA:28,5,1,0
BRDA:29,6,0,0
BRDA:29,6,1,0
BRDA:30,7,0,0
BRDA:30,7,1,0
BRDA:30,7,2,0
BRDA:31,8,0,0
BRDA:31,8,1,0
BRDA:40,9,0,0
BRDA:40,9,1,0
BRDA:109,10,0,0
BRDA:109,10,1,0
BRDA:109,11,0,0
BRDA:109,11,1,0
BRDA:114,12,0,0
BRDA:114,12,1,0
BRDA:118,13,0,0
BRDA:118,13,1,0
BRDA:123,14,0,0
BRDA:123,14,1,0
BRDA:124,15,0,0
BRDA:124,15,1,0
BRDA:125,16,0,0
BRDA:125,16,1,0
BRDA:126,17,0,0
BRDA:126,17,1,0
BRDA:126,17,2,0
BRDA:127,18,0,0
BRDA:127,18,1,0
BRDA:131,19,0,0
BRDA:131,19,1,0
BRDA:131,19,2,0
BRDA:132,20,0,0
BRDA:132,20,1,0
BRDA:132,20,2,0
BRDA:133,21,0,0
BRDA:133,21,1,0
BRDA:133,21,2,0
BRDA:137,22,0,0
BRDA:137,22,1,0
BRDA:137,22,2,0
BRDA:137,22,3,0
BRDA:137,22,4,0
BRDA:143,23,0,0
BRDA:143,23,1,0
BRDA:143,23,2,0
BRDA:143,23,3,0
BRDA:143,23,4,0
BRDA:148,24,0,0
BRDA:148,24,1,0
BRDA:151,25,0,0
BRDA:151,25,1,0
BRDA:152,26,0,0
BRDA:152,26,1,0
BRDA:153,27,0,0
BRDA:153,27,1,0
BRDA:158,28,0,0
BRDA:158,28,1,0
BRDA:159,29,0,0
BRDA:159,29,1,0
BRDA:160,30,0,0
BRDA:160,30,1,0
BRDA:160,30,2,0
BRDA:161,31,0,0
BRDA:161,31,1,0
BRDA:168,32,0,0
BRDA:168,32,1,0
BRF:79
BRH:0
end_of_record
TN:
SF:src/routes/module.js
FN:6,(anonymous_0)
FNF:1
FNH:1
FNDA:1,(anonymous_0)
DA:3,17
DA:6,17
DA:7,1
DA:9,1
DA:21,1
DA:23,0
DA:24,0
LF:7
LH:5
BRF:0
BRH:0
end_of_record
TN:
SF:src/routes/oracle.js
FN:12,getCachedData
FN:20,setCachedData
FN:25,getOracleMetrics
FN:89,getCEOMetrics
FN:104,(anonymous_4)
FN:107,(anonymous_5)
FN:143,getCFOMetrics
FN:145,(anonymous_7)
FN:145,(anonymous_8)
FN:146,(anonymous_9)
FN:146,(anonymous_10)
FN:195,getCMOMetrics
FN:239,getCTOMetrics
FN:245,(anonymous_13)
FN:257,(anonymous_14)
FN:257,(anonymous_15)
FN:258,(anonymous_16)
FN:258,(anonymous_17)
FN:304,getCIOMetrics
FN:306,(anonymous_19)
FN:306,(anonymous_20)
FN:311,(anonymous_21)
FN:311,(anonymous_22)
FN:322,(anonymous_23)
FN:322,(anonymous_24)
FN:350,getCOOMetrics
FN:361,(anonymous_26)
FN:361,(anonymous_27)
FN:367,(anonymous_28)
FN:367,(anonymous_29)
FN:403,getCSOMetrics
FN:414,(anonymous_31)
FN:414,(anonymous_32)
FN:415,(anonymous_33)
FN:415,(anonymous_34)
FN:418,(anonymous_35)
FN:418,(anonymous_36)
FN:424,(anonymous_37)
FN:424,(anonymous_38)
FN:427,(anonymous_39)
FN:427,(anonymous_40)
FN:457,getPlanningMetrics
FN:494,(anonymous_42)
FN:495,(anonymous_43)
FN:526,getDesignMetrics
FN:537,(anonymous_45)
FN:539,(anonymous_46)
FN:540,(anonymous_47)
FN:549,(anonymous_48)
FN:566,(anonymous_49)
FN:566,(anonymous_50)
FN:567,(anonymous_51)
FN:567,(anonymous_52)
FN:568,(anonymous_53)
FN:568,(anonymous_54)
FN:619,getImplementationMetrics
FN:666,getTestingMetrics
FN:689,(anonymous_57)
FN:691,(anonymous_58)
FN:703,(anonymous_59)
FN:708,(anonymous_60)
FN:709,(anonymous_61)
FN:719,(anonymous_62)
FN:719,(anonymous_63)
FN:720,(anonymous_64)
FN:720,(anonymous_65)
FN:721,(anonymous_66)
FN:721,(anonymous_67)
FN:772,getDeploymentMetrics
FN:777,(anonymous_69)
FN:782,(anonymous_70)
FN:788,(anonymous_71)
FN:798,(anonymous_72)
FN:802,(anonymous_73)
FN:806,(anonymous_74)
FN:810,(anonymous_75)
FN:833,(anonymous_76)
FN:840,(anonymous_77)
FN:840,(anonymous_78)
FN:841,(anonymous_79)
FN:841,(anonymous_80)
FN:842,(anonymous_81)
FN:842,(anonymous_82)
FN:886,(anonymous_83)
FN:904,(anonymous_84)
FN:935,(anonymous_85)
FN:938,(anonymous_86)
FN:966,(anonymous_87)
FNF:88
FNH:0
FNDA:0,getCachedData
FNDA:0,setCachedData
FNDA:0,getOracleMetrics
FNDA:0,getCEOMetrics
FNDA:0,(anonymous_4)
FNDA:0,(anonymous_5)
FNDA:0,getCFOMetrics
FNDA:0,(anonymous_7)
FNDA:0,(anonymous_8)
FNDA:0,(anonymous_9)
FNDA:0,(anonymous_10)
FNDA:0,getCMOMetrics
FNDA:0,getCTOMetrics
FNDA:0,(anonymous_13)
FNDA:0,(anonymous_14)
FNDA:0,(anonymous_15)
FNDA:0,(anonymous_16)
FNDA:0,(anonymous_17)
FNDA:0,getCIOMetrics
FNDA:0,(anonymous_19)
FNDA:0,(anonymous_20)
FNDA:0,(anonymous_21)
FNDA:0,(anonymous_22)
FNDA:0,(anonymous_23)
FNDA:0,(anonymous_24)
FNDA:0,getCOOMetrics
FNDA:0,(anonymous_26)
FNDA:0,(anonymous_27)
FNDA:0,(anonymous_28)
FNDA:0,(anonymous_29)
FNDA:0,getCSOMetrics
FNDA:0,(anonymous_31)
FNDA:0,(anonymous_32)
FNDA:0,(anonymous_33)
FNDA:0,(anonymous_34)
FNDA:0,(anonymous_35)
FNDA:0,(anonymous_36)
FNDA:0,(anonymous_37)
FNDA:0,(anonymous_38)
FNDA:0,(anonymous_39)
FNDA:0,(anonymous_40)
FNDA:0,getPlanningMetrics
FNDA:0,(anonymous_42)
FNDA:0,(anonymous_43)
FNDA:0,getDesignMetrics
FNDA:0,(anonymous_45)
FNDA:0,(anonymous_46)
FNDA:0,(anonymous_47)
FNDA:0,(anonymous_48)
FNDA:0,(anonymous_49)
FNDA:0,(anonymous_50)
FNDA:0,(anonymous_51)
FNDA:0,(anonymous_52)
FNDA:0,(anonymous_53)
FNDA:0,(anonymous_54)
FNDA:0,getImplementationMetrics
FNDA:0,getTestingMetrics
FNDA:0,(anonymous_57)
FNDA:0,(anonymous_58)
FNDA:0,(anonymous_59)
FNDA:0,(anonymous_60)
FNDA:0,(anonymous_61)
FNDA:0,(anonymous_62)
FNDA:0,(anonymous_63)
FNDA:0,(anonymous_64)
FNDA:0,(anonymous_65)
FNDA:0,(anonymous_66)
FNDA:0,(anonymous_67)
FNDA:0,getDeploymentMetrics
FNDA:0,(anonymous_69)
FNDA:0,(anonymous_70)
FNDA:0,(anonymous_71)
FNDA:0,(anonymous_72)
FNDA:0,(anonymous_73)
FNDA:0,(anonymous_74)
FNDA:0,(anonymous_75)
FNDA:0,(anonymous_76)
FNDA:0,(anonymous_77)
FNDA:0,(anonymous_78)
FNDA:0,(anonymous_79)
FNDA:0,(anonymous_80)
FNDA:0,(anonymous_81)
FNDA:0,(anonymous_82)
FNDA:0,(anonymous_83)
FNDA:0,(anonymous_84)
FNDA:0,(anonymous_85)
FNDA:0,(anonymous_86)
FNDA:0,(anonymous_87)
DA:6,21
DA:9,21
DA:10,21
DA:13,0
DA:14,0
DA:15,0
DA:17,0
DA:21,0
DA:26,0
DA:29,0
DA:30,0
DA:31,0
DA:34,0
DA:35,0
DA:42,0
DA:45,0
DA:48,0
DA:51,0
DA:54,0
DA:57,0
DA:60,0
DA:63,0
DA:66,0
DA:69,0
DA:72,0
DA:75,0
DA:78,0
DA:80,0
DA:83,0
DA:84,0
DA:90,0
DA:91,0
DA:92,0
DA:93,0
DA:95,0
DA:96,0
DA:98,0
DA:99,0
DA:101,0
DA:102,0
DA:104,0
DA:105,0
DA:106,0
DA:107,0
DA:108,0
DA:110,0
DA:111,0
DA:113,0
DA:115,0
DA:116,0
DA:118,0
DA:129,0
DA:130,0
DA:144,0
DA:145,0
DA:146,0
DA:147,0
DA:149,0
DA:150,0
DA:152,0
DA:153,0
DA:154,0
DA:156,0
DA:157,0
DA:159,0
DA:161,0
DA:167,0
DA:168,0
DA:170,0
DA:181,0
DA:182,0
DA:196,0
DA:197,0
DA:198,0
DA:200,0
DA:201,0
DA:203,0
DA:204,0
DA:206,0
DA:207,0
DA:209,0
DA:210,0
DA:211,0
DA:212,0
DA:214,0
DA:225,0
DA:226,0
DA:240,0
DA:241,0
DA:242,0
DA:243,0
DA:244,0
DA:245,0
DA:246,0
DA:251,0
DA:252,0
DA:254,0
DA:255,0
DA:257,0
DA:258,0
DA:259,0
DA:261,0
DA:262,0
DA:264,0
DA:265,0
DA:266,0
DA:268,0
DA:269,0
DA:270,0
DA:271,0
DA:272,0
DA:277,0
DA:279,0
DA:290,0
DA:291,0
DA:305,0
DA:306,0
DA:307,0
DA:309,0
DA:311,0
DA:312,0
DA:314,0
DA:316,0
DA:317,0
DA:319,0
DA:320,0
DA:322,0
DA:323,0
DA:325,0
DA:336,0
DA:337,0
DA:351,0
DA:352,0
DA:353,0
DA:354,0
DA:356,0
DA:357,0
DA:359,0
DA:361,0
DA:362,0
DA:364,0
DA:365,0
DA:367,0
DA:368,0
DA:370,0
DA:376,0
DA:378,0
DA:389,0
DA:390,0
DA:404,0
DA:405,0
DA:406,0
DA:407,0
DA:408,0
DA:409,0
DA:414,0
DA:415,0
DA:416,0
DA:418,0
DA:419,0
DA:421,0
DA:422,0
DA:424,0
DA:425,0
DA:427,0
DA:428,0
DA:430,0
DA:432,0
DA:443,0
DA:444,0
DA:458,0
DA:459,0
DA:460,0
DA:462,0
DA:463,0
DA:464,0
DA:466,0
DA:467,0
DA:468,0
DA:469,0
DA:470,0
DA:471,0
DA:472,0
DA:473,0
DA:474,0
DA:481,0
DA:482,0
DA:484,0
DA:485,0
DA:486,0
DA:488,0
DA:494,0
DA:495,0
DA:501,0
DA:510,0
DA:511,0
DA:527,0
DA:528,0
DA:529,0
DA:531,0
DA:532,0
DA:533,0
DA:535,0
DA:536,0
DA:537,0
DA:538,0
DA:539,0
DA:540,0
DA:541,0
DA:542,0
DA:543,0
DA:547,0
DA:549,0
DA:550,0
DA:555,0
DA:556,0
DA:562,0
DA:564,0
DA:566,0
DA:567,0
DA:568,0
DA:570,0
DA:576,0
DA:577,0
DA:578,0
DA:580,0
DA:581,0
DA:582,0
DA:584,0
DA:590,0
DA:599,0
DA:600,0
DA:620,0
DA:621,0
DA:622,0
DA:624,0
DA:625,0
DA:627,0
DA:628,0
DA:630,0
DA:631,0
DA:633,0
DA:652,0
DA:653,0
DA:667,0
DA:668,0
DA:669,0
DA:671,0
DA:672,0
DA:673,0
DA:674,0
DA:675,0
DA:677,0
DA:678,0
DA:679,0
DA:680,0
DA:681,0
DA:684,0
DA:685,0
DA:686,0
DA:687,0
DA:689,0
DA:690,0
DA:691,0
DA:692,0
DA:693,0
DA:698,0
DA:701,0
DA:703,0
DA:708,0
DA:709,0
DA:710,0
DA:711,0
DA:712,0
DA:719,0
DA:720,0
DA:721,0
DA:723,0
DA:730,0
DA:742,0
DA:743,0
DA:773,0
DA:774,0
DA:775,0
DA:777,0
DA:778,0
DA:779,0
DA:780,0
DA:782,0
DA:783,0
DA:785,0
DA:786,0
DA:787,0
DA:788,0
DA:789,0
DA:790,0
DA:791,0
DA:792,0
DA:793,0
DA:794,0
DA:797,0
DA:798,0
DA:799,0
DA:802,0
DA:803,0
DA:804,0
DA:805,0
DA:806,0
DA:808,0
DA:809,0
DA:810,0
DA:811,0
DA:812,0
DA:813,0
DA:816,0
DA:817,0
DA:818,0
DA:820,0
DA:821,0
DA:833,0
DA:840,0
DA:841,0
DA:842,0
DA:844,0
DA:851,0
DA:862,0
DA:863,0
DA:886,21
DA:887,0
DA:888,0
DA:889,0
DA:894,0
DA:895,0
DA:904,21
DA:905,0
DA:906,0
DA:907,0
DA:909,0
DA:910,0
DA:916,0
DA:925,0
DA:926,0
DA:935,21
DA:936,0
DA:937,0
DA:938,0
DA:944,0
DA:956,0
DA:957,0
DA:966,21
DA:967,0
DA:968,0
DA:969,0
DA:975,0
DA:976,0
LF:355
LH:7
BRDA:14,0,0,0
BRDA:14,0,1,0
BRDA:14,1,0,0
BRDA:14,1,1,0
BRDA:30,2,0,0
BRDA:30,2,1,0
BRDA:92,3,0,0
BRDA:92,3,1,0
BRDA:106,4,0,0
BRDA:106,4,1,0
BRDA:106,4,2,0
BRDA:108,5,0,0
BRDA:108,5,1,0
BRDA:147,6,0,0
BRDA:147,6,1,0
BRDA:147,7,0,0
BRDA:147,7,1,0
BRDA:153,8,0,0
BRDA:153,8,1,0
BRDA:198,9,0,0
BRDA:198,9,1,0
BRDA:201,10,0,0
BRDA:201,10,1,0
BRDA:210,11,0,0
BRDA:210,11,1,0
BRDA:245,12,0,0
BRDA:245,12,1,0
BRDA:245,13,0,0
BRDA:245,13,1,0
BRDA:259,14,0,0
BRDA:259,14,1,0
BRDA:259,15,0,0
BRDA:259,15,1,0
BRDA:265,16,0,0
BRDA:265,16,1,0
BRDA:266,17,0,0
BRDA:266,17,1,0
BRDA:272,18,0,0
BRDA:272,18,1,0
BRDA:307,19,0,0
BRDA:307,19,1,0
BRDA:312,20,0,0
BRDA:312,20,1,0
BRDA:323,21,0,0
BRDA:323,21,1,0
BRDA:362,22,0,0
BRDA:362,22,1,0
BRDA:368,23,0,0
BRDA:368,23,1,0
BRDA:409,24,0,0
BRDA:409,24,1,0
BRDA:416,25,0,0
BRDA:416,25,1,0
BRDA:416,26,0,0
BRDA:416,26,1,0
BRDA:419,27,0,0
BRDA:419,27,1,0
BRDA:425,28,0,0
BRDA:425,28,1,0
BRDA:428,29,0,0
BRDA:428,29,1,0
BRDA:460,30,0,0
BRDA:460,30,1,0
BRDA:471,31,0,0
BRDA:471,31,1,0
BRDA:471,32,0,0
BRDA:471,32,1,0
BRDA:471,32,2,0
BRDA:474,33,0,0
BRDA:474,33,1,0
BRDA:498,34,0,0
BRDA:498,34,1,0
BRDA:498,35,0,0
BRDA:498,35,1,0
BRDA:538,36,0,0
BRDA:538,36,1,0
BRDA:541,37,0,0
BRDA:541,37,1,0
BRDA:547,38,0,0
BRDA:547,38,1,0
BRDA:549,39,0,0
BRDA:549,39,1,0
BRDA:549,40,0,0
BRDA:549,40,1,0
BRDA:556,41,0,0
BRDA:556,41,1,0
BRDA:556,41,2,0
BRDA:556,41,3,0
BRDA:556,41,4,0
BRDA:562,42,0,0
BRDA:562,42,1,0
BRDA:576,43,0,0
BRDA:576,43,1,0
BRDA:577,44,0,0
BRDA:577,44,1,0
BRDA:580,45,0,0
BRDA:580,45,1,0
BRDA:582,46,0,0
BRDA:582,46,1,0
BRDA:622,47,0,0
BRDA:622,47,1,0
BRDA:625,48,0,0
BRDA:625,48,1,0
BRDA:628,49,0,0
BRDA:628,49,1,0
BRDA:631,50,0,0
BRDA:631,50,1,0
BRDA:677,51,0,0
BRDA:677,51,1,0
BRDA:678,52,0,0
BRDA:678,52,1,0
BRDA:679,53,0,0
BRDA:679,53,1,0
BRDA:680,54,0,0
BRDA:680,54,1,0
BRDA:684,55,0,0
BRDA:684,55,1,0
BRDA:690,56,0,0
BRDA:690,56,1,0
BRDA:693,57,0,0
BRDA:693,57,1,0
BRDA:693,58,0,0
BRDA:693,58,1,0
BRDA:698,59,0,0
BRDA:698,59,1,0
BRDA:724,60,0,0
BRDA:724,60,1,0
BRDA:725,61,0,0
BRDA:725,61,1,0
BRDA:726,62,0,0
BRDA:726,62,1,0
BRDA:726,63,0,0
BRDA:726,63,1,0
BRDA:783,64,0,0
BRDA:783,64,1,0
BRDA:789,65,0,0
BRDA:789,65,1,0
BRDA:791,66,0,0
BRDA:791,66,1,0
BRDA:791,67,0,0
BRDA:791,67,1,0
BRDA:797,68,0,0
BRDA:797,68,1,0
BRDA:809,69,0,0
BRDA:809,69,1,0
BRDA:818,70,0,0
BRDA:818,70,1,0
BRDA:821,71,0,0
BRDA:821,71,1,0
BRDA:822,72,0,0
BRDA:822,72,1,0
BRDA:823,73,0,0
BRDA:823,73,1,0
BRDA:825,74,0,0
BRDA:825,74,1,0
BRDA:836,75,0,0
BRDA:836,75,1,0
BRDA:837,76,0,0
BRDA:837,76,1,0
BRDA:845,77,0,0
BRDA:845,77,1,0
BRDA:846,78,0,0
BRDA:846,78,1,0
BRDA:847,79,0,0
BRDA:847,79,1,0
BRDA:909,80,0,0
BRDA:909,80,1,0
BRF:167
BRH:0
end_of_record
TN:
SF:src/routes/platform-status.js
FN:6,(anonymous_0)
FNF:1
FNH:1
FNDA:3,(anonymous_0)
DA:3,16
DA:6,16
DA:7,3
DA:8,3
DA:9,3
DA:10,3
LF:6
LH:6
BRDA:8,0,0,2
BRDA:8,0,1,1
BRDA:8,1,0,3
BRDA:8,1,1,2
BRDA:9,2,0,3
BRDA:9,2,1,0
BRDA:13,3,0,0
BRDA:13,3,1,3
BRDA:17,4,0,0
BRDA:17,4,1,3
BRDA:17,5,0,0
BRDA:17,5,1,3
BRF:12
BRH:8
end_of_record
TN:
SF:src/routes/predict.js
FN:6,makeId
FN:10,computePrediction
FN:38,(anonymous_2)
FNF:3
FNH:3
FNDA:4,makeId
FNDA:4,computePrediction
FNDA:6,(anonymous_2)
DA:4,18
DA:7,4
DA:12,4
DA:13,4
DA:14,4
DA:15,4
DA:16,4
DA:18,4
DA:20,4
DA:21,4
DA:22,4
DA:23,4
DA:24,4
DA:25,4
DA:27,4
DA:38,18
DA:39,6
DA:40,6
DA:41,1
DA:45,5
DA:48,5
DA:49,5
DA:50,1
DA:53,4
DA:56,4
DA:58,4
LF:26
LH:26
BRDA:6,0,0,0
BRDA:12,1,0,0
BRDA:12,2,0,0
BRDA:12,3,0,0
BRDA:12,4,0,1
BRDA:15,5,0,0
BRDA:15,5,1,4
BRDA:16,6,0,1
BRDA:16,6,1,3
[...]
DA:9,8
DA:18,6
DA:19,6
DA:20,5
DA:22,5
DA:23,2
DA:24,2
DA:28,3
DA:29,3
DA:30,3
DA:33,18
DA:34,3
DA:38,3
DA:42,3
DA:45,3
DA:48,3
DA:50,3
DA:53,1
DA:54,1
DA:64,3
DA:65,3
DA:66,2
DA:68,2
DA:70,2
DA:80,8
DA:82,3
DA:88,2
DA:89,2
DA:112,5
DA:113,4
DA:114,2
DA:115,1
LF:32
LH:32
BRDA:17,0,0,3
BRDA:22,1,0,2
BRDA:22,1,1,3
BRDA:22,2,0,5
BRDA:22,2,1,3
BRDA:30,3,0,3
BRDA:30,3,1,0
BRDA:38,4,0,3
BRDA:38,4,1,0
BRDA:63,5,0,3
BRDA:77,6,0,1
BRDA:77,6,1,0
BRDA:112,7,0,1
BRDA:112,7,1,4
BRDA:113,8,0,2
BRDA:113,8,1,2
BRDA:114,9,0,1
BRDA:114,9,1,1
BRF:18
BRH:15
end_of_record
TN:
SF:src/services/climateService.js
FN:10,getClimateExtremesIndex
FNF:1
FNH:1
FNDA:2,getClimateExtremesIndex
DA:3,3
DA:11,2
DA:12,2
DA:13,1
DA:15,1
DA:17,1
LF:6
LH:6
BRDA:15,0,0,1
BRDA:15,0,1,0
BRDA:15,1,0,1
BRDA:15,1,1,1
BRDA:15,2,0,0
BRDA:15,2,1,0
BRDA:15,2,2,0
BRF:7
BRH:3
end_of_record
TN:
SF:src/services/communityResilienceService.js
FN:10,getCommunityResilienceIndex
FN:40,(anonymous_1)
FNF:2
FNH:2
FNDA:11,getCommunityResilienceIndex
FNDA:10,(anonymous_1)
DA:11,11
DA:12,11
DA:13,8
DA:18,6
DA:25,5
DA:27,5
DA:40,5
DA:41,10
DA:53,5
LF:9
LH:9
BRDA:10,0,0,1
BRDA:10,1,0,1
BRF:2
BRH:2
end_of_record
TN:
SF:src/services/cryptoService.js
FN:8,(anonymous_0)
FN:17,(anonymous_1)
FN:72,(anonymous_2)
FN:83,(anonymous_3)
FN:111,(anonymous_4)
FNF:5
FNH:5
FNDA:20,(anonymous_0)
FNDA:19,(anonymous_1)
FNDA:7,(anonymous_2)
FNDA:8,(anonymous_3)
FNDA:7,(anonymous_4)
DA:9,20
DA:18,19
DA:19,19
DA:21,17
DA:22,1
DA:23,1
DA:27,16
DA:28,16
DA:30,16
DA:31,36
DA:33,35
DA:34,35
DA:35,35
DA:39,16
DA:40,0
DA:43,16
DA:50,16
DA:51,3
DA:52,13
DA:53,3
DA:55,10
DA:59,16
DA:62,2
DA:63,2
DA:73,7
DA:74,7
DA:76,4
DA:84,8
DA:90,3
DA:91,3
DA:112,7
DA:113,5
DA:114,4
LF:33
LH:32
BRDA:17,0,0,0
BRDA:21,1,0,1
BRDA:21,1,1,16
BRDA:21,2,0,17
BRDA:21,2,1,17
BRDA:31,3,0,35
BRDA:31,3,1,1
BRDA:31,4,0,36
BRDA:31,4,1,36
BRDA:39,5,0,0
BRDA:39,5,1,16
BRDA:50,6,0,3
BRDA:50,6,1,13
BRDA:52,7,0,3
BRDA:52,7,1,10
BRDA:72,8,0,0
BRDA:81,9,0,4
BRDA:81,9,1,0
BRDA:82,10,0,4
BRDA:82,10,1,0
BRDA:84,11,0,8
BRDA:84,11,1,0
BRDA:112,12,0,2
BRDA:112,12,1,5
BRDA:113,13,0,1
BRDA:113,13,1,4
BRF:26
BRH:20
end_of_record
TN:
SF:src/services/cybersecurityService.js
FN:8,(anonymous_0)
FN:17,(anonymous_1)
FN:64,(anonymous_2)
FN:101,(anonymous_3)
FN:114,(anonymous_4)
FNF:5
FNH:5
FNDA:7,(anonymous_0)
FNDA:8,(anonymous_1)
FNDA:5,(anonymous_2)
FNDA:5,(anonymous_3)
FNDA:5,(anonymous_4)
DA:9,7
DA:18,8
DA:19,8
DA:24,8
DA:25,8
DA:26,8
DA:30,0
DA:31,0
DA:33,0
DA:34,0
DA:35,0
DA:38,0
DA:39,0
DA:40,0
DA:43,0
DA:44,0
DA:45,0
DA:48,0
DA:51,0
DA:54,0
DA:55,0
DA:65,5
DA:66,5
DA:68,5
DA:80,0
DA:81,0
DA:102,5
DA:103,5
DA:104,5
DA:105,0
DA:106,0
DA:115,5
DA:117,5
DA:118,0
DA:119,0
DA:120,0
DA:121,0
DA:122,5
DA:123,0
DA:124,0
DA:125,0
DA:126,0
DA:127,5
DA:128,5
DA:129,5
DA:130,5
DA:131,5
DA:132,0
DA:133,0
DA:134,0
DA:135,0
DA:137,0
DA:138,0
DA:141,5
LF:54
LH:21
BRDA:17,0,0,0
BRDA:24,1,0,8
BRDA:24,1,1,0
BRDA:24,2,0,8
BRDA:24,2,1,8
BRDA:33,3,0,0
BRDA:33,3,1,0
BRDA:38,4,0,0
BRDA:38,4,1,0
BRDA:43,5,0,0
BRDA:43,5,1,0
BRDA:48,6,0,0
BRDA:48,6,1,0
BRDA:64,7,0,0
BRDA:102,8,0,0
BRDA:102,8,1,5
BRDA:103,9,0,0
BRDA:103,9,1,5
BRDA:104,10,0,5
BRDA:104,10,1,0
BRDA:105,11,0,0
BRDA:105,11,1,0
BRDA:117,12,0,0
BRDA:117,12,1,5
BRDA:122,13,0,0
BRDA:122,13,1,5
BRDA:127,14,0,5
BRDA:127,14,1,0
BRDA:132,15,0,0
BRDA:132,15,1,0
BRF:30
BRH:9
end_of_record
TN:
SF:src/services/economicInstabilityService.js
FN:8,(anonymous_0)
FN:17,(anonymous_1)
FN:26,(anonymous_2)
FN:80,(anonymous_3)
FN:117,(anonymous_4)
FN:129,(anonymous_5)
FNF:6
FNH:6
FNDA:7,(anonymous_0)
FNDA:3,(anonymous_1)
FNDA:8,(anonymous_2)
FNDA:5,(anonymous_3)
FNDA:5,(anonymous_4)
FNDA:5,(anonymous_5)
DA:9,7
DA:18,3
DA:27,8
DA:28,8
DA:33,8
DA:34,8
DA:35,8
DA:39,0
DA:40,0
DA:42,0
DA:44,0
DA:45,0
DA:48,0
DA:49,0
DA:50,0
DA:53,0
DA:55,0
DA:56,0
DA:59,0
DA:60,0
DA:61,0
DA:64,0
DA:67,0
DA:70,0
DA:71,0
DA:81,5
DA:82,5
DA:84,5
DA:96,0
DA:97,0
DA:118,5
DA:119,5
DA:120,5
DA:121,0
DA:130,5
DA:132,5
DA:133,0
DA:134,0
DA:135,0
DA:136,0
DA:137,5
DA:138,0
DA:139,0
DA:140,0
DA:141,0
DA:142,5
DA:143,5
DA:144,5
DA:145,5
DA:146,5
DA:148,0
DA:149,0
DA:150,0
DA:153,5
LF:54
LH:22
BRDA:17,0,0,0
BRDA:26,1,0,0
BRDA:33,2,0,8
BRDA:33,2,1,0
BRDA:33,3,0,8
BRDA:33,3,1,8
BRDA:42,4,0,0
BRDA:42,4,1,0
BRDA:48,5,0,0
BRDA:48,5,1,0
BRDA:53,6,0,0
BRDA:53,6,1,0
BRDA:59,7,0,0
BRDA:59,7,1,0
BRDA:64,8,0,0
BRDA:64,8,1,0
BRDA:80,9,0,0
BRDA:118,10,0,0
BRDA:118,10,1,5
BRDA:119,11,0,0
BRDA:119,11,1,5
BRDA:120,12,0,5
BRDA:120,12,1,0
BRDA:132,13,0,0
BRDA:132,13,1,5
BRDA:137,14,0,0
BRDA:137,14,1,5
BRDA:142,15,0,5
BRDA:142,15,1,0
BRF:29
BRH:9
end_of_record
TN:
SF:src/services/ethicalVectorModule.js
FN:13,calculateHumanImpact
FN:32,calculateEnvironmentalSustainability
FN:50,calculateSocialEquity
FN:74,calculatePrivacyRisk
FN:93,calculateAlgorithmicJustice
FN:114,calculateEthicalVector
FNF:6
FNH:6
FNDA:9,calculateHumanImpact
FNDA:8,calculateEnvironmentalSustainability
FNDA:8,calculateSocialEquity
FNDA:8,calculatePrivacyRisk
FNDA:8,calculateAlgorithmicJustice
FNDA:6,calculateEthicalVector
DA:14,9
DA:17,9
DA:18,9
DA:21,9
DA:23,9
DA:33,8
DA:36,8
DA:41,8
DA:51,8
DA:55,8
DA:56,8
DA:59,8
DA:60,8
DA:63,8
DA:65,8
DA:75,8
DA:78,8
DA:79,8
DA:82,8
DA:84,8
DA:94,8
DA:98,8
DA:99,8
DA:102,8
DA:104,8
DA:115,6
DA:116,6
DA:117,6
DA:118,6
DA:119,6
DA:124,6
DA:127,6
LF:32
LH:32
BRDA:17,0,0,9
BRDA:17,0,1,3
BRDA:18,1,0,9
BRDA:18,1,1,3
BRDA:36,2,0,8
BRDA:36,2,1,3
BRDA:55,3,0,5
BRDA:55,3,1,3
BRDA:59,4,0,7
BRDA:59,4,1,1
BRDA:78,5,0,8
BRDA:78,5,1,3
BRDA:79,6,0,8
BRDA:79,6,1,3
BRDA:98,7,0,5
BRDA:98,7,1,3
BRDA:99,8,0,8
BRDA:99,8,1,3
BRDA:137,9,0,1
BRDA:137,9,1,5
BRDA:138,10,0,1
BRDA:138,10,1,4
BRF:22
BRH:22
end_of_record
TN:
SF:src/services/geopoliticalInstabilityService.js
FN:8,(anonymous_0)
FN:17,(anonymous_1)
FN:69,(anonymous_2)
FN:106,(anonymous_3)
FN:119,(anonymous_4)
FNF:5
FNH:5
FNDA:7,(anonymous_0)
FNDA:5,(anonymous_1)
FNDA:5,(anonymous_2)
FNDA:5,(anonymous_3)
FNDA:5,(anonymous_4)
DA:9,7
DA:18,5
DA:19,5
DA:24,5
DA:25,5
DA:26,5
DA:30,0
DA:31,0
DA:33,0
DA:34,0
DA:35,0
DA:38,0
DA:39,0
DA:40,0
DA:43,0
DA:44,0
DA:45,0
DA:48,0
DA:49,0
DA:50,0
DA:53,0
DA:56,0
DA:59,0
DA:60,0
DA:70,5
DA:71,5
DA:73,5
DA:85,0
DA:86,0
DA:107,5
DA:108,5
DA:109,5
DA:110,0
DA:111,0
DA:120,5
DA:122,5
DA:123,0
DA:124,0
DA:125,0
DA:126,0
DA:127,5
DA:128,0
DA:129,0
DA:130,0
DA:131,0
DA:132,5
DA:133,5
DA:134,5
DA:135,5
DA:136,5
DA:137,0
DA:138,0
DA:139,0
DA:140,0
DA:142,0
DA:143,0
DA:146,5
LF:57
LH:21
BRDA:17,0,0,0
BRDA:24,1,0,5
BRDA:24,1,1,0
BRDA:24,2,0,5
BRDA:24,2,1,5
BRDA:33,3,0,0
BRDA:33,3,1,0
BRDA:38,4,0,0
BRDA:38,4,1,0
BRDA:43,5,0,0
BRDA:43,5,1,0
BRDA:48,6,0,0
BRDA:48,6,1,0
BRDA:53,7,0,0
BRDA:53,7,1,0
BRDA:69,8,0,0
BRDA:107,9,0,0
BRDA:107,9,1,5
BRDA:108,10,0,0
BRDA:108,10,1,5
BRDA:109,11,0,5
BRDA:109,11,1,0
BRDA:110,12,0,0
BRDA:110,12,1,0
BRDA:122,13,0,0
BRDA:122,13,1,5
BRDA:127,14,0,0
BRDA:127,14,1,5
BRDA:132,15,0,5
BRDA:132,15,1,0
BRDA:137,16,0,0
BRDA:137,16,1,0
BRF:32
BRH:9
end_of_record
TN:
SF:src/services/pandemicsService.js
FN:8,(anonymous_0)
FN:17,(anonymous_1)
FN:66,(anonymous_2)
FN:103,(anonymous_3)
FN:115,(anonymous_4)
FNF:5
FNH:5
FNDA:7,(anonymous_0)
FNDA:8,(anonymous_1)
FNDA:5,(anonymous_2)
FNDA:5,(anonymous_3)
FNDA:5,(anonymous_4)
DA:9,7
DA:18,8
DA:19,8
DA:24,8
DA:25,8
DA:26,8
DA:30,0
DA:31,0
DA:33,0
DA:34,0
DA:35,0
DA:38,0
DA:40,0
DA:41,0
DA:44,0
DA:46,0
DA:47,0
DA:50,0
DA:53,0
DA:56,0
DA:57,0
DA:67,5
DA:68,5
DA:70,5
DA:82,0
DA:83,0
DA:104,5
DA:105,5
DA:106,5
DA:107,5
DA:116,5
DA:118,5
DA:119,0
DA:120,0
DA:121,0
DA:122,5
DA:123,0
DA:124,0
DA:125,0
DA:126,5
DA:127,0
DA:128,0
DA:130,5
DA:131,5
DA:134,5
LF:45
LH:20
BRDA:17,0,0,0
BRDA:24,1,0,8
BRDA:24,1,1,0
BRDA:24,2,0,8
BRDA:24,2,1,8
BRDA:33,3,0,0
BRDA:33,3,1,0
BRDA:38,4,0,0
BRDA:38,4,1,0
BRDA:44,5,0,0
BRDA:44,5,1,0
BRDA:50,6,0,0
BRDA:50,6,1,0
BRDA:66,7,0,0
BRDA:104,8,0,0
BRDA:104,8,1,5
BRDA:105,9,0,0
BRDA:105,9,1,5
BRDA:106,10,0,0
BRDA:106,10,1,5
BRDA:118,11,0,0
BRDA:118,11,1,5
BRDA:122,12,0,0
BRDA:122,12,1,5
BRDA:126,13,0,0
BRDA:126,13,1,5
BRF:26
BRH:9
end_of_record
TN:
SF:src/services/predictionEngine.js
FN:123,fetchInternalData
FN:149,updateFamineRiskIndex
FN:160,(anonymous_2)
FN:160,(anonymous_3)
FN:166,(anonymous_4)
FN:191,updateGeophysicalRiskIndex
FN:211,(anonymous_6)
FN:223,updateSupplyChainRiskIndex
FN:242,(anonymous_8)
FN:243,(anonymous_9)
FN:253,(anonymous_10)
FN:269,updateClimateExtremesRiskIndex
FN:279,(anonymous_12)
FN:280,(anonymous_13)
FN:283,(anonymous_14)
FN:284,(anonymous_15)
FN:285,(anonymous_16)
FN:312,updateCommunityResilienceRiskIndex
FN:330,(anonymous_18)
FN:331,(anonymous_19)
FN:344,updateCryptoVolatilityRiskIndex
FN:371,updateBiodiversityRiskIndex
FN:398,updatePandemicsRiskIndex
FN:425,updateCybersecurityRiskIndex
FN:452,updateEconomicInstabilityRiskIndex
FN:479,updateGeopoliticalInstabilityRiskIndex
FN:507,updateMultiDomainRiskIndex
FN:550,updateEthicalAssessment
FN:563,getRiskIndices
FN:570,runProphecyCycle
FNF:30
FNH:18
FNDA:55,fetchInternalData
FNDA:5,updateFamineRiskIndex
FNDA:0,(anonymous_2)
FNDA:0,(anonymous_3)
FNDA:0,(anonymous_4)
FNDA:5,updateGeophysicalRiskIndex
FNDA:2,(anonymous_6)
FNDA:5,updateSupplyChainRiskIndex
FNDA:2,(anonymous_8)
FNDA:0,(anonymous_9)
FNDA:0,(anonymous_10)
FNDA:5,updateClimateExtremesRiskIndex
FNDA:0,(anonymous_12)
FNDA:0,(anonymous_13)
FNDA:0,(anonymous_14)
FNDA:0,(anonymous_15)
FNDA:0,(anonymous_16)
FNDA:5,updateCommunityResilienceRiskIndex
FNDA:0,(anonymous_18)
FNDA:0,(anonymous_19)
FNDA:5,updateCryptoVolatilityRiskIndex
FNDA:5,updateBiodiversityRiskIndex
FNDA:5,updatePandemicsRiskIndex
FNDA:5,updateCybersecurityRiskIndex
FNDA:5,updateEconomicInstabilityRiskIndex
FNDA:5,updateGeopoliticalInstabilityRiskIndex
FNDA:2,updateMultiDomainRiskIndex
FNDA:2,updateEthicalAssessment
FNDA:8,getRiskIndices
FNDA:5,runProphecyCycle
DA:14,20
DA:15,20
DA:16,20
DA:18,20
DA:124,55
DA:125,55
DA:126,55
DA:127,11
DA:128,11
DA:132,44
DA:133,44
DA:136,19
DA:138,19
DA:139,19
DA:141,2
DA:142,2
DA:150,5
DA:151,5
DA:153,4
DA:154,4
DA:155,4
DA:160,0
DA:161,0
DA:162,0
DA:163,0
DA:166,0
DA:169,0
DA:170,0
DA:171,0
DA:172,0
DA:174,0
DA:176,0
DA:178,0
DA:185,0
DA:192,5
DA:193,5
DA:195,4
DA:196,0
DA:197,0
DA:200,4
DA:202,4
DA:203,2
DA:204,2
DA:205,2
DA:206,2
DA:211,2
DA:212,2
DA:214,2
DA:215,2
DA:217,2
DA:224,5
DA:225,5
DA:227,4
DA:228,0
DA:229,0
DA:232,4
DA:233,2
DA:234,2
DA:235,2
DA:236,2
DA:237,2
DA:241,2
DA:242,2
DA:243,0
DA:251,2
DA:252,2
DA:253,0
DA:254,0
DA:255,0
DA:256,0
DA:259,2
DA:260,2
DA:261,2
DA:263,2
DA:270,5
DA:271,5
DA:273,4
DA:274,4
DA:275,4
DA:278,0
DA:279,0
DA:280,0
DA:283,0
DA:284,0
DA:285,0
DA:288,0
DA:289,0
DA:290,0
DA:292,0
DA:293,0
DA:295,0
DA:296,0
DA:299,0
DA:301,0
DA:302,0
DA:303,0
DA:304,0
DA:306,0
DA:313,5
DA:314,5
DA:316,2
DA:317,2
DA:318,2
DA:321,0
DA:325,0
DA:326,0
DA:329,0
DA:330,0
DA:331,0
DA:333,0
DA:334,0
DA:335,0
DA:336,0
DA:338,0
DA:345,5
DA:346,5
DA:348,2
DA:349,2
DA:350,2
DA:353,0
DA:357,0
DA:359,0
DA:360,0
DA:361,0
DA:362,0
DA:363,0
DA:365,0
DA:372,5
DA:373,5
DA:375,2
DA:376,2
DA:377,2
DA:380,0
DA:384,0
DA:386,0
DA:387,0
DA:388,0
DA:389,0
DA:390,0
DA:392,0
DA:399,5
DA:400,5
DA:402,2
DA:403,2
DA:404,2
DA:407,0
DA:411,0
DA:413,0
DA:414,0
DA:415,0
DA:416,0
DA:417,0
DA:419,0
DA:426,5
DA:427,5
DA:429,2
DA:430,2
DA:431,2
DA:434,0
DA:438,0
DA:440,0
DA:441,0
DA:442,0
DA:443,0
DA:444,0
DA:446,0
DA:453,5
DA:454,5
DA:456,2
DA:457,2
DA:458,2
DA:461,0
DA:465,0
DA:467,0
DA:468,0
DA:469,0
DA:470,0
DA:471,0
DA:473,0
DA:480,5
DA:481,5
DA:483,2
DA:484,2
DA:485,2
DA:488,0
DA:492,0
DA:494,0
DA:495,0
DA:496,0
DA:497,0
DA:498,0
DA:500,0
DA:508,2
DA:509,2
DA:511,2
DA:512,2
DA:513,2
DA:514,2
DA:515,2
DA:516,2
DA:517,2
DA:518,2
DA:519,2
DA:520,2
DA:521,2
DA:523,2
DA:524,2
DA:525,2
DA:526,2
DA:527,2
DA:528,2
DA:529,2
DA:530,2
DA:531,2
DA:532,2
DA:533,2
DA:535,2
DA:536,2
DA:538,2
DA:543,2
DA:551,2
DA:553,2
DA:554,2
DA:556,2
DA:564,8
DA:571,5
DA:572,5
DA:586,2
DA:587,2
DA:588,2
DA:589,2
DA:592,2
LF:232
LH:132
BRDA:14,0,0,17
BRDA:14,0,1,3
BRDA:14,1,0,0
BRDA:14,1,1,3
BRDA:16,2,0,20
BRDA:16,2,1,3
BRDA:126,3,0,11
BRDA:126,3,1,44
BRDA:136,4,0,19
BRDA:136,4,1,13
BRDA:141,5,0,2
BRDA:141,5,1,0
BRDA:141,6,0,2
BRDA:141,6,1,2
BRDA:141,7,0,0
BRDA:141,7,1,0
BRDA:141,7,2,0
BRDA:153,8,0,4
BRDA:153,8,1,0
BRDA:153,9,0,4
BRDA:153,9,1,4
BRDA:160,10,0,0
BRDA:160,10,1,0
BRDA:161,11,0,0
BRDA:161,11,1,0
BRDA:169,12,0,0
BRDA:169,12,1,0
BRDA:171,13,0,0
BRDA:171,13,1,0
BRDA:195,14,0,0
BRDA:195,14,1,4
BRDA:202,15,0,2
BRDA:202,15,1,2
BRDA:227,16,0,0
BRDA:227,16,1,4
BRDA:232,17,0,2
BRDA:232,17,1,2
BRDA:247,18,0,0
BRDA:247,18,1,0
BRDA:252,19,0,0
BRDA:252,19,1,2
BRDA:273,20,0,4
BRDA:273,20,1,0
BRDA:273,21,0,4
BRDA:273,21,1,4
BRDA:273,21,2,0
BRDA:280,22,0,0
BRDA:280,22,1,0
BRDA:283,23,0,0
BRDA:283,23,1,0
BRDA:289,24,0,0
BRDA:289,24,1,0
BRDA:292,25,0,0
BRDA:292,25,1,0
BRDA:295,26,0,0
BRDA:295,26,1,0
BRDA:316,27,0,2
BRDA:316,27,1,0
BRDA:316,28,0,2
BRDA:316,28,1,2
BRDA:325,29,0,0
BRDA:325,29,1,0
BRDA:348,30,0,2
BRDA:348,30,1,0
BRDA:348,31,0,2
BRDA:348,31,1,2
BRDA:362,32,0,0
BRDA:362,32,1,0
BRDA:363,33,0,0
BRDA:363,33,1,0
BRDA:365,34,0,0
BRDA:365,34,1,0
BRDA:365,35,0,0
BRDA:365,35,1,0
BRDA:375,36,0,2
BRDA:375,36,1,0
BRDA:375,37,0,2
BRDA:375,37,1,2
BRDA:389,38,0,0
BRDA:389,38,1,0
BRDA:390,39,0,0
BRDA:390,39,1,0
BRDA:392,40,0,0
BRDA:392,40,1,0
BRDA:392,41,0,0
BRDA:392,41,1,0
BRDA:402,42,0,2
BRDA:402,42,1,0
BRDA:402,43,0,2
BRDA:402,43,1,2
BRDA:416,44,0,0
BRDA:416,44,1,0
BRDA:417,45,0,0
BRDA:417,45,1,0
BRDA:419,46,0,0
BRDA:419,46,1,0
BRDA:419,47,0,0
BRDA:419,47,1,0
BRDA:429,48,0,2
BRDA:429,48,1,0
BRDA:429,49,0,2
BRDA:429,49,1,2
BRDA:443,50,0,0
BRDA:443,50,1,0
BRDA:444,51,0,0
BRDA:444,51,1,0
BRDA:446,52,0,0
BRDA:446,52,1,0
BRDA:446,53,0,0
BRDA:446,53,1,0
BRDA:456,54,0,2
BRDA:456,54,1,0
BRDA:456,55,0,2
BRDA:456,55,1,2
BRDA:470,56,0,0
BRDA:470,56,1,0
BRDA:471,57,0,0
BRDA:471,57,1,0
BRDA:473,58,0,0
BRDA:473,58,1,0
BRDA:473,59,0,0
BRDA:473,59,1,0
BRDA:483,60,0,2
BRDA:483,60,1,0
BRDA:483,61,0,2
BRDA:483,61,1,2
BRDA:497,62,0,0
BRDA:497,62,1,0
BRDA:498,63,0,0
BRDA:498,63,1,0
BRDA:500,64,0,0
BRDA:500,64,1,0
BRDA:500,65,0,0
BRDA:500,65,1,0
BRDA:523,66,0,2
BRDA:523,66,1,2
BRDA:524,67,0,2
BRDA:524,67,1,2
BRDA:525,68,0,2
BRDA:525,68,1,2
BRDA:526,69,0,2
BRDA:526,69,1,2
BRDA:527,70,0,2
BRDA:527,70,1,2
BRDA:528,71,0,2
BRDA:528,71,1,2
BRDA:529,72,0,2
BRDA:529,72,1,2
BRDA:530,73,0,2
BRDA:530,73,1,2
BRDA:531,74,0,2
BRDA:531,74,1,2
BRDA:532,75,0,2
BRDA:532,75,1,2
BRDA:533,76,0,2
BRDA:533,76,1,2
BRF:156
BRH:68
end_of_record
TN:
SF:src/services/usgsService.js
FN:13,(anonymous_0)
FN:60,getMockSeismicData
FN:88,(anonymous_2)
FN:97,transformSeismicData
FN:110,(anonymous_4)
FN:121,(anonymous_5)
FNF:6
FNH:6
FNDA:11,(anonymous_0)
FNDA:3,getMockSeismicData
FNDA:6,(anonymous_2)
FNDA:8,transformSeismicData
FNDA:7,(anonymous_4)
FNDA:7,(anonymous_5)
DA:13,27
DA:14,11
DA:17,11
DA:18,1
DA:19,1
DA:20,1
DA:21,1
DA:22,1
DA:23,1
DA:25,0
DA:28,0
DA:34,10
DA:35,10
DA:36,7
DA:38,3
DA:39,3
DA:42,3
DA:45,0
DA:47,0
DA:61,3
DA:84,3
DA:88,6
DA:98,8
DA:99,1
DA:110,7
DA:121,7
DA:123,7
LF:27
LH:23
BRDA:17,0,0,1
BRDA:17,0,1,10
BRDA:18,1,0,1
BRDA:18,1,1,0
BRDA:21,2,0,1
BRDA:21,2,1,0
BRDA:28,3,0,0
BRDA:28,3,1,0
BRDA:28,4,0,0
BRDA:28,4,1,0
BRDA:38,5,0,3
BRDA:38,5,1,0
BRDA:38,6,0,3
BRDA:38,6,1,3
BRDA:98,7,0,1
BRDA:98,7,1,7
BRDA:98,8,0,8
BRDA:98,8,1,7
BRDA:121,9,0,6
BRDA:121,9,1,1
BRDA:128,10,0,7
BRDA:128,10,1,5
BRF:22
BRH:15
end_of_record
TN:
SF:src/services/worldBankService.js
FN:5,getWorldBankInstance
FN:49,(anonymous_1)
FN:61,(anonymous_2)
FN:61,(anonymous_3)
FN:63,(anonymous_4)
FN:88,(anonymous_5)
FN:88,(anonymous_6)
FN:90,(anonymous_7)
FN:133,calculateGlobalAverage
FN:134,(anonymous_9)
FN:134,(anonymous_10)
FN:136,(anonymous_11)
FNF:12
FNH:6
FNDA:10,getWorldBankInstance
FNDA:10,(anonymous_1)
FNDA:0,(anonymous_2)
FNDA:0,(anonymous_3)
FNDA:2,(anonymous_4)
FNDA:5,(anonymous_5)
FNDA:5,(anonymous_6)
FNDA:5,(anonymous_7)
FNDA:0,calculateGlobalAverage
FNDA:0,(anonymous_9)
FNDA:0,(anonymous_10)
FNDA:0,(anonymous_11)
DA:4,11
DA:6,10
DA:9,10
DA:11,10
DA:14,0
DA:15,0
DA:16,0
DA:19,0
DA:23,10
DA:27,10
DA:28,10
DA:29,1
DA:30,1
DA:32,9
DA:33,0
DA:34,0
DA:35,0
DA:36,0
DA:40,9
DA:41,4
DA:49,11
DA:50,10
DA:52,10
DA:53,10
DA:54,5
DA:55,4
DA:56,4
DA:57,4
DA:58,4
DA:59,2
DA:60,2
DA:61,2
DA:62,2
DA:63,2
DA:64,2
DA:65,2
DA:66,2
DA:67,2
DA:70,2
DA:79,7
DA:81,7
DA:82,7
DA:83,7
DA:84,7
DA:85,4
DA:86,4
DA:87,4
DA:88,5
DA:89,4
DA:90,4
DA:91,5
DA:92,5
DA:93,5
DA:94,5
DA:97,4
DA:106,0
DA:110,3
DA:122,0
DA:124,0
DA:134,0
DA:135,0
DA:136,0
LF:62
LH:48
BRDA:6,0,0,0
BRDA:6,0,1,10
BRDA:16,1,0,0
BRDA:16,1,1,0
BRDA:16,1,2,0
BRDA:23,2,0,10
BRDA:23,2,1,10
BRDA:23,2,2,10
BRDA:27,3,0,10
BRDA:27,3,1,0
BRDA:27,4,0,10
BRDA:27,4,1,10
BRDA:28,5,0,1
BRDA:28,5,1,9
BRDA:28,6,0,10
BRDA:28,6,1,10
BRDA:32,7,0,0
BRDA:32,7,1,9
BRDA:32,8,0,9
BRDA:32,8,1,9
BRDA:33,9,0,0
BRDA:33,9,1,0
BRDA:34,10,0,0
BRDA:34,10,1,0
BRDA:54,11,0,4
BRDA:54,11,1,1
BRDA:54,12,0,5
BRDA:54,12,1,5
BRDA:59,13,0,2
BRDA:59,13,1,0
BRDA:60,14,0,2
BRDA:60,14,1,0
BRDA:60,15,0,0
BRDA:60,15,1,0
BRDA:60,15,2,0
BRDA:61,16,0,2
BRDA:61,16,1,0
BRDA:61,17,0,0
BRDA:61,17,1,0
BRDA:61,17,2,0
BRDA:62,18,0,2
BRDA:62,18,1,0
BRDA:62,19,0,2
BRDA:62,19,1,2
BRDA:62,20,0,0
BRDA:62,20,1,0
BRDA:62,21,0,0
BRDA:62,21,1,0
BRDA:63,22,0,2
BRDA:63,22,1,0
BRDA:64,23,0,0
BRDA:64,23,1,2
BRDA:65,24,0,2
BRDA:65,24,1,0
BRDA:65,25,0,0
BRDA:65,25,1,0
BRDA:66,26,0,2
BRDA:66,26,1,0
BRDA:66,27,0,0
BRDA:66,27,1,0
BRDA:66,28,0,0
BRDA:66,28,1,0
BRDA:66,29,0,2
BRDA:66,29,1,0
BRDA:66,30,0,2
BRDA:66,30,1,0
BRDA:73,31,0,2
BRDA:73,31,1,2
BRDA:75,32,0,2
BRDA:75,32,1,0
BRDA:75,33,0,2
BRDA:75,33,1,2
BRDA:79,34,0,7
BRDA:79,34,1,0
BRDA:79,35,0,7
BRDA:79,35,1,7
BRDA:79,36,0,0
BRDA:79,36,1,0
BRDA:79,36,2,0
BRDA:82,37,0,7
BRDA:82,37,1,7
BRDA:84,38,0,4
BRDA:84,38,1,3
BRDA:84,39,0,7
BRDA:84,39,1,7
BRDA:86,40,0,4
BRDA:86,40,1,0
BRDA:87,41,0,4
BRDA:87,41,1,0
BRDA:87,42,0,0
BRDA:87,42,1,0
BRDA:87,42,2,0
BRDA:88,43,0,4
BRDA:88,43,1,4
BRDA:88,44,0,5
BRDA:88,44,1,5
BRDA:88,44,2,0
BRDA:89,45,0,0
BRDA:89,45,1,4
BRDA:89,46,0,4
BRDA:89,46,1,0
BRDA:89,47,0,4
BRDA:89,47,1,0
BRDA:89,48,0,4
BRDA:89,48,1,0
BRDA:90,49,0,4
BRDA:90,49,1,0
BRDA:91,50,0,0
BRDA:91,50,1,5
BRDA:92,51,0,5
BRDA:92,51,1,1
BRDA:92,52,0,1
BRDA:92,52,1,0
BRDA:93,53,0,5
BRDA:93,53,1,0
BRDA:93,54,0,0
BRDA:93,54,1,0
BRDA:93,55,0,0
BRDA:93,55,1,0
BRDA:93,56,0,5
BRDA:93,56,1,0
BRDA:93,57,0,5
BRDA:93,57,1,0
BRDA:100,58,0,4
BRDA:100,58,1,4
BRDA:102,59,0,4
BRDA:102,59,1,0
BRDA:102,60,0,4
BRDA:102,60,1,4
BRDA:106,61,0,0
BRDA:106,61,1,0
BRDA:106,62,0,0
BRDA:106,62,1,0
BRDA:122,63,0,0
BRDA:122,63,1,0
BRDA:122,64,0,0
BRDA:122,64,1,0
BRDA:122,65,0,0
BRDA:122,65,1,0
BRDA:122,65,2,0
BRDA:134,66,0,0
BRDA:134,66,1,0
BRDA:135,67,0,0
BRDA:135,67,1,0
BRF:144
BRH:67
end_of_record
TN:
SF:src/utils/externalWithFallback.js
FN:2,callWithFallback
FNF:1
FNH:1
FNDA:2,callWithFallback
DA:3,2
DA:4,2
DA:5,1
DA:7,1
DA:11,1
LF:5
LH:5
BRDA:7,0,0,1
BRDA:7,0,1,0
BRF:2
BRH:1
end_of_record
TN:
SF:src/utils/resilience.js
FN:7,(anonymous_0)
FN:15,(anonymous_1)
FN:34,(anonymous_2)
FN:39,(anonymous_3)
FN:48,retryWithBackoff
FN:67,(anonymous_5)
FN:74,fetchWithTimeout
FN:82,(anonymous_7)
FN:83,(anonymous_8)
FN:113,isJsonResponse
FNF:10
FNH:10
FNDA:28,(anonymous_0)
FNDA:10,(anonymous_1)
FNDA:3,(anonymous_2)
FNDA:6,(anonymous_3)
FNDA:6,retryWithBackoff
FNDA:12,(anonymous_5)
FNDA:7,fetchWithTimeout
FNDA:7,(anonymous_7)
FNDA:1,(anonymous_8)
FNDA:7,isJsonResponse
DA:8,28
DA:9,28
DA:10,28
DA:11,28
DA:12,28
DA:16,10
DA:17,2
DA:18,1
DA:20,1
DA:24,9
DA:25,9
DA:26,3
DA:27,3
DA:29,6
DA:30,6
DA:35,3
DA:36,3
DA:40,6
DA:41,6
DA:42,6
DA:43,3
DA:51,6
DA:52,18
DA:53,18
DA:55,15
DA:57,15
DA:58,3
DA:62,12
DA:63,12
DA:64,12
DA:66,12
DA:67,12
DA:71,3
DA:75,7
DA:82,7
DA:83,7
DA:84,1
DA:85,1
DA:89,7
DA:91,7
DA:95,7
DA:96,7
DA:101,5
DA:102,5
DA:104,2
DA:106,2
DA:107,0
DA:109,2
DA:114,7
DA:115,7
LF:50
LH:49
BRDA:7,0,0,1
BRDA:7,1,0,1
BRDA:16,2,0,2
BRDA:16,2,1,8
BRDA:17,3,0,1
BRDA:17,3,1,1
BRDA:42,4,0,3
BRDA:42,4,1,3
BRDA:48,5,0,0
BRDA:48,6,0,0
BRDA:48,7,0,0
BRDA:57,8,0,3
BRDA:57,8,1,12
BRDA:74,9,0,0
BRDA:74,10,0,0
BRDA:95,11,0,7
BRDA:95,11,1,7
BRDA:106,12,0,0
BRDA:106,12,1,2
BRDA:106,13,0,2
BRDA:106,13,1,2
BRDA:115,14,0,7
BRDA:115,14,1,6
BRF:23
BRH:17
end_of_record
