{"/home/davicho/etherai-foresight-platform-main/src/components/ClimateWidget.tsx": {"path":"/home/davicho/etherai-foresight-platform-main/src/components/ClimateWidget.tsx","statementMap":{"0":{"start":{"line":26,"column":28},"end":{"line":33,"column":1}},"1":{"start":{"line":35,"column":32},"end":{"line":175,"column":1}},"2":{"start":{"line":36,"column":40},"end":{"line":36,"column":74}},"3":{"start":{"line":37,"column":46},"end":{"line":37,"column":83}},"4":{"start":{"line":38,"column":32},"end":{"line":38,"column":47}},"5":{"start":{"line":39,"column":28},"end":{"line":39,"column":57}},"6":{"start":{"line":40,"column":42},"end":{"line":40,"column":72}},"7":{"start":{"line":42,"column":30},"end":{"line":54,"column":20}},"8":{"start":{"line":43,"column":4},"end":{"line":53,"column":5}},"9":{"start":{"line":44,"column":6},"end":{"line":44,"column":23}},"10":{"start":{"line":45,"column":23},"end":{"line":45,"column":106}},"11":{"start":{"line":46,"column":6},"end":{"line":46,"column":75}},"12":{"start":{"line":46,"column":24},"end":{"line":46,"column":75}},"13":{"start":{"line":47,"column":19},"end":{"line":47,"column":40}},"14":{"start":{"line":48,"column":6},"end":{"line":48,"column":27}},"15":{"start":{"line":50,"column":6},"end":{"line":50,"column":69}},"16":{"start":{"line":52,"column":6},"end":{"line":52,"column":24}},"17":{"start":{"line":56,"column":26},"end":{"line":65,"column":20}},"18":{"start":{"line":57,"column":4},"end":{"line":64,"column":5}},"19":{"start":{"line":58,"column":23},"end":{"line":58,"column":113}},"20":{"start":{"line":59,"column":6},"end":{"line":59,"column":70}},"21":{"start":{"line":59,"column":24},"end":{"line":59,"column":70}},"22":{"start":{"line":60,"column":19},"end":{"line":60,"column":40}},"23":{"start":{"line":61,"column":6},"end":{"line":61,"column":30}},"24":{"start":{"line":63,"column":6},"end":{"line":63,"column":52}},"25":{"start":{"line":67,"column":2},"end":{"line":70,"column":45}},"26":{"start":{"line":68,"column":4},"end":{"line":68,"column":26}},"27":{"start":{"line":69,"column":4},"end":{"line":69,"column":22}},"28":{"start":{"line":72,"column":25},"end":{"line":80,"column":3}},"29":{"start":{"line":74,"column":4},"end":{"line":74,"column":32}},"30":{"start":{"line":74,"column":20},"end":{"line":74,"column":32}},"31":{"start":{"line":75,"column":4},"end":{"line":75,"column":30}},"32":{"start":{"line":75,"column":19},"end":{"line":75,"column":30}},"33":{"start":{"line":76,"column":4},"end":{"line":76,"column":32}},"34":{"start":{"line":76,"column":20},"end":{"line":76,"column":32}},"35":{"start":{"line":77,"column":4},"end":{"line":77,"column":33}},"36":{"start":{"line":77,"column":20},"end":{"line":77,"column":33}},"37":{"start":{"line":78,"column":4},"end":{"line":78,"column":32}},"38":{"start":{"line":78,"column":20},"end":{"line":78,"column":32}},"39":{"start":{"line":79,"column":4},"end":{"line":79,"column":17}},"40":{"start":{"line":82,"column":27},"end":{"line":87,"column":3}},"41":{"start":{"line":83,"column":17},"end":{"line":83,"column":59}},"42":{"start":{"line":83,"column":39},"end":{"line":83,"column":58}},"43":{"start":{"line":84,"column":4},"end":{"line":86,"column":5}},"44":{"start":{"line":85,"column":6},"end":{"line":85,"column":28}},"45":{"start":{"line":89,"column":2},"end":{"line":174,"column":4}},"46":{"start":{"line":100,"column":31},"end":{"line":100,"column":63}},"47":{"start":{"line":104,"column":16},"end":{"line":106,"column":25}},"48":{"start":{"line":111,"column":16},"end":{"line":111,"column":38}},"49":{"start":{"line":112,"column":16},"end":{"line":112,"column":34}},"50":{"start":{"line":151,"column":16},"end":{"line":167,"column":22}}},"fnMap":{"0":{"name":"(anonymous_0)","decl":{"start":{"line":35,"column":32},"end":{"line":35,"column":33}},"loc":{"start":{"line":35,"column":38},"end":{"line":175,"column":1}},"line":35},"1":{"name":"(anonymous_1)","decl":{"start":{"line":42,"column":42},"end":{"line":42,"column":43}},"loc":{"start":{"line":42,"column":54},"end":{"line":54,"column":3}},"line":42},"2":{"name":"(anonymous_2)","decl":{"start":{"line":56,"column":38},"end":{"line":56,"column":39}},"loc":{"start":{"line":56,"column":50},"end":{"line":65,"column":3}},"line":56},"3":{"name":"(anonymous_3)","decl":{"start":{"line":67,"column":12},"end":{"line":67,"column":13}},"loc":{"start":{"line":67,"column":18},"end":{"line":70,"column":3}},"line":67},"4":{"name":"(anonymous_4)","decl":{"start":{"line":72,"column":25},"end":{"line":72,"column":26}},"loc":{"start":{"line":72,"column":43},"end":{"line":80,"column":3}},"line":72},"5":{"name":"(anonymous_5)","decl":{"start":{"line":82,"column":27},"end":{"line":82,"column":28}},"loc":{"start":{"line":82,"column":49},"end":{"line":87,"column":3}},"line":82},"6":{"name":"(anonymous_6)","decl":{"start":{"line":83,"column":34},"end":{"line":83,"column":35}},"loc":{"start":{"line":83,"column":39},"end":{"line":83,"column":58}},"line":83},"7":{"name":"(anonymous_7)","decl":{"start":{"line":100,"column":24},"end":{"line":100,"column":25}},"loc":{"start":{"line":100,"column":31},"end":{"line":100,"column":63}},"line":100},"8":{"name":"(anonymous_8)","decl":{"start":{"line":103,"column":31},"end":{"line":103,"column":32}},"loc":{"start":{"line":104,"column":16},"end":{"line":106,"column":25}},"line":104},"9":{"name":"(anonymous_9)","decl":{"start":{"line":110,"column":23},"end":{"line":110,"column":24}},"loc":{"start":{"line":110,"column":29},"end":{"line":113,"column":15}},"line":110},"10":{"name":"(anonymous_10)","decl":{"start":{"line":150,"column":51},"end":{"line":150,"column":52}},"loc":{"start":{"line":151,"column":16},"end":{"line":167,"column":22}},"line":151}},"branchMap":{"0":{"loc":{"start":{"line":46,"column":6},"end":{"line":46,"column":75}},"type":"if","locations":[{"start":{"line":46,"column":6},"end":{"line":46,"column":75}},{"start":{},"end":{}}],"line":46},"1":{"loc":{"start":{"line":50,"column":15},"end":{"line":50,"column":67}},"type":"cond-expr","locations":[{"start":{"line":50,"column":38},"end":{"line":50,"column":49}},{"start":{"line":50,"column":52},"end":{"line":50,"column":67}}],"line":50},"2":{"loc":{"start":{"line":59,"column":6},"end":{"line":59,"column":70}},"type":"if","locations":[{"start":{"line":59,"column":6},"end":{"line":59,"column":70}},{"start":{},"end":{}}],"line":59},"3":{"loc":{"start":{"line":74,"column":4},"end":{"line":74,"column":32}},"type":"if","locations":[{"start":{"line":74,"column":4},"end":{"line":74,"column":32}},{"start":{},"end":{}}],"line":74},"4":{"loc":{"start":{"line":75,"column":4},"end":{"line":75,"column":30}},"type":"if","locations":[{"start":{"line":75,"column":4},"end":{"line":75,"column":30}},{"start":{},"end":{}}],"line":75},"5":{"loc":{"start":{"line":76,"column":4},"end":{"line":76,"column":32}},"type":"if","locations":[{"start":{"line":76,"column":4},"end":{"line":76,"column":32}},{"start":{},"end":{}}],"line":76},"6":{"loc":{"start":{"line":77,"column":4},"end":{"line":77,"column":33}},"type":"if","locations":[{"start":{"line":77,"column":4},"end":{"line":77,"column":33}},{"start":{},"end":{}}],"line":77},"7":{"loc":{"start":{"line":78,"column":4},"end":{"line":78,"column":32}},"type":"if","locations":[{"start":{"line":78,"column":4},"end":{"line":78,"column":32}},{"start":{},"end":{}}],"line":78},"8":{"loc":{"start":{"line":84,"column":4},"end":{"line":86,"column":5}},"type":"if","locations":[{"start":{"line":84,"column":4},"end":{"line":86,"column":5}},{"start":{},"end":{}}],"line":84},"9":{"loc":{"start":{"line":117,"column":15},"end":{"line":117,"column":53}},"type":"cond-expr","locations":[{"start":{"line":117,"column":25},"end":{"line":117,"column":38}},{"start":{"line":117,"column":41},"end":{"line":117,"column":53}}],"line":117},"10":{"loc":{"start":{"line":122,"column":9},"end":{"line":126,"column":9}},"type":"binary-expr","locations":[{"start":{"line":122,"column":9},"end":{"line":122,"column":14}},{"start":{"line":123,"column":10},"end":{"line":125,"column":16}}],"line":122},"11":{"loc":{"start":{"line":128,"column":9},"end":{"line":144,"column":9}},"type":"binary-expr","locations":[{"start":{"line":128,"column":9},"end":{"line":128,"column":20}},{"start":{"line":129,"column":10},"end":{"line":143,"column":16}}],"line":128},"12":{"loc":{"start":{"line":146,"column":9},"end":{"line":171,"column":9}},"type":"binary-expr","locations":[{"start":{"line":146,"column":9},"end":{"line":146,"column":23}},{"start":{"line":147,"column":10},"end":{"line":170,"column":16}}],"line":146}},"s":{"0":1,"1":1,"2":9,"3":9,"4":9,"5":9,"6":9,"7":9,"8":3,"9":3,"10":3,"11":3,"12":0,"13":3,"14":3,"15":0,"16":3,"17":9,"18":3,"19":3,"20":3,"21":0,"22":3,"23":3,"24":0,"25":9,"26":3,"27":3,"28":9,"29":10,"30":0,"31":10,"32":10,"33":0,"34":0,"35":0,"36":0,"37":0,"38":0,"39":0,"40":9,"41":1,"42":3,"43":1,"44":1,"45":9,"46":1,"47":54,"48":0,"49":0,"50":5},"f":{"0":9,"1":3,"2":3,"3":3,"4":10,"5":1,"6":3,"7":1,"8":54,"9":0,"10":5},"b":{"0":[0,3],"1":[0,0],"2":[0,3],"3":[0,10],"4":[10,0],"5":[0,0],"6":[0,0],"7":[0,0],"8":[1,0],"9":[3,6],"10":[9,0],"11":[9,5],"12":[9,5]},"_coverageSchema":"1a1c01bbd47fc00a2c39e90264f33305004495a9","hash":"7edf674a3dcee89b02a06cdbf7a0dc0908955666"}
,"/home/davicho/etherai-foresight-platform-main/src/components/EnhancedRiskDashboard.tsx": {"path":"/home/davicho/etherai-foresight-platform-main/src/components/EnhancedRiskDashboard.tsx","statementMap":{"0":{"start":{"line":26,"column":40},"end":{"line":355,"column":1}},"1":{"start":{"line":27,"column":30},"end":{"line":27,"column":55}},"2":{"start":{"line":28,"column":34},"end":{"line":28,"column":58}},"3":{"start":{"line":29,"column":48},"end":{"line":29,"column":71}},"4":{"start":{"line":30,"column":52},"end":{"line":30,"column":75}},"5":{"start":{"line":31,"column":36},"end":{"line":31,"column":51}},"6":{"start":{"line":32,"column":38},"end":{"line":32,"column":80}},"7":{"start":{"line":35,"column":2},"end":{"line":89,"column":9}},"8":{"start":{"line":36,"column":36},"end":{"line":79,"column":5}},"9":{"start":{"line":81,"column":37},"end":{"line":85,"column":5}},"10":{"start":{"line":87,"column":4},"end":{"line":87,"column":26}},"11":{"start":{"line":88,"column":4},"end":{"line":88,"column":30}},"12":{"start":{"line":92,"column":28},"end":{"line":105,"column":3}},"13":{"start":{"line":93,"column":4},"end":{"line":93,"column":23}},"14":{"start":{"line":94,"column":4},"end":{"line":104,"column":5}},"15":{"start":{"line":97,"column":6},"end":{"line":100,"column":15}},"16":{"start":{"line":98,"column":8},"end":{"line":98,"column":48}},"17":{"start":{"line":99,"column":8},"end":{"line":99,"column":28}},"18":{"start":{"line":102,"column":6},"end":{"line":102,"column":61}},"19":{"start":{"line":103,"column":6},"end":{"line":103,"column":26}},"20":{"start":{"line":107,"column":2},"end":{"line":111,"column":9}},"21":{"start":{"line":109,"column":21},"end":{"line":109,"column":58}},"22":{"start":{"line":110,"column":4},"end":{"line":110,"column":41}},"23":{"start":{"line":110,"column":17},"end":{"line":110,"column":40}},"24":{"start":{"line":113,"column":23},"end":{"line":121,"column":3}},"25":{"start":{"line":114,"column":4},"end":{"line":120,"column":5}},"26":{"start":{"line":115,"column":18},"end":{"line":115,"column":40}},"27":{"start":{"line":116,"column":21},"end":{"line":116,"column":44}},"28":{"start":{"line":117,"column":19},"end":{"line":117,"column":42}},"29":{"start":{"line":118,"column":23},"end":{"line":118,"column":43}},"30":{"start":{"line":119,"column":15},"end":{"line":119,"column":36}},"31":{"start":{"line":123,"column":23},"end":{"line":129,"column":3}},"32":{"start":{"line":124,"column":4},"end":{"line":128,"column":5}},"33":{"start":{"line":125,"column":17},"end":{"line":125,"column":29}},"34":{"start":{"line":126,"column":19},"end":{"line":126,"column":31}},"35":{"start":{"line":127,"column":15},"end":{"line":127,"column":27}},"36":{"start":{"line":131,"column":25},"end":{"line":135,"column":4}},"37":{"start":{"line":132,"column":25},"end":{"line":132,"column":87}},"38":{"start":{"line":133,"column":22},"end":{"line":133,"column":90}},"39":{"start":{"line":134,"column":4},"end":{"line":134,"column":37}},"40":{"start":{"line":137,"column":21},"end":{"line":145,"column":3}},"41":{"start":{"line":138,"column":20},"end":{"line":138,"column":93}},"42":{"start":{"line":139,"column":20},"end":{"line":139,"column":87}},"43":{"start":{"line":140,"column":34},"end":{"line":140,"column":105}},"44":{"start":{"line":141,"column":24},"end":{"line":141,"column":51}},"45":{"start":{"line":142,"column":4},"end":{"line":142,"column":46}},"46":{"start":{"line":143,"column":4},"end":{"line":143,"column":64}},"47":{"start":{"line":144,"column":4},"end":{"line":144,"column":24}},"48":{"start":{"line":148,"column":24},"end":{"line":152,"column":5}},"49":{"start":{"line":148,"column":49},"end":{"line":152,"column":3}},"50":{"start":{"line":154,"column":32},"end":{"line":159,"column":3}},"51":{"start":{"line":155,"column":45},"end":{"line":155,"column":66}},"52":{"start":{"line":156,"column":48},"end":{"line":156,"column":72}},"53":{"start":{"line":157,"column":46},"end":{"line":157,"column":68}},"54":{"start":{"line":158,"column":50},"end":{"line":158,"column":76}},"55":{"start":{"line":161,"column":2},"end":{"line":354,"column":4}},"56":{"start":{"line":206,"column":31},"end":{"line":206,"column":65}},"57":{"start":{"line":216,"column":31},"end":{"line":216,"column":67}},"58":{"start":{"line":232,"column":10},"end":{"line":255,"column":17}},"59":{"start":{"line":299,"column":46},"end":{"line":299,"column":65}},"60":{"start":{"line":302,"column":20},"end":{"line":302,"column":69}},"61":{"start":{"line":323,"column":14},"end":{"line":345,"column":20}},"62":{"start":{"line":340,"column":20},"end":{"line":342,"column":26}}},"fnMap":{"0":{"name":"(anonymous_0)","decl":{"start":{"line":26,"column":40},"end":{"line":26,"column":41}},"loc":{"start":{"line":26,"column":46},"end":{"line":355,"column":1}},"line":26},"1":{"name":"(anonymous_1)","decl":{"start":{"line":35,"column":12},"end":{"line":35,"column":13}},"loc":{"start":{"line":35,"column":18},"end":{"line":89,"column":3}},"line":35},"2":{"name":"(anonymous_2)","decl":{"start":{"line":92,"column":28},"end":{"line":92,"column":29}},"loc":{"start":{"line":92,"column":40},"end":{"line":105,"column":3}},"line":92},"3":{"name":"(anonymous_3)","decl":{"start":{"line":97,"column":17},"end":{"line":97,"column":18}},"loc":{"start":{"line":97,"column":23},"end":{"line":100,"column":7}},"line":97},"4":{"name":"(anonymous_4)","decl":{"start":{"line":107,"column":12},"end":{"line":107,"column":13}},"loc":{"start":{"line":107,"column":18},"end":{"line":111,"column":3}},"line":107},"5":{"name":"(anonymous_5)","decl":{"start":{"line":110,"column":11},"end":{"line":110,"column":12}},"loc":{"start":{"line":110,"column":17},"end":{"line":110,"column":40}},"line":110},"6":{"name":"(anonymous_6)","decl":{"start":{"line":113,"column":23},"end":{"line":113,"column":24}},"loc":{"start":{"line":113,"column":42},"end":{"line":121,"column":3}},"line":113},"7":{"name":"(anonymous_7)","decl":{"start":{"line":123,"column":23},"end":{"line":123,"column":24}},"loc":{"start":{"line":123,"column":42},"end":{"line":129,"column":3}},"line":123},"8":{"name":"(anonymous_8)","decl":{"start":{"line":131,"column":39},"end":{"line":131,"column":40}},"loc":{"start":{"line":131,"column":48},"end":{"line":135,"column":3}},"line":131},"9":{"name":"(anonymous_9)","decl":{"start":{"line":137,"column":21},"end":{"line":137,"column":22}},"loc":{"start":{"line":137,"column":27},"end":{"line":145,"column":3}},"line":137},"10":{"name":"(anonymous_10)","decl":{"start":{"line":148,"column":37},"end":{"line":148,"column":38}},"loc":{"start":{"line":148,"column":49},"end":{"line":152,"column":3}},"line":148},"11":{"name":"(anonymous_11)","decl":{"start":{"line":155,"column":40},"end":{"line":155,"column":41}},"loc":{"start":{"line":155,"column":45},"end":{"line":155,"column":66}},"line":155},"12":{"name":"(anonymous_12)","decl":{"start":{"line":156,"column":43},"end":{"line":156,"column":44}},"loc":{"start":{"line":156,"column":48},"end":{"line":156,"column":72}},"line":156},"13":{"name":"(anonymous_13)","decl":{"start":{"line":157,"column":41},"end":{"line":157,"column":42}},"loc":{"start":{"line":157,"column":46},"end":{"line":157,"column":68}},"line":157},"14":{"name":"(anonymous_14)","decl":{"start":{"line":158,"column":45},"end":{"line":158,"column":46}},"loc":{"start":{"line":158,"column":50},"end":{"line":158,"column":76}},"line":158},"15":{"name":"(anonymous_15)","decl":{"start":{"line":206,"column":24},"end":{"line":206,"column":25}},"loc":{"start":{"line":206,"column":31},"end":{"line":206,"column":65}},"line":206},"16":{"name":"(anonymous_16)","decl":{"start":{"line":216,"column":24},"end":{"line":216,"column":25}},"loc":{"start":{"line":216,"column":31},"end":{"line":216,"column":67}},"line":216},"17":{"name":"(anonymous_17)","decl":{"start":{"line":231,"column":22},"end":{"line":231,"column":23}},"loc":{"start":{"line":232,"column":10},"end":{"line":255,"column":17}},"line":232},"18":{"name":"(anonymous_18)","decl":{"start":{"line":299,"column":25},"end":{"line":299,"column":26}},"loc":{"start":{"line":299,"column":46},"end":{"line":299,"column":65}},"line":299},"19":{"name":"(anonymous_19)","decl":{"start":{"line":301,"column":45},"end":{"line":301,"column":46}},"loc":{"start":{"line":302,"column":20},"end":{"line":302,"column":69}},"line":302},"20":{"name":"(anonymous_20)","decl":{"start":{"line":322,"column":32},"end":{"line":322,"column":33}},"loc":{"start":{"line":323,"column":14},"end":{"line":345,"column":20}},"line":323},"21":{"name":"(anonymous_21)","decl":{"start":{"line":339,"column":37},"end":{"line":339,"column":38}},"loc":{"start":{"line":340,"column":20},"end":{"line":342,"column":26}},"line":340}},"branchMap":{"0":{"loc":{"start":{"line":114,"column":4},"end":{"line":120,"column":5}},"type":"switch","locations":[{"start":{"line":115,"column":6},"end":{"line":115,"column":40}},{"start":{"line":116,"column":6},"end":{"line":116,"column":44}},{"start":{"line":117,"column":6},"end":{"line":117,"column":42}},{"start":{"line":118,"column":6},"end":{"line":118,"column":43}},{"start":{"line":119,"column":6},"end":{"line":119,"column":36}}],"line":114},"1":{"loc":{"start":{"line":124,"column":4},"end":{"line":128,"column":5}},"type":"switch","locations":[{"start":{"line":125,"column":6},"end":{"line":125,"column":29}},{"start":{"line":126,"column":6},"end":{"line":126,"column":31}},{"start":{"line":127,"column":6},"end":{"line":127,"column":27}}],"line":124},"2":{"loc":{"start":{"line":132,"column":25},"end":{"line":132,"column":87}},"type":"binary-expr","locations":[{"start":{"line":132,"column":25},"end":{"line":132,"column":50}},{"start":{"line":132,"column":54},"end":{"line":132,"column":87}}],"line":132},"3":{"loc":{"start":{"line":133,"column":22},"end":{"line":133,"column":90}},"type":"binary-expr","locations":[{"start":{"line":133,"column":22},"end":{"line":133,"column":49}},{"start":{"line":133,"column":53},"end":{"line":133,"column":90}}],"line":133},"4":{"loc":{"start":{"line":134,"column":11},"end":{"line":134,"column":36}},"type":"binary-expr","locations":[{"start":{"line":134,"column":11},"end":{"line":134,"column":23}},{"start":{"line":134,"column":27},"end":{"line":134,"column":36}}],"line":134},"5":{"loc":{"start":{"line":180,"column":54},"end":{"line":180,"column":85}},"type":"cond-expr","locations":[{"start":{"line":180,"column":66},"end":{"line":180,"column":80}},{"start":{"line":180,"column":83},"end":{"line":180,"column":85}}],"line":180},"6":{"loc":{"start":{"line":247,"column":20},"end":{"line":249,"column":79}},"type":"cond-expr","locations":[{"start":{"line":247,"column":47},"end":{"line":247,"column":59}},{"start":{"line":248,"column":20},"end":{"line":249,"column":79}}],"line":247},"7":{"loc":{"start":{"line":248,"column":20},"end":{"line":249,"column":79}},"type":"cond-expr","locations":[{"start":{"line":248,"column":47},"end":{"line":248,"column":62}},{"start":{"line":249,"column":20},"end":{"line":249,"column":79}}],"line":248},"8":{"loc":{"start":{"line":249,"column":20},"end":{"line":249,"column":79}},"type":"cond-expr","locations":[{"start":{"line":249,"column":47},"end":{"line":249,"column":62}},{"start":{"line":249,"column":65},"end":{"line":249,"column":79}}],"line":249},"9":{"loc":{"start":{"line":347,"column":13},"end":{"line":349,"column":13}},"type":"binary-expr","locations":[{"start":{"line":347,"column":13},"end":{"line":347,"column":40}},{"start":{"line":348,"column":14},"end":{"line":348,"column":116}}],"line":347}},"s":{"0":1,"1":30,"2":30,"3":30,"4":30,"5":30,"6":30,"7":30,"8":14,"9":14,"10":14,"11":14,"12":30,"13":1,"14":1,"15":1,"16":0,"17":0,"18":0,"19":0,"20":30,"21":14,"22":14,"23":14,"24":30,"25":46,"26":0,"27":15,"28":16,"29":15,"30":0,"31":30,"32":48,"33":32,"34":0,"35":16,"36":30,"37":48,"38":48,"39":48,"40":30,"41":1,"42":1,"43":1,"44":1,"45":1,"46":1,"47":1,"48":30,"49":48,"50":30,"51":48,"52":48,"53":48,"54":48,"55":30,"56":1,"57":0,"58":48,"59":0,"60":120,"61":46,"62":138},"f":{"0":30,"1":14,"2":1,"3":0,"4":14,"5":14,"6":46,"7":48,"8":48,"9":1,"10":48,"11":48,"12":48,"13":48,"14":48,"15":1,"16":0,"17":48,"18":0,"19":120,"20":46,"21":138},"b":{"0":[0,15,16,15,0],"1":[32,0,16],"2":[48,3],"3":[48,0],"4":[48,46],"5":[1,29],"6":[32,16],"7":[16,0],"8":[0,0],"9":[30,14]},"_coverageSchema":"1a1c01bbd47fc00a2c39e90264f33305004495a9","hash":"f096de782856ff5576829a943ce4c61a8ab682b7"}
,"/home/davicho/etherai-foresight-platform-main/src/components/FAQSection.tsx": {"path":"/home/davicho/etherai-foresight-platform-main/src/components/FAQSection.tsx","statementMap":{"0":{"start":{"line":10,"column":29},"end":{"line":89,"column":1}},"1":{"start":{"line":11,"column":2},"end":{"line":88,"column":4}}},"fnMap":{"0":{"name":"(anonymous_0)","decl":{"start":{"line":10,"column":29},"end":{"line":10,"column":30}},"loc":{"start":{"line":10,"column":35},"end":{"line":89,"column":1}},"line":10}},"branchMap":{},"s":{"0":1,"1":5},"f":{"0":5},"b":{},"_coverageSchema":"1a1c01bbd47fc00a2c39e90264f33305004495a9","hash":"fb7a841cd874a999e1636eb9c9d91f364aff9ef9"}
,"/home/davicho/etherai-foresight-platform-main/src/components/FeaturesSection.tsx": {"path":"/home/davicho/etherai-foresight-platform-main/src/components/FeaturesSection.tsx","statementMap":{"0":{"start":{"line":5,"column":34},"end":{"line":130,"column":1}},"1":{"start":{"line":6,"column":2},"end":{"line":129,"column":4}}},"fnMap":{"0":{"name":"(anonymous_0)","decl":{"start":{"line":5,"column":34},"end":{"line":5,"column":35}},"loc":{"start":{"line":5,"column":40},"end":{"line":130,"column":1}},"line":5}},"branchMap":{},"s":{"0":1,"1":11},"f":{"0":11},"b":{},"_coverageSchema":"1a1c01bbd47fc00a2c39e90264f33305004495a9","hash":"1b4107f2dfdb98ce6b0ed2a9916870eac4082420"}
,"/home/davicho/etherai-foresight-platform-main/src/components/HeroSection.tsx": {"path":"/home/davicho/etherai-foresight-platform-main/src/components/HeroSection.tsx","statementMap":{"0":{"start":{"line":7,"column":30},"end":{"line":188,"column":1}},"1":{"start":{"line":8,"column":20},"end":{"line":8,"column":51}},"2":{"start":{"line":9,"column":36},"end":{"line":9,"column":51}},"3":{"start":{"line":11,"column":2},"end":{"line":87,"column":9}},"4":{"start":{"line":12,"column":19},"end":{"line":12,"column":36}},"5":{"start":{"line":13,"column":4},"end":{"line":13,"column":24}},"6":{"start":{"line":13,"column":17},"end":{"line":13,"column":24}},"7":{"start":{"line":15,"column":16},"end":{"line":15,"column":39}},"8":{"start":{"line":16,"column":4},"end":{"line":16,"column":21}},"9":{"start":{"line":16,"column":14},"end":{"line":16,"column":21}},"10":{"start":{"line":19,"column":26},"end":{"line":22,"column":5}},"11":{"start":{"line":20,"column":6},"end":{"line":20,"column":40}},"12":{"start":{"line":21,"column":6},"end":{"line":21,"column":42}},"13":{"start":{"line":24,"column":4},"end":{"line":24,"column":20}},"14":{"start":{"line":25,"column":4},"end":{"line":25,"column":53}},"15":{"start":{"line":28,"column":94},"end":{"line":28,"column":96}},"16":{"start":{"line":29,"column":26},"end":{"line":29,"column":29}},"17":{"start":{"line":31,"column":4},"end":{"line":39,"column":5}},"18":{"start":{"line":31,"column":17},"end":{"line":31,"column":18}},"19":{"start":{"line":32,"column":6},"end":{"line":38,"column":9}},"20":{"start":{"line":43,"column":6},"end":{"line":43,"column":37}},"21":{"start":{"line":44,"column":6},"end":{"line":44,"column":55}},"22":{"start":{"line":47,"column":6},"end":{"line":61,"column":9}},"23":{"start":{"line":48,"column":8},"end":{"line":48,"column":24}},"24":{"start":{"line":49,"column":8},"end":{"line":49,"column":71}},"25":{"start":{"line":50,"column":8},"end":{"line":50,"column":105}},"26":{"start":{"line":51,"column":8},"end":{"line":51,"column":19}},"27":{"start":{"line":54,"column":8},"end":{"line":54,"column":37}},"28":{"start":{"line":57,"column":8},"end":{"line":60,"column":9}},"29":{"start":{"line":58,"column":10},"end":{"line":58,"column":37}},"30":{"start":{"line":59,"column":10},"end":{"line":59,"column":52}},"31":{"start":{"line":64,"column":6},"end":{"line":79,"column":7}},"32":{"start":{"line":64,"column":19},"end":{"line":64,"column":20}},"33":{"start":{"line":65,"column":8},"end":{"line":78,"column":9}},"34":{"start":{"line":65,"column":21},"end":{"line":65,"column":26}},"35":{"start":{"line":66,"column":21},"end":{"line":66,"column":52}},"36":{"start":{"line":67,"column":21},"end":{"line":67,"column":52}},"37":{"start":{"line":68,"column":27},"end":{"line":68,"column":55}},"38":{"start":{"line":70,"column":10},"end":{"line":77,"column":11}},"39":{"start":{"line":71,"column":12},"end":{"line":71,"column":28}},"40":{"start":{"line":72,"column":12},"end":{"line":72,"column":55}},"41":{"start":{"line":73,"column":12},"end":{"line":73,"column":55}},"42":{"start":{"line":74,"column":12},"end":{"line":74,"column":116}},"43":{"start":{"line":75,"column":12},"end":{"line":75,"column":32}},"44":{"start":{"line":76,"column":12},"end":{"line":76,"column":25}},"45":{"start":{"line":82,"column":4},"end":{"line":82,"column":14}},"46":{"start":{"line":84,"column":4},"end":{"line":86,"column":6}},"47":{"start":{"line":85,"column":6},"end":{"line":85,"column":58}},"48":{"start":{"line":89,"column":25},"end":{"line":97,"column":3}},"49":{"start":{"line":90,"column":4},"end":{"line":90,"column":61}},"50":{"start":{"line":91,"column":27},"end":{"line":91,"column":61}},"51":{"start":{"line":92,"column":4},"end":{"line":96,"column":5}},"52":{"start":{"line":93,"column":6},"end":{"line":95,"column":14}},"53":{"start":{"line":94,"column":8},"end":{"line":94,"column":62}},"54":{"start":{"line":99,"column":2},"end":{"line":187,"column":4}},"55":{"start":{"line":106,"column":28},"end":{"line":106,"column":47}},"56":{"start":{"line":107,"column":72},"end":{"line":107,"column":91}},"57":{"start":{"line":110,"column":29},"end":{"line":110,"column":48}},"58":{"start":{"line":163,"column":25},"end":{"line":163,"column":43}}},"fnMap":{"0":{"name":"(anonymous_0)","decl":{"start":{"line":7,"column":30},"end":{"line":7,"column":31}},"loc":{"start":{"line":7,"column":36},"end":{"line":188,"column":1}},"line":7},"1":{"name":"(anonymous_1)","decl":{"start":{"line":11,"column":12},"end":{"line":11,"column":13}},"loc":{"start":{"line":11,"column":18},"end":{"line":87,"column":3}},"line":11},"2":{"name":"(anonymous_2)","decl":{"start":{"line":19,"column":26},"end":{"line":19,"column":27}},"loc":{"start":{"line":19,"column":32},"end":{"line":22,"column":5}},"line":19},"3":{"name":"animate","decl":{"start":{"line":42,"column":13},"end":{"line":42,"column":20}},"loc":{"start":{"line":42,"column":23},"end":{"line":80,"column":5}},"line":42},"4":{"name":"(anonymous_4)","decl":{"start":{"line":47,"column":24},"end":{"line":47,"column":25}},"loc":{"start":{"line":47,"column":36},"end":{"line":61,"column":7}},"line":47},"5":{"name":"(anonymous_5)","decl":{"start":{"line":84,"column":11},"end":{"line":84,"column":12}},"loc":{"start":{"line":84,"column":17},"end":{"line":86,"column":5}},"line":84},"6":{"name":"(anonymous_6)","decl":{"start":{"line":89,"column":25},"end":{"line":89,"column":26}},"loc":{"start":{"line":89,"column":31},"end":{"line":97,"column":3}},"line":89},"7":{"name":"(anonymous_7)","decl":{"start":{"line":93,"column":17},"end":{"line":93,"column":18}},"loc":{"start":{"line":93,"column":23},"end":{"line":95,"column":7}},"line":93},"8":{"name":"(anonymous_8)","decl":{"start":{"line":106,"column":22},"end":{"line":106,"column":23}},"loc":{"start":{"line":106,"column":28},"end":{"line":106,"column":47}},"line":106},"9":{"name":"(anonymous_9)","decl":{"start":{"line":107,"column":67},"end":{"line":107,"column":68}},"loc":{"start":{"line":107,"column":72},"end":{"line":107,"column":91}},"line":107},"10":{"name":"(anonymous_10)","decl":{"start":{"line":110,"column":23},"end":{"line":110,"column":24}},"loc":{"start":{"line":110,"column":29},"end":{"line":110,"column":48}},"line":110},"11":{"name":"(anonymous_11)","decl":{"start":{"line":163,"column":19},"end":{"line":163,"column":20}},"loc":{"start":{"line":163,"column":25},"end":{"line":163,"column":43}},"line":163}},"branchMap":{"0":{"loc":{"start":{"line":13,"column":4},"end":{"line":13,"column":24}},"type":"if","locations":[{"start":{"line":13,"column":4},"end":{"line":13,"column":24}},{"start":{},"end":{}}],"line":13},"1":{"loc":{"start":{"line":16,"column":4},"end":{"line":16,"column":21}},"type":"if","locations":[{"start":{"line":16,"column":4},"end":{"line":16,"column":21}},{"start":{},"end":{}}],"line":16},"2":{"loc":{"start":{"line":37,"column":15},"end":{"line":37,"column":58}},"type":"cond-expr","locations":[{"start":{"line":37,"column":37},"end":{"line":37,"column":46}},{"start":{"line":37,"column":49},"end":{"line":37,"column":58}}],"line":37},"3":{"loc":{"start":{"line":57,"column":8},"end":{"line":60,"column":9}},"type":"if","locations":[{"start":{"line":57,"column":8},"end":{"line":60,"column":9}},{"start":{},"end":{}}],"line":57},"4":{"loc":{"start":{"line":70,"column":10},"end":{"line":77,"column":11}},"type":"if","locations":[{"start":{"line":70,"column":10},"end":{"line":77,"column":11}},{"start":{},"end":{}}],"line":70},"5":{"loc":{"start":{"line":92,"column":4},"end":{"line":96,"column":5}},"type":"if","locations":[{"start":{"line":92,"column":4},"end":{"line":96,"column":5}},{"start":{},"end":{}}],"line":92},"6":{"loc":{"start":{"line":104,"column":7},"end":{"line":132,"column":7}},"type":"binary-expr","locations":[{"start":{"line":104,"column":7},"end":{"line":104,"column":16}},{"start":{"line":105,"column":8},"end":{"line":131,"column":14}}],"line":104}},"s":{"0":1,"1":17,"2":17,"3":17,"4":12,"5":12,"6":0,"7":12,"8":12,"9":0,"10":12,"11":12,"12":12,"13":12,"14":12,"15":12,"16":12,"17":12,"18":12,"19":1440,"20":180,"21":180,"22":180,"23":21600,"24":21600,"25":21600,"26":21600,"27":21600,"28":21600,"29":21600,"30":21600,"31":180,"32":180,"33":21600,"34":21600,"35":1285200,"36":1285200,"37":1285200,"38":1285200,"39":1285200,"40":1285200,"41":1285200,"42":1285200,"43":1285200,"44":1285200,"45":12,"46":12,"47":12,"48":17,"49":1,"50":1,"51":1,"52":1,"53":1,"54":17,"55":1,"56":1,"57":1,"58":3},"f":{"0":17,"1":12,"2":12,"3":180,"4":21600,"5":12,"6":1,"7":1,"8":1,"9":1,"10":1,"11":3},"b":{"0":[0,12],"1":[0,12],"2":[420,1020],"3":[21600,0],"4":[1285200,0],"5":[1,0],"6":[17,3]},"_coverageSchema":"1a1c01bbd47fc00a2c39e90264f33305004495a9","hash":"b4e69293717443106cf51c15cfc411ead3cc5dda"}
,"/home/davicho/etherai-foresight-platform-main/src/components/InteractiveDashboard.tsx": {"path":"/home/davicho/etherai-foresight-platform-main/src/components/InteractiveDashboard.tsx","statementMap":{"0":{"start":{"line":21,"column":39},"end":{"line":292,"column":1}},"1":{"start":{"line":22,"column":30},"end":{"line":22,"column":47}},"2":{"start":{"line":23,"column":36},"end":{"line":23,"column":48}},"3":{"start":{"line":24,"column":36},"end":{"line":24,"column":48}},"4":{"start":{"line":25,"column":46},"end":{"line":25,"column":61}},"5":{"start":{"line":26,"column":32},"end":{"line":26,"column":47}},"6":{"start":{"line":27,"column":50},"end":{"line":27,"column":91}},"7":{"start":{"line":30,"column":21},"end":{"line":73,"column":3}},"8":{"start":{"line":76,"column":24},"end":{"line":77,"column":86}},"9":{"start":{"line":80,"column":26},"end":{"line":80,"column":75}},"10":{"start":{"line":82,"column":16},"end":{"line":82,"column":39}},"11":{"start":{"line":85,"column":2},"end":{"line":85,"column":121}},"12":{"start":{"line":88,"column":4},"end":{"line":88,"column":21}},"13":{"start":{"line":89,"column":4},"end":{"line":89,"column":30}},"14":{"start":{"line":90,"column":4},"end":{"line":116,"column":5}},"15":{"start":{"line":91,"column":22},"end":{"line":98,"column":7}},"16":{"start":{"line":100,"column":18},"end":{"line":104,"column":8}},"17":{"start":{"line":105,"column":6},"end":{"line":108,"column":7}},"18":{"start":{"line":106,"column":21},"end":{"line":106,"column":37}},"19":{"start":{"line":107,"column":8},"end":{"line":107,"column":51}},"20":{"start":{"line":109,"column":19},"end":{"line":109,"column":35}},"21":{"start":{"line":110,"column":6},"end":{"line":110,"column":32}},"22":{"start":{"line":111,"column":6},"end":{"line":111,"column":30}},"23":{"start":{"line":113,"column":6},"end":{"line":113,"column":25}},"24":{"start":{"line":115,"column":6},"end":{"line":115,"column":24}},"25":{"start":{"line":120,"column":29},"end":{"line":124,"column":3}},"26":{"start":{"line":121,"column":4},"end":{"line":121,"column":54}},"27":{"start":{"line":121,"column":30},"end":{"line":121,"column":54}},"28":{"start":{"line":122,"column":4},"end":{"line":122,"column":55}},"29":{"start":{"line":122,"column":30},"end":{"line":122,"column":55}},"30":{"start":{"line":123,"column":4},"end":{"line":123,"column":26}},"31":{"start":{"line":126,"column":29},"end":{"line":130,"column":3}},"32":{"start":{"line":127,"column":4},"end":{"line":127,"column":44}},"33":{"start":{"line":127,"column":30},"end":{"line":127,"column":44}},"34":{"start":{"line":128,"column":4},"end":{"line":128,"column":48}},"35":{"start":{"line":128,"column":30},"end":{"line":128,"column":48}},"36":{"start":{"line":129,"column":4},"end":{"line":129,"column":18}},"37":{"start":{"line":132,"column":2},"end":{"line":291,"column":4}},"38":{"start":{"line":161,"column":39},"end":{"line":161,"column":60}},"39":{"start":{"line":175,"column":39},"end":{"line":175,"column":60}},"40":{"start":{"line":184,"column":27},"end":{"line":184,"column":44}},"41":{"start":{"line":234,"column":24},"end":{"line":246,"column":30}}},"fnMap":{"0":{"name":"(anonymous_0)","decl":{"start":{"line":21,"column":39},"end":{"line":21,"column":40}},"loc":{"start":{"line":21,"column":45},"end":{"line":292,"column":1}},"line":21},"1":{"name":"fetchPrediction","decl":{"start":{"line":87,"column":17},"end":{"line":87,"column":32}},"loc":{"start":{"line":87,"column":35},"end":{"line":117,"column":3}},"line":87},"2":{"name":"(anonymous_2)","decl":{"start":{"line":120,"column":29},"end":{"line":120,"column":30}},"loc":{"start":{"line":120,"column":35},"end":{"line":124,"column":3}},"line":120},"3":{"name":"(anonymous_3)","decl":{"start":{"line":126,"column":29},"end":{"line":126,"column":30}},"loc":{"start":{"line":126,"column":35},"end":{"line":130,"column":3}},"line":126},"4":{"name":"(anonymous_4)","decl":{"start":{"line":161,"column":29},"end":{"line":161,"column":30}},"loc":{"start":{"line":161,"column":39},"end":{"line":161,"column":60}},"line":161},"5":{"name":"(anonymous_5)","decl":{"start":{"line":175,"column":29},"end":{"line":175,"column":30}},"loc":{"start":{"line":175,"column":39},"end":{"line":175,"column":60}},"line":175},"6":{"name":"(anonymous_6)","decl":{"start":{"line":184,"column":21},"end":{"line":184,"column":22}},"loc":{"start":{"line":184,"column":27},"end":{"line":184,"column":44}},"line":184},"7":{"name":"(anonymous_7)","decl":{"start":{"line":233,"column":94},"end":{"line":233,"column":95}},"loc":{"start":{"line":234,"column":24},"end":{"line":246,"column":30}},"line":234}},"branchMap":{"0":{"loc":{"start":{"line":76,"column":24},"end":{"line":77,"column":86}},"type":"cond-expr","locations":[{"start":{"line":76,"column":45},"end":{"line":76,"column":61}},{"start":{"line":77,"column":24},"end":{"line":77,"column":86}}],"line":76},"1":{"loc":{"start":{"line":77,"column":24},"end":{"line":77,"column":86}},"type":"cond-expr","locations":[{"start":{"line":77,"column":48},"end":{"line":77,"column":67}},{"start":{"line":77,"column":70},"end":{"line":77,"column":86}}],"line":77},"2":{"loc":{"start":{"line":85,"column":12},"end":{"line":85,"column":120}},"type":"binary-expr","locations":[{"start":{"line":85,"column":12},"end":{"line":85,"column":76}},{"start":{"line":85,"column":80},"end":{"line":85,"column":109}},{"start":{"line":85,"column":113},"end":{"line":85,"column":120}}],"line":85},"3":{"loc":{"start":{"line":105,"column":6},"end":{"line":108,"column":7}},"type":"if","locations":[{"start":{"line":105,"column":6},"end":{"line":108,"column":7}},{"start":{},"end":{}}],"line":105},"4":{"loc":{"start":{"line":107,"column":24},"end":{"line":107,"column":49}},"type":"binary-expr","locations":[{"start":{"line":107,"column":24},"end":{"line":107,"column":28}},{"start":{"line":107,"column":32},"end":{"line":107,"column":49}}],"line":107},"5":{"loc":{"start":{"line":121,"column":4},"end":{"line":121,"column":54}},"type":"if","locations":[{"start":{"line":121,"column":4},"end":{"line":121,"column":54}},{"start":{},"end":{}}],"line":121},"6":{"loc":{"start":{"line":122,"column":4},"end":{"line":122,"column":55}},"type":"if","locations":[{"start":{"line":122,"column":4},"end":{"line":122,"column":55}},{"start":{},"end":{}}],"line":122},"7":{"loc":{"start":{"line":127,"column":4},"end":{"line":127,"column":44}},"type":"if","locations":[{"start":{"line":127,"column":4},"end":{"line":127,"column":44}},{"start":{},"end":{}}],"line":127},"8":{"loc":{"start":{"line":128,"column":4},"end":{"line":128,"column":48}},"type":"if","locations":[{"start":{"line":128,"column":4},"end":{"line":128,"column":48}},{"start":{},"end":{}}],"line":128},"9":{"loc":{"start":{"line":187,"column":13},"end":{"line":187,"column":60}},"type":"cond-expr","locations":[{"start":{"line":187,"column":23},"end":{"line":187,"column":37}},{"start":{"line":187,"column":40},"end":{"line":187,"column":60}}],"line":187},"10":{"loc":{"start":{"line":191,"column":9},"end":{"line":288,"column":9}},"type":"binary-expr","locations":[{"start":{"line":191,"column":9},"end":{"line":191,"column":23}},{"start":{"line":192,"column":10},"end":{"line":287,"column":16}}],"line":191},"11":{"loc":{"start":{"line":200,"column":30},"end":{"line":200,"column":133}},"type":"cond-expr","locations":[{"start":{"line":200,"column":49},"end":{"line":200,"column":100}},{"start":{"line":200,"column":103},"end":{"line":200,"column":133}}],"line":200},"12":{"loc":{"start":{"line":215,"column":24},"end":{"line":216,"column":77}},"type":"cond-expr","locations":[{"start":{"line":215,"column":47},"end":{"line":215,"column":61}},{"start":{"line":216,"column":24},"end":{"line":216,"column":77}}],"line":215},"13":{"loc":{"start":{"line":216,"column":24},"end":{"line":216,"column":77}},"type":"cond-expr","locations":[{"start":{"line":216,"column":47},"end":{"line":216,"column":62}},{"start":{"line":216,"column":65},"end":{"line":216,"column":77}}],"line":216},"14":{"loc":{"start":{"line":233,"column":24},"end":{"line":233,"column":88}},"type":"cond-expr","locations":[{"start":{"line":233,"column":43},"end":{"line":233,"column":67}},{"start":{"line":233,"column":70},"end":{"line":233,"column":88}}],"line":233},"15":{"loc":{"start":{"line":235,"column":58},"end":{"line":235,"column":82}},"type":"binary-expr","locations":[{"start":{"line":235,"column":58},"end":{"line":235,"column":67}},{"start":{"line":235,"column":71},"end":{"line":235,"column":82}}],"line":235},"16":{"loc":{"start":{"line":239,"column":32},"end":{"line":240,"column":83}},"type":"cond-expr","locations":[{"start":{"line":239,"column":50},"end":{"line":239,"column":63}},{"start":{"line":240,"column":32},"end":{"line":240,"column":83}}],"line":239},"17":{"loc":{"start":{"line":240,"column":32},"end":{"line":240,"column":83}},"type":"cond-expr","locations":[{"start":{"line":240,"column":50},"end":{"line":240,"column":65}},{"start":{"line":240,"column":68},"end":{"line":240,"column":83}}],"line":240},"18":{"loc":{"start":{"line":242,"column":49},"end":{"line":242,"column":80}},"type":"binary-expr","locations":[{"start":{"line":242,"column":49},"end":{"line":242,"column":59}},{"start":{"line":242,"column":64},"end":{"line":242,"column":79}}],"line":242},"19":{"loc":{"start":{"line":245,"column":58},"end":{"line":245,"column":182}},"type":"cond-expr","locations":[{"start":{"line":245,"column":102},"end":{"line":245,"column":146}},{"start":{"line":245,"column":150},"end":{"line":245,"column":181}}],"line":245},"20":{"loc":{"start":{"line":245,"column":59},"end":{"line":245,"column":90}},"type":"binary-expr","locations":[{"start":{"line":245,"column":59},"end":{"line":245,"column":69}},{"start":{"line":245,"column":74},"end":{"line":245,"column":89}}],"line":245},"21":{"loc":{"start":{"line":245,"column":103},"end":{"line":245,"column":134}},"type":"binary-expr","locations":[{"start":{"line":245,"column":103},"end":{"line":245,"column":113}},{"start":{"line":245,"column":118},"end":{"line":245,"column":133}}],"line":245},"22":{"loc":{"start":{"line":245,"column":150},"end":{"line":245,"column":181}},"type":"binary-expr","locations":[{"start":{"line":245,"column":150},"end":{"line":245,"column":160}},{"start":{"line":245,"column":165},"end":{"line":245,"column":180}}],"line":245},"23":{"loc":{"start":{"line":284,"column":49},"end":{"line":284,"column":124}},"type":"cond-expr","locations":[{"start":{"line":284,"column":70},"end":{"line":284,"column":77}},{"start":{"line":284,"column":80},"end":{"line":284,"column":124}}],"line":284},"24":{"loc":{"start":{"line":284,"column":80},"end":{"line":284,"column":124}},"type":"cond-expr","locations":[{"start":{"line":284,"column":104},"end":{"line":284,"column":114}},{"start":{"line":284,"column":117},"end":{"line":284,"column":124}}],"line":284}},"s":{"0":1,"1":3,"2":3,"3":3,"4":3,"5":3,"6":3,"7":3,"8":3,"9":3,"10":3,"11":3,"12":1,"13":1,"14":1,"15":1,"16":1,"17":1,"18":0,"19":0,"20":1,"21":1,"22":1,"23":0,"24":1,"25":3,"26":1,"27":0,"28":1,"29":1,"30":0,"31":3,"32":1,"33":0,"34":1,"35":1,"36":0,"37":3,"38":0,"39":0,"40":1,"41":1},"f":{"0":3,"1":1,"2":1,"3":1,"4":0,"5":0,"6":1,"7":1},"b":{"0":[3,0],"1":[0,0],"2":[3,3,3],"3":[0,1],"4":[0,0],"5":[0,1],"6":[1,0],"7":[0,1],"8":[1,0],"9":[1,2],"10":[3,1],"11":[1,0],"12":[0,1],"13":[1,0],"14":[1,0],"15":[1,0],"16":[1,0],"17":[0,0],"18":[1,0],"19":[1,0],"20":[1,0],"21":[1,0],"22":[0,0],"23":[1,0],"24":[0,0]},"_coverageSchema":"1a1c01bbd47fc00a2c39e90264f33305004495a9","hash":"d8379a4e28ec6d6207cc211b1f58ae9f0803a2c9"}
,"/home/davicho/etherai-foresight-platform-main/src/components/Navbar.tsx": {"path":"/home/davicho/etherai-foresight-platform-main/src/components/Navbar.tsx","statementMap":{"0":{"start":{"line":7,"column":25},"end":{"line":117,"column":1}},"1":{"start":{"line":8,"column":34},"end":{"line":8,"column":49}},"2":{"start":{"line":9,"column":46},"end":{"line":9,"column":61}},"3":{"start":{"line":10,"column":19},"end":{"line":10,"column":32}},"4":{"start":{"line":11,"column":19},"end":{"line":11,"column":32}},"5":{"start":{"line":13,"column":2},"end":{"line":24,"column":9}},"6":{"start":{"line":14,"column":25},"end":{"line":20,"column":5}},"7":{"start":{"line":15,"column":6},"end":{"line":19,"column":7}},"8":{"start":{"line":16,"column":8},"end":{"line":16,"column":26}},"9":{"start":{"line":18,"column":8},"end":{"line":18,"column":27}},"10":{"start":{"line":22,"column":4},"end":{"line":22,"column":52}},"11":{"start":{"line":23,"column":4},"end":{"line":23,"column":68}},"12":{"start":{"line":23,"column":17},"end":{"line":23,"column":67}},"13":{"start":{"line":26,"column":19},"end":{"line":35,"column":3}},"14":{"start":{"line":37,"column":2},"end":{"line":116,"column":4}},"15":{"start":{"line":56,"column":18},"end":{"line":62,"column":22}},"16":{"start":{"line":64,"column":111},"end":{"line":64,"column":128}},"17":{"start":{"line":71,"column":31},"end":{"line":71,"column":65}},"18":{"start":{"line":97,"column":14},"end":{"line":104,"column":18}},"19":{"start":{"line":101,"column":31},"end":{"line":101,"column":55}},"20":{"start":{"line":108,"column":31},"end":{"line":108,"column":56}},"21":{"start":{"line":108,"column":57},"end":{"line":108,"column":75}}},"fnMap":{"0":{"name":"(anonymous_0)","decl":{"start":{"line":7,"column":25},"end":{"line":7,"column":26}},"loc":{"start":{"line":7,"column":31},"end":{"line":117,"column":1}},"line":7},"1":{"name":"(anonymous_1)","decl":{"start":{"line":13,"column":12},"end":{"line":13,"column":13}},"loc":{"start":{"line":13,"column":18},"end":{"line":24,"column":3}},"line":13},"2":{"name":"(anonymous_2)","decl":{"start":{"line":14,"column":25},"end":{"line":14,"column":26}},"loc":{"start":{"line":14,"column":31},"end":{"line":20,"column":5}},"line":14},"3":{"name":"(anonymous_3)","decl":{"start":{"line":23,"column":11},"end":{"line":23,"column":12}},"loc":{"start":{"line":23,"column":17},"end":{"line":23,"column":67}},"line":23},"4":{"name":"(anonymous_4)","decl":{"start":{"line":55,"column":30},"end":{"line":55,"column":31}},"loc":{"start":{"line":56,"column":18},"end":{"line":62,"column":22}},"line":56},"5":{"name":"(anonymous_5)","decl":{"start":{"line":64,"column":105},"end":{"line":64,"column":106}},"loc":{"start":{"line":64,"column":111},"end":{"line":64,"column":128}},"line":64},"6":{"name":"(anonymous_6)","decl":{"start":{"line":71,"column":25},"end":{"line":71,"column":26}},"loc":{"start":{"line":71,"column":31},"end":{"line":71,"column":65}},"line":71},"7":{"name":"(anonymous_7)","decl":{"start":{"line":96,"column":26},"end":{"line":96,"column":27}},"loc":{"start":{"line":97,"column":14},"end":{"line":104,"column":18}},"line":97},"8":{"name":"(anonymous_8)","decl":{"start":{"line":101,"column":25},"end":{"line":101,"column":26}},"loc":{"start":{"line":101,"column":31},"end":{"line":101,"column":55}},"line":101},"9":{"name":"(anonymous_9)","decl":{"start":{"line":108,"column":23},"end":{"line":108,"column":24}},"loc":{"start":{"line":108,"column":29},"end":{"line":108,"column":77}},"line":108}},"branchMap":{"0":{"loc":{"start":{"line":15,"column":6},"end":{"line":19,"column":7}},"type":"if","locations":[{"start":{"line":15,"column":6},"end":{"line":19,"column":7}},{"start":{"line":17,"column":13},"end":{"line":19,"column":7}}],"line":15},"1":{"loc":{"start":{"line":41,"column":10},"end":{"line":41,"column":89}},"type":"cond-expr","locations":[{"start":{"line":41,"column":21},"end":{"line":41,"column":70}},{"start":{"line":41,"column":73},"end":{"line":41,"column":89}}],"line":41},"2":{"loc":{"start":{"line":53,"column":13},"end":{"line":87,"column":13}},"type":"cond-expr","locations":[{"start":{"line":54,"column":14},"end":{"line":67,"column":20}},{"start":{"line":69,"column":14},"end":{"line":86,"column":23}}],"line":53},"3":{"loc":{"start":{"line":80,"column":19},"end":{"line":84,"column":19}},"type":"cond-expr","locations":[{"start":{"line":81,"column":20},"end":{"line":81,"column":114}},{"start":{"line":83,"column":20},"end":{"line":83,"column":117}}],"line":80},"4":{"loc":{"start":{"line":93,"column":7},"end":{"line":114,"column":7}},"type":"binary-expr","locations":[{"start":{"line":93,"column":7},"end":{"line":93,"column":21}},{"start":{"line":93,"column":25},"end":{"line":93,"column":33}},{"start":{"line":94,"column":8},"end":{"line":113,"column":14}}],"line":93}},"s":{"0":3,"1":41,"2":41,"3":41,"4":41,"5":41,"6":19,"7":1,"8":1,"9":0,"10":19,"11":19,"12":19,"13":41,"14":41,"15":280,"16":0,"17":2,"18":16,"19":1,"20":0,"21":0},"f":{"0":41,"1":19,"2":1,"3":19,"4":280,"5":0,"6":2,"7":16,"8":1,"9":0},"b":{"0":[1,0],"1":[1,40],"2":[35,6],"3":[2,4],"4":[41,2,2]},"_coverageSchema":"1a1c01bbd47fc00a2c39e90264f33305004495a9","hash":"f9b9d11b0410442fd750e79553aab58965a6da7a"}
,"/home/davicho/etherai-foresight-platform-main/src/components/metatron/FlowsStatus.tsx": {"path":"/home/davicho/etherai-foresight-platform-main/src/components/metatron/FlowsStatus.tsx","statementMap":{"0":{"start":{"line":3,"column":46},"end":{"line":49,"column":1}},"1":{"start":{"line":4,"column":25},"end":{"line":4,"column":88}},"2":{"start":{"line":4,"column":46},"end":{"line":4,"column":88}},"3":{"start":{"line":5,"column":24},"end":{"line":5,"column":75}},"4":{"start":{"line":5,"column":45},"end":{"line":5,"column":75}},"5":{"start":{"line":7,"column":2},"end":{"line":48,"column":4}}},"fnMap":{"0":{"name":"(anonymous_0)","decl":{"start":{"line":3,"column":46},"end":{"line":3,"column":47}},"loc":{"start":{"line":3,"column":61},"end":{"line":49,"column":1}},"line":3},"1":{"name":"(anonymous_1)","decl":{"start":{"line":4,"column":25},"end":{"line":4,"column":26}},"loc":{"start":{"line":4,"column":46},"end":{"line":4,"column":88}},"line":4},"2":{"name":"(anonymous_2)","decl":{"start":{"line":5,"column":24},"end":{"line":5,"column":25}},"loc":{"start":{"line":5,"column":45},"end":{"line":5,"column":75}},"line":5}},"branchMap":{"0":{"loc":{"start":{"line":4,"column":46},"end":{"line":4,"column":88}},"type":"cond-expr","locations":[{"start":{"line":4,"column":55},"end":{"line":4,"column":71}},{"start":{"line":4,"column":74},"end":{"line":4,"column":88}}],"line":4},"1":{"loc":{"start":{"line":5,"column":45},"end":{"line":5,"column":75}},"type":"cond-expr","locations":[{"start":{"line":5,"column":54},"end":{"line":5,"column":62}},{"start":{"line":5,"column":65},"end":{"line":5,"column":75}}],"line":5},"2":{"loc":{"start":{"line":19,"column":31},"end":{"line":19,"column":137}},"type":"cond-expr","locations":[{"start":{"line":19,"column":66},"end":{"line":19,"column":127}},{"start":{"line":19,"column":130},"end":{"line":19,"column":137}}],"line":19},"3":{"loc":{"start":{"line":31,"column":31},"end":{"line":31,"column":123}},"type":"cond-expr","locations":[{"start":{"line":31,"column":59},"end":{"line":31,"column":113}},{"start":{"line":31,"column":116},"end":{"line":31,"column":123}}],"line":31},"4":{"loc":{"start":{"line":43,"column":31},"end":{"line":43,"column":121}},"type":"cond-expr","locations":[{"start":{"line":43,"column":58},"end":{"line":43,"column":111}},{"start":{"line":43,"column":114},"end":{"line":43,"column":121}}],"line":43}},"s":{"0":1,"1":1,"2":3,"3":1,"4":3,"5":1},"f":{"0":1,"1":3,"2":3},"b":{"0":[0,3],"1":[0,3],"2":[0,1],"3":[0,1],"4":[0,1]},"_coverageSchema":"1a1c01bbd47fc00a2c39e90264f33305004495a9","hash":"51be4d2beed7fc2dc1d5f87a20c2a4283839e51a"}
,"/home/davicho/etherai-foresight-platform-main/src/components/metatron/MetatronPanelWidget.tsx": {"path":"/home/davicho/etherai-foresight-platform-main/src/components/metatron/MetatronPanelWidget.tsx","statementMap":{"0":{"start":{"line":13,"column":5},"end":{"line":152,"column":1}},"1":{"start":{"line":24,"column":18},"end":{"line":24,"column":69}},"2":{"start":{"line":25,"column":22},"end":{"line":25,"column":46}},"3":{"start":{"line":26,"column":23},"end":{"line":26,"column":48}},"4":{"start":{"line":28,"column":23},"end":{"line":35,"column":3}},"5":{"start":{"line":29,"column":4},"end":{"line":34,"column":5}},"6":{"start":{"line":30,"column":19},"end":{"line":30,"column":41}},"7":{"start":{"line":31,"column":20},"end":{"line":31,"column":45}},"8":{"start":{"line":32,"column":19},"end":{"line":32,"column":43}},"9":{"start":{"line":33,"column":15},"end":{"line":33,"column":38}},"10":{"start":{"line":37,"column":2},"end":{"line":151,"column":4}},"11":{"start":{"line":74,"column":12},"end":{"line":84,"column":18}},"12":{"start":{"line":94,"column":12},"end":{"line":108,"column":18}},"13":{"start":{"line":120,"column":29},"end":{"line":120,"column":59}},"14":{"start":{"line":144,"column":12},"end":{"line":146,"column":18}}},"fnMap":{"0":{"name":"(anonymous_0)","decl":{"start":{"line":13,"column":5},"end":{"line":13,"column":6}},"loc":{"start":{"line":23,"column":6},"end":{"line":152,"column":1}},"line":23},"1":{"name":"(anonymous_1)","decl":{"start":{"line":28,"column":23},"end":{"line":28,"column":24}},"loc":{"start":{"line":28,"column":42},"end":{"line":35,"column":3}},"line":28},"2":{"name":"(anonymous_2)","decl":{"start":{"line":73,"column":43},"end":{"line":73,"column":44}},"loc":{"start":{"line":74,"column":12},"end":{"line":84,"column":18}},"line":74},"3":{"name":"(anonymous_3)","decl":{"start":{"line":93,"column":41},"end":{"line":93,"column":42}},"loc":{"start":{"line":94,"column":12},"end":{"line":108,"column":18}},"line":94},"4":{"name":"(anonymous_4)","decl":{"start":{"line":120,"column":22},"end":{"line":120,"column":23}},"loc":{"start":{"line":120,"column":29},"end":{"line":120,"column":59}},"line":120},"5":{"name":"(anonymous_5)","decl":{"start":{"line":143,"column":35},"end":{"line":143,"column":36}},"loc":{"start":{"line":144,"column":12},"end":{"line":146,"column":18}},"line":144}},"branchMap":{"0":{"loc":{"start":{"line":24,"column":18},"end":{"line":24,"column":69}},"type":"binary-expr","locations":[{"start":{"line":24,"column":18},"end":{"line":24,"column":32}},{"start":{"line":24,"column":36},"end":{"line":24,"column":69}}],"line":24},"1":{"loc":{"start":{"line":25,"column":22},"end":{"line":25,"column":46}},"type":"binary-expr","locations":[{"start":{"line":25,"column":22},"end":{"line":25,"column":40}},{"start":{"line":25,"column":44},"end":{"line":25,"column":46}}],"line":25},"2":{"loc":{"start":{"line":26,"column":23},"end":{"line":26,"column":48}},"type":"binary-expr","locations":[{"start":{"line":26,"column":23},"end":{"line":26,"column":42}},{"start":{"line":26,"column":46},"end":{"line":26,"column":48}}],"line":26},"3":{"loc":{"start":{"line":29,"column":4},"end":{"line":34,"column":5}},"type":"switch","locations":[{"start":{"line":30,"column":6},"end":{"line":30,"column":41}},{"start":{"line":31,"column":6},"end":{"line":31,"column":45}},{"start":{"line":32,"column":6},"end":{"line":32,"column":43}},{"start":{"line":33,"column":6},"end":{"line":33,"column":38}}],"line":29},"4":{"loc":{"start":{"line":46,"column":60},"end":{"line":46,"column":104}},"type":"cond-expr","locations":[{"start":{"line":46,"column":75},"end":{"line":46,"column":89}},{"start":{"line":46,"column":92},"end":{"line":46,"column":104}}],"line":46},"5":{"loc":{"start":{"line":47,"column":13},"end":{"line":47,"column":64}},"type":"cond-expr","locations":[{"start":{"line":47,"column":28},"end":{"line":47,"column":43}},{"start":{"line":47,"column":46},"end":{"line":47,"column":64}}],"line":47},"6":{"loc":{"start":{"line":51,"column":44},"end":{"line":51,"column":119}},"type":"cond-expr","locations":[{"start":{"line":51,"column":54},"end":{"line":51,"column":83}},{"start":{"line":51,"column":86},"end":{"line":51,"column":119}}],"line":51},"7":{"loc":{"start":{"line":53,"column":13},"end":{"line":53,"column":60}},"type":"cond-expr","locations":[{"start":{"line":53,"column":23},"end":{"line":53,"column":40}},{"start":{"line":53,"column":43},"end":{"line":53,"column":60}}],"line":53},"8":{"loc":{"start":{"line":97,"column":18},"end":{"line":99,"column":77}},"type":"cond-expr","locations":[{"start":{"line":97,"column":55},"end":{"line":97,"column":68}},{"start":{"line":98,"column":18},"end":{"line":99,"column":77}}],"line":97},"9":{"loc":{"start":{"line":98,"column":18},"end":{"line":99,"column":77}},"type":"cond-expr","locations":[{"start":{"line":98,"column":50},"end":{"line":98,"column":65}},{"start":{"line":99,"column":18},"end":{"line":99,"column":77}}],"line":98},"10":{"loc":{"start":{"line":99,"column":18},"end":{"line":99,"column":77}},"type":"cond-expr","locations":[{"start":{"line":99,"column":46},"end":{"line":99,"column":61}},{"start":{"line":99,"column":64},"end":{"line":99,"column":77}}],"line":99},"11":{"loc":{"start":{"line":103,"column":21},"end":{"line":103,"column":93}},"type":"cond-expr","locations":[{"start":{"line":103,"column":39},"end":{"line":103,"column":85}},{"start":{"line":103,"column":88},"end":{"line":103,"column":93}}],"line":103},"12":{"loc":{"start":{"line":105,"column":47},"end":{"line":105,"column":69}},"type":"binary-expr","locations":[{"start":{"line":105,"column":47},"end":{"line":105,"column":60}},{"start":{"line":105,"column":64},"end":{"line":105,"column":69}}],"line":105}},"s":{"0":2,"1":18,"2":18,"3":18,"4":18,"5":45,"6":15,"7":15,"8":15,"9":0,"10":18,"11":45,"12":42,"13":1,"14":38},"f":{"0":18,"1":45,"2":45,"3":42,"4":1,"5":38},"b":{"0":[18,2],"1":[18,3],"2":[18,3],"3":[15,15,15,0],"4":[15,3],"5":[15,3],"6":[1,17],"7":[1,17],"8":[14,28],"9":[14,14],"10":[14,0],"11":[42,0],"12":[42,0]},"_coverageSchema":"1a1c01bbd47fc00a2c39e90264f33305004495a9","hash":"6fd129da9c1620ad35d01a1d0c3cf6dec5114948"}
,"/home/davicho/etherai-foresight-platform-main/src/components/ui/accordion.tsx": {"path":"/home/davicho/etherai-foresight-platform-main/src/components/ui/accordion.tsx","statementMap":{"0":{"start":{"line":7,"column":18},"end":{"line":7,"column":41}},"1":{"start":{"line":9,"column":22},"end":{"line":18,"column":2}},"2":{"start":{"line":13,"column":2},"end":{"line":17,"column":4}},"3":{"start":{"line":19,"column":0},"end":{"line":19,"column":43}},"4":{"start":{"line":21,"column":25},"end":{"line":38,"column":2}},"5":{"start":{"line":25,"column":2},"end":{"line":37,"column":30}},"6":{"start":{"line":39,"column":0},"end":{"line":39,"column":69}},"7":{"start":{"line":41,"column":25},"end":{"line":52,"column":2}},"8":{"start":{"line":45,"column":2},"end":{"line":51,"column":31}},"9":{"start":{"line":54,"column":0},"end":{"line":54,"column":69}}},"fnMap":{"0":{"name":"(anonymous_0)","decl":{"start":{"line":12,"column":2},"end":{"line":12,"column":3}},"loc":{"start":{"line":13,"column":2},"end":{"line":17,"column":4}},"line":13},"1":{"name":"(anonymous_1)","decl":{"start":{"line":24,"column":2},"end":{"line":24,"column":3}},"loc":{"start":{"line":25,"column":2},"end":{"line":37,"column":30}},"line":25},"2":{"name":"(anonymous_2)","decl":{"start":{"line":44,"column":2},"end":{"line":44,"column":3}},"loc":{"start":{"line":45,"column":2},"end":{"line":51,"column":31}},"line":45}},"branchMap":{},"s":{"0":1,"1":1,"2":25,"3":1,"4":1,"5":25,"6":1,"7":1,"8":25,"9":1},"f":{"0":25,"1":25,"2":25},"b":{},"_coverageSchema":"1a1c01bbd47fc00a2c39e90264f33305004495a9","hash":"f0705e11bc5e7349743913ad6de599bc1ade41ae"}
,"/home/davicho/etherai-foresight-platform-main/src/components/ui/button.tsx": {"path":"/home/davicho/etherai-foresight-platform-main/src/components/ui/button.tsx","statementMap":{"0":{"start":{"line":7,"column":23},"end":{"line":34,"column":1}},"1":{"start":{"line":42,"column":15},"end":{"line":53,"column":1}},"2":{"start":{"line":44,"column":17},"end":{"line":44,"column":42}},"3":{"start":{"line":45,"column":4},"end":{"line":51,"column":5}},"4":{"start":{"line":54,"column":0},"end":{"line":54,"column":29}}},"fnMap":{"0":{"name":"(anonymous_0)","decl":{"start":{"line":43,"column":2},"end":{"line":43,"column":3}},"loc":{"start":{"line":43,"column":68},"end":{"line":52,"column":3}},"line":43}},"branchMap":{"0":{"loc":{"start":{"line":43,"column":31},"end":{"line":43,"column":46}},"type":"default-arg","locations":[{"start":{"line":43,"column":41},"end":{"line":43,"column":46}}],"line":43},"1":{"loc":{"start":{"line":44,"column":17},"end":{"line":44,"column":42}},"type":"cond-expr","locations":[{"start":{"line":44,"column":27},"end":{"line":44,"column":31}},{"start":{"line":44,"column":34},"end":{"line":44,"column":42}}],"line":44}},"s":{"0":6,"1":6,"2":135,"3":135,"4":6},"f":{"0":135},"b":{"0":[135],"1":[0,135]},"_coverageSchema":"1a1c01bbd47fc00a2c39e90264f33305004495a9","hash":"f8c0f8870bebe8ba44d12e20b0b801786abff16b"}
,"/home/davicho/etherai-foresight-platform-main/src/components/ui/card.tsx": {"path":"/home/davicho/etherai-foresight-platform-main/src/components/ui/card.tsx","statementMap":{"0":{"start":{"line":5,"column":13},"end":{"line":17,"column":2}},"1":{"start":{"line":9,"column":2},"end":{"line":16,"column":4}},"2":{"start":{"line":18,"column":0},"end":{"line":18,"column":25}},"3":{"start":{"line":20,"column":19},"end":{"line":29,"column":2}},"4":{"start":{"line":24,"column":2},"end":{"line":28,"column":4}},"5":{"start":{"line":30,"column":0},"end":{"line":30,"column":37}},"6":{"start":{"line":32,"column":18},"end":{"line":44,"column":2}},"7":{"start":{"line":36,"column":2},"end":{"line":43,"column":4}},"8":{"start":{"line":45,"column":0},"end":{"line":45,"column":35}},"9":{"start":{"line":47,"column":24},"end":{"line":56,"column":2}},"10":{"start":{"line":51,"column":2},"end":{"line":55,"column":4}},"11":{"start":{"line":57,"column":0},"end":{"line":57,"column":47}},"12":{"start":{"line":59,"column":20},"end":{"line":64,"column":2}},"13":{"start":{"line":63,"column":2},"end":{"line":63,"column":68}},"14":{"start":{"line":65,"column":0},"end":{"line":65,"column":39}},"15":{"start":{"line":67,"column":19},"end":{"line":76,"column":2}},"16":{"start":{"line":71,"column":2},"end":{"line":75,"column":4}},"17":{"start":{"line":77,"column":0},"end":{"line":77,"column":37}}},"fnMap":{"0":{"name":"(anonymous_0)","decl":{"start":{"line":8,"column":2},"end":{"line":8,"column":3}},"loc":{"start":{"line":9,"column":2},"end":{"line":16,"column":4}},"line":9},"1":{"name":"(anonymous_1)","decl":{"start":{"line":23,"column":2},"end":{"line":23,"column":3}},"loc":{"start":{"line":24,"column":2},"end":{"line":28,"column":4}},"line":24},"2":{"name":"(anonymous_2)","decl":{"start":{"line":35,"column":2},"end":{"line":35,"column":3}},"loc":{"start":{"line":36,"column":2},"end":{"line":43,"column":4}},"line":36},"3":{"name":"(anonymous_3)","decl":{"start":{"line":50,"column":2},"end":{"line":50,"column":3}},"loc":{"start":{"line":51,"column":2},"end":{"line":55,"column":4}},"line":51},"4":{"name":"(anonymous_4)","decl":{"start":{"line":62,"column":2},"end":{"line":62,"column":3}},"loc":{"start":{"line":63,"column":2},"end":{"line":63,"column":68}},"line":63},"5":{"name":"(anonymous_5)","decl":{"start":{"line":70,"column":2},"end":{"line":70,"column":3}},"loc":{"start":{"line":71,"column":2},"end":{"line":75,"column":4}},"line":71}},"branchMap":{},"s":{"0":2,"1":207,"2":2,"3":2,"4":129,"5":2,"6":2,"7":129,"8":2,"9":2,"10":0,"11":2,"12":2,"13":177,"14":2,"15":2,"16":0,"17":2},"f":{"0":207,"1":129,"2":129,"3":0,"4":177,"5":0},"b":{},"_coverageSchema":"1a1c01bbd47fc00a2c39e90264f33305004495a9","hash":"6d5d5af2de07bbdfd0e21405d18a57e05a1ea17d"}
,"/home/davicho/etherai-foresight-platform-main/src/components/ui/select.tsx": {"path":"/home/davicho/etherai-foresight-platform-main/src/components/ui/select.tsx","statementMap":{"0":{"start":{"line":7,"column":15},"end":{"line":7,"column":35}},"1":{"start":{"line":9,"column":20},"end":{"line":9,"column":41}},"2":{"start":{"line":11,"column":20},"end":{"line":11,"column":41}},"3":{"start":{"line":13,"column":22},"end":{"line":30,"column":2}},"4":{"start":{"line":17,"column":2},"end":{"line":29,"column":28}},"5":{"start":{"line":31,"column":0},"end":{"line":31,"column":63}},"6":{"start":{"line":33,"column":29},"end":{"line":47,"column":2}},"7":{"start":{"line":37,"column":2},"end":{"line":46,"column":35}},"8":{"start":{"line":48,"column":0},"end":{"line":48,"column":77}},"9":{"start":{"line":50,"column":31},"end":{"line":64,"column":2}},"10":{"start":{"line":54,"column":2},"end":{"line":63,"column":37}},"11":{"start":{"line":65,"column":0},"end":{"line":66,"column":46}},"12":{"start":{"line":68,"column":22},"end":{"line":97,"column":2}},"13":{"start":{"line":72,"column":2},"end":{"line":96,"column":27}},"14":{"start":{"line":98,"column":0},"end":{"line":98,"column":63}},"15":{"start":{"line":100,"column":20},"end":{"line":109,"column":2}},"16":{"start":{"line":104,"column":2},"end":{"line":108,"column":4}},"17":{"start":{"line":110,"column":0},"end":{"line":110,"column":59}},"18":{"start":{"line":112,"column":19},"end":{"line":132,"column":2}},"19":{"start":{"line":116,"column":2},"end":{"line":131,"column":25}},"20":{"start":{"line":133,"column":0},"end":{"line":133,"column":57}},"21":{"start":{"line":135,"column":24},"end":{"line":144,"column":2}},"22":{"start":{"line":139,"column":2},"end":{"line":143,"column":4}},"23":{"start":{"line":145,"column":0},"end":{"line":145,"column":67}}},"fnMap":{"0":{"name":"(anonymous_0)","decl":{"start":{"line":16,"column":2},"end":{"line":16,"column":3}},"loc":{"start":{"line":17,"column":2},"end":{"line":29,"column":28}},"line":17},"1":{"name":"(anonymous_1)","decl":{"start":{"line":36,"column":2},"end":{"line":36,"column":3}},"loc":{"start":{"line":37,"column":2},"end":{"line":46,"column":35}},"line":37},"2":{"name":"(anonymous_2)","decl":{"start":{"line":53,"column":2},"end":{"line":53,"column":3}},"loc":{"start":{"line":54,"column":2},"end":{"line":63,"column":37}},"line":54},"3":{"name":"(anonymous_3)","decl":{"start":{"line":71,"column":2},"end":{"line":71,"column":3}},"loc":{"start":{"line":72,"column":2},"end":{"line":96,"column":27}},"line":72},"4":{"name":"(anonymous_4)","decl":{"start":{"line":103,"column":2},"end":{"line":103,"column":3}},"loc":{"start":{"line":104,"column":2},"end":{"line":108,"column":4}},"line":104},"5":{"name":"(anonymous_5)","decl":{"start":{"line":115,"column":2},"end":{"line":115,"column":3}},"loc":{"start":{"line":116,"column":2},"end":{"line":131,"column":25}},"line":116},"6":{"name":"(anonymous_6)","decl":{"start":{"line":138,"column":2},"end":{"line":138,"column":3}},"loc":{"start":{"line":139,"column":2},"end":{"line":143,"column":4}},"line":139}},"branchMap":{"0":{"loc":{"start":{"line":71,"column":26},"end":{"line":71,"column":45}},"type":"default-arg","locations":[{"start":{"line":71,"column":37},"end":{"line":71,"column":45}}],"line":71},"1":{"loc":{"start":{"line":77,"column":8},"end":{"line":78,"column":139}},"type":"binary-expr","locations":[{"start":{"line":77,"column":8},"end":{"line":77,"column":29}},{"start":{"line":78,"column":10},"end":{"line":78,"column":139}}],"line":77},"2":{"loc":{"start":{"line":88,"column":10},"end":{"line":89,"column":101}},"type":"binary-expr","locations":[{"start":{"line":88,"column":10},"end":{"line":88,"column":31}},{"start":{"line":89,"column":12},"end":{"line":89,"column":101}}],"line":88}},"s":{"0":1,"1":1,"2":1,"3":1,"4":3,"5":1,"6":1,"7":3,"8":1,"9":1,"10":3,"11":1,"12":1,"13":3,"14":1,"15":1,"16":0,"17":1,"18":1,"19":9,"20":1,"21":1,"22":0,"23":1},"f":{"0":3,"1":3,"2":3,"3":3,"4":0,"5":9,"6":0},"b":{"0":[3],"1":[3,3],"2":[3,3]},"_coverageSchema":"1a1c01bbd47fc00a2c39e90264f33305004495a9","hash":"89ac36ec930c0cb967daff945c988584e089db25"}
,"/home/davicho/etherai-foresight-platform-main/src/components/ui/slider.tsx": {"path":"/home/davicho/etherai-foresight-platform-main/src/components/ui/slider.tsx","statementMap":{"0":{"start":{"line":6,"column":15},"end":{"line":23,"column":2}},"1":{"start":{"line":10,"column":2},"end":{"line":22,"column":25}},"2":{"start":{"line":24,"column":0},"end":{"line":24,"column":53}}},"fnMap":{"0":{"name":"(anonymous_0)","decl":{"start":{"line":9,"column":2},"end":{"line":9,"column":3}},"loc":{"start":{"line":10,"column":2},"end":{"line":22,"column":25}},"line":10}},"branchMap":{},"s":{"0":1,"1":6,"2":1},"f":{"0":6},"b":{},"_coverageSchema":"1a1c01bbd47fc00a2c39e90264f33305004495a9","hash":"cfac0439c09413946aa4f4f818894bca2c2d44ae"}
,"/home/davicho/etherai-foresight-platform-main/src/hooks/use-mobile.tsx": {"path":"/home/davicho/etherai-foresight-platform-main/src/hooks/use-mobile.tsx","statementMap":{"0":{"start":{"line":3,"column":26},"end":{"line":3,"column":29}},"1":{"start":{"line":6,"column":34},"end":{"line":6,"column":80}},"2":{"start":{"line":8,"column":2},"end":{"line":16,"column":8}},"3":{"start":{"line":9,"column":16},"end":{"line":9,"column":76}},"4":{"start":{"line":10,"column":21},"end":{"line":12,"column":5}},"5":{"start":{"line":11,"column":6},"end":{"line":11,"column":56}},"6":{"start":{"line":13,"column":4},"end":{"line":13,"column":44}},"7":{"start":{"line":14,"column":4},"end":{"line":14,"column":54}},"8":{"start":{"line":15,"column":4},"end":{"line":15,"column":60}},"9":{"start":{"line":15,"column":17},"end":{"line":15,"column":60}},"10":{"start":{"line":18,"column":2},"end":{"line":18,"column":19}}},"fnMap":{"0":{"name":"useIsMobile","decl":{"start":{"line":5,"column":16},"end":{"line":5,"column":27}},"loc":{"start":{"line":5,"column":30},"end":{"line":19,"column":1}},"line":5},"1":{"name":"(anonymous_1)","decl":{"start":{"line":8,"column":18},"end":{"line":8,"column":19}},"loc":{"start":{"line":8,"column":24},"end":{"line":16,"column":3}},"line":8},"2":{"name":"(anonymous_2)","decl":{"start":{"line":10,"column":21},"end":{"line":10,"column":22}},"loc":{"start":{"line":10,"column":27},"end":{"line":12,"column":5}},"line":10},"3":{"name":"(anonymous_3)","decl":{"start":{"line":15,"column":11},"end":{"line":15,"column":12}},"loc":{"start":{"line":15,"column":17},"end":{"line":15,"column":60}},"line":15}},"branchMap":{},"s":{"0":1,"1":2,"2":2,"3":1,"4":1,"5":0,"6":1,"7":1,"8":1,"9":1,"10":2},"f":{"0":2,"1":1,"2":0,"3":1},"b":{},"_coverageSchema":"1a1c01bbd47fc00a2c39e90264f33305004495a9","hash":"17fcce079a30eaa76c1e700377fbe44b6a11eeb4"}
,"/home/davicho/etherai-foresight-platform-main/src/lib/utils.ts": {"path":"/home/davicho/etherai-foresight-platform-main/src/lib/utils.ts","statementMap":{"0":{"start":{"line":5,"column":2},"end":{"line":5,"column":30}}},"fnMap":{"0":{"name":"cn","decl":{"start":{"line":4,"column":16},"end":{"line":4,"column":18}},"loc":{"start":{"line":4,"column":44},"end":{"line":6,"column":1}},"line":4}},"branchMap":{},"s":{"0":882},"f":{"0":882},"b":{},"_coverageSchema":"1a1c01bbd47fc00a2c39e90264f33305004495a9","hash":"04bf4f794e2eb4924878aebcdef4a492cf7e3a21"}
,"/home/davicho/etherai-foresight-platform-main/src/pages/MetatronPanel.tsx": {"path":"/home/davicho/etherai-foresight-platform-main/src/pages/MetatronPanel.tsx","statementMap":{"0":{"start":{"line":5,"column":23},"end":{"line":5,"column":65}},"1":{"start":{"line":5,"column":29},"end":{"line":5,"column":65}},"2":{"start":{"line":6,"column":31},"end":{"line":6,"column":81}},"3":{"start":{"line":6,"column":37},"end":{"line":6,"column":81}},"4":{"start":{"line":7,"column":42},"end":{"line":7,"column":46}},"5":{"start":{"line":8,"column":41},"end":{"line":8,"column":45}},"6":{"start":{"line":10,"column":65},"end":{"line":10,"column":69}},"7":{"start":{"line":11,"column":42},"end":{"line":11,"column":46}},"8":{"start":{"line":12,"column":42},"end":{"line":12,"column":46}},"9":{"start":{"line":14,"column":0},"end":{"line":29,"column":1}},"10":{"start":{"line":15,"column":14},"end":{"line":15,"column":57}},"11":{"start":{"line":16,"column":2},"end":{"line":16,"column":38}},"12":{"start":{"line":17,"column":2},"end":{"line":17,"column":36}},"13":{"start":{"line":18,"column":2},"end":{"line":18,"column":40}},"14":{"start":{"line":19,"column":2},"end":{"line":19,"column":40}},"15":{"start":{"line":20,"column":2},"end":{"line":20,"column":38}},"16":{"start":{"line":22,"column":2},"end":{"line":22,"column":47}},"17":{"start":{"line":24,"column":2},"end":{"line":24,"column":35}},"18":{"start":{"line":24,"column":25},"end":{"line":24,"column":34}},"19":{"start":{"line":25,"column":2},"end":{"line":25,"column":34}},"20":{"start":{"line":25,"column":24},"end":{"line":25,"column":33}},"21":{"start":{"line":26,"column":2},"end":{"line":26,"column":36}},"22":{"start":{"line":26,"column":26},"end":{"line":26,"column":35}},"23":{"start":{"line":27,"column":2},"end":{"line":27,"column":86}},"24":{"start":{"line":27,"column":27},"end":{"line":27,"column":84}},"25":{"start":{"line":28,"column":2},"end":{"line":28,"column":35}},"26":{"start":{"line":28,"column":25},"end":{"line":28,"column":34}},"27":{"start":{"line":31,"column":0},"end":{"line":39,"column":1}},"28":{"start":{"line":32,"column":2},"end":{"line":32,"column":70}},"29":{"start":{"line":33,"column":2},"end":{"line":33,"column":86}},"30":{"start":{"line":35,"column":2},"end":{"line":35,"column":57}},"31":{"start":{"line":37,"column":2},"end":{"line":37,"column":59}},"32":{"start":{"line":37,"column":22},"end":{"line":37,"column":58}},"33":{"start":{"line":38,"column":2},"end":{"line":38,"column":75}},"34":{"start":{"line":38,"column":30},"end":{"line":38,"column":74}},"35":{"start":{"line":41,"column":32},"end":{"line":153,"column":1}},"36":{"start":{"line":42,"column":30},"end":{"line":42,"column":52}},"37":{"start":{"line":43,"column":32},"end":{"line":43,"column":47}},"38":{"start":{"line":44,"column":28},"end":{"line":44,"column":47}},"39":{"start":{"line":45,"column":42},"end":{"line":45,"column":57}},"40":{"start":{"line":46,"column":40},"end":{"line":46,"column":52}},"41":{"start":{"line":48,"column":2},"end":{"line":92,"column":9}},"42":{"start":{"line":49,"column":20},"end":{"line":51,"column":5}},"43":{"start":{"line":50,"column":6},"end":{"line":50,"column":58}},"44":{"start":{"line":50,"column":24},"end":{"line":50,"column":56}},"45":{"start":{"line":52,"column":4},"end":{"line":52,"column":50}},"46":{"start":{"line":52,"column":25},"end":{"line":52,"column":50}},"47":{"start":{"line":53,"column":33},"end":{"line":53,"column":37}},"48":{"start":{"line":55,"column":4},"end":{"line":87,"column":9}},"49":{"start":{"line":56,"column":6},"end":{"line":56,"column":71}},"50":{"start":{"line":56,"column":64},"end":{"line":56,"column":71}},"51":{"start":{"line":57,"column":6},"end":{"line":86,"column":7}},"52":{"start":{"line":60,"column":8},"end":{"line":64,"column":9}},"53":{"start":{"line":61,"column":10},"end":{"line":61,"column":161}},"54":{"start":{"line":63,"column":10},"end":{"line":63,"column":58}},"55":{"start":{"line":66,"column":26},"end":{"line":66,"column":57}},"56":{"start":{"line":67,"column":8},"end":{"line":67,"column":40}},"57":{"start":{"line":68,"column":8},"end":{"line":71,"column":10}},"58":{"start":{"line":69,"column":10},"end":{"line":69,"column":32}},"59":{"start":{"line":70,"column":10},"end":{"line":70,"column":50}},"60":{"start":{"line":72,"column":8},"end":{"line":72,"column":50}},"61":{"start":{"line":72,"column":27},"end":{"line":72,"column":49}},"62":{"start":{"line":73,"column":8},"end":{"line":83,"column":10}},"63":{"start":{"line":74,"column":10},"end":{"line":82,"column":11}},"64":{"start":{"line":75,"column":27},"end":{"line":75,"column":45}},"65":{"start":{"line":76,"column":27},"end":{"line":76,"column":80}},"66":{"start":{"line":77,"column":12},"end":{"line":77,"column":39}},"67":{"start":{"line":79,"column":12},"end":{"line":79,"column":58}},"68":{"start":{"line":81,"column":12},"end":{"line":81,"column":39}},"69":{"start":{"line":85,"column":8},"end":{"line":85,"column":60}},"70":{"start":{"line":89,"column":4},"end":{"line":91,"column":6}},"71":{"start":{"line":90,"column":6},"end":{"line":90,"column":25}},"72":{"start":{"line":90,"column":14},"end":{"line":90,"column":25}},"73":{"start":{"line":94,"column":26},"end":{"line":102,"column":3}},"74":{"start":{"line":95,"column":4},"end":{"line":101,"column":5}},"75":{"start":{"line":96,"column":6},"end":{"line":96,"column":24}},"76":{"start":{"line":97,"column":6},"end":{"line":97,"column":24}},"77":{"start":{"line":99,"column":6},"end":{"line":99,"column":25}},"78":{"start":{"line":100,"column":6},"end":{"line":100,"column":23}},"79":{"start":{"line":104,"column":21},"end":{"line":116,"column":3}},"80":{"start":{"line":105,"column":4},"end":{"line":105,"column":29}},"81":{"start":{"line":105,"column":22},"end":{"line":105,"column":29}},"82":{"start":{"line":106,"column":4},"end":{"line":115,"column":5}},"83":{"start":{"line":107,"column":6},"end":{"line":111,"column":9}},"84":{"start":{"line":112,"column":6},"end":{"line":112,"column":25}},"85":{"start":{"line":114,"column":6},"end":{"line":114,"column":50}},"86":{"start":{"line":118,"column":25},"end":{"line":120,"column":3}},"87":{"start":{"line":119,"column":4},"end":{"line":119,"column":41}},"88":{"start":{"line":119,"column":24},"end":{"line":119,"column":41}},"89":{"start":{"line":122,"column":2},"end":{"line":125,"column":9}},"90":{"start":{"line":123,"column":14},"end":{"line":123,"column":33}},"91":{"start":{"line":124,"column":4},"end":{"line":124,"column":23}},"92":{"start":{"line":124,"column":11},"end":{"line":124,"column":23}},"93":{"start":{"line":127,"column":2},"end":{"line":152,"column":4}}},"fnMap":{"0":{"name":"(anonymous_0)","decl":{"start":{"line":5,"column":23},"end":{"line":5,"column":24}},"loc":{"start":{"line":5,"column":29},"end":{"line":5,"column":65}},"line":5},"1":{"name":"(anonymous_1)","decl":{"start":{"line":6,"column":31},"end":{"line":6,"column":32}},"loc":{"start":{"line":6,"column":37},"end":{"line":6,"column":81}},"line":6},"2":{"name":"(anonymous_2)","decl":{"start":{"line":24,"column":19},"end":{"line":24,"column":20}},"loc":{"start":{"line":24,"column":25},"end":{"line":24,"column":34}},"line":24},"3":{"name":"(anonymous_3)","decl":{"start":{"line":25,"column":18},"end":{"line":25,"column":19}},"loc":{"start":{"line":25,"column":24},"end":{"line":25,"column":33}},"line":25},"4":{"name":"(anonymous_4)","decl":{"start":{"line":26,"column":20},"end":{"line":26,"column":21}},"loc":{"start":{"line":26,"column":26},"end":{"line":26,"column":35}},"line":26},"5":{"name":"(anonymous_5)","decl":{"start":{"line":27,"column":20},"end":{"line":27,"column":21}},"loc":{"start":{"line":27,"column":27},"end":{"line":27,"column":84}},"line":27},"6":{"name":"(anonymous_6)","decl":{"start":{"line":28,"column":19},"end":{"line":28,"column":20}},"loc":{"start":{"line":28,"column":25},"end":{"line":28,"column":34}},"line":28},"7":{"name":"(anonymous_7)","decl":{"start":{"line":37,"column":16},"end":{"line":37,"column":17}},"loc":{"start":{"line":37,"column":22},"end":{"line":37,"column":58}},"line":37},"8":{"name":"(anonymous_8)","decl":{"start":{"line":38,"column":24},"end":{"line":38,"column":25}},"loc":{"start":{"line":38,"column":30},"end":{"line":38,"column":74}},"line":38},"9":{"name":"(anonymous_9)","decl":{"start":{"line":41,"column":32},"end":{"line":41,"column":33}},"loc":{"start":{"line":41,"column":38},"end":{"line":153,"column":1}},"line":41},"10":{"name":"(anonymous_10)","decl":{"start":{"line":48,"column":12},"end":{"line":48,"column":13}},"loc":{"start":{"line":48,"column":18},"end":{"line":92,"column":3}},"line":48},"11":{"name":"(anonymous_11)","decl":{"start":{"line":49,"column":20},"end":{"line":49,"column":21}},"loc":{"start":{"line":49,"column":41},"end":{"line":51,"column":5}},"line":49},"12":{"name":"(anonymous_12)","decl":{"start":{"line":50,"column":16},"end":{"line":50,"column":17}},"loc":{"start":{"line":50,"column":24},"end":{"line":50,"column":56}},"line":50},"13":{"name":"(anonymous_13)","decl":{"start":{"line":55,"column":5},"end":{"line":55,"column":6}},"loc":{"start":{"line":55,"column":17},"end":{"line":87,"column":5}},"line":55},"14":{"name":"(anonymous_14)","decl":{"start":{"line":68,"column":20},"end":{"line":68,"column":21}},"loc":{"start":{"line":68,"column":26},"end":{"line":71,"column":9}},"line":68},"15":{"name":"(anonymous_15)","decl":{"start":{"line":72,"column":21},"end":{"line":72,"column":22}},"loc":{"start":{"line":72,"column":27},"end":{"line":72,"column":49}},"line":72},"16":{"name":"(anonymous_16)","decl":{"start":{"line":73,"column":23},"end":{"line":73,"column":24}},"loc":{"start":{"line":73,"column":30},"end":{"line":83,"column":9}},"line":73},"17":{"name":"(anonymous_17)","decl":{"start":{"line":89,"column":11},"end":{"line":89,"column":12}},"loc":{"start":{"line":89,"column":17},"end":{"line":91,"column":5}},"line":89},"18":{"name":"(anonymous_18)","decl":{"start":{"line":94,"column":26},"end":{"line":94,"column":27}},"loc":{"start":{"line":94,"column":32},"end":{"line":102,"column":3}},"line":94},"19":{"name":"(anonymous_19)","decl":{"start":{"line":104,"column":21},"end":{"line":104,"column":22}},"loc":{"start":{"line":104,"column":33},"end":{"line":116,"column":3}},"line":104},"20":{"name":"(anonymous_20)","decl":{"start":{"line":118,"column":25},"end":{"line":118,"column":26}},"loc":{"start":{"line":118,"column":31},"end":{"line":120,"column":3}},"line":118},"21":{"name":"(anonymous_21)","decl":{"start":{"line":122,"column":12},"end":{"line":122,"column":13}},"loc":{"start":{"line":122,"column":18},"end":{"line":125,"column":3}},"line":122}},"branchMap":{"0":{"loc":{"start":{"line":52,"column":4},"end":{"line":52,"column":50}},"type":"if","locations":[{"start":{"line":52,"column":4},"end":{"line":52,"column":50}},{"start":{},"end":{}}],"line":52},"1":{"loc":{"start":{"line":56,"column":6},"end":{"line":56,"column":71}},"type":"if","locations":[{"start":{"line":56,"column":6},"end":{"line":56,"column":71}},{"start":{},"end":{}}],"line":56},"2":{"loc":{"start":{"line":56,"column":10},"end":{"line":56,"column":62}},"type":"binary-expr","locations":[{"start":{"line":56,"column":10},"end":{"line":56,"column":39}},{"start":{"line":56,"column":43},"end":{"line":56,"column":62}}],"line":56},"3":{"loc":{"start":{"line":76,"column":27},"end":{"line":76,"column":80}},"type":"cond-expr","locations":[{"start":{"line":76,"column":43},"end":{"line":76,"column":55}},{"start":{"line":76,"column":58},"end":{"line":76,"column":80}}],"line":76},"4":{"loc":{"start":{"line":79,"column":21},"end":{"line":79,"column":56}},"type":"binary-expr","locations":[{"start":{"line":79,"column":21},"end":{"line":79,"column":33}},{"start":{"line":79,"column":37},"end":{"line":79,"column":56}}],"line":79},"5":{"loc":{"start":{"line":90,"column":6},"end":{"line":90,"column":25}},"type":"if","locations":[{"start":{"line":90,"column":6},"end":{"line":90,"column":25}},{"start":{},"end":{}}],"line":90},"6":{"loc":{"start":{"line":95,"column":4},"end":{"line":101,"column":5}},"type":"if","locations":[{"start":{"line":95,"column":4},"end":{"line":101,"column":5}},{"start":{"line":98,"column":11},"end":{"line":101,"column":5}}],"line":95},"7":{"loc":{"start":{"line":105,"column":4},"end":{"line":105,"column":29}},"type":"if","locations":[{"start":{"line":105,"column":4},"end":{"line":105,"column":29}},{"start":{},"end":{}}],"line":105},"8":{"loc":{"start":{"line":119,"column":4},"end":{"line":119,"column":41}},"type":"if","locations":[{"start":{"line":119,"column":4},"end":{"line":119,"column":41}},{"start":{},"end":{}}],"line":119},"9":{"loc":{"start":{"line":124,"column":4},"end":{"line":124,"column":23}},"type":"if","locations":[{"start":{"line":124,"column":4},"end":{"line":124,"column":23}},{"start":{},"end":{}}],"line":124},"10":{"loc":{"start":{"line":147,"column":13},"end":{"line":147,"column":57}},"type":"binary-expr","locations":[{"start":{"line":147,"column":13},"end":{"line":147,"column":18}},{"start":{"line":147,"column":22},"end":{"line":147,"column":57}}],"line":147}},"s":{"0":2,"1":0,"2":2,"3":0,"4":2,"5":2,"6":2,"7":2,"8":2,"9":2,"10":2,"11":2,"12":2,"13":2,"14":2,"15":2,"16":0,"17":0,"18":0,"19":0,"20":0,"21":0,"22":0,"23":0,"24":0,"25":0,"26":0,"27":2,"28":2,"29":2,"30":0,"31":0,"32":0,"33":0,"34":0,"35":2,"36":34,"37":33,"38":33,"39":33,"40":33,"41":33,"42":14,"43":1,"44":1,"45":14,"46":14,"47":14,"48":14,"49":14,"50":1,"51":13,"52":13,"53":13,"54":1,"55":13,"56":13,"57":13,"58":1,"59":1,"60":13,"61":1,"62":13,"63":1,"64":1,"65":1,"66":1,"67":1,"68":0,"69":0,"70":14,"71":14,"72":13,"73":33,"74":1,"75":0,"76":0,"77":1,"78":1,"79":33,"80":1,"81":0,"82":1,"83":1,"84":1,"85":0,"86":33,"87":1,"88":1,"89":33,"90":14,"91":14,"92":14,"93":33},"f":{"0":0,"1":0,"2":0,"3":0,"4":0,"5":0,"6":0,"7":0,"8":0,"9":34,"10":14,"11":1,"12":1,"13":14,"14":1,"15":1,"16":1,"17":14,"18":1,"19":1,"20":1,"21":14},"b":{"0":[14,0],"1":[1,13],"2":[14,14],"3":[1,0],"4":[1,0],"5":[13,1],"6":[0,1],"7":[0,1],"8":[1,0],"9":[14,0],"10":[33,19]},"_coverageSchema":"1a1c01bbd47fc00a2c39e90264f33305004495a9","hash":"2ae3e9856153fe39b26eca4f8e76ba28fce68b3d"}
}
