{"/home/davicho/etherai-foresight-platform-main/src/App.tsx": {"path":"/home/davicho/etherai-foresight-platform-main/src/App.tsx","statementMap":{"0":{"start":{"line":12,"column":14},"end":{"line":12,"column":55}},"1":{"start":{"line":12,"column":31},"end":{"line":12,"column":54}},"2":{"start":{"line":13,"column":18},"end":{"line":13,"column":63}},"3":{"start":{"line":13,"column":35},"end":{"line":13,"column":62}},"4":{"start":{"line":14,"column":18},"end":{"line":14,"column":63}},"5":{"start":{"line":14,"column":35},"end":{"line":14,"column":62}},"6":{"start":{"line":15,"column":17},"end":{"line":15,"column":61}},"7":{"start":{"line":15,"column":34},"end":{"line":15,"column":60}},"8":{"start":{"line":16,"column":23},"end":{"line":16,"column":73}},"9":{"start":{"line":16,"column":40},"end":{"line":16,"column":72}},"10":{"start":{"line":17,"column":20},"end":{"line":17,"column":67}},"11":{"start":{"line":17,"column":37},"end":{"line":17,"column":66}},"12":{"start":{"line":18,"column":27},"end":{"line":18,"column":81}},"13":{"start":{"line":18,"column":44},"end":{"line":18,"column":80}},"14":{"start":{"line":19,"column":22},"end":{"line":19,"column":76}},"15":{"start":{"line":19,"column":39},"end":{"line":19,"column":75}},"16":{"start":{"line":20,"column":17},"end":{"line":20,"column":61}},"17":{"start":{"line":20,"column":34},"end":{"line":20,"column":60}},"18":{"start":{"line":21,"column":22},"end":{"line":21,"column":71}},"19":{"start":{"line":21,"column":39},"end":{"line":21,"column":70}},"20":{"start":{"line":22,"column":26},"end":{"line":22,"column":79}},"21":{"start":{"line":22,"column":43},"end":{"line":22,"column":78}},"22":{"start":{"line":23,"column":26},"end":{"line":23,"column":79}},"23":{"start":{"line":23,"column":43},"end":{"line":23,"column":78}},"24":{"start":{"line":25,"column":12},"end":{"line":67,"column":1}},"25":{"start":{"line":26,"column":2},"end":{"line":26,"column":28}},"26":{"start":{"line":29,"column":2},"end":{"line":29,"column":21}},"27":{"start":{"line":32,"column":31},"end":{"line":32,"column":44}},"28":{"start":{"line":35,"column":2},"end":{"line":37,"column":25}},"29":{"start":{"line":36,"column":4},"end":{"line":36,"column":23}},"30":{"start":{"line":39,"column":2},"end":{"line":66,"column":4}}},"fnMap":{"0":{"name":"(anonymous_0)","decl":{"start":{"line":12,"column":25},"end":{"line":12,"column":26}},"loc":{"start":{"line":12,"column":31},"end":{"line":12,"column":54}},"line":12},"1":{"name":"(anonymous_1)","decl":{"start":{"line":13,"column":29},"end":{"line":13,"column":30}},"loc":{"start":{"line":13,"column":35},"end":{"line":13,"column":62}},"line":13},"2":{"name":"(anonymous_2)","decl":{"start":{"line":14,"column":29},"end":{"line":14,"column":30}},"loc":{"start":{"line":14,"column":35},"end":{"line":14,"column":62}},"line":14},"3":{"name":"(anonymous_3)","decl":{"start":{"line":15,"column":28},"end":{"line":15,"column":29}},"loc":{"start":{"line":15,"column":34},"end":{"line":15,"column":60}},"line":15},"4":{"name":"(anonymous_4)","decl":{"start":{"line":16,"column":34},"end":{"line":16,"column":35}},"loc":{"start":{"line":16,"column":40},"end":{"line":16,"column":72}},"line":16},"5":{"name":"(anonymous_5)","decl":{"start":{"line":17,"column":31},"end":{"line":17,"column":32}},"loc":{"start":{"line":17,"column":37},"end":{"line":17,"column":66}},"line":17},"6":{"name":"(anonymous_6)","decl":{"start":{"line":18,"column":38},"end":{"line":18,"column":39}},"loc":{"start":{"line":18,"column":44},"end":{"line":18,"column":80}},"line":18},"7":{"name":"(anonymous_7)","decl":{"start":{"line":19,"column":33},"end":{"line":19,"column":34}},"loc":{"start":{"line":19,"column":39},"end":{"line":19,"column":75}},"line":19},"8":{"name":"(anonymous_8)","decl":{"start":{"line":20,"column":28},"end":{"line":20,"column":29}},"loc":{"start":{"line":20,"column":34},"end":{"line":20,"column":60}},"line":20},"9":{"name":"(anonymous_9)","decl":{"start":{"line":21,"column":33},"end":{"line":21,"column":34}},"loc":{"start":{"line":21,"column":39},"end":{"line":21,"column":70}},"line":21},"10":{"name":"(anonymous_10)","decl":{"start":{"line":22,"column":37},"end":{"line":22,"column":38}},"loc":{"start":{"line":22,"column":43},"end":{"line":22,"column":78}},"line":22},"11":{"name":"(anonymous_11)","decl":{"start":{"line":23,"column":37},"end":{"line":23,"column":38}},"loc":{"start":{"line":23,"column":43},"end":{"line":23,"column":78}},"line":23},"12":{"name":"(anonymous_12)","decl":{"start":{"line":25,"column":12},"end":{"line":25,"column":13}},"loc":{"start":{"line":25,"column":18},"end":{"line":67,"column":1}},"line":25},"13":{"name":"(anonymous_13)","decl":{"start":{"line":35,"column":18},"end":{"line":35,"column":19}},"loc":{"start":{"line":35,"column":24},"end":{"line":37,"column":3}},"line":35}},"branchMap":{},"s":{"0":1,"1":1,"2":1,"3":0,"4":1,"5":0,"6":1,"7":0,"8":1,"9":0,"10":1,"11":0,"12":1,"13":0,"14":1,"15":0,"16":1,"17":1,"18":1,"19":1,"20":1,"21":0,"22":1,"23":0,"24":1,"25":1,"26":1,"27":1,"28":1,"29":1,"30":1},"f":{"0":1,"1":0,"2":0,"3":0,"4":0,"5":0,"6":0,"7":0,"8":1,"9":1,"10":0,"11":0,"12":1,"13":1},"b":{},"_coverageSchema":"1a1c01bbd47fc00a2c39e90264f33305004495a9","hash":"e010483e2cf34b8abcee5079ccb86a11d4c57d54"}
,"/home/davicho/etherai-foresight-platform-main/src/components/AdvancedInteractiveDashboard.tsx": {"path":"/home/davicho/etherai-foresight-platform-main/src/components/AdvancedInteractiveDashboard.tsx","statementMap":{"0":{"start":{"line":10,"column":37},"end":{"line":280,"column":1}},"1":{"start":{"line":11,"column":30},"end":{"line":11,"column":47}},"2":{"start":{"line":12,"column":36},"end":{"line":12,"column":50}},"3":{"start":{"line":13,"column":36},"end":{"line":13,"column":50}},"4":{"start":{"line":14,"column":46},"end":{"line":14,"column":61}},"5":{"start":{"line":15,"column":40},"end":{"line":15,"column":55}},"6":{"start":{"line":17,"column":21},"end":{"line":36,"column":3}},"7":{"start":{"line":38,"column":24},"end":{"line":38,"column":69}},"8":{"start":{"line":41,"column":26},"end":{"line":44,"column":3}},"9":{"start":{"line":42,"column":4},"end":{"line":42,"column":59}},"10":{"start":{"line":46,"column":28},"end":{"line":51,"column":94}},"11":{"start":{"line":46,"column":42},"end":{"line":51,"column":3}},"12":{"start":{"line":53,"column":29},"end":{"line":57,"column":3}},"13":{"start":{"line":54,"column":4},"end":{"line":54,"column":53}},"14":{"start":{"line":54,"column":31},"end":{"line":54,"column":53}},"15":{"start":{"line":55,"column":4},"end":{"line":55,"column":56}},"16":{"start":{"line":55,"column":31},"end":{"line":55,"column":56}},"17":{"start":{"line":56,"column":4},"end":{"line":56,"column":28}},"18":{"start":{"line":59,"column":29},"end":{"line":63,"column":3}},"19":{"start":{"line":60,"column":4},"end":{"line":60,"column":52}},"20":{"start":{"line":60,"column":31},"end":{"line":60,"column":52}},"21":{"start":{"line":61,"column":4},"end":{"line":61,"column":56}},"22":{"start":{"line":61,"column":31},"end":{"line":61,"column":56}},"23":{"start":{"line":62,"column":4},"end":{"line":62,"column":25}},"24":{"start":{"line":65,"column":29},"end":{"line":71,"column":3}},"25":{"start":{"line":66,"column":4},"end":{"line":66,"column":25}},"26":{"start":{"line":67,"column":4},"end":{"line":70,"column":13}},"27":{"start":{"line":68,"column":6},"end":{"line":68,"column":30}},"28":{"start":{"line":69,"column":6},"end":{"line":69,"column":28}},"29":{"start":{"line":73,"column":25},"end":{"line":76,"column":3}},"30":{"start":{"line":78,"column":2},"end":{"line":279,"column":4}},"31":{"start":{"line":221,"column":30},"end":{"line":221,"column":79}},"32":{"start":{"line":224,"column":57},"end":{"line":224,"column":68}}},"fnMap":{"0":{"name":"(anonymous_0)","decl":{"start":{"line":10,"column":37},"end":{"line":10,"column":38}},"loc":{"start":{"line":10,"column":43},"end":{"line":280,"column":1}},"line":10},"1":{"name":"(anonymous_1)","decl":{"start":{"line":41,"column":34},"end":{"line":41,"column":35}},"loc":{"start":{"line":42,"column":4},"end":{"line":42,"column":59}},"line":42},"2":{"name":"(anonymous_2)","decl":{"start":{"line":46,"column":36},"end":{"line":46,"column":37}},"loc":{"start":{"line":46,"column":42},"end":{"line":51,"column":3}},"line":46},"3":{"name":"(anonymous_3)","decl":{"start":{"line":53,"column":29},"end":{"line":53,"column":30}},"loc":{"start":{"line":53,"column":43},"end":{"line":57,"column":3}},"line":53},"4":{"name":"(anonymous_4)","decl":{"start":{"line":59,"column":29},"end":{"line":59,"column":30}},"loc":{"start":{"line":59,"column":43},"end":{"line":63,"column":3}},"line":59},"5":{"name":"(anonymous_5)","decl":{"start":{"line":65,"column":29},"end":{"line":65,"column":30}},"loc":{"start":{"line":65,"column":35},"end":{"line":71,"column":3}},"line":65},"6":{"name":"(anonymous_6)","decl":{"start":{"line":67,"column":15},"end":{"line":67,"column":16}},"loc":{"start":{"line":67,"column":21},"end":{"line":70,"column":5}},"line":67},"7":{"name":"(anonymous_7)","decl":{"start":{"line":220,"column":48},"end":{"line":220,"column":49}},"loc":{"start":{"line":221,"column":30},"end":{"line":221,"column":79}},"line":221},"8":{"name":"(anonymous_8)","decl":{"start":{"line":224,"column":46},"end":{"line":224,"column":47}},"loc":{"start":{"line":224,"column":57},"end":{"line":224,"column":68}},"line":224}},"branchMap":{"0":{"loc":{"start":{"line":54,"column":4},"end":{"line":54,"column":53}},"type":"if","locations":[{"start":{"line":54,"column":4},"end":{"line":54,"column":53}},{"start":{},"end":{}}],"line":54},"1":{"loc":{"start":{"line":55,"column":4},"end":{"line":55,"column":56}},"type":"if","locations":[{"start":{"line":55,"column":4},"end":{"line":55,"column":56}},{"start":{},"end":{}}],"line":55},"2":{"loc":{"start":{"line":60,"column":4},"end":{"line":60,"column":52}},"type":"if","locations":[{"start":{"line":60,"column":4},"end":{"line":60,"column":52}},{"start":{},"end":{}}],"line":60},"3":{"loc":{"start":{"line":61,"column":4},"end":{"line":61,"column":56}},"type":"if","locations":[{"start":{"line":61,"column":4},"end":{"line":61,"column":56}},{"start":{},"end":{}}],"line":61},"4":{"loc":{"start":{"line":161,"column":19},"end":{"line":171,"column":19}},"type":"cond-expr","locations":[{"start":{"line":162,"column":20},"end":{"line":165,"column":23}},{"start":{"line":167,"column":20},"end":{"line":170,"column":23}}],"line":161},"5":{"loc":{"start":{"line":185,"column":17},"end":{"line":272,"column":17}},"type":"cond-expr","locations":[{"start":{"line":186,"column":18},"end":{"line":264,"column":24}},{"start":{"line":266,"column":18},"end":{"line":271,"column":24}}],"line":185}},"s":{"0":1,"1":4,"2":4,"3":4,"4":4,"5":4,"6":4,"7":4,"8":4,"9":3,"10":4,"11":3,"12":4,"13":0,"14":0,"15":0,"16":0,"17":0,"18":4,"19":0,"20":0,"21":0,"22":0,"23":0,"24":4,"25":0,"26":0,"27":0,"28":0,"29":4,"30":4,"31":0,"32":0},"f":{"0":4,"1":3,"2":3,"3":0,"4":0,"5":0,"6":0,"7":0,"8":0},"b":{"0":[0,0],"1":[0,0],"2":[0,0],"3":[0,0],"4":[0,4],"5":[0,4]},"_coverageSchema":"1a1c01bbd47fc00a2c39e90264f33305004495a9","hash":"c8e19ca4cc09d1cfc7ad6e5f1367a4568c2741ef"}
,"/home/davicho/etherai-foresight-platform-main/src/components/AnimatedMetrics.tsx": {"path":"/home/davicho/etherai-foresight-platform-main/src/components/AnimatedMetrics.tsx","statementMap":{"0":{"start":{"line":10,"column":54},"end":{"line":88,"column":1}},"1":{"start":{"line":16,"column":42},"end":{"line":16,"column":53}},"2":{"start":{"line":17,"column":36},"end":{"line":17,"column":51}},"3":{"start":{"line":18,"column":14},"end":{"line":18,"column":43}},"4":{"start":{"line":20,"column":2},"end":{"line":81,"column":42}},"5":{"start":{"line":23,"column":4},"end":{"line":43,"column":5}},"6":{"start":{"line":24,"column":6},"end":{"line":24,"column":41}},"7":{"start":{"line":24,"column":22},"end":{"line":24,"column":41}},"8":{"start":{"line":25,"column":24},"end":{"line":25,"column":34}},"9":{"start":{"line":26,"column":6},"end":{"line":40,"column":16}},"10":{"start":{"line":27,"column":29},"end":{"line":38,"column":9}},"11":{"start":{"line":28,"column":26},"end":{"line":28,"column":48}},"12":{"start":{"line":29,"column":27},"end":{"line":29,"column":58}},"13":{"start":{"line":30,"column":31},"end":{"line":30,"column":60}},"14":{"start":{"line":31,"column":26},"end":{"line":31,"column":58}},"15":{"start":{"line":32,"column":10},"end":{"line":32,"column":35}},"16":{"start":{"line":33,"column":10},"end":{"line":37,"column":11}},"17":{"start":{"line":34,"column":12},"end":{"line":34,"column":48}},"18":{"start":{"line":36,"column":12},"end":{"line":36,"column":35}},"19":{"start":{"line":39,"column":8},"end":{"line":39,"column":23}},"20":{"start":{"line":42,"column":6},"end":{"line":42,"column":22}},"21":{"start":{"line":45,"column":21},"end":{"line":74,"column":5}},"22":{"start":{"line":47,"column":8},"end":{"line":71,"column":9}},"23":{"start":{"line":48,"column":10},"end":{"line":48,"column":29}},"24":{"start":{"line":49,"column":10},"end":{"line":70,"column":20}},"25":{"start":{"line":50,"column":30},"end":{"line":50,"column":40}},"26":{"start":{"line":52,"column":33},"end":{"line":67,"column":13}},"27":{"start":{"line":53,"column":30},"end":{"line":53,"column":52}},"28":{"start":{"line":54,"column":31},"end":{"line":54,"column":62}},"29":{"start":{"line":57,"column":35},"end":{"line":57,"column":64}},"30":{"start":{"line":59,"column":30},"end":{"line":59,"column":62}},"31":{"start":{"line":60,"column":14},"end":{"line":60,"column":39}},"32":{"start":{"line":62,"column":14},"end":{"line":66,"column":15}},"33":{"start":{"line":63,"column":16},"end":{"line":63,"column":52}},"34":{"start":{"line":65,"column":16},"end":{"line":65,"column":39}},"35":{"start":{"line":69,"column":12},"end":{"line":69,"column":27}},"36":{"start":{"line":76,"column":4},"end":{"line":78,"column":5}},"37":{"start":{"line":77,"column":6},"end":{"line":77,"column":36}},"38":{"start":{"line":80,"column":4},"end":{"line":80,"column":39}},"39":{"start":{"line":80,"column":17},"end":{"line":80,"column":38}},"40":{"start":{"line":83,"column":2},"end":{"line":87,"column":4}}},"fnMap":{"0":{"name":"(anonymous_0)","decl":{"start":{"line":10,"column":54},"end":{"line":10,"column":55}},"loc":{"start":{"line":15,"column":6},"end":{"line":88,"column":1}},"line":15},"1":{"name":"(anonymous_1)","decl":{"start":{"line":20,"column":12},"end":{"line":20,"column":13}},"loc":{"start":{"line":20,"column":18},"end":{"line":81,"column":3}},"line":20},"2":{"name":"(anonymous_2)","decl":{"start":{"line":26,"column":17},"end":{"line":26,"column":18}},"loc":{"start":{"line":26,"column":23},"end":{"line":40,"column":7}},"line":26},"3":{"name":"(anonymous_3)","decl":{"start":{"line":27,"column":29},"end":{"line":27,"column":30}},"loc":{"start":{"line":27,"column":35},"end":{"line":38,"column":9}},"line":27},"4":{"name":"(anonymous_4)","decl":{"start":{"line":42,"column":13},"end":{"line":42,"column":14}},"loc":{"start":{"line":42,"column":19},"end":{"line":42,"column":21}},"line":42},"5":{"name":"(anonymous_5)","decl":{"start":{"line":46,"column":6},"end":{"line":46,"column":7}},"loc":{"start":{"line":46,"column":19},"end":{"line":72,"column":7}},"line":46},"6":{"name":"(anonymous_6)","decl":{"start":{"line":49,"column":21},"end":{"line":49,"column":22}},"loc":{"start":{"line":49,"column":27},"end":{"line":70,"column":11}},"line":49},"7":{"name":"(anonymous_7)","decl":{"start":{"line":52,"column":33},"end":{"line":52,"column":34}},"loc":{"start":{"line":52,"column":39},"end":{"line":67,"column":13}},"line":52},"8":{"name":"(anonymous_8)","decl":{"start":{"line":80,"column":11},"end":{"line":80,"column":12}},"loc":{"start":{"line":80,"column":17},"end":{"line":80,"column":38}},"line":80}},"branchMap":{"0":{"loc":{"start":{"line":12,"column":2},"end":{"line":12,"column":13}},"type":"default-arg","locations":[{"start":{"line":12,"column":11},"end":{"line":12,"column":13}}],"line":12},"1":{"loc":{"start":{"line":13,"column":2},"end":{"line":13,"column":17}},"type":"default-arg","locations":[{"start":{"line":13,"column":13},"end":{"line":13,"column":17}}],"line":13},"2":{"loc":{"start":{"line":14,"column":2},"end":{"line":14,"column":11}},"type":"default-arg","locations":[{"start":{"line":14,"column":10},"end":{"line":14,"column":11}}],"line":14},"3":{"loc":{"start":{"line":23,"column":4},"end":{"line":43,"column":5}},"type":"if","locations":[{"start":{"line":23,"column":4},"end":{"line":43,"column":5}},{"start":{},"end":{}}],"line":23},"4":{"loc":{"start":{"line":24,"column":6},"end":{"line":24,"column":41}},"type":"if","locations":[{"start":{"line":24,"column":6},"end":{"line":24,"column":41}},{"start":{},"end":{}}],"line":24},"5":{"loc":{"start":{"line":33,"column":10},"end":{"line":37,"column":11}},"type":"if","locations":[{"start":{"line":33,"column":10},"end":{"line":37,"column":11}},{"start":{"line":35,"column":17},"end":{"line":37,"column":11}}],"line":33},"6":{"loc":{"start":{"line":47,"column":8},"end":{"line":71,"column":9}},"type":"if","locations":[{"start":{"line":47,"column":8},"end":{"line":71,"column":9}},{"start":{},"end":{}}],"line":47},"7":{"loc":{"start":{"line":47,"column":12},"end":{"line":47,"column":46}},"type":"binary-expr","locations":[{"start":{"line":47,"column":12},"end":{"line":47,"column":32}},{"start":{"line":47,"column":36},"end":{"line":47,"column":46}}],"line":47},"8":{"loc":{"start":{"line":62,"column":14},"end":{"line":66,"column":15}},"type":"if","locations":[{"start":{"line":62,"column":14},"end":{"line":66,"column":15}},{"start":{"line":64,"column":21},"end":{"line":66,"column":15}}],"line":62},"9":{"loc":{"start":{"line":76,"column":4},"end":{"line":78,"column":5}},"type":"if","locations":[{"start":{"line":76,"column":4},"end":{"line":78,"column":5}},{"start":{},"end":{}}],"line":76}},"s":{"0":1,"1":0,"2":0,"3":0,"4":0,"5":0,"6":0,"7":0,"8":0,"9":0,"10":0,"11":0,"12":0,"13":0,"14":0,"15":0,"16":0,"17":0,"18":0,"19":0,"20":0,"21":0,"22":0,"23":0,"24":0,"25":0,"26":0,"27":0,"28":0,"29":0,"30":0,"31":0,"32":0,"33":0,"34":0,"35":0,"36":0,"37":0,"38":0,"39":0,"40":0},"f":{"0":0,"1":0,"2":0,"3":0,"4":0,"5":0,"6":0,"7":0,"8":0},"b":{"0":[0],"1":[0],"2":[0],"3":[0,0],"4":[0,0],"5":[0,0],"6":[0,0],"7":[0,0],"8":[0,0],"9":[0,0]},"_coverageSchema":"1a1c01bbd47fc00a2c39e90264f33305004495a9","hash":"1b0f56d4151fa59012d2e24bf8f68cb3878fcc47"}
,"/home/davicho/etherai-foresight-platform-main/src/components/ClimateWidget.tsx": {"path":"/home/davicho/etherai-foresight-platform-main/src/components/ClimateWidget.tsx","statementMap":{"0":{"start":{"line":26,"column":28},"end":{"line":33,"column":1}},"1":{"start":{"line":35,"column":32},"end":{"line":175,"column":1}},"2":{"start":{"line":36,"column":40},"end":{"line":36,"column":74}},"3":{"start":{"line":37,"column":46},"end":{"line":37,"column":83}},"4":{"start":{"line":38,"column":32},"end":{"line":38,"column":47}},"5":{"start":{"line":39,"column":28},"end":{"line":39,"column":57}},"6":{"start":{"line":40,"column":42},"end":{"line":40,"column":72}},"7":{"start":{"line":42,"column":30},"end":{"line":54,"column":20}},"8":{"start":{"line":43,"column":4},"end":{"line":53,"column":5}},"9":{"start":{"line":44,"column":6},"end":{"line":44,"column":23}},"10":{"start":{"line":45,"column":23},"end":{"line":45,"column":106}},"11":{"start":{"line":46,"column":6},"end":{"line":46,"column":75}},"12":{"start":{"line":46,"column":24},"end":{"line":46,"column":75}},"13":{"start":{"line":47,"column":19},"end":{"line":47,"column":40}},"14":{"start":{"line":48,"column":6},"end":{"line":48,"column":27}},"15":{"start":{"line":50,"column":6},"end":{"line":50,"column":69}},"16":{"start":{"line":52,"column":6},"end":{"line":52,"column":24}},"17":{"start":{"line":56,"column":26},"end":{"line":65,"column":20}},"18":{"start":{"line":57,"column":4},"end":{"line":64,"column":5}},"19":{"start":{"line":58,"column":23},"end":{"line":58,"column":113}},"20":{"start":{"line":59,"column":6},"end":{"line":59,"column":70}},"21":{"start":{"line":59,"column":24},"end":{"line":59,"column":70}},"22":{"start":{"line":60,"column":19},"end":{"line":60,"column":40}},"23":{"start":{"line":61,"column":6},"end":{"line":61,"column":30}},"24":{"start":{"line":63,"column":6},"end":{"line":63,"column":52}},"25":{"start":{"line":67,"column":2},"end":{"line":70,"column":45}},"26":{"start":{"line":68,"column":4},"end":{"line":68,"column":26}},"27":{"start":{"line":69,"column":4},"end":{"line":69,"column":22}},"28":{"start":{"line":72,"column":25},"end":{"line":80,"column":3}},"29":{"start":{"line":74,"column":4},"end":{"line":74,"column":32}},"30":{"start":{"line":74,"column":20},"end":{"line":74,"column":32}},"31":{"start":{"line":75,"column":4},"end":{"line":75,"column":30}},"32":{"start":{"line":75,"column":19},"end":{"line":75,"column":30}},"33":{"start":{"line":76,"column":4},"end":{"line":76,"column":32}},"34":{"start":{"line":76,"column":20},"end":{"line":76,"column":32}},"35":{"start":{"line":77,"column":4},"end":{"line":77,"column":33}},"36":{"start":{"line":77,"column":20},"end":{"line":77,"column":33}},"37":{"start":{"line":78,"column":4},"end":{"line":78,"column":32}},"38":{"start":{"line":78,"column":20},"end":{"line":78,"column":32}},"39":{"start":{"line":79,"column":4},"end":{"line":79,"column":17}},"40":{"start":{"line":82,"column":27},"end":{"line":87,"column":3}},"41":{"start":{"line":83,"column":17},"end":{"line":83,"column":59}},"42":{"start":{"line":83,"column":39},"end":{"line":83,"column":58}},"43":{"start":{"line":84,"column":4},"end":{"line":86,"column":5}},"44":{"start":{"line":85,"column":6},"end":{"line":85,"column":28}},"45":{"start":{"line":89,"column":2},"end":{"line":174,"column":4}},"46":{"start":{"line":100,"column":31},"end":{"line":100,"column":63}},"47":{"start":{"line":104,"column":16},"end":{"line":106,"column":25}},"48":{"start":{"line":111,"column":16},"end":{"line":111,"column":38}},"49":{"start":{"line":112,"column":16},"end":{"line":112,"column":34}},"50":{"start":{"line":151,"column":16},"end":{"line":167,"column":22}}},"fnMap":{"0":{"name":"(anonymous_0)","decl":{"start":{"line":35,"column":32},"end":{"line":35,"column":33}},"loc":{"start":{"line":35,"column":38},"end":{"line":175,"column":1}},"line":35},"1":{"name":"(anonymous_1)","decl":{"start":{"line":42,"column":42},"end":{"line":42,"column":43}},"loc":{"start":{"line":42,"column":54},"end":{"line":54,"column":3}},"line":42},"2":{"name":"(anonymous_2)","decl":{"start":{"line":56,"column":38},"end":{"line":56,"column":39}},"loc":{"start":{"line":56,"column":50},"end":{"line":65,"column":3}},"line":56},"3":{"name":"(anonymous_3)","decl":{"start":{"line":67,"column":12},"end":{"line":67,"column":13}},"loc":{"start":{"line":67,"column":18},"end":{"line":70,"column":3}},"line":67},"4":{"name":"(anonymous_4)","decl":{"start":{"line":72,"column":25},"end":{"line":72,"column":26}},"loc":{"start":{"line":72,"column":43},"end":{"line":80,"column":3}},"line":72},"5":{"name":"(anonymous_5)","decl":{"start":{"line":82,"column":27},"end":{"line":82,"column":28}},"loc":{"start":{"line":82,"column":49},"end":{"line":87,"column":3}},"line":82},"6":{"name":"(anonymous_6)","decl":{"start":{"line":83,"column":34},"end":{"line":83,"column":35}},"loc":{"start":{"line":83,"column":39},"end":{"line":83,"column":58}},"line":83},"7":{"name":"(anonymous_7)","decl":{"start":{"line":100,"column":24},"end":{"line":100,"column":25}},"loc":{"start":{"line":100,"column":31},"end":{"line":100,"column":63}},"line":100},"8":{"name":"(anonymous_8)","decl":{"start":{"line":103,"column":31},"end":{"line":103,"column":32}},"loc":{"start":{"line":104,"column":16},"end":{"line":106,"column":25}},"line":104},"9":{"name":"(anonymous_9)","decl":{"start":{"line":110,"column":23},"end":{"line":110,"column":24}},"loc":{"start":{"line":110,"column":29},"end":{"line":113,"column":15}},"line":110},"10":{"name":"(anonymous_10)","decl":{"start":{"line":150,"column":51},"end":{"line":150,"column":52}},"loc":{"start":{"line":151,"column":16},"end":{"line":167,"column":22}},"line":151}},"branchMap":{"0":{"loc":{"start":{"line":46,"column":6},"end":{"line":46,"column":75}},"type":"if","locations":[{"start":{"line":46,"column":6},"end":{"line":46,"column":75}},{"start":{},"end":{}}],"line":46},"1":{"loc":{"start":{"line":50,"column":15},"end":{"line":50,"column":67}},"type":"cond-expr","locations":[{"start":{"line":50,"column":38},"end":{"line":50,"column":49}},{"start":{"line":50,"column":52},"end":{"line":50,"column":67}}],"line":50},"2":{"loc":{"start":{"line":59,"column":6},"end":{"line":59,"column":70}},"type":"if","locations":[{"start":{"line":59,"column":6},"end":{"line":59,"column":70}},{"start":{},"end":{}}],"line":59},"3":{"loc":{"start":{"line":74,"column":4},"end":{"line":74,"column":32}},"type":"if","locations":[{"start":{"line":74,"column":4},"end":{"line":74,"column":32}},{"start":{},"end":{}}],"line":74},"4":{"loc":{"start":{"line":75,"column":4},"end":{"line":75,"column":30}},"type":"if","locations":[{"start":{"line":75,"column":4},"end":{"line":75,"column":30}},{"start":{},"end":{}}],"line":75},"5":{"loc":{"start":{"line":76,"column":4},"end":{"line":76,"column":32}},"type":"if","locations":[{"start":{"line":76,"column":4},"end":{"line":76,"column":32}},{"start":{},"end":{}}],"line":76},"6":{"loc":{"start":{"line":77,"column":4},"end":{"line":77,"column":33}},"type":"if","locations":[{"start":{"line":77,"column":4},"end":{"line":77,"column":33}},{"start":{},"end":{}}],"line":77},"7":{"loc":{"start":{"line":78,"column":4},"end":{"line":78,"column":32}},"type":"if","locations":[{"start":{"line":78,"column":4},"end":{"line":78,"column":32}},{"start":{},"end":{}}],"line":78},"8":{"loc":{"start":{"line":84,"column":4},"end":{"line":86,"column":5}},"type":"if","locations":[{"start":{"line":84,"column":4},"end":{"line":86,"column":5}},{"start":{},"end":{}}],"line":84},"9":{"loc":{"start":{"line":117,"column":15},"end":{"line":117,"column":53}},"type":"cond-expr","locations":[{"start":{"line":117,"column":25},"end":{"line":117,"column":38}},{"start":{"line":117,"column":41},"end":{"line":117,"column":53}}],"line":117},"10":{"loc":{"start":{"line":122,"column":9},"end":{"line":126,"column":9}},"type":"binary-expr","locations":[{"start":{"line":122,"column":9},"end":{"line":122,"column":14}},{"start":{"line":123,"column":10},"end":{"line":125,"column":16}}],"line":122},"11":{"loc":{"start":{"line":128,"column":9},"end":{"line":144,"column":9}},"type":"binary-expr","locations":[{"start":{"line":128,"column":9},"end":{"line":128,"column":20}},{"start":{"line":129,"column":10},"end":{"line":143,"column":16}}],"line":128},"12":{"loc":{"start":{"line":146,"column":9},"end":{"line":171,"column":9}},"type":"binary-expr","locations":[{"start":{"line":146,"column":9},"end":{"line":146,"column":23}},{"start":{"line":147,"column":10},"end":{"line":170,"column":16}}],"line":146}},"s":{"0":1,"1":1,"2":9,"3":9,"4":9,"5":9,"6":9,"7":9,"8":3,"9":3,"10":3,"11":3,"12":0,"13":3,"14":3,"15":0,"16":3,"17":9,"18":3,"19":3,"20":3,"21":0,"22":3,"23":3,"24":0,"25":9,"26":3,"27":3,"28":9,"29":10,"30":0,"31":10,"32":10,"33":0,"34":0,"35":0,"36":0,"37":0,"38":0,"39":0,"40":9,"41":1,"42":3,"43":1,"44":1,"45":9,"46":1,"47":54,"48":0,"49":0,"50":5},"f":{"0":9,"1":3,"2":3,"3":3,"4":10,"5":1,"6":3,"7":1,"8":54,"9":0,"10":5},"b":{"0":[0,3],"1":[0,0],"2":[0,3],"3":[0,10],"4":[10,0],"5":[0,0],"6":[0,0],"7":[0,0],"8":[1,0],"9":[3,6],"10":[9,0],"11":[9,5],"12":[9,5]},"_coverageSchema":"1a1c01bbd47fc00a2c39e90264f33305004495a9","hash":"7edf674a3dcee89b02a06cdbf7a0dc0908955666"}
,"/home/davicho/etherai-foresight-platform-main/src/components/ComparisonSection.tsx": {"path":"/home/davicho/etherai-foresight-platform-main/src/components/ComparisonSection.tsx","statementMap":{"0":{"start":{"line":4,"column":26},"end":{"line":113,"column":1}},"1":{"start":{"line":5,"column":19},"end":{"line":42,"column":8}},"2":{"start":{"line":5,"column":33},"end":{"line":42,"column":3}},"3":{"start":{"line":44,"column":2},"end":{"line":112,"column":4}},"4":{"start":{"line":66,"column":14},"end":{"line":97,"column":20}}},"fnMap":{"0":{"name":"(anonymous_0)","decl":{"start":{"line":4,"column":26},"end":{"line":4,"column":27}},"loc":{"start":{"line":4,"column":32},"end":{"line":113,"column":1}},"line":4},"1":{"name":"(anonymous_1)","decl":{"start":{"line":5,"column":27},"end":{"line":5,"column":28}},"loc":{"start":{"line":5,"column":33},"end":{"line":42,"column":3}},"line":5},"2":{"name":"(anonymous_2)","decl":{"start":{"line":65,"column":26},"end":{"line":65,"column":27}},"loc":{"start":{"line":66,"column":14},"end":{"line":97,"column":20}},"line":66}},"branchMap":{"0":{"loc":{"start":{"line":69,"column":18},"end":{"line":69,"column":56}},"type":"cond-expr","locations":[{"start":{"line":69,"column":35},"end":{"line":69,"column":51}},{"start":{"line":69,"column":54},"end":{"line":69,"column":56}}],"line":69},"1":{"loc":{"start":{"line":76,"column":19},"end":{"line":84,"column":19}},"type":"cond-expr","locations":[{"start":{"line":77,"column":20},"end":{"line":81,"column":21}},{"start":{"line":83,"column":20},"end":{"line":83,"column":88}}],"line":76},"2":{"loc":{"start":{"line":77,"column":20},"end":{"line":81,"column":21}},"type":"cond-expr","locations":[{"start":{"line":78,"column":22},"end":{"line":78,"column":72}},{"start":{"line":80,"column":22},"end":{"line":80,"column":66}}],"line":77},"3":{"loc":{"start":{"line":87,"column":19},"end":{"line":95,"column":19}},"type":"cond-expr","locations":[{"start":{"line":88,"column":20},"end":{"line":92,"column":21}},{"start":{"line":94,"column":20},"end":{"line":94,"column":84}}],"line":87},"4":{"loc":{"start":{"line":88,"column":20},"end":{"line":92,"column":21}},"type":"cond-expr","locations":[{"start":{"line":89,"column":22},"end":{"line":89,"column":72}},{"start":{"line":91,"column":22},"end":{"line":91,"column":66}}],"line":88}},"s":{"0":1,"1":0,"2":0,"3":0,"4":0},"f":{"0":0,"1":0,"2":0},"b":{"0":[0,0],"1":[0,0],"2":[0,0],"3":[0,0],"4":[0,0]},"_coverageSchema":"1a1c01bbd47fc00a2c39e90264f33305004495a9","hash":"1600df4d518ecf501436874b46e4d293bcefae97"}
,"/home/davicho/etherai-foresight-platform-main/src/components/DemoSection.tsx": {"path":"/home/davicho/etherai-foresight-platform-main/src/components/DemoSection.tsx","statementMap":{"0":{"start":{"line":16,"column":15},"end":{"line":16,"column":79}},"1":{"start":{"line":48,"column":30},"end":{"line":462,"column":1}},"2":{"start":{"line":49,"column":34},"end":{"line":49,"column":65}},"3":{"start":{"line":50,"column":32},"end":{"line":50,"column":46}},"4":{"start":{"line":51,"column":28},"end":{"line":51,"column":57}},"5":{"start":{"line":52,"column":48},"end":{"line":52,"column":78}},"6":{"start":{"line":53,"column":46},"end":{"line":53,"column":75}},"7":{"start":{"line":54,"column":42},"end":{"line":54,"column":57}},"8":{"start":{"line":55,"column":52},"end":{"line":55,"column":72}},"9":{"start":{"line":56,"column":52},"end":{"line":56,"column":71}},"10":{"start":{"line":57,"column":42},"end":{"line":57,"column":61}},"11":{"start":{"line":58,"column":36},"end":{"line":58,"column":65}},"12":{"start":{"line":59,"column":48},"end":{"line":59,"column":63}},"13":{"start":{"line":61,"column":2},"end":{"line":85,"column":9}},"14":{"start":{"line":62,"column":26},"end":{"line":78,"column":5}},"15":{"start":{"line":63,"column":6},"end":{"line":77,"column":7}},"16":{"start":{"line":64,"column":25},"end":{"line":64,"column":60}},"17":{"start":{"line":65,"column":8},"end":{"line":67,"column":9}},"18":{"start":{"line":66,"column":10},"end":{"line":66,"column":55}},"19":{"start":{"line":68,"column":31},"end":{"line":68,"column":52}},"20":{"start":{"line":69,"column":8},"end":{"line":69,"column":26}},"21":{"start":{"line":70,"column":8},"end":{"line":70,"column":146}},"22":{"start":{"line":71,"column":8},"end":{"line":71,"column":23}},"23":{"start":{"line":73,"column":8},"end":{"line":73,"column":56}},"24":{"start":{"line":74,"column":8},"end":{"line":74,"column":53}},"25":{"start":{"line":76,"column":8},"end":{"line":76,"column":26}},"26":{"start":{"line":80,"column":4},"end":{"line":80,"column":20}},"27":{"start":{"line":82,"column":21},"end":{"line":82,"column":54}},"28":{"start":{"line":84,"column":4},"end":{"line":84,"column":41}},"29":{"start":{"line":84,"column":17},"end":{"line":84,"column":40}},"30":{"start":{"line":87,"column":2},"end":{"line":93,"column":3}},"31":{"start":{"line":88,"column":4},"end":{"line":92,"column":6}},"32":{"start":{"line":95,"column":2},"end":{"line":101,"column":3}},"33":{"start":{"line":96,"column":4},"end":{"line":100,"column":6}},"34":{"start":{"line":103,"column":26},"end":{"line":107,"column":3}},"35":{"start":{"line":104,"column":20},"end":{"line":104,"column":73}},"36":{"start":{"line":104,"column":50},"end":{"line":104,"column":72}},"37":{"start":{"line":105,"column":4},"end":{"line":105,"column":32}},"38":{"start":{"line":105,"column":18},"end":{"line":105,"column":32}},"39":{"start":{"line":106,"column":4},"end":{"line":106,"column":21}},"40":{"start":{"line":109,"column":27},"end":{"line":136,"column":3}},"41":{"start":{"line":110,"column":4},"end":{"line":110,"column":35}},"42":{"start":{"line":110,"column":28},"end":{"line":110,"column":35}},"43":{"start":{"line":112,"column":4},"end":{"line":135,"column":5}},"44":{"start":{"line":113,"column":23},"end":{"line":121,"column":8}},"45":{"start":{"line":123,"column":6},"end":{"line":125,"column":7}},"46":{"start":{"line":124,"column":8},"end":{"line":124,"column":55}},"47":{"start":{"line":127,"column":21},"end":{"line":127,"column":42}},"48":{"start":{"line":128,"column":6},"end":{"line":128,"column":37}},"49":{"start":{"line":130,"column":6},"end":{"line":130,"column":57}},"50":{"start":{"line":131,"column":23},"end":{"line":131,"column":25}},"51":{"start":{"line":132,"column":28},"end":{"line":132,"column":49}},"52":{"start":{"line":133,"column":26},"end":{"line":133,"column":42}},"53":{"start":{"line":134,"column":6},"end":{"line":134,"column":74}},"54":{"start":{"line":138,"column":2},"end":{"line":461,"column":4}},"55":{"start":{"line":219,"column":34},"end":{"line":219,"column":80}},"56":{"start":{"line":219,"column":63},"end":{"line":219,"column":79}},"57":{"start":{"line":220,"column":18},"end":{"line":220,"column":122}},"58":{"start":{"line":220,"column":31},"end":{"line":220,"column":122}},"59":{"start":{"line":227,"column":22},"end":{"line":229,"column":35}},"60":{"start":{"line":273,"column":24},"end":{"line":301,"column":26}},"61":{"start":{"line":274,"column":42},"end":{"line":274,"column":104}},"62":{"start":{"line":274,"column":71},"end":{"line":274,"column":103}},"63":{"start":{"line":275,"column":26},"end":{"line":300,"column":28}},"64":{"start":{"line":288,"column":48},"end":{"line":288,"column":110}},"65":{"start":{"line":288,"column":77},"end":{"line":288,"column":109}},"66":{"start":{"line":289,"column":32},"end":{"line":289,"column":77}},"67":{"start":{"line":289,"column":45},"end":{"line":289,"column":77}},"68":{"start":{"line":291,"column":50},"end":{"line":291,"column":73}},"69":{"start":{"line":293,"column":48},"end":{"line":293,"column":110}},"70":{"start":{"line":293,"column":77},"end":{"line":293,"column":109}},"71":{"start":{"line":294,"column":32},"end":{"line":297,"column":33}},"72":{"start":{"line":295,"column":34},"end":{"line":295,"column":125}},"73":{"start":{"line":296,"column":34},"end":{"line":296,"column":56}},"74":{"start":{"line":353,"column":26},"end":{"line":355,"column":39}},"75":{"start":{"line":365,"column":48},"end":{"line":365,"column":78}},"76":{"start":{"line":376,"column":48},"end":{"line":376,"column":73}},"77":{"start":{"line":391,"column":39},"end":{"line":391,"column":75}}},"fnMap":{"0":{"name":"(anonymous_0)","decl":{"start":{"line":48,"column":30},"end":{"line":48,"column":31}},"loc":{"start":{"line":48,"column":36},"end":{"line":462,"column":1}},"line":48},"1":{"name":"(anonymous_1)","decl":{"start":{"line":61,"column":12},"end":{"line":61,"column":13}},"loc":{"start":{"line":61,"column":18},"end":{"line":85,"column":3}},"line":61},"2":{"name":"(anonymous_2)","decl":{"start":{"line":62,"column":26},"end":{"line":62,"column":27}},"loc":{"start":{"line":62,"column":38},"end":{"line":78,"column":5}},"line":62},"3":{"name":"(anonymous_3)","decl":{"start":{"line":84,"column":11},"end":{"line":84,"column":12}},"loc":{"start":{"line":84,"column":17},"end":{"line":84,"column":40}},"line":84},"4":{"name":"(anonymous_4)","decl":{"start":{"line":103,"column":26},"end":{"line":103,"column":27}},"loc":{"start":{"line":103,"column":51},"end":{"line":107,"column":3}},"line":103},"5":{"name":"(anonymous_5)","decl":{"start":{"line":104,"column":45},"end":{"line":104,"column":46}},"loc":{"start":{"line":104,"column":50},"end":{"line":104,"column":72}},"line":104},"6":{"name":"(anonymous_6)","decl":{"start":{"line":109,"column":27},"end":{"line":109,"column":28}},"loc":{"start":{"line":109,"column":39},"end":{"line":136,"column":3}},"line":109},"7":{"name":"(anonymous_7)","decl":{"start":{"line":218,"column":39},"end":{"line":218,"column":40}},"loc":{"start":{"line":218,"column":50},"end":{"line":221,"column":17}},"line":218},"8":{"name":"(anonymous_8)","decl":{"start":{"line":219,"column":58},"end":{"line":219,"column":59}},"loc":{"start":{"line":219,"column":63},"end":{"line":219,"column":79}},"line":219},"9":{"name":"(anonymous_9)","decl":{"start":{"line":226,"column":44},"end":{"line":226,"column":45}},"loc":{"start":{"line":227,"column":22},"end":{"line":229,"column":35}},"line":227},"10":{"name":"(anonymous_10)","decl":{"start":{"line":272,"column":23},"end":{"line":272,"column":24}},"loc":{"start":{"line":273,"column":24},"end":{"line":301,"column":26}},"line":273},"11":{"name":"(anonymous_11)","decl":{"start":{"line":273,"column":40},"end":{"line":273,"column":41}},"loc":{"start":{"line":273,"column":49},"end":{"line":301,"column":25}},"line":273},"12":{"name":"(anonymous_12)","decl":{"start":{"line":274,"column":66},"end":{"line":274,"column":67}},"loc":{"start":{"line":274,"column":71},"end":{"line":274,"column":103}},"line":274},"13":{"name":"(anonymous_13)","decl":{"start":{"line":287,"column":44},"end":{"line":287,"column":45}},"loc":{"start":{"line":287,"column":50},"end":{"line":290,"column":31}},"line":287},"14":{"name":"(anonymous_14)","decl":{"start":{"line":288,"column":72},"end":{"line":288,"column":73}},"loc":{"start":{"line":288,"column":77},"end":{"line":288,"column":109}},"line":288},"15":{"name":"(anonymous_15)","decl":{"start":{"line":291,"column":44},"end":{"line":291,"column":45}},"loc":{"start":{"line":291,"column":50},"end":{"line":291,"column":73}},"line":291},"16":{"name":"(anonymous_16)","decl":{"start":{"line":292,"column":39},"end":{"line":292,"column":40}},"loc":{"start":{"line":292,"column":45},"end":{"line":298,"column":31}},"line":292},"17":{"name":"(anonymous_17)","decl":{"start":{"line":293,"column":72},"end":{"line":293,"column":73}},"loc":{"start":{"line":293,"column":77},"end":{"line":293,"column":109}},"line":293},"18":{"name":"(anonymous_18)","decl":{"start":{"line":352,"column":49},"end":{"line":352,"column":50}},"loc":{"start":{"line":353,"column":26},"end":{"line":355,"column":39}},"line":353},"19":{"name":"(anonymous_19)","decl":{"start":{"line":365,"column":37},"end":{"line":365,"column":38}},"loc":{"start":{"line":365,"column":48},"end":{"line":365,"column":78}},"line":365},"20":{"name":"(anonymous_20)","decl":{"start":{"line":376,"column":37},"end":{"line":376,"column":38}},"loc":{"start":{"line":376,"column":48},"end":{"line":376,"column":73}},"line":376},"21":{"name":"(anonymous_21)","decl":{"start":{"line":391,"column":33},"end":{"line":391,"column":34}},"loc":{"start":{"line":391,"column":39},"end":{"line":391,"column":75}},"line":391}},"branchMap":{"0":{"loc":{"start":{"line":65,"column":8},"end":{"line":67,"column":9}},"type":"if","locations":[{"start":{"line":65,"column":8},"end":{"line":67,"column":9}},{"start":{},"end":{}}],"line":65},"1":{"loc":{"start":{"line":70,"column":27},"end":{"line":70,"column":144}},"type":"cond-expr","locations":[{"start":{"line":70,"column":47},"end":{"line":70,"column":137}},{"start":{"line":70,"column":140},"end":{"line":70,"column":144}}],"line":70},"2":{"loc":{"start":{"line":87,"column":2},"end":{"line":93,"column":3}},"type":"if","locations":[{"start":{"line":87,"column":2},"end":{"line":93,"column":3}},{"start":{},"end":{}}],"line":87},"3":{"loc":{"start":{"line":95,"column":2},"end":{"line":101,"column":3}},"type":"if","locations":[{"start":{"line":95,"column":2},"end":{"line":101,"column":3}},{"start":{},"end":{}}],"line":95},"4":{"loc":{"start":{"line":95,"column":6},"end":{"line":95,"column":24}},"type":"binary-expr","locations":[{"start":{"line":95,"column":6},"end":{"line":95,"column":11}},{"start":{"line":95,"column":15},"end":{"line":95,"column":24}}],"line":95},"5":{"loc":{"start":{"line":98,"column":45},"end":{"line":98,"column":77}},"type":"binary-expr","locations":[{"start":{"line":98,"column":45},"end":{"line":98,"column":50}},{"start":{"line":98,"column":54},"end":{"line":98,"column":77}}],"line":98},"6":{"loc":{"start":{"line":105,"column":4},"end":{"line":105,"column":32}},"type":"if","locations":[{"start":{"line":105,"column":4},"end":{"line":105,"column":32}},{"start":{},"end":{}}],"line":105},"7":{"loc":{"start":{"line":110,"column":4},"end":{"line":110,"column":35}},"type":"if","locations":[{"start":{"line":110,"column":4},"end":{"line":110,"column":35}},{"start":{},"end":{}}],"line":110},"8":{"loc":{"start":{"line":123,"column":6},"end":{"line":125,"column":7}},"type":"if","locations":[{"start":{"line":123,"column":6},"end":{"line":125,"column":7}},{"start":{},"end":{}}],"line":123},"9":{"loc":{"start":{"line":220,"column":18},"end":{"line":220,"column":122}},"type":"if","locations":[{"start":{"line":220,"column":18},"end":{"line":220,"column":122}},{"start":{},"end":{}}],"line":220},"10":{"loc":{"start":{"line":233,"column":17},"end":{"line":253,"column":17}},"type":"binary-expr","locations":[{"start":{"line":233,"column":17},"end":{"line":233,"column":32}},{"start":{"line":234,"column":18},"end":{"line":252,"column":24}}],"line":233},"11":{"loc":{"start":{"line":242,"column":24},"end":{"line":243,"column":93}},"type":"cond-expr","locations":[{"start":{"line":242,"column":58},"end":{"line":242,"column":74}},{"start":{"line":243,"column":24},"end":{"line":243,"column":93}}],"line":242},"12":{"loc":{"start":{"line":243,"column":24},"end":{"line":243,"column":93}},"type":"cond-expr","locations":[{"start":{"line":243,"column":59},"end":{"line":243,"column":76}},{"start":{"line":243,"column":79},"end":{"line":243,"column":93}}],"line":243},"13":{"loc":{"start":{"line":279,"column":36},"end":{"line":279,"column":87}},"type":"cond-expr","locations":[{"start":{"line":279,"column":46},"end":{"line":279,"column":75}},{"start":{"line":279,"column":78},"end":{"line":279,"column":87}}],"line":279},"14":{"loc":{"start":{"line":289,"column":32},"end":{"line":289,"column":77}},"type":"if","locations":[{"start":{"line":289,"column":32},"end":{"line":289,"column":77}},{"start":{},"end":{}}],"line":289},"15":{"loc":{"start":{"line":294,"column":32},"end":{"line":297,"column":33}},"type":"if","locations":[{"start":{"line":294,"column":32},"end":{"line":297,"column":33}},{"start":{},"end":{}}],"line":294},"16":{"loc":{"start":{"line":306,"column":17},"end":{"line":310,"column":17}},"type":"binary-expr","locations":[{"start":{"line":306,"column":17},"end":{"line":306,"column":31}},{"start":{"line":307,"column":18},"end":{"line":309,"column":22}}],"line":306},"17":{"loc":{"start":{"line":315,"column":11},"end":{"line":331,"column":11}},"type":"binary-expr","locations":[{"start":{"line":315,"column":11},"end":{"line":315,"column":23}},{"start":{"line":315,"column":27},"end":{"line":315,"column":42}},{"start":{"line":316,"column":12},"end":{"line":330,"column":25}}],"line":315},"18":{"loc":{"start":{"line":387,"column":19},"end":{"line":405,"column":19}},"type":"binary-expr","locations":[{"start":{"line":387,"column":19},"end":{"line":387,"column":37}},{"start":{"line":388,"column":20},"end":{"line":404,"column":26}}],"line":387},"19":{"loc":{"start":{"line":395,"column":25},"end":{"line":395,"column":65}},"type":"cond-expr","locations":[{"start":{"line":395,"column":43},"end":{"line":395,"column":52}},{"start":{"line":395,"column":55},"end":{"line":395,"column":65}}],"line":395},"20":{"loc":{"start":{"line":397,"column":23},"end":{"line":403,"column":23}},"type":"binary-expr","locations":[{"start":{"line":397,"column":23},"end":{"line":397,"column":38}},{"start":{"line":398,"column":24},"end":{"line":402,"column":30}}],"line":397},"21":{"loc":{"start":{"line":440,"column":57},"end":{"line":440,"column":123}},"type":"binary-expr","locations":[{"start":{"line":440,"column":57},"end":{"line":440,"column":91}},{"start":{"line":440,"column":95},"end":{"line":440,"column":123}}],"line":440}},"s":{"0":1,"1":1,"2":2,"3":2,"4":2,"5":2,"6":2,"7":2,"8":2,"9":2,"10":2,"11":2,"12":2,"13":2,"14":1,"15":1,"16":1,"17":1,"18":0,"19":1,"20":1,"21":1,"22":1,"23":0,"24":0,"25":1,"26":1,"27":1,"28":1,"29":1,"30":2,"31":1,"32":1,"33":0,"34":1,"35":0,"36":0,"37":0,"38":0,"39":0,"40":1,"41":0,"42":0,"43":0,"44":0,"45":0,"46":0,"47":0,"48":0,"49":0,"50":0,"51":0,"52":0,"53":0,"54":1,"55":0,"56":0,"57":0,"58":0,"59":1,"60":1,"61":0,"62":0,"63":0,"64":0,"65":0,"66":0,"67":0,"68":0,"69":0,"70":0,"71":0,"72":0,"73":0,"74":1,"75":0,"76":0,"77":0},"f":{"0":2,"1":1,"2":1,"3":1,"4":0,"5":0,"6":0,"7":0,"8":0,"9":1,"10":1,"11":0,"12":0,"13":0,"14":0,"15":0,"16":0,"17":0,"18":1,"19":0,"20":0,"21":0},"b":{"0":[0,1],"1":[1,0],"2":[1,1],"3":[0,1],"4":[1,1],"5":[0,0],"6":[0,0],"7":[0,0],"8":[0,0],"9":[0,0],"10":[1,1],"11":[0,1],"12":[0,1],"13":[0,0],"14":[0,0],"15":[0,0],"16":[1,0],"17":[1,0,0],"18":[1,0],"19":[0,0],"20":[0,0],"21":[1,0]},"_coverageSchema":"1a1c01bbd47fc00a2c39e90264f33305004495a9","hash":"8fb624083e2b9b7bdff05d47a076c470abea882d"}
,"/home/davicho/etherai-foresight-platform-main/src/components/EnhancedContactSection.tsx": {"path":"/home/davicho/etherai-foresight-platform-main/src/components/EnhancedContactSection.tsx","statementMap":{"0":{"start":{"line":10,"column":31},"end":{"line":270,"column":1}},"1":{"start":{"line":11,"column":34},"end":{"line":17,"column":4}},"2":{"start":{"line":18,"column":42},"end":{"line":18,"column":57}},"3":{"start":{"line":19,"column":40},"end":{"line":19,"column":55}},"4":{"start":{"line":21,"column":28},"end":{"line":26,"column":3}},"5":{"start":{"line":22,"column":4},"end":{"line":25,"column":8}},"6":{"start":{"line":22,"column":25},"end":{"line":25,"column":5}},"7":{"start":{"line":28,"column":23},"end":{"line":38,"column":3}},"8":{"start":{"line":29,"column":4},"end":{"line":29,"column":23}},"9":{"start":{"line":30,"column":4},"end":{"line":30,"column":26}},"10":{"start":{"line":33,"column":4},"end":{"line":37,"column":13}},"11":{"start":{"line":34,"column":6},"end":{"line":34,"column":29}},"12":{"start":{"line":35,"column":6},"end":{"line":35,"column":27}},"13":{"start":{"line":36,"column":6},"end":{"line":36,"column":72}},"14":{"start":{"line":40,"column":22},"end":{"line":40,"column":97}},"15":{"start":{"line":42,"column":18},"end":{"line":51,"column":3}},"16":{"start":{"line":53,"column":2},"end":{"line":90,"column":3}},"17":{"start":{"line":54,"column":4},"end":{"line":89,"column":6}},"18":{"start":{"line":78,"column":33},"end":{"line":78,"column":54}},"19":{"start":{"line":92,"column":2},"end":{"line":269,"column":4}},"20":{"start":{"line":173,"column":41},"end":{"line":173,"column":82}},"21":{"start":{"line":187,"column":41},"end":{"line":187,"column":83}},"22":{"start":{"line":202,"column":41},"end":{"line":202,"column":90}},"23":{"start":{"line":213,"column":80},"end":{"line":213,"column":114}},"24":{"start":{"line":219,"column":28},"end":{"line":221,"column":41}},"25":{"start":{"line":234,"column":39},"end":{"line":234,"column":83}}},"fnMap":{"0":{"name":"(anonymous_0)","decl":{"start":{"line":10,"column":31},"end":{"line":10,"column":32}},"loc":{"start":{"line":10,"column":37},"end":{"line":270,"column":1}},"line":10},"1":{"name":"(anonymous_1)","decl":{"start":{"line":21,"column":28},"end":{"line":21,"column":29}},"loc":{"start":{"line":21,"column":62},"end":{"line":26,"column":3}},"line":21},"2":{"name":"(anonymous_2)","decl":{"start":{"line":22,"column":16},"end":{"line":22,"column":17}},"loc":{"start":{"line":22,"column":25},"end":{"line":25,"column":5}},"line":22},"3":{"name":"(anonymous_3)","decl":{"start":{"line":28,"column":23},"end":{"line":28,"column":24}},"loc":{"start":{"line":28,"column":53},"end":{"line":38,"column":3}},"line":28},"4":{"name":"(anonymous_4)","decl":{"start":{"line":33,"column":15},"end":{"line":33,"column":16}},"loc":{"start":{"line":33,"column":21},"end":{"line":37,"column":5}},"line":33},"5":{"name":"(anonymous_5)","decl":{"start":{"line":78,"column":27},"end":{"line":78,"column":28}},"loc":{"start":{"line":78,"column":33},"end":{"line":78,"column":54}},"line":78},"6":{"name":"(anonymous_6)","decl":{"start":{"line":173,"column":34},"end":{"line":173,"column":35}},"loc":{"start":{"line":173,"column":41},"end":{"line":173,"column":82}},"line":173},"7":{"name":"(anonymous_7)","decl":{"start":{"line":187,"column":34},"end":{"line":187,"column":35}},"loc":{"start":{"line":187,"column":41},"end":{"line":187,"column":83}},"line":187},"8":{"name":"(anonymous_8)","decl":{"start":{"line":202,"column":34},"end":{"line":202,"column":35}},"loc":{"start":{"line":202,"column":41},"end":{"line":202,"column":90}},"line":202},"9":{"name":"(anonymous_9)","decl":{"start":{"line":213,"column":69},"end":{"line":213,"column":70}},"loc":{"start":{"line":213,"column":80},"end":{"line":213,"column":114}},"line":213},"10":{"name":"(anonymous_10)","decl":{"start":{"line":218,"column":39},"end":{"line":218,"column":40}},"loc":{"start":{"line":219,"column":28},"end":{"line":221,"column":41}},"line":219},"11":{"name":"(anonymous_11)","decl":{"start":{"line":234,"column":32},"end":{"line":234,"column":33}},"loc":{"start":{"line":234,"column":39},"end":{"line":234,"column":83}},"line":234}},"branchMap":{"0":{"loc":{"start":{"line":40,"column":22},"end":{"line":40,"column":97}},"type":"binary-expr","locations":[{"start":{"line":40,"column":22},"end":{"line":40,"column":35}},{"start":{"line":40,"column":39},"end":{"line":40,"column":53}},{"start":{"line":40,"column":57},"end":{"line":40,"column":78}},{"start":{"line":40,"column":82},"end":{"line":40,"column":97}}],"line":40},"1":{"loc":{"start":{"line":53,"column":2},"end":{"line":90,"column":3}},"type":"if","locations":[{"start":{"line":53,"column":2},"end":{"line":90,"column":3}},{"start":{},"end":{}}],"line":53},"2":{"loc":{"start":{"line":243,"column":30},"end":{"line":243,"column":58}},"type":"binary-expr","locations":[{"start":{"line":243,"column":30},"end":{"line":243,"column":42}},{"start":{"line":243,"column":46},"end":{"line":243,"column":58}}],"line":243},"3":{"loc":{"start":{"line":246,"column":21},"end":{"line":256,"column":21}},"type":"cond-expr","locations":[{"start":{"line":247,"column":22},"end":{"line":250,"column":25}},{"start":{"line":252,"column":22},"end":{"line":255,"column":25}}],"line":246}},"s":{"0":1,"1":0,"2":0,"3":0,"4":0,"5":0,"6":0,"7":0,"8":0,"9":0,"10":0,"11":0,"12":0,"13":0,"14":0,"15":0,"16":0,"17":0,"18":0,"19":0,"20":0,"21":0,"22":0,"23":0,"24":0,"25":0},"f":{"0":0,"1":0,"2":0,"3":0,"4":0,"5":0,"6":0,"7":0,"8":0,"9":0,"10":0,"11":0},"b":{"0":[0,0,0,0],"1":[0,0],"2":[0,0],"3":[0,0]},"_coverageSchema":"1a1c01bbd47fc00a2c39e90264f33305004495a9","hash":"d65c7109d831228cc97c61579939750ee543f5b2"}
,"/home/davicho/etherai-foresight-platform-main/src/components/EnhancedCredibilitySection.tsx": {"path":"/home/davicho/etherai-foresight-platform-main/src/components/EnhancedCredibilitySection.tsx","statementMap":{"0":{"start":{"line":5,"column":35},"end":{"line":199,"column":1}},"1":{"start":{"line":6,"column":23},"end":{"line":27,"column":3}},"2":{"start":{"line":29,"column":19},"end":{"line":36,"column":3}},"3":{"start":{"line":38,"column":16},"end":{"line":71,"column":3}},"4":{"start":{"line":73,"column":2},"end":{"line":198,"column":4}},"5":{"start":{"line":94,"column":14},"end":{"line":104,"column":20}},"6":{"start":{"line":112,"column":12},"end":{"line":150,"column":18}},"7":{"start":{"line":163,"column":14},"end":{"line":179,"column":20}}},"fnMap":{"0":{"name":"(anonymous_0)","decl":{"start":{"line":5,"column":35},"end":{"line":5,"column":36}},"loc":{"start":{"line":5,"column":41},"end":{"line":199,"column":1}},"line":5},"1":{"name":"(anonymous_1)","decl":{"start":{"line":93,"column":26},"end":{"line":93,"column":27}},"loc":{"start":{"line":94,"column":14},"end":{"line":104,"column":20}},"line":94},"2":{"name":"(anonymous_2)","decl":{"start":{"line":111,"column":28},"end":{"line":111,"column":29}},"loc":{"start":{"line":112,"column":12},"end":{"line":150,"column":18}},"line":112},"3":{"name":"(anonymous_3)","decl":{"start":{"line":162,"column":23},"end":{"line":162,"column":24}},"loc":{"start":{"line":163,"column":14},"end":{"line":179,"column":20}},"line":163}},"branchMap":{},"s":{"0":1,"1":0,"2":0,"3":0,"4":0,"5":0,"6":0,"7":0},"f":{"0":0,"1":0,"2":0,"3":0},"b":{},"_coverageSchema":"1a1c01bbd47fc00a2c39e90264f33305004495a9","hash":"d1aa9c2798aacff0cfc58e33412fa78672238da0"}
,"/home/davicho/etherai-foresight-platform-main/src/components/EnhancedFAQSection.tsx": {"path":"/home/davicho/etherai-foresight-platform-main/src/components/EnhancedFAQSection.tsx","statementMap":{"0":{"start":{"line":9,"column":27},"end":{"line":80,"column":1}},"1":{"start":{"line":10,"column":15},"end":{"line":35,"column":3}},"2":{"start":{"line":37,"column":2},"end":{"line":79,"column":4}},"3":{"start":{"line":53,"column":14},"end":{"line":64,"column":30}}},"fnMap":{"0":{"name":"(anonymous_0)","decl":{"start":{"line":9,"column":27},"end":{"line":9,"column":28}},"loc":{"start":{"line":9,"column":33},"end":{"line":80,"column":1}},"line":9},"1":{"name":"(anonymous_1)","decl":{"start":{"line":52,"column":22},"end":{"line":52,"column":23}},"loc":{"start":{"line":53,"column":14},"end":{"line":64,"column":30}},"line":53}},"branchMap":{},"s":{"0":1,"1":0,"2":0,"3":0},"f":{"0":0,"1":0},"b":{},"_coverageSchema":"1a1c01bbd47fc00a2c39e90264f33305004495a9","hash":"48502534d85348c4d7c462220f29b8e7f2ebbfb1"}
,"/home/davicho/etherai-foresight-platform-main/src/components/EnhancedRiskDashboard.tsx": {"path":"/home/davicho/etherai-foresight-platform-main/src/components/EnhancedRiskDashboard.tsx","statementMap":{"0":{"start":{"line":26,"column":40},"end":{"line":355,"column":1}},"1":{"start":{"line":27,"column":30},"end":{"line":27,"column":55}},"2":{"start":{"line":28,"column":34},"end":{"line":28,"column":58}},"3":{"start":{"line":29,"column":48},"end":{"line":29,"column":71}},"4":{"start":{"line":30,"column":52},"end":{"line":30,"column":75}},"5":{"start":{"line":31,"column":36},"end":{"line":31,"column":51}},"6":{"start":{"line":32,"column":38},"end":{"line":32,"column":80}},"7":{"start":{"line":35,"column":2},"end":{"line":89,"column":9}},"8":{"start":{"line":36,"column":36},"end":{"line":79,"column":5}},"9":{"start":{"line":81,"column":37},"end":{"line":85,"column":5}},"10":{"start":{"line":87,"column":4},"end":{"line":87,"column":26}},"11":{"start":{"line":88,"column":4},"end":{"line":88,"column":30}},"12":{"start":{"line":92,"column":28},"end":{"line":105,"column":3}},"13":{"start":{"line":93,"column":4},"end":{"line":93,"column":23}},"14":{"start":{"line":94,"column":4},"end":{"line":104,"column":5}},"15":{"start":{"line":97,"column":6},"end":{"line":100,"column":15}},"16":{"start":{"line":98,"column":8},"end":{"line":98,"column":48}},"17":{"start":{"line":99,"column":8},"end":{"line":99,"column":28}},"18":{"start":{"line":102,"column":6},"end":{"line":102,"column":61}},"19":{"start":{"line":103,"column":6},"end":{"line":103,"column":26}},"20":{"start":{"line":107,"column":2},"end":{"line":111,"column":9}},"21":{"start":{"line":109,"column":21},"end":{"line":109,"column":58}},"22":{"start":{"line":110,"column":4},"end":{"line":110,"column":41}},"23":{"start":{"line":110,"column":17},"end":{"line":110,"column":40}},"24":{"start":{"line":113,"column":23},"end":{"line":121,"column":3}},"25":{"start":{"line":114,"column":4},"end":{"line":120,"column":5}},"26":{"start":{"line":115,"column":18},"end":{"line":115,"column":59}},"27":{"start":{"line":116,"column":21},"end":{"line":116,"column":62}},"28":{"start":{"line":117,"column":19},"end":{"line":117,"column":57}},"29":{"start":{"line":118,"column":23},"end":{"line":118,"column":61}},"30":{"start":{"line":119,"column":15},"end":{"line":119,"column":49}},"31":{"start":{"line":123,"column":23},"end":{"line":129,"column":3}},"32":{"start":{"line":124,"column":4},"end":{"line":128,"column":5}},"33":{"start":{"line":125,"column":17},"end":{"line":125,"column":29}},"34":{"start":{"line":126,"column":19},"end":{"line":126,"column":31}},"35":{"start":{"line":127,"column":15},"end":{"line":127,"column":27}},"36":{"start":{"line":131,"column":25},"end":{"line":135,"column":4}},"37":{"start":{"line":132,"column":25},"end":{"line":132,"column":87}},"38":{"start":{"line":133,"column":22},"end":{"line":133,"column":90}},"39":{"start":{"line":134,"column":4},"end":{"line":134,"column":37}},"40":{"start":{"line":137,"column":21},"end":{"line":145,"column":3}},"41":{"start":{"line":138,"column":20},"end":{"line":138,"column":93}},"42":{"start":{"line":139,"column":20},"end":{"line":139,"column":87}},"43":{"start":{"line":140,"column":34},"end":{"line":140,"column":105}},"44":{"start":{"line":141,"column":24},"end":{"line":141,"column":51}},"45":{"start":{"line":142,"column":4},"end":{"line":142,"column":46}},"46":{"start":{"line":143,"column":4},"end":{"line":143,"column":64}},"47":{"start":{"line":144,"column":4},"end":{"line":144,"column":24}},"48":{"start":{"line":148,"column":24},"end":{"line":152,"column":5}},"49":{"start":{"line":148,"column":49},"end":{"line":152,"column":3}},"50":{"start":{"line":154,"column":32},"end":{"line":159,"column":3}},"51":{"start":{"line":155,"column":45},"end":{"line":155,"column":66}},"52":{"start":{"line":156,"column":48},"end":{"line":156,"column":72}},"53":{"start":{"line":157,"column":46},"end":{"line":157,"column":68}},"54":{"start":{"line":158,"column":50},"end":{"line":158,"column":76}},"55":{"start":{"line":161,"column":2},"end":{"line":354,"column":4}},"56":{"start":{"line":206,"column":31},"end":{"line":206,"column":65}},"57":{"start":{"line":216,"column":31},"end":{"line":216,"column":67}},"58":{"start":{"line":232,"column":10},"end":{"line":255,"column":17}},"59":{"start":{"line":299,"column":46},"end":{"line":299,"column":65}},"60":{"start":{"line":302,"column":20},"end":{"line":302,"column":69}},"61":{"start":{"line":323,"column":14},"end":{"line":345,"column":20}},"62":{"start":{"line":340,"column":20},"end":{"line":342,"column":26}}},"fnMap":{"0":{"name":"(anonymous_0)","decl":{"start":{"line":26,"column":40},"end":{"line":26,"column":41}},"loc":{"start":{"line":26,"column":46},"end":{"line":355,"column":1}},"line":26},"1":{"name":"(anonymous_1)","decl":{"start":{"line":35,"column":12},"end":{"line":35,"column":13}},"loc":{"start":{"line":35,"column":18},"end":{"line":89,"column":3}},"line":35},"2":{"name":"(anonymous_2)","decl":{"start":{"line":92,"column":28},"end":{"line":92,"column":29}},"loc":{"start":{"line":92,"column":40},"end":{"line":105,"column":3}},"line":92},"3":{"name":"(anonymous_3)","decl":{"start":{"line":97,"column":17},"end":{"line":97,"column":18}},"loc":{"start":{"line":97,"column":23},"end":{"line":100,"column":7}},"line":97},"4":{"name":"(anonymous_4)","decl":{"start":{"line":107,"column":12},"end":{"line":107,"column":13}},"loc":{"start":{"line":107,"column":18},"end":{"line":111,"column":3}},"line":107},"5":{"name":"(anonymous_5)","decl":{"start":{"line":110,"column":11},"end":{"line":110,"column":12}},"loc":{"start":{"line":110,"column":17},"end":{"line":110,"column":40}},"line":110},"6":{"name":"(anonymous_6)","decl":{"start":{"line":113,"column":23},"end":{"line":113,"column":24}},"loc":{"start":{"line":113,"column":42},"end":{"line":121,"column":3}},"line":113},"7":{"name":"(anonymous_7)","decl":{"start":{"line":123,"column":23},"end":{"line":123,"column":24}},"loc":{"start":{"line":123,"column":42},"end":{"line":129,"column":3}},"line":123},"8":{"name":"(anonymous_8)","decl":{"start":{"line":131,"column":39},"end":{"line":131,"column":40}},"loc":{"start":{"line":131,"column":48},"end":{"line":135,"column":3}},"line":131},"9":{"name":"(anonymous_9)","decl":{"start":{"line":137,"column":21},"end":{"line":137,"column":22}},"loc":{"start":{"line":137,"column":27},"end":{"line":145,"column":3}},"line":137},"10":{"name":"(anonymous_10)","decl":{"start":{"line":148,"column":37},"end":{"line":148,"column":38}},"loc":{"start":{"line":148,"column":49},"end":{"line":152,"column":3}},"line":148},"11":{"name":"(anonymous_11)","decl":{"start":{"line":155,"column":40},"end":{"line":155,"column":41}},"loc":{"start":{"line":155,"column":45},"end":{"line":155,"column":66}},"line":155},"12":{"name":"(anonymous_12)","decl":{"start":{"line":156,"column":43},"end":{"line":156,"column":44}},"loc":{"start":{"line":156,"column":48},"end":{"line":156,"column":72}},"line":156},"13":{"name":"(anonymous_13)","decl":{"start":{"line":157,"column":41},"end":{"line":157,"column":42}},"loc":{"start":{"line":157,"column":46},"end":{"line":157,"column":68}},"line":157},"14":{"name":"(anonymous_14)","decl":{"start":{"line":158,"column":45},"end":{"line":158,"column":46}},"loc":{"start":{"line":158,"column":50},"end":{"line":158,"column":76}},"line":158},"15":{"name":"(anonymous_15)","decl":{"start":{"line":206,"column":24},"end":{"line":206,"column":25}},"loc":{"start":{"line":206,"column":31},"end":{"line":206,"column":65}},"line":206},"16":{"name":"(anonymous_16)","decl":{"start":{"line":216,"column":24},"end":{"line":216,"column":25}},"loc":{"start":{"line":216,"column":31},"end":{"line":216,"column":67}},"line":216},"17":{"name":"(anonymous_17)","decl":{"start":{"line":231,"column":22},"end":{"line":231,"column":23}},"loc":{"start":{"line":232,"column":10},"end":{"line":255,"column":17}},"line":232},"18":{"name":"(anonymous_18)","decl":{"start":{"line":299,"column":25},"end":{"line":299,"column":26}},"loc":{"start":{"line":299,"column":46},"end":{"line":299,"column":65}},"line":299},"19":{"name":"(anonymous_19)","decl":{"start":{"line":301,"column":45},"end":{"line":301,"column":46}},"loc":{"start":{"line":302,"column":20},"end":{"line":302,"column":69}},"line":302},"20":{"name":"(anonymous_20)","decl":{"start":{"line":322,"column":32},"end":{"line":322,"column":33}},"loc":{"start":{"line":323,"column":14},"end":{"line":345,"column":20}},"line":323},"21":{"name":"(anonymous_21)","decl":{"start":{"line":339,"column":37},"end":{"line":339,"column":38}},"loc":{"start":{"line":340,"column":20},"end":{"line":342,"column":26}},"line":340}},"branchMap":{"0":{"loc":{"start":{"line":114,"column":4},"end":{"line":120,"column":5}},"type":"switch","locations":[{"start":{"line":115,"column":6},"end":{"line":115,"column":59}},{"start":{"line":116,"column":6},"end":{"line":116,"column":62}},{"start":{"line":117,"column":6},"end":{"line":117,"column":57}},{"start":{"line":118,"column":6},"end":{"line":118,"column":61}},{"start":{"line":119,"column":6},"end":{"line":119,"column":49}}],"line":114},"1":{"loc":{"start":{"line":124,"column":4},"end":{"line":128,"column":5}},"type":"switch","locations":[{"start":{"line":125,"column":6},"end":{"line":125,"column":29}},{"start":{"line":126,"column":6},"end":{"line":126,"column":31}},{"start":{"line":127,"column":6},"end":{"line":127,"column":27}}],"line":124},"2":{"loc":{"start":{"line":132,"column":25},"end":{"line":132,"column":87}},"type":"binary-expr","locations":[{"start":{"line":132,"column":25},"end":{"line":132,"column":50}},{"start":{"line":132,"column":54},"end":{"line":132,"column":87}}],"line":132},"3":{"loc":{"start":{"line":133,"column":22},"end":{"line":133,"column":90}},"type":"binary-expr","locations":[{"start":{"line":133,"column":22},"end":{"line":133,"column":49}},{"start":{"line":133,"column":53},"end":{"line":133,"column":90}}],"line":133},"4":{"loc":{"start":{"line":134,"column":11},"end":{"line":134,"column":36}},"type":"binary-expr","locations":[{"start":{"line":134,"column":11},"end":{"line":134,"column":23}},{"start":{"line":134,"column":27},"end":{"line":134,"column":36}}],"line":134},"5":{"loc":{"start":{"line":180,"column":54},"end":{"line":180,"column":85}},"type":"cond-expr","locations":[{"start":{"line":180,"column":66},"end":{"line":180,"column":80}},{"start":{"line":180,"column":83},"end":{"line":180,"column":85}}],"line":180},"6":{"loc":{"start":{"line":247,"column":20},"end":{"line":249,"column":79}},"type":"cond-expr","locations":[{"start":{"line":247,"column":47},"end":{"line":247,"column":59}},{"start":{"line":248,"column":20},"end":{"line":249,"column":79}}],"line":247},"7":{"loc":{"start":{"line":248,"column":20},"end":{"line":249,"column":79}},"type":"cond-expr","locations":[{"start":{"line":248,"column":47},"end":{"line":248,"column":62}},{"start":{"line":249,"column":20},"end":{"line":249,"column":79}}],"line":248},"8":{"loc":{"start":{"line":249,"column":20},"end":{"line":249,"column":79}},"type":"cond-expr","locations":[{"start":{"line":249,"column":47},"end":{"line":249,"column":62}},{"start":{"line":249,"column":65},"end":{"line":249,"column":79}}],"line":249},"9":{"loc":{"start":{"line":347,"column":13},"end":{"line":349,"column":13}},"type":"binary-expr","locations":[{"start":{"line":347,"column":13},"end":{"line":347,"column":40}},{"start":{"line":348,"column":14},"end":{"line":348,"column":116}}],"line":347}},"s":{"0":1,"1":30,"2":30,"3":30,"4":30,"5":30,"6":30,"7":30,"8":14,"9":14,"10":14,"11":14,"12":30,"13":1,"14":1,"15":1,"16":0,"17":0,"18":0,"19":0,"20":30,"21":14,"22":14,"23":14,"24":30,"25":46,"26":0,"27":15,"28":16,"29":15,"30":0,"31":30,"32":48,"33":32,"34":0,"35":16,"36":30,"37":48,"38":48,"39":48,"40":30,"41":1,"42":1,"43":1,"44":1,"45":1,"46":1,"47":1,"48":30,"49":48,"50":30,"51":48,"52":48,"53":48,"54":48,"55":30,"56":1,"57":0,"58":48,"59":0,"60":120,"61":46,"62":138},"f":{"0":30,"1":14,"2":1,"3":0,"4":14,"5":14,"6":46,"7":48,"8":48,"9":1,"10":48,"11":48,"12":48,"13":48,"14":48,"15":1,"16":0,"17":48,"18":0,"19":120,"20":46,"21":138},"b":{"0":[0,15,16,15,0],"1":[32,0,16],"2":[48,3],"3":[48,0],"4":[48,46],"5":[1,29],"6":[32,16],"7":[16,0],"8":[0,0],"9":[30,14]},"_coverageSchema":"1a1c01bbd47fc00a2c39e90264f33305004495a9","hash":"60f0a66c19499f392aa84dde8f02e760718dacc0"}
,"/home/davicho/etherai-foresight-platform-main/src/components/ErrorBoundary.tsx": {"path":"/home/davicho/etherai-foresight-platform-main/src/components/ErrorBoundary.tsx","statementMap":{"0":{"start":{"line":13,"column":24},"end":{"line":15,"column":3}},"1":{"start":{"line":19,"column":4},"end":{"line":19,"column":37}},"2":{"start":{"line":23,"column":4},"end":{"line":23,"column":70}},"3":{"start":{"line":27,"column":4},"end":{"line":52,"column":5}},"4":{"start":{"line":28,"column":6},"end":{"line":51,"column":8}},"5":{"start":{"line":36,"column":29},"end":{"line":36,"column":53}},"6":{"start":{"line":54,"column":4},"end":{"line":54,"column":31}}},"fnMap":{"0":{"name":"(anonymous_0)","decl":{"start":{"line":17,"column":2},"end":{"line":17,"column":3}},"loc":{"start":{"line":17,"column":62},"end":{"line":20,"column":3}},"line":17},"1":{"name":"(anonymous_1)","decl":{"start":{"line":22,"column":2},"end":{"line":22,"column":3}},"loc":{"start":{"line":22,"column":63},"end":{"line":24,"column":3}},"line":22},"2":{"name":"(anonymous_2)","decl":{"start":{"line":26,"column":2},"end":{"line":26,"column":3}},"loc":{"start":{"line":26,"column":18},"end":{"line":55,"column":3}},"line":26},"3":{"name":"(anonymous_3)","decl":{"start":{"line":36,"column":23},"end":{"line":36,"column":24}},"loc":{"start":{"line":36,"column":29},"end":{"line":36,"column":53}},"line":36}},"branchMap":{"0":{"loc":{"start":{"line":27,"column":4},"end":{"line":52,"column":5}},"type":"if","locations":[{"start":{"line":27,"column":4},"end":{"line":52,"column":5}},{"start":{},"end":{}}],"line":27},"1":{"loc":{"start":{"line":41,"column":13},"end":{"line":48,"column":13}},"type":"binary-expr","locations":[{"start":{"line":41,"column":13},"end":{"line":41,"column":51}},{"start":{"line":41,"column":55},"end":{"line":41,"column":71}},{"start":{"line":42,"column":14},"end":{"line":47,"column":24}}],"line":41}},"s":{"0":1,"1":0,"2":0,"3":1,"4":0,"5":0,"6":1},"f":{"0":0,"1":0,"2":1,"3":0},"b":{"0":[0,1],"1":[0,0,0]},"_coverageSchema":"1a1c01bbd47fc00a2c39e90264f33305004495a9","hash":"408431478e0bc72a820f424dd29f65969798d85b"}
,"/home/davicho/etherai-foresight-platform-main/src/components/FAQSection.tsx": {"path":"/home/davicho/etherai-foresight-platform-main/src/components/FAQSection.tsx","statementMap":{"0":{"start":{"line":10,"column":29},"end":{"line":89,"column":1}},"1":{"start":{"line":11,"column":2},"end":{"line":88,"column":4}}},"fnMap":{"0":{"name":"(anonymous_0)","decl":{"start":{"line":10,"column":29},"end":{"line":10,"column":30}},"loc":{"start":{"line":10,"column":35},"end":{"line":89,"column":1}},"line":10}},"branchMap":{},"s":{"0":1,"1":5},"f":{"0":5},"b":{},"_coverageSchema":"1a1c01bbd47fc00a2c39e90264f33305004495a9","hash":"fb7a841cd874a999e1636eb9c9d91f364aff9ef9"}
,"/home/davicho/etherai-foresight-platform-main/src/components/FeaturesSection.tsx": {"path":"/home/davicho/etherai-foresight-platform-main/src/components/FeaturesSection.tsx","statementMap":{"0":{"start":{"line":5,"column":34},"end":{"line":130,"column":1}},"1":{"start":{"line":6,"column":2},"end":{"line":129,"column":4}}},"fnMap":{"0":{"name":"(anonymous_0)","decl":{"start":{"line":5,"column":34},"end":{"line":5,"column":35}},"loc":{"start":{"line":5,"column":40},"end":{"line":130,"column":1}},"line":5}},"branchMap":{},"s":{"0":2,"1":11},"f":{"0":11},"b":{},"_coverageSchema":"1a1c01bbd47fc00a2c39e90264f33305004495a9","hash":"1b4107f2dfdb98ce6b0ed2a9916870eac4082420"}
,"/home/davicho/etherai-foresight-platform-main/src/components/HeroSection.tsx": {"path":"/home/davicho/etherai-foresight-platform-main/src/components/HeroSection.tsx","statementMap":{"0":{"start":{"line":7,"column":30},"end":{"line":188,"column":1}},"1":{"start":{"line":8,"column":20},"end":{"line":8,"column":51}},"2":{"start":{"line":9,"column":36},"end":{"line":9,"column":51}},"3":{"start":{"line":11,"column":2},"end":{"line":87,"column":9}},"4":{"start":{"line":12,"column":19},"end":{"line":12,"column":36}},"5":{"start":{"line":13,"column":4},"end":{"line":13,"column":24}},"6":{"start":{"line":13,"column":17},"end":{"line":13,"column":24}},"7":{"start":{"line":15,"column":16},"end":{"line":15,"column":39}},"8":{"start":{"line":16,"column":4},"end":{"line":16,"column":21}},"9":{"start":{"line":16,"column":14},"end":{"line":16,"column":21}},"10":{"start":{"line":19,"column":26},"end":{"line":22,"column":5}},"11":{"start":{"line":20,"column":6},"end":{"line":20,"column":40}},"12":{"start":{"line":21,"column":6},"end":{"line":21,"column":42}},"13":{"start":{"line":24,"column":4},"end":{"line":24,"column":20}},"14":{"start":{"line":25,"column":4},"end":{"line":25,"column":53}},"15":{"start":{"line":28,"column":94},"end":{"line":28,"column":96}},"16":{"start":{"line":29,"column":26},"end":{"line":29,"column":29}},"17":{"start":{"line":31,"column":4},"end":{"line":39,"column":5}},"18":{"start":{"line":31,"column":17},"end":{"line":31,"column":18}},"19":{"start":{"line":32,"column":6},"end":{"line":38,"column":9}},"20":{"start":{"line":43,"column":6},"end":{"line":43,"column":37}},"21":{"start":{"line":44,"column":6},"end":{"line":44,"column":55}},"22":{"start":{"line":47,"column":6},"end":{"line":61,"column":9}},"23":{"start":{"line":48,"column":8},"end":{"line":48,"column":24}},"24":{"start":{"line":49,"column":8},"end":{"line":49,"column":71}},"25":{"start":{"line":50,"column":8},"end":{"line":50,"column":105}},"26":{"start":{"line":51,"column":8},"end":{"line":51,"column":19}},"27":{"start":{"line":54,"column":8},"end":{"line":54,"column":37}},"28":{"start":{"line":57,"column":8},"end":{"line":60,"column":9}},"29":{"start":{"line":58,"column":10},"end":{"line":58,"column":37}},"30":{"start":{"line":59,"column":10},"end":{"line":59,"column":52}},"31":{"start":{"line":64,"column":6},"end":{"line":79,"column":7}},"32":{"start":{"line":64,"column":19},"end":{"line":64,"column":20}},"33":{"start":{"line":65,"column":8},"end":{"line":78,"column":9}},"34":{"start":{"line":65,"column":21},"end":{"line":65,"column":26}},"35":{"start":{"line":66,"column":21},"end":{"line":66,"column":52}},"36":{"start":{"line":67,"column":21},"end":{"line":67,"column":52}},"37":{"start":{"line":68,"column":27},"end":{"line":68,"column":55}},"38":{"start":{"line":70,"column":10},"end":{"line":77,"column":11}},"39":{"start":{"line":71,"column":12},"end":{"line":71,"column":28}},"40":{"start":{"line":72,"column":12},"end":{"line":72,"column":55}},"41":{"start":{"line":73,"column":12},"end":{"line":73,"column":55}},"42":{"start":{"line":74,"column":12},"end":{"line":74,"column":116}},"43":{"start":{"line":75,"column":12},"end":{"line":75,"column":32}},"44":{"start":{"line":76,"column":12},"end":{"line":76,"column":25}},"45":{"start":{"line":82,"column":4},"end":{"line":82,"column":14}},"46":{"start":{"line":84,"column":4},"end":{"line":86,"column":6}},"47":{"start":{"line":85,"column":6},"end":{"line":85,"column":58}},"48":{"start":{"line":89,"column":25},"end":{"line":97,"column":3}},"49":{"start":{"line":90,"column":4},"end":{"line":90,"column":61}},"50":{"start":{"line":91,"column":27},"end":{"line":91,"column":61}},"51":{"start":{"line":92,"column":4},"end":{"line":96,"column":5}},"52":{"start":{"line":93,"column":6},"end":{"line":95,"column":14}},"53":{"start":{"line":94,"column":8},"end":{"line":94,"column":62}},"54":{"start":{"line":99,"column":2},"end":{"line":187,"column":4}},"55":{"start":{"line":106,"column":28},"end":{"line":106,"column":47}},"56":{"start":{"line":107,"column":72},"end":{"line":107,"column":91}},"57":{"start":{"line":110,"column":29},"end":{"line":110,"column":48}},"58":{"start":{"line":155,"column":146},"end":{"line":155,"column":182}},"59":{"start":{"line":163,"column":25},"end":{"line":163,"column":43}}},"fnMap":{"0":{"name":"(anonymous_0)","decl":{"start":{"line":7,"column":30},"end":{"line":7,"column":31}},"loc":{"start":{"line":7,"column":36},"end":{"line":188,"column":1}},"line":7},"1":{"name":"(anonymous_1)","decl":{"start":{"line":11,"column":12},"end":{"line":11,"column":13}},"loc":{"start":{"line":11,"column":18},"end":{"line":87,"column":3}},"line":11},"2":{"name":"(anonymous_2)","decl":{"start":{"line":19,"column":26},"end":{"line":19,"column":27}},"loc":{"start":{"line":19,"column":32},"end":{"line":22,"column":5}},"line":19},"3":{"name":"animate","decl":{"start":{"line":42,"column":13},"end":{"line":42,"column":20}},"loc":{"start":{"line":42,"column":23},"end":{"line":80,"column":5}},"line":42},"4":{"name":"(anonymous_4)","decl":{"start":{"line":47,"column":24},"end":{"line":47,"column":25}},"loc":{"start":{"line":47,"column":36},"end":{"line":61,"column":7}},"line":47},"5":{"name":"(anonymous_5)","decl":{"start":{"line":84,"column":11},"end":{"line":84,"column":12}},"loc":{"start":{"line":84,"column":17},"end":{"line":86,"column":5}},"line":84},"6":{"name":"(anonymous_6)","decl":{"start":{"line":89,"column":25},"end":{"line":89,"column":26}},"loc":{"start":{"line":89,"column":31},"end":{"line":97,"column":3}},"line":89},"7":{"name":"(anonymous_7)","decl":{"start":{"line":93,"column":17},"end":{"line":93,"column":18}},"loc":{"start":{"line":93,"column":23},"end":{"line":95,"column":7}},"line":93},"8":{"name":"(anonymous_8)","decl":{"start":{"line":106,"column":22},"end":{"line":106,"column":23}},"loc":{"start":{"line":106,"column":28},"end":{"line":106,"column":47}},"line":106},"9":{"name":"(anonymous_9)","decl":{"start":{"line":107,"column":67},"end":{"line":107,"column":68}},"loc":{"start":{"line":107,"column":72},"end":{"line":107,"column":91}},"line":107},"10":{"name":"(anonymous_10)","decl":{"start":{"line":110,"column":23},"end":{"line":110,"column":24}},"loc":{"start":{"line":110,"column":29},"end":{"line":110,"column":48}},"line":110},"11":{"name":"(anonymous_11)","decl":{"start":{"line":155,"column":138},"end":{"line":155,"column":139}},"loc":{"start":{"line":155,"column":144},"end":{"line":155,"column":184}},"line":155},"12":{"name":"(anonymous_12)","decl":{"start":{"line":163,"column":19},"end":{"line":163,"column":20}},"loc":{"start":{"line":163,"column":25},"end":{"line":163,"column":43}},"line":163}},"branchMap":{"0":{"loc":{"start":{"line":13,"column":4},"end":{"line":13,"column":24}},"type":"if","locations":[{"start":{"line":13,"column":4},"end":{"line":13,"column":24}},{"start":{},"end":{}}],"line":13},"1":{"loc":{"start":{"line":16,"column":4},"end":{"line":16,"column":21}},"type":"if","locations":[{"start":{"line":16,"column":4},"end":{"line":16,"column":21}},{"start":{},"end":{}}],"line":16},"2":{"loc":{"start":{"line":37,"column":15},"end":{"line":37,"column":58}},"type":"cond-expr","locations":[{"start":{"line":37,"column":37},"end":{"line":37,"column":46}},{"start":{"line":37,"column":49},"end":{"line":37,"column":58}}],"line":37},"3":{"loc":{"start":{"line":57,"column":8},"end":{"line":60,"column":9}},"type":"if","locations":[{"start":{"line":57,"column":8},"end":{"line":60,"column":9}},{"start":{},"end":{}}],"line":57},"4":{"loc":{"start":{"line":70,"column":10},"end":{"line":77,"column":11}},"type":"if","locations":[{"start":{"line":70,"column":10},"end":{"line":77,"column":11}},{"start":{},"end":{}}],"line":70},"5":{"loc":{"start":{"line":92,"column":4},"end":{"line":96,"column":5}},"type":"if","locations":[{"start":{"line":92,"column":4},"end":{"line":96,"column":5}},{"start":{},"end":{}}],"line":92},"6":{"loc":{"start":{"line":104,"column":7},"end":{"line":132,"column":7}},"type":"binary-expr","locations":[{"start":{"line":104,"column":7},"end":{"line":104,"column":16}},{"start":{"line":105,"column":8},"end":{"line":131,"column":14}}],"line":104}},"s":{"0":2,"1":17,"2":17,"3":17,"4":12,"5":12,"6":0,"7":12,"8":12,"9":0,"10":12,"11":12,"12":12,"13":12,"14":12,"15":12,"16":12,"17":12,"18":12,"19":1440,"20":186,"21":186,"22":186,"23":22320,"24":22320,"25":22320,"26":22320,"27":22320,"28":22320,"29":22320,"30":22320,"31":186,"32":186,"33":22320,"34":22320,"35":1328040,"36":1328040,"37":1328040,"38":1328040,"39":1328040,"40":1328040,"41":1328040,"42":1328040,"43":1328040,"44":1328040,"45":12,"46":12,"47":12,"48":17,"49":1,"50":1,"51":1,"52":1,"53":1,"54":17,"55":1,"56":1,"57":1,"58":0,"59":3},"f":{"0":17,"1":12,"2":12,"3":186,"4":22320,"5":12,"6":1,"7":1,"8":1,"9":1,"10":1,"11":0,"12":3},"b":{"0":[0,12],"1":[0,12],"2":[435,1005],"3":[22320,0],"4":[1328040,0],"5":[1,0],"6":[17,3]},"_coverageSchema":"1a1c01bbd47fc00a2c39e90264f33305004495a9","hash":"6833ab97a4837783a0119343c3e3288de88f2b99"}
[...]
{"line":455,"column":41},"end":{"line":455,"column":62}}],"line":455},"34":{"loc":{"start":{"line":458,"column":10},"end":{"line":458,"column":46}},"type":"if","locations":[{"start":{"line":458,"column":10},"end":{"line":458,"column":46}},{"start":{},"end":{}}],"line":458},"35":{"loc":{"start":{"line":465,"column":4},"end":{"line":465,"column":92}},"type":"if","locations":[{"start":{"line":465,"column":4},"end":{"line":465,"column":92}},{"start":{},"end":{}}],"line":465},"36":{"loc":{"start":{"line":477,"column":11},"end":{"line":483,"column":11}},"type":"cond-expr","locations":[{"start":{"line":478,"column":12},"end":{"line":480,"column":14}},{"start":{"line":482,"column":12},"end":{"line":482,"column":111}}],"line":477},"37":{"loc":{"start":{"line":477,"column":11},"end":{"line":477,"column":65}},"type":"binary-expr","locations":[{"start":{"line":477,"column":11},"end":{"line":477,"column":20}},{"start":{"line":477,"column":24},"end":{"line":477,"column":39}},{"start":{"line":477,"column":43},"end":{"line":477,"column":65}}],"line":477},"38":{"loc":{"start":{"line":479,"column":73},"end":{"line":479,"column":106}},"type":"binary-expr","locations":[{"start":{"line":479,"column":73},"end":{"line":479,"column":81}},{"start":{"line":479,"column":85},"end":{"line":479,"column":92}},{"start":{"line":479,"column":96},"end":{"line":479,"column":106}}],"line":479},"39":{"loc":{"start":{"line":489,"column":2},"end":{"line":528,"column":3}},"type":"switch","locations":[{"start":{"line":490,"column":4},"end":{"line":491,"column":96}},{"start":{"line":492,"column":4},"end":{"line":493,"column":96}},{"start":{"line":494,"column":4},"end":{"line":495,"column":96}},{"start":{"line":496,"column":4},"end":{"line":497,"column":96}},{"start":{"line":498,"column":4},"end":{"line":499,"column":96}},{"start":{"line":500,"column":4},"end":{"line":501,"column":96}},{"start":{"line":502,"column":4},"end":{"line":503,"column":96}},{"start":{"line":505,"column":4},"end":{"line":506,"column":106}},{"start":{"line":507,"column":4},"end":{"line":508,"column":102}},{"start":{"line":509,"column":4},"end":{"line":510,"column":118}},{"start":{"line":511,"column":4},"end":{"line":512,"column":104}},{"start":{"line":513,"column":4},"end":{"line":514,"column":110}},{"start":{"line":515,"column":4},"end":{"line":516,"column":30}},{"start":{"line":519,"column":4},"end":{"line":527,"column":8}}],"line":489},"40":{"loc":{"start":{"line":575,"column":8},"end":{"line":575,"column":67}},"type":"if","locations":[{"start":{"line":575,"column":8},"end":{"line":575,"column":67}},{"start":{},"end":{}}],"line":575},"41":{"loc":{"start":{"line":580,"column":8},"end":{"line":580,"column":78}},"type":"if","locations":[{"start":{"line":580,"column":8},"end":{"line":580,"column":78}},{"start":{},"end":{}}],"line":580},"42":{"loc":{"start":{"line":583,"column":8},"end":{"line":583,"column":29}},"type":"if","locations":[{"start":{"line":583,"column":8},"end":{"line":583,"column":29}},{"start":{},"end":{}}],"line":583},"43":{"loc":{"start":{"line":586,"column":25},"end":{"line":586,"column":141}},"type":"cond-expr","locations":[{"start":{"line":586,"column":98},"end":{"line":586,"column":111}},{"start":{"line":586,"column":114},"end":{"line":586,"column":141}}],"line":586},"44":{"loc":{"start":{"line":586,"column":26},"end":{"line":586,"column":94}},"type":"binary-expr","locations":[{"start":{"line":586,"column":26},"end":{"line":586,"column":34}},{"start":{"line":586,"column":38},"end":{"line":586,"column":66}},{"start":{"line":586,"column":70},"end":{"line":586,"column":94}}],"line":586},"45":{"loc":{"start":{"line":587,"column":27},"end":{"line":587,"column":170}},"type":"cond-expr","locations":[{"start":{"line":587,"column":112},"end":{"line":587,"column":130}},{"start":{"line":587,"column":133},"end":{"line":587,"column":170}}],"line":587},"46":{"loc":{"start":{"line":587,"column":28},"end":{"line":587,"column":108}},"type":"binary-expr","locations":[{"start":{"line":587,"column":28},"end":{"line":587,"column":38}},{"start":{"line":587,"column":42},"end":{"line":587,"column":75}},{"start":{"line":587,"column":79},"end":{"line":587,"column":108}}],"line":587},"47":{"loc":{"start":{"line":588,"column":25},"end":{"line":588,"column":139}},"type":"cond-expr","locations":[{"start":{"line":588,"column":96},"end":{"line":588,"column":109}},{"start":{"line":588,"column":112},"end":{"line":588,"column":139}}],"line":588},"48":{"loc":{"start":{"line":588,"column":26},"end":{"line":588,"column":92}},"type":"binary-expr","locations":[{"start":{"line":588,"column":26},"end":{"line":588,"column":34}},{"start":{"line":588,"column":38},"end":{"line":588,"column":51}},{"start":{"line":588,"column":55},"end":{"line":588,"column":92}}],"line":588},"49":{"loc":{"start":{"line":594,"column":17},"end":{"line":594,"column":53}},"type":"binary-expr","locations":[{"start":{"line":594,"column":17},"end":{"line":594,"column":28}},{"start":{"line":594,"column":32},"end":{"line":594,"column":53}}],"line":594},"50":{"loc":{"start":{"line":706,"column":4},"end":{"line":706,"column":37}},"type":"if","locations":[{"start":{"line":706,"column":4},"end":{"line":706,"column":37}},{"start":{},"end":{}}],"line":706},"51":{"loc":{"start":{"line":709,"column":6},"end":{"line":712,"column":7}},"type":"if","locations":[{"start":{"line":709,"column":6},"end":{"line":712,"column":7}},{"start":{},"end":{}}],"line":709},"52":{"loc":{"start":{"line":711,"column":8},"end":{"line":711,"column":32}},"type":"if","locations":[{"start":{"line":711,"column":8},"end":{"line":711,"column":32}},{"start":{},"end":{}}],"line":711},"53":{"loc":{"start":{"line":714,"column":11},"end":{"line":714,"column":42}},"type":"cond-expr","locations":[{"start":{"line":714,"column":26},"end":{"line":714,"column":31}},{"start":{"line":714,"column":34},"end":{"line":714,"column":42}}],"line":714},"54":{"loc":{"start":{"line":720,"column":39},"end":{"line":720,"column":54}},"type":"binary-expr","locations":[{"start":{"line":720,"column":39},"end":{"line":720,"column":48}},{"start":{"line":720,"column":52},"end":{"line":720,"column":54}}],"line":720},"55":{"loc":{"start":{"line":728,"column":4},"end":{"line":728,"column":22}},"type":"if","locations":[{"start":{"line":728,"column":4},"end":{"line":728,"column":22}},{"start":{},"end":{}}],"line":728},"56":{"loc":{"start":{"line":734,"column":4},"end":{"line":741,"column":5}},"type":"if","locations":[{"start":{"line":734,"column":4},"end":{"line":741,"column":5}},{"start":{},"end":{}}],"line":734},"57":{"loc":{"start":{"line":737,"column":42},"end":{"line":737,"column":55}},"type":"binary-expr","locations":[{"start":{"line":737,"column":42},"end":{"line":737,"column":49}},{"start":{"line":737,"column":53},"end":{"line":737,"column":55}}],"line":737},"58":{"loc":{"start":{"line":738,"column":6},"end":{"line":740,"column":7}},"type":"if","locations":[{"start":{"line":738,"column":6},"end":{"line":740,"column":7}},{"start":{},"end":{}}],"line":738},"59":{"loc":{"start":{"line":745,"column":4},"end":{"line":745,"column":51}},"type":"if","locations":[{"start":{"line":745,"column":4},"end":{"line":745,"column":51}},{"start":{},"end":{}}],"line":745},"60":{"loc":{"start":{"line":757,"column":6},"end":{"line":757,"column":65}},"type":"if","locations":[{"start":{"line":757,"column":6},"end":{"line":757,"column":65}},{"start":{},"end":{}}],"line":757},"61":{"loc":{"start":{"line":763,"column":17},"end":{"line":765,"column":60}},"type":"cond-expr","locations":[{"start":{"line":764,"column":14},"end":{"line":764,"column":109}},{"start":{"line":765,"column":14},"end":{"line":765,"column":60}}],"line":763},"62":{"loc":{"start":{"line":764,"column":19},"end":{"line":764,"column":34}},"type":"binary-expr","locations":[{"start":{"line":764,"column":19},"end":{"line":764,"column":28}},{"start":{"line":764,"column":32},"end":{"line":764,"column":34}}],"line":764},"63":{"loc":{"start":{"line":764,"column":64},"end":{"line":764,"column":107}},"type":"binary-expr","locations":[{"start":{"line":764,"column":64},"end":{"line":764,"column":101}},{"start":{"line":764,"column":105},"end":{"line":764,"column":107}}],"line":764},"64":{"loc":{"start":{"line":765,"column":15},"end":{"line":765,"column":30}},"type":"binary-expr","locations":[{"start":{"line":765,"column":15},"end":{"line":765,"column":24}},{"start":{"line":765,"column":28},"end":{"line":765,"column":30}}],"line":765},"65":{"loc":{"start":{"line":790,"column":13},"end":{"line":790,"column":43}},"type":"cond-expr","locations":[{"start":{"line":790,"column":32},"end":{"line":790,"column":36}},{"start":{"line":790,"column":39},"end":{"line":790,"column":43}}],"line":790},"66":{"loc":{"start":{"line":796,"column":57},"end":{"line":796,"column":91}},"type":"cond-expr","locations":[{"start":{"line":796,"column":76},"end":{"line":796,"column":82}},{"start":{"line":796,"column":85},"end":{"line":796,"column":91}}],"line":796},"67":{"loc":{"start":{"line":802,"column":97},"end":{"line":802,"column":141}},"type":"cond-expr","locations":[{"start":{"line":802,"column":116},"end":{"line":802,"column":127}},{"start":{"line":802,"column":130},"end":{"line":802,"column":141}}],"line":802},"68":{"loc":{"start":{"line":803,"column":16},"end":{"line":803,"column":215}},"type":"cond-expr","locations":[{"start":{"line":803,"column":46},"end":{"line":803,"column":127}},{"start":{"line":803,"column":130},"end":{"line":803,"column":215}}],"line":803},"69":{"loc":{"start":{"line":807,"column":114},"end":{"line":807,"column":187}},"type":"cond-expr","locations":[{"start":{"line":807,"column":144},"end":{"line":807,"column":167}},{"start":{"line":807,"column":170},"end":{"line":807,"column":187}}],"line":807},"70":{"loc":{"start":{"line":811,"column":15},"end":{"line":822,"column":22}},"type":"cond-expr","locations":[{"start":{"line":812,"column":16},"end":{"line":821,"column":22}},{"start":{"line":822,"column":18},"end":{"line":822,"column":22}}],"line":811},"71":{"loc":{"start":{"line":830,"column":18},"end":{"line":834,"column":19}},"type":"if","locations":[{"start":{"line":830,"column":18},"end":{"line":834,"column":19}},{"start":{"line":832,"column":25},"end":{"line":834,"column":19}}],"line":830},"72":{"loc":{"start":{"line":840,"column":80},"end":{"line":840,"column":130}},"type":"cond-expr","locations":[{"start":{"line":840,"column":114},"end":{"line":840,"column":125}},{"start":{"line":840,"column":128},"end":{"line":840,"column":130}}],"line":840},"73":{"loc":{"start":{"line":842,"column":15},"end":{"line":873,"column":15}},"type":"binary-expr","locations":[{"start":{"line":842,"column":15},"end":{"line":842,"column":46}},{"start":{"line":843,"column":16},"end":{"line":872,"column":22}}],"line":842},"74":{"loc":{"start":{"line":850,"column":105},"end":{"line":850,"column":149}},"type":"cond-expr","locations":[{"start":{"line":850,"column":124},"end":{"line":850,"column":135}},{"start":{"line":850,"column":138},"end":{"line":850,"column":149}}],"line":850},"75":{"loc":{"start":{"line":851,"column":24},"end":{"line":851,"column":223}},"type":"cond-expr","locations":[{"start":{"line":851,"column":54},"end":{"line":851,"column":135}},{"start":{"line":851,"column":138},"end":{"line":851,"column":223}}],"line":851},"76":{"loc":{"start":{"line":855,"column":122},"end":{"line":855,"column":195}},"type":"cond-expr","locations":[{"start":{"line":855,"column":152},"end":{"line":855,"column":175}},{"start":{"line":855,"column":178},"end":{"line":855,"column":195}}],"line":855},"77":{"loc":{"start":{"line":859,"column":23},"end":{"line":869,"column":30}},"type":"cond-expr","locations":[{"start":{"line":860,"column":24},"end":{"line":868,"column":30}},{"start":{"line":869,"column":26},"end":{"line":869,"column":30}}],"line":859},"78":{"loc":{"start":{"line":881,"column":18},"end":{"line":885,"column":19}},"type":"if","locations":[{"start":{"line":881,"column":18},"end":{"line":885,"column":19}},{"start":{"line":883,"column":25},"end":{"line":885,"column":19}}],"line":881},"79":{"loc":{"start":{"line":891,"column":80},"end":{"line":891,"column":127}},"type":"cond-expr","locations":[{"start":{"line":891,"column":111},"end":{"line":891,"column":122}},{"start":{"line":891,"column":125},"end":{"line":891,"column":127}}],"line":891},"80":{"loc":{"start":{"line":893,"column":15},"end":{"line":924,"column":15}},"type":"binary-expr","locations":[{"start":{"line":893,"column":15},"end":{"line":893,"column":43}},{"start":{"line":894,"column":16},"end":{"line":923,"column":22}}],"line":893},"81":{"loc":{"start":{"line":901,"column":105},"end":{"line":901,"column":149}},"type":"cond-expr","locations":[{"start":{"line":901,"column":124},"end":{"line":901,"column":135}},{"start":{"line":901,"column":138},"end":{"line":901,"column":149}}],"line":901},"82":{"loc":{"start":{"line":902,"column":24},"end":{"line":902,"column":222}},"type":"cond-expr","locations":[{"start":{"line":902,"column":53},"end":{"line":902,"column":134}},{"start":{"line":902,"column":137},"end":{"line":902,"column":222}}],"line":902},"83":{"loc":{"start":{"line":906,"column":122},"end":{"line":906,"column":194}},"type":"cond-expr","locations":[{"start":{"line":906,"column":151},"end":{"line":906,"column":174}},{"start":{"line":906,"column":177},"end":{"line":906,"column":194}}],"line":906},"84":{"loc":{"start":{"line":910,"column":23},"end":{"line":920,"column":30}},"type":"cond-expr","locations":[{"start":{"line":911,"column":24},"end":{"line":919,"column":30}},{"start":{"line":920,"column":26},"end":{"line":920,"column":30}}],"line":910}},"s":{"0":1,"1":1,"2":1,"3":1,"4":1,"5":1,"6":1,"7":1,"8":1,"9":0,"10":1,"11":0,"12":1,"13":0,"14":1,"15":0,"16":1,"17":0,"18":1,"19":0,"20":1,"21":0,"22":1,"23":1,"24":1,"25":1,"26":1,"27":1,"28":1,"29":1,"30":1,"31":1,"32":1,"33":1,"34":0,"35":0,"36":1,"37":50,"38":50,"39":0,"40":0,"41":0,"42":0,"43":50,"44":50,"45":50,"46":50,"47":1,"48":30,"49":30,"50":50,"51":50,"52":1,"53":11,"54":11,"55":30,"56":30,"57":1,"58":0,"59":1,"60":40,"61":100,"62":1,"63":0,"64":1,"65":0,"66":0,"67":0,"68":1,"69":29,"70":13,"71":16,"72":5,"73":16,"74":11,"75":55,"76":0,"77":16,"78":0,"79":0,"80":0,"81":16,"82":0,"83":0,"84":0,"85":0,"86":0,"87":0,"88":0,"89":0,"90":0,"91":0,"92":0,"93":0,"94":0,"95":0,"96":0,"97":0,"98":0,"99":0,"100":0,"101":0,"102":0,"103":0,"104":0,"105":0,"106":0,"107":0,"108":0,"109":0,"110":0,"111":0,"112":0,"113":0,"114":0,"115":0,"116":0,"117":0,"118":16,"119":0,"120":0,"121":0,"122":0,"123":0,"124":0,"125":0,"126":1,"127":1,"128":1,"129":1,"130":1,"131":11,"132":0,"133":1,"134":30,"135":29,"136":29,"137":29,"138":29,"139":29,"140":29,"141":29,"142":29,"143":29,"144":13,"145":13,"146":13,"147":13,"148":13,"149":13,"150":13,"151":12,"152":0,"153":12,"154":12,"155":12,"156":0,"157":12,"158":12,"159":0,"160":12,"161":12,"162":12,"163":12,"164":12,"165":12,"166":1,"167":13,"168":13,"169":13,"170":13,"171":29,"172":29,"173":29,"174":0,"175":0,"176":0,"177":0,"178":0,"179":0,"180":0,"181":0,"182":0,"183":29,"184":0,"185":0,"186":0,"187":0,"188":0,"189":29,"190":0,"191":0,"192":0,"193":0,"194":0,"195":0,"196":0,"197":0,"198":0,"199":0,"200":0,"201":0,"202":0,"203":0,"204":0,"205":0,"206":0,"207":0,"208":0,"209":0,"210":0,"211":0,"212":0,"213":0,"214":0,"215":0,"216":0,"217":0,"218":29,"219":29,"220":1,"221":0,"222":0,"223":0,"224":0,"225":0,"226":0,"227":0,"228":203,"229":0,"230":0,"231":0,"232":0,"233":0,"234":0,"235":0,"236":145,"237":5,"238":0},"f":{"0":1,"1":1,"2":1,"3":1,"4":0,"5":0,"6":0,"7":0,"8":0,"9":0,"10":0,"11":1,"12":1,"13":1,"14":1,"15":1,"16":0,"17":0,"18":50,"19":50,"20":30,"21":50,"22":50,"23":11,"24":30,"25":0,"26":40,"27":100,"28":0,"29":0,"30":0,"31":29,"32":5,"33":11,"34":55,"35":0,"36":0,"37":0,"38":0,"39":0,"40":0,"41":0,"42":0,"43":0,"44":0,"45":0,"46":0,"47":0,"48":0,"49":0,"50":0,"51":0,"52":0,"53":0,"54":0,"55":0,"56":0,"57":0,"58":0,"59":0,"60":0,"61":0,"62":30,"63":13,"64":13,"65":13,"66":0,"67":0,"68":0,"69":0,"70":0,"71":0,"72":0,"73":0,"74":0,"75":0,"76":0,"77":0,"78":0,"79":0,"80":1,"81":0,"82":0,"83":0,"84":203,"85":0,"86":0,"87":0,"88":145,"89":5,"90":0},"b":{"0":[0,0],"1":[0,0],"2":[0,0],"3":[0,0],"4":[0,0],"5":[0,0],"6":[0,0,0,0,50],"7":[0,50],"8":[50,0],"9":[0,50],"10":[50,50],"11":[50,0],"12":[0,30],"13":[30,0],"14":[30,0],"15":[0,0],"16":[0,0],"17":[40,0],"18":[0,0],"19":[13,16],"20":[0,0],"21":[0,0],"22":[0,0],"23":[0,0],"24":[0,0],"25":[0,0],"26":[0,0],"27":[0,0,0],"28":[0,0],"29":[0,0],"30":[0,0],"31":[0,0],"32":[0,0],"33":[0,0],"34":[0,0],"35":[0,0],"36":[0,0],"37":[0,0,0],"38":[0,0,0],"39":[0,0,0,0,0,0,0,1,1,1,1,1,11,0],"40":[0,12],"41":[0,12],"42":[0,12],"43":[12,0],"44":[12,12,12],"45":[12,0],"46":[12,12,12],"47":[12,0],"48":[12,12,12],"49":[1,0],"50":[0,0],"51":[0,0],"52":[0,0],"53":[0,0],"54":[0,0],"55":[0,0],"56":[0,0],"57":[0,0],"58":[0,0],"59":[0,0],"60":[0,0],"61":[0,0],"62":[0,0],"63":[0,0],"64":[0,0],"65":[1,28],"66":[1,28],"67":[1,28],"68":[24,5],"69":[24,5],"70":[28,1],"71":[0,0],"72":[29,0],"73":[29,29],"74":[7,196],"75":[0,203],"76":[0,203],"77":[196,7],"78":[0,0],"79":[29,0],"80":[29,29],"81":[5,140],"82":[5,140],"83":[5,140],"84":[140,5]},"_coverageSchema":"1a1c01bbd47fc00a2c39e90264f33305004495a9","hash":"8281f826e763073c14dd0aeb29ebd4ee3eb27cd5"}
,"/home/davicho/etherai-foresight-platform-main/src/pages/SolutionsPage.tsx": {"path":"/home/davicho/etherai-foresight-platform-main/src/pages/SolutionsPage.tsx","statementMap":{"0":{"start":{"line":6,"column":32},"end":{"line":79,"column":1}},"1":{"start":{"line":7,"column":2},"end":{"line":78,"column":4}},"2":{"start":{"line":26,"column":39},"end":{"line":26,"column":73}},"3":{"start":{"line":27,"column":57},"end":{"line":27,"column":97}},"4":{"start":{"line":40,"column":39},"end":{"line":40,"column":73}},"5":{"start":{"line":41,"column":57},"end":{"line":41,"column":104}},"6":{"start":{"line":54,"column":39},"end":{"line":54,"column":73}},"7":{"start":{"line":55,"column":57},"end":{"line":55,"column":97}},"8":{"start":{"line":71,"column":37},"end":{"line":71,"column":68}},"9":{"start":{"line":72,"column":37},"end":{"line":72,"column":71}}},"fnMap":{"0":{"name":"(anonymous_0)","decl":{"start":{"line":6,"column":32},"end":{"line":6,"column":33}},"loc":{"start":{"line":6,"column":38},"end":{"line":79,"column":1}},"line":6},"1":{"name":"(anonymous_1)","decl":{"start":{"line":26,"column":31},"end":{"line":26,"column":32}},"loc":{"start":{"line":26,"column":37},"end":{"line":26,"column":75}},"line":26},"2":{"name":"(anonymous_2)","decl":{"start":{"line":27,"column":49},"end":{"line":27,"column":50}},"loc":{"start":{"line":27,"column":55},"end":{"line":27,"column":99}},"line":27},"3":{"name":"(anonymous_3)","decl":{"start":{"line":40,"column":31},"end":{"line":40,"column":32}},"loc":{"start":{"line":40,"column":37},"end":{"line":40,"column":75}},"line":40},"4":{"name":"(anonymous_4)","decl":{"start":{"line":41,"column":49},"end":{"line":41,"column":50}},"loc":{"start":{"line":41,"column":55},"end":{"line":41,"column":106}},"line":41},"5":{"name":"(anonymous_5)","decl":{"start":{"line":54,"column":31},"end":{"line":54,"column":32}},"loc":{"start":{"line":54,"column":37},"end":{"line":54,"column":75}},"line":54},"6":{"name":"(anonymous_6)","decl":{"start":{"line":55,"column":49},"end":{"line":55,"column":50}},"loc":{"start":{"line":55,"column":55},"end":{"line":55,"column":99}},"line":55},"7":{"name":"(anonymous_7)","decl":{"start":{"line":71,"column":29},"end":{"line":71,"column":30}},"loc":{"start":{"line":71,"column":35},"end":{"line":71,"column":70}},"line":71},"8":{"name":"(anonymous_8)","decl":{"start":{"line":72,"column":29},"end":{"line":72,"column":30}},"loc":{"start":{"line":72,"column":35},"end":{"line":72,"column":73}},"line":72}},"branchMap":{},"s":{"0":1,"1":0,"2":0,"3":0,"4":0,"5":0,"6":0,"7":0,"8":0,"9":0},"f":{"0":0,"1":0,"2":0,"3":0,"4":0,"5":0,"6":0,"7":0,"8":0},"b":{},"_coverageSchema":"1a1c01bbd47fc00a2c39e90264f33305004495a9","hash":"4428c81683c31b8ea60ef7aa3c1379b24aa456c5"}
}
