TN:
SF:src/components/ClimateWidget.tsx
FN:35,(anonymous_0)
FN:42,(anonymous_1)
FN:56,(anonymous_2)
FN:67,(anonymous_3)
FN:72,(anonymous_4)
FN:82,(anonymous_5)
FN:83,(anonymous_6)
FN:100,(anonymous_7)
FN:103,(anonymous_8)
FN:110,(anonymous_9)
FN:150,(anonymous_10)
FNF:11
FNH:10
FNDA:9,(anonymous_0)
FNDA:3,(anonymous_1)
FNDA:3,(anonymous_2)
FNDA:3,(anonymous_3)
FNDA:10,(anonymous_4)
FNDA:1,(anonymous_5)
FNDA:3,(anonymous_6)
FNDA:1,(anonymous_7)
FNDA:54,(anonymous_8)
FNDA:0,(anonymous_9)
FNDA:5,(anonymous_10)
DA:26,2
DA:35,2
DA:36,9
DA:37,9
DA:38,9
DA:39,9
DA:40,9
DA:42,9
DA:43,3
DA:44,3
DA:45,3
DA:46,3
DA:47,3
DA:48,3
DA:50,0
DA:52,3
DA:56,9
DA:57,3
DA:58,3
DA:59,3
DA:60,3
DA:61,3
DA:63,0
DA:67,9
DA:68,3
DA:69,3
DA:72,9
DA:74,10
DA:75,10
DA:76,0
DA:77,0
DA:78,0
DA:79,0
DA:82,9
DA:83,3
DA:84,1
DA:85,1
DA:89,9
DA:100,1
DA:104,54
DA:111,0
DA:112,0
DA:151,5
LF:43
LH:35
BRDA:46,0,0,0
BRDA:46,0,1,3
BRDA:50,1,0,0
BRDA:50,1,1,0
BRDA:59,2,0,0
BRDA:59,2,1,3
BRDA:74,3,0,0
BRDA:74,3,1,10
BRDA:75,4,0,10
BRDA:75,4,1,0
BRDA:76,5,0,0
BRDA:76,5,1,0
BRDA:77,6,0,0
BRDA:77,6,1,0
BRDA:78,7,0,0
BRDA:78,7,1,0
BRDA:84,8,0,1
BRDA:84,8,1,0
BRDA:117,9,0,3
BRDA:117,9,1,6
BRDA:122,10,0,9
BRDA:122,10,1,0
BRDA:128,11,0,9
BRDA:128,11,1,5
BRDA:146,12,0,9
BRDA:146,12,1,5
BRF:26
BRH:12
end_of_record
TN:
SF:src/components/CommandCenterLayout.tsx
FN:19,(anonymous_0)
FN:27,(anonymous_1)
FN:34,(anonymous_2)
FN:39,(anonymous_3)
FN:47,(anonymous_4)
FN:52,(anonymous_5)
FN:55,(anonymous_6)
FN:60,(anonymous_7)
FN:93,(anonymous_8)
FN:96,(anonymous_9)
FN:128,(anonymous_10)
FN:128,(anonymous_11)
FN:161,(anonymous_12)
FN:161,(anonymous_13)
FN:167,(anonymous_14)
FNF:15
FNH:10
FNDA:0,(anonymous_0)
FNDA:18,(anonymous_1)
FNDA:4,(anonymous_2)
FNDA:1,(anonymous_3)
FNDA:1,(anonymous_4)
FNDA:1,(anonymous_5)
FNDA:1,(anonymous_6)
FNDA:1,(anonymous_7)
FNDA:1,(anonymous_8)
FNDA:3,(anonymous_9)
FNDA:0,(anonymous_10)
FNDA:0,(anonymous_11)
FNDA:0,(anonymous_12)
FNDA:0,(anonymous_13)
FNDA:2,(anonymous_14)
DA:19,1
DA:20,0
DA:21,0
DA:22,0
DA:23,0
DA:24,0
DA:27,1
DA:28,18
DA:34,1
DA:35,4
DA:36,3
DA:37,3
DA:38,3
DA:39,3
DA:40,1
DA:41,1
DA:43,0
DA:47,3
DA:48,1
DA:49,1
DA:52,3
DA:53,1
DA:55,1
DA:56,1
DA:57,1
DA:58,1
DA:60,1
DA:61,1
DA:63,1
DA:64,0
DA:67,1
DA:68,0
DA:73,1
DA:75,1
DA:76,1
DA:77,1
DA:78,1
DA:79,1
DA:80,1
DA:81,1
DA:82,0
DA:83,0
DA:85,1
DA:86,1
DA:88,1
DA:91,1
DA:92,1
DA:93,1
DA:96,3
DA:97,3
DA:98,3
DA:99,0
DA:101,3
DA:102,0
DA:107,3
DA:110,3
DA:112,3
DA:128,0
DA:161,0
DA:168,2
DA:169,2
DA:170,2
DA:171,2
DA:172,2
LF:64
LH:50
BRDA:21,0,0,0
BRDA:21,0,1,0
BRDA:21,1,0,0
BRDA:21,1,1,0
BRDA:22,2,0,0
BRDA:22,2,1,0
BRDA:23,3,0,0
BRDA:23,3,1,0
BRDA:23,4,0,0
BRDA:23,4,1,0
BRDA:27,5,0,0
BRDA:30,6,0,18
BRDA:30,6,1,18
BRDA:30,7,0,18
BRDA:30,7,1,0
BRDA:41,8,0,1
BRDA:41,8,1,1
BRDA:41,8,2,1
BRDA:48,9,0,0
BRDA:48,9,1,1
BRDA:57,10,0,1
BRDA:57,10,1,1
BRDA:57,10,2,1
BRDA:63,11,0,0
BRDA:63,11,1,1
BRDA:63,12,0,1
BRDA:63,12,1,0
BRDA:67,13,0,0
BRDA:67,13,1,1
BRDA:67,14,0,1
BRDA:67,14,1,1
BRDA:67,14,2,1
BRDA:76,15,0,0
BRDA:76,15,1,1
BRDA:80,16,0,0
BRDA:80,16,1,1
BRDA:98,17,0,0
BRDA:98,17,1,3
BRDA:98,18,0,3
BRDA:98,18,1,0
BRDA:101,19,0,0
BRDA:101,19,1,3
BRDA:101,20,0,3
BRDA:101,20,1,3
BRDA:101,20,2,3
BRDA:110,21,0,3
BRDA:110,21,1,3
BRDA:115,22,0,3
BRDA:115,22,1,1
BRDA:120,23,0,0
BRDA:120,23,1,3
BRDA:126,24,0,3
BRDA:126,24,1,3
BRDA:135,25,0,3
BRDA:135,25,1,3
BRDA:138,26,0,0
BRDA:138,26,1,3
BRDA:139,27,0,3
BRDA:139,27,1,0
BRDA:139,28,0,0
BRDA:139,28,1,0
BRDA:157,29,0,3
BRDA:157,29,1,3
BRDA:159,30,0,3
BRDA:159,30,1,3
BRDA:162,31,0,0
BRDA:162,31,1,3
BRDA:171,32,0,2
BRDA:171,32,1,0
BRDA:171,33,0,2
BRDA:171,33,1,2
BRDA:172,34,0,1
BRDA:172,34,1,1
BRDA:178,35,0,1
BRDA:178,35,1,2
BRDA:181,36,0,1
BRDA:181,36,1,2
BRF:77
BRH:49
end_of_record
TN:
SF:src/components/DemoSection.tsx
FN:49,(anonymous_0)
FN:62,(anonymous_1)
FN:63,(anonymous_2)
FN:85,(anonymous_3)
FN:104,(anonymous_4)
FN:105,(anonymous_5)
FN:110,(anonymous_6)
FN:219,(anonymous_7)
FN:220,(anonymous_8)
FN:227,(anonymous_9)
FN:273,(anonymous_10)
FN:274,(anonymous_11)
FN:275,(anonymous_12)
FN:288,(anonymous_13)
FN:289,(anonymous_14)
FN:292,(anonymous_15)
FN:293,(anonymous_16)
FN:294,(anonymous_17)
FN:353,(anonymous_18)
FN:366,(anonymous_19)
FN:377,(anonymous_20)
FN:392,(anonymous_21)
FNF:22
FNH:7
FNDA:2,(anonymous_0)
FNDA:1,(anonymous_1)
FNDA:1,(anonymous_2)
FNDA:1,(anonymous_3)
FNDA:0,(anonymous_4)
FNDA:0,(anonymous_5)
FNDA:0,(anonymous_6)
FNDA:0,(anonymous_7)
FNDA:0,(anonymous_8)
FNDA:1,(anonymous_9)
FNDA:1,(anonymous_10)
FNDA:0,(anonymous_11)
FNDA:0,(anonymous_12)
FNDA:0,(anonymous_13)
FNDA:0,(anonymous_14)
FNDA:0,(anonymous_15)
FNDA:0,(anonymous_16)
FNDA:0,(anonymous_17)
FNDA:1,(anonymous_18)
FNDA:0,(anonymous_19)
FNDA:0,(anonymous_20)
FNDA:0,(anonymous_21)
DA:17,1
DA:49,1
DA:50,2
DA:51,2
DA:52,2
DA:53,2
DA:54,2
DA:55,2
DA:56,2
DA:57,2
DA:58,2
DA:59,2
DA:60,2
DA:62,2
DA:63,1
DA:64,1
DA:65,1
DA:66,1
DA:67,0
DA:69,1
DA:70,1
DA:71,1
DA:72,1
DA:74,0
DA:75,0
DA:77,1
DA:81,1
DA:83,1
DA:85,1
DA:88,2
DA:89,1
DA:96,1
DA:97,0
DA:104,1
DA:105,0
DA:106,0
DA:107,0
DA:110,1
DA:111,0
DA:113,0
DA:114,0
DA:124,0
DA:125,0
DA:128,0
DA:129,0
DA:131,0
DA:132,0
DA:133,0
DA:134,0
DA:135,0
DA:139,1
DA:220,0
DA:221,0
DA:228,1
DA:274,1
DA:275,0
DA:276,0
DA:289,0
DA:290,0
DA:292,0
DA:294,0
DA:295,0
DA:296,0
DA:297,0
DA:354,1
DA:366,0
DA:377,0
DA:392,0
LF:68
LH:35
BRDA:66,0,0,0
BRDA:66,0,1,1
BRDA:71,1,0,1
BRDA:71,1,1,0
BRDA:88,2,0,1
BRDA:88,2,1,1
BRDA:96,3,0,0
BRDA:96,3,1,1
BRDA:96,4,0,1
BRDA:96,4,1,1
BRDA:99,5,0,0
BRDA:99,5,1,0
BRDA:106,6,0,0
BRDA:106,6,1,0
BRDA:111,7,0,0
BRDA:111,7,1,0
BRDA:124,8,0,0
BRDA:124,8,1,0
BRDA:221,9,0,0
BRDA:221,9,1,0
BRDA:234,10,0,1
BRDA:234,10,1,1
BRDA:243,11,0,0
BRDA:243,11,1,1
BRDA:244,12,0,0
BRDA:244,12,1,1
BRDA:280,13,0,0
BRDA:280,13,1,0
BRDA:290,14,0,0
BRDA:290,14,1,0
BRDA:295,15,0,0
BRDA:295,15,1,0
BRDA:307,16,0,1
BRDA:307,16,1,0
BRDA:316,17,0,1
BRDA:316,17,1,0
BRDA:316,17,2,0
BRDA:388,18,0,1
BRDA:388,18,1,0
BRDA:396,19,0,0
BRDA:396,19,1,0
BRDA:398,20,0,0
BRDA:398,20,1,0
BRDA:441,21,0,1
BRDA:441,21,1,0
BRF:45
BRH:15
end_of_record
TN:
SF:src/components/EnhancedRiskDashboard.tsx
FN:26,(anonymous_0)
FN:35,(anonymous_1)
FN:92,(anonymous_2)
FN:97,(anonymous_3)
FN:107,(anonymous_4)
FN:110,(anonymous_5)
FN:113,(anonymous_6)
FN:123,(anonymous_7)
FN:131,(anonymous_8)
FN:137,(anonymous_9)
FN:148,(anonymous_10)
FN:155,(anonymous_11)
FN:156,(anonymous_12)
FN:157,(anonymous_13)
FN:158,(anonymous_14)
FN:206,(anonymous_15)
FN:216,(anonymous_16)
FN:231,(anonymous_17)
FN:299,(anonymous_18)
FN:301,(anonymous_19)
FN:322,(anonymous_20)
FN:339,(anonymous_21)
FNF:22
FNH:19
FNDA:30,(anonymous_0)
FNDA:14,(anonymous_1)
FNDA:1,(anonymous_2)
FNDA:0,(anonymous_3)
FNDA:14,(anonymous_4)
FNDA:14,(anonymous_5)
FNDA:46,(anonymous_6)
FNDA:48,(anonymous_7)
FNDA:48,(anonymous_8)
FNDA:1,(anonymous_9)
FNDA:48,(anonymous_10)
FNDA:48,(anonymous_11)
FNDA:48,(anonymous_12)
FNDA:48,(anonymous_13)
FNDA:48,(anonymous_14)
FNDA:1,(anonymous_15)
FNDA:0,(anonymous_16)
FNDA:48,(anonymous_17)
FNDA:0,(anonymous_18)
FNDA:120,(anonymous_19)
FNDA:46,(anonymous_20)
FNDA:138,(anonymous_21)
DA:26,1
DA:27,30
DA:28,30
DA:29,30
DA:30,30
DA:31,30
DA:32,30
DA:35,30
DA:36,14
DA:81,14
DA:87,14
DA:88,14
DA:92,30
DA:93,1
DA:94,1
DA:97,1
DA:98,0
DA:99,0
DA:102,0
DA:103,0
DA:107,30
DA:109,14
DA:110,14
DA:113,30
DA:114,46
DA:115,0
DA:116,15
DA:117,16
DA:118,15
DA:119,0
DA:123,30
DA:124,48
DA:125,32
DA:126,0
DA:127,16
DA:131,30
DA:132,48
DA:133,48
DA:134,48
DA:137,30
DA:138,1
DA:139,1
DA:140,1
DA:141,1
DA:142,1
DA:143,1
DA:144,1
DA:148,48
DA:154,30
DA:155,48
DA:156,48
DA:157,48
DA:158,48
DA:161,30
DA:206,1
DA:216,0
DA:232,48
DA:299,0
DA:302,120
DA:323,46
DA:340,138
LF:61
LH:52
BRDA:114,0,0,0
BRDA:114,0,1,15
BRDA:114,0,2,16
BRDA:114,0,3,15
BRDA:114,0,4,0
BRDA:124,1,0,32
BRDA:124,1,1,0
BRDA:124,1,2,16
BRDA:132,2,0,48
BRDA:132,2,1,3
BRDA:133,3,0,48
BRDA:133,3,1,0
BRDA:134,4,0,48
BRDA:134,4,1,46
BRDA:180,5,0,1
BRDA:180,5,1,29
BRDA:247,6,0,32
BRDA:247,6,1,16
BRDA:248,7,0,16
BRDA:248,7,1,0
BRDA:249,8,0,0
BRDA:249,8,1,0
BRDA:347,9,0,30
BRDA:347,9,1,14
BRF:24
BRH:17
end_of_record
TN:
SF:src/components/FAQSection.tsx
FN:10,(anonymous_0)
FNF:1
FNH:1
FNDA:5,(anonymous_0)
DA:10,1
DA:11,5
LF:2
LH:2
BRF:0
BRH:0
end_of_record
TN:
SF:src/components/FeaturesSection.tsx
FN:5,(anonymous_0)
FNF:1
FNH:1
FNDA:11,(anonymous_0)
DA:5,1
DA:6,11
LF:2
LH:2
BRF:0
BRH:0
end_of_record
TN:
SF:src/components/HeroSection.tsx
FN:7,(anonymous_0)
FN:11,(anonymous_1)
FN:19,(anonymous_2)
FN:42,animate
FN:47,(anonymous_4)
FN:84,(anonymous_5)
FN:89,(anonymous_6)
FN:93,(anonymous_7)
FN:106,(anonymous_8)
FN:107,(anonymous_9)
FN:110,(anonymous_10)
FN:163,(anonymous_11)
FNF:12
FNH:12
FNDA:17,(anonymous_0)
FNDA:12,(anonymous_1)
FNDA:12,(anonymous_2)
FNDA:192,animate
FNDA:23040,(anonymous_4)
FNDA:12,(anonymous_5)
FNDA:1,(anonymous_6)
FNDA:1,(anonymous_7)
FNDA:1,(anonymous_8)
FNDA:1,(anonymous_9)
FNDA:1,(anonymous_10)
FNDA:3,(anonymous_11)
DA:7,1
DA:8,17
DA:9,17
DA:11,17
DA:12,12
DA:13,12
DA:15,12
DA:16,12
DA:19,12
DA:20,12
DA:21,12
DA:24,12
DA:25,12
DA:28,12
DA:29,12
DA:31,12
DA:32,1440
DA:43,192
DA:44,192
DA:47,192
DA:48,23040
DA:49,23040
DA:50,23040
DA:51,23040
DA:54,23040
DA:57,23040
DA:58,23040
DA:59,23040
DA:64,192
DA:65,23040
DA:66,1370880
DA:67,1370880
DA:68,1370880
DA:70,1370880
DA:71,1370880
DA:72,1370880
DA:73,1370880
DA:74,1370880
DA:75,1370880
DA:76,1370880
DA:82,12
DA:84,12
DA:85,12
DA:89,17
DA:90,1
DA:91,1
DA:92,1
DA:93,1
DA:94,1
DA:99,17
DA:106,1
DA:107,1
DA:110,1
DA:163,3
LF:54
LH:54
BRDA:13,0,0,0
BRDA:13,0,1,12
BRDA:16,1,0,0
BRDA:16,1,1,12
BRDA:37,2,0,425
BRDA:37,2,1,1015
BRDA:57,3,0,23040
BRDA:57,3,1,0
BRDA:70,4,0,1370880
BRDA:70,4,1,0
BRDA:92,5,0,1
BRDA:92,5,1,0
BRDA:104,6,0,17
BRDA:104,6,1,3
BRF:14
BRH:9
end_of_record
TN:
SF:src/components/IntelligenceReportWidget.tsx
FN:3,(anonymous_0)
FN:6,(anonymous_1)
FN:8,(anonymous_2)
FN:9,(anonymous_3)
FN:10,(anonymous_4)
FNF:5
FNH:5
FNDA:16,(anonymous_0)
FNDA:10,(anonymous_1)
FNDA:8,(anonymous_2)
FNDA:7,(anonymous_3)
FNDA:2,(anonymous_4)
DA:3,2
DA:4,16
DA:6,16
DA:7,10
DA:8,8
DA:9,7
DA:10,2
DA:13,16
DA:15,6
LF:9
LH:9
BRDA:13,0,0,10
BRDA:13,0,1,6
BRF:2
BRH:2
end_of_record
TN:
SF:src/components/InteractiveDashboard.tsx
FN:21,(anonymous_0)
FN:87,fetchPrediction
FN:120,(anonymous_2)
FN:126,(anonymous_3)
FN:161,(anonymous_4)
FN:175,(anonymous_5)
FN:184,(anonymous_6)
FN:233,(anonymous_7)
FNF:8
FNH:6
FNDA:3,(anonymous_0)
FNDA:1,fetchPrediction
FNDA:1,(anonymous_2)
FNDA:1,(anonymous_3)
FNDA:0,(anonymous_4)
FNDA:0,(anonymous_5)
FNDA:1,(anonymous_6)
FNDA:1,(anonymous_7)
DA:21,1
DA:22,3
DA:23,3
DA:24,3
DA:25,3
DA:26,3
DA:27,3
DA:30,3
DA:76,3
DA:80,3
DA:82,3
DA:85,3
DA:88,1
DA:89,1
DA:90,1
DA:91,1
DA:100,1
DA:105,1
DA:106,0
DA:107,0
DA:109,1
DA:110,1
DA:111,1
DA:113,0
DA:115,1
DA:120,3
DA:121,1
DA:122,1
DA:123,0
DA:126,3
DA:127,1
DA:128,1
DA:129,0
DA:132,3
DA:161,0
DA:175,0
DA:184,1
DA:234,1
LF:38
LH:31
BRDA:76,0,0,3
BRDA:76,0,1,0
BRDA:77,1,0,0
BRDA:77,1,1,0
BRDA:85,2,0,3
BRDA:85,2,1,3
BRDA:85,2,2,3
BRDA:105,3,0,0
BRDA:105,3,1,1
BRDA:107,4,0,0
BRDA:107,4,1,0
BRDA:121,5,0,0
BRDA:121,5,1,1
BRDA:122,6,0,1
BRDA:122,6,1,0
BRDA:127,7,0,0
BRDA:127,7,1,1
BRDA:128,8,0,1
BRDA:128,8,1,0
BRDA:187,9,0,1
BRDA:187,9,1,2
BRDA:191,10,0,3
BRDA:191,10,1,1
BRDA:200,11,0,1
BRDA:200,11,1,0
BRDA:215,12,0,0
BRDA:215,12,1,1
BRDA:216,13,0,1
BRDA:216,13,1,0
BRDA:233,14,0,1
BRDA:233,14,1,0
BRDA:235,15,0,1
BRDA:235,15,1,0
BRDA:239,16,0,1
BRDA:239,16,1,0
BRDA:240,17,0,0
BRDA:240,17,1,0
BRDA:242,18,0,1
BRDA:242,18,1,0
BRDA:245,19,0,1
BRDA:245,19,1,0
BRDA:245,20,0,1
BRDA:245,20,1,0
BRDA:245,21,0,1
BRDA:245,21,1,0
BRDA:245,22,0,0
BRDA:245,22,1,0
BRDA:284,23,0,1
BRDA:284,23,1,0
BRDA:284,24,0,0
BRDA:284,24,1,0
BRF:51
BRH:24
end_of_record
TN:
SF:src/components/MissionGallery.tsx
FN:11,(anonymous_0)
FN:15,(anonymous_1)
FN:17,(anonymous_2)
FN:18,(anonymous_3)
FN:19,(anonymous_4)
FN:21,(anonymous_5)
FN:28,(anonymous_6)
FN:34,(anonymous_7)
FN:35,(anonymous_8)
FN:63,(anonymous_9)
FN:67,(anonymous_10)
FN:72,(anonymous_11)
FN:79,(anonymous_12)
FNF:13
FNH:12
FNDA:12,(anonymous_0)
FNDA:12,(anonymous_1)
FNDA:11,(anonymous_2)
FNDA:11,(anonymous_3)
FNDA:11,(anonymous_4)
FNDA:11,(anonymous_5)
FNDA:3,(anonymous_6)
FNDA:1,(anonymous_7)
FNDA:1,(anonymous_8)
FNDA:1,(anonymous_9)
FNDA:0,(anonymous_10)
FNDA:4,(anonymous_11)
FNDA:1,(anonymous_12)
DA:11,1
DA:12,12
DA:13,12
DA:15,12
DA:16,12
DA:17,11
DA:18,11
DA:19,11
DA:21,11
DA:25,12
DA:28,1
DA:29,3
DA:30,3
DA:31,3
DA:32,3
DA:34,3
DA:35,1
DA:36,1
DA:37,1
DA:38,1
DA:39,0
DA:41,1
DA:42,1
DA:44,0
DA:46,0
DA:48,1
DA:52,1
DA:55,3
DA:56,1
DA:63,2
DA:64,1
DA:65,1
DA:67,1
DA:70,2
DA:74,4
DA:75,4
DA:79,1
LF:37
LH:34
BRDA:11,0,0,12
BRDA:16,1,0,11
BRDA:16,1,1,1
BRDA:38,2,0,0
BRDA:38,2,1,1
BRDA:42,3,0,1
BRDA:42,3,1,0
BRDA:55,4,0,1
BRDA:55,4,1,2
BRDA:74,5,0,4
BRDA:74,5,1,0
BRDA:91,6,0,2
BRDA:91,6,1,1
BRDA:99,7,0,1
BRDA:99,7,1,0
BRF:15
BRH:11
end_of_record
TN:
SF:src/components/Navbar.tsx
FN:7,(anonymous_0)
FN:13,(anonymous_1)
FN:14,(anonymous_2)
FN:23,(anonymous_3)
FN:56,(anonymous_4)
FN:69,(anonymous_5)
FN:94,(anonymous_6)
FN:99,(anonymous_7)
FNF:8
FNH:8
FNDA:41,(anonymous_0)
FNDA:19,(anonymous_1)
FNDA:1,(anonymous_2)
FNDA:19,(anonymous_3)
FNDA:315,(anonymous_4)
FNDA:2,(anonymous_5)
FNDA:18,(anonymous_6)
FNDA:1,(anonymous_7)
DA:7,4
DA:8,41
DA:9,41
DA:10,41
DA:11,41
DA:13,41
DA:14,19
DA:15,1
DA:16,1
DA:18,0
DA:22,19
DA:23,19
DA:26,41
DA:38,41
DA:57,315
DA:69,2
DA:95,18
DA:99,1
LF:18
LH:17
BRDA:15,0,0,1
BRDA:15,0,1,0
BRDA:42,1,0,1
BRDA:42,1,1,40
BRDA:54,2,0,35
BRDA:54,2,1,6
BRDA:78,3,0,2
BRDA:78,3,1,4
BRDA:91,4,0,41
BRDA:91,4,1,2
BRDA:91,4,2,2
BRF:11
BRH:10
end_of_record
TN:
SF:src/components/ProphecyWidget.tsx
FN:3,(anonymous_0)
FNF:1
FNH:1
FNDA:11,(anonymous_0)
DA:3,2
DA:4,11
LF:2
LH:2
BRF:0
BRH:0
end_of_record
TN:
SF:src/components/SeismicMapWidget.tsx
FN:9,(anonymous_0)
FN:29,(anonymous_1)
FN:37,(anonymous_2)
FN:47,(anonymous_3)
FN:49,(anonymous_4)
FN:55,(anonymous_5)
FN:70,(anonymous_6)
FN:75,(anonymous_7)
FN:103,(anonymous_8)
FN:113,(anonymous_9)
FN:120,(anonymous_10)
FN:168,(anonymous_11)
FN:192,(anonymous_12)
FN:193,(anonymous_13)
FN:209,(anonymous_14)
FN:216,(anonymous_15)
FN:217,(anonymous_16)
FN:249,(anonymous_17)
FNF:18
FNH:11
FNDA:0,(anonymous_0)
FNDA:13,(anonymous_1)
FNDA:2,(anonymous_2)
FNDA:1,(anonymous_3)
FNDA:1,(anonymous_4)
FNDA:0,(anonymous_5)
FNDA:0,(anonymous_6)
FNDA:2,(anonymous_7)
FNDA:2,(anonymous_8)
FNDA:1,(anonymous_9)
FNDA:1,(anonymous_10)
FNDA:0,(anonymous_11)
FNDA:1,(anonymous_12)
FNDA:0,(anonymous_13)
FNDA:1,(anonymous_14)
FNDA:0,(anonymous_15)
FNDA:0,(anonymous_16)
FNDA:1,(anonymous_17)
DA:6,2
DA:9,2
DA:10,0
DA:15,0
DA:16,0
DA:18,0
DA:29,2
DA:30,13
DA:31,10
DA:32,7
DA:33,4
DA:34,2
DA:37,2
DA:38,2
DA:39,2
DA:40,2
DA:41,2
DA:42,2
DA:45,2
DA:47,2
DA:49,2
DA:50,1
DA:51,1
DA:52,1
DA:55,0
DA:56,0
DA:57,0
DA:58,0
DA:59,0
DA:61,0
DA:62,0
DA:64,0
DA:68,0
DA:69,0
DA:70,0
DA:75,2
DA:77,2
DA:78,2
DA:82,0
DA:83,0
DA:84,0
DA:85,0
DA:87,0
DA:103,2
DA:104,2
DA:105,2
DA:108,2
DA:110,2
DA:113,2
DA:114,1
DA:115,1
DA:116,1
DA:117,0
DA:120,2
DA:121,1
DA:124,2
DA:125,1
DA:140,1
DA:141,0
DA:153,1
DA:168,0
DA:193,1
DA:194,0
DA:210,1
DA:211,1
DA:212,1
DA:216,0
DA:217,0
DA:250,1
LF:69
LH:43
BRDA:12,0,0,0
BRDA:12,0,1,0
BRDA:15,1,0,0
BRDA:15,1,1,0
BRDA:30,2,0,3
BRDA:30,2,1,10
BRDA:31,3,0,3
BRDA:31,3,1,7
BRDA:32,4,0,3
BRDA:32,4,1,4
BRDA:32,5,0,7
BRDA:32,5,1,3
BRDA:33,6,0,2
BRDA:33,6,1,2
BRDA:33,7,0,4
BRDA:33,7,1,2
BRDA:45,8,0,2
BRDA:45,8,1,0
BRDA:50,9,0,1
BRDA:50,9,1,0
BRDA:77,10,0,2
BRDA:77,10,1,0
BRDA:77,11,0,2
BRDA:77,11,1,2
BRDA:77,11,2,2
BRDA:77,11,3,2
BRDA:82,12,0,0
BRDA:82,12,1,0
BRDA:82,12,2,0
BRDA:82,12,3,0
BRDA:82,12,4,0
BRDA:83,13,0,0
BRDA:83,13,1,0
BRDA:83,13,2,0
BRDA:83,13,3,0
BRDA:84,14,0,0
BRDA:84,14,1,0
BRDA:84,14,2,0
BRDA:84,14,3,0
BRDA:85,15,0,0
BRDA:85,15,1,0
BRDA:85,15,2,0
BRDA:88,16,0,0
BRDA:88,16,1,0
BRDA:93,17,0,0
BRDA:93,17,1,0
BRDA:93,17,2,0
BRDA:94,18,0,0
BRDA:94,18,1,0
BRDA:94,18,2,0
BRDA:95,19,0,0
BRDA:95,19,1,0
BRDA:95,19,2,0
BRDA:103,20,0,2
BRDA:103,20,1,0
BRDA:104,21,0,2
BRDA:104,21,1,0
BRDA:105,22,0,2
BRDA:105,22,1,0
BRDA:108,23,0,2
BRDA:108,23,1,2
BRDA:108,23,2,2
BRDA:108,23,3,2
BRDA:110,24,0,2
BRDA:110,24,1,2
BRDA:114,25,0,0
BRDA:114,25,1,1
BRDA:115,26,0,0
BRDA:115,26,1,1
BRDA:116,27,0,1
BRDA:116,27,1,0
BRDA:124,28,0,1
BRDA:124,28,1,1
BRDA:140,29,0,0
BRDA:140,29,1,1
BRDA:163,30,0,1
BRDA:163,30,1,1
BRDA:163,30,2,0
BRDA:163,30,3,0
BRDA:163,30,4,0
BRDA:163,30,5,0
BRDA:163,30,6,0
BRDA:163,30,7,0
BRDA:163,30,8,1
BRDA:232,31,0,1
BRDA:232,31,1,0
BRDA:257,32,0,1
BRDA:257,32,1,0
BRF:88
BRH:39
end_of_record
TN:
SF:src/components/dashboard/CIMetricsWidget.tsx
FN:10,(anonymous_0)
FN:20,(anonymous_1)
FN:22,(anonymous_2)
FN:34,(anonymous_3)
FNF:4
FNH:4
FNDA:16,(anonymous_0)
FNDA:12,(anonymous_1)
FNDA:4,(anonymous_2)
FNDA:12,(anonymous_3)
DA:10,2
DA:11,16
DA:18,16
DA:20,16
DA:22,12
DA:23,4
DA:27,4
DA:28,4
DA:29,4
DA:33,12
DA:34,12
DA:37,16
LF:12
LH:12
BRDA:55,0,0,16
BRDA:55,0,1,0
BRDA:60,1,0,16
BRDA:60,1,1,4
BRF:4
BRH:3
end_of_record
TN:
SF:src/components/dashboard/ProgressRing.tsx
FN:10,(anonymous_0)
FNF:1
FNH:1
FNDA:16,(anonymous_0)
DA:10,2
DA:11,16
DA:12,16
DA:13,16
DA:15,16
LF:5
LH:5
BRDA:10,0,0,14
BRDA:10,1,0,14
BRF:2
BRH:2
end_of_record
TN:
SF:src/components/dashboard/SeismicActivityWidget.tsx
FN:10,(anonymous_0)
FN:22,(anonymous_1)
FN:64,(anonymous_2)
FN:65,(anonymous_3)
FN:68,(anonymous_4)
FN:81,(anonymous_5)
FNF:6
FNH:0
FNDA:0,(anonymous_0)
FNDA:0,(anonymous_1)
FNDA:0,(anonymous_2)
FNDA:0,(anonymous_3)
FNDA:0,(anonymous_4)
FNDA:0,(anonymous_5)
DA:7,1
DA:10,1
DA:11,0
DA:16,0
DA:17,0
DA:19,0
DA:22,1
DA:23,0
DA:29,0
DA:30,0
DA:42,0
DA:43,0
DA:55,0
DA:65,0
DA:69,0
DA:70,0
DA:82,0
LF:17
LH:3
BRDA:13,0,0,0
BRDA:13,0,1,0
BRDA:16,1,0,0
BRDA:16,1,1,0
BRDA:29,2,0,0
BRDA:29,2,1,0
BRDA:42,3,0,0
BRDA:42,3,1,0
BRDA:68,4,0,0
BRDA:68,4,1,0
BRDA:81,5,0,0
BRDA:81,5,1,0
BRF:12
BRH:0
end_of_record
TN:
SF:src/components/generated/DashboardWidget.tsx
FN:9,(anonymous_0)
FNF:1
FNH:0
FNDA:0,(anonymous_0)
DA:9,1
DA:10,0
LF:2
LH:1
BRDA:14,0,0,0
BRDA:14,0,1,0
BRF:2
BRH:0
end_of_record
TN:
SF:src/components/metatron/FlowsStatus.tsx
FN:3,(anonymous_0)
FN:4,(anonymous_1)
FN:5,(anonymous_2)
FNF:3
FNH:3
FNDA:1,(anonymous_0)
FNDA:3,(anonymous_1)
FNDA:3,(anonymous_2)
DA:3,1
DA:4,3
DA:5,3
DA:7,1
LF:4
LH:4
BRDA:4,0,0,0
BRDA:4,0,1,3
BRDA:5,1,0,0
BRDA:5,1,1,3
BRDA:19,2,0,0
BRDA:19,2,1,1
BRDA:31,3,0,0
BRDA:31,3,1,1
BRDA:43,4,0,0
BRDA:43,4,1,1
BRF:10
BRH:5
end_of_record
TN:
SF:src/components/metatron/MetatronPanelWidget.tsx
FN:13,(anonymous_0)
FN:28,(anonymous_1)
FN:73,(anonymous_2)
FN:93,(anonymous_3)
FN:120,(anonymous_4)
FN:143,(anonymous_5)
FNF:6
FNH:6
FNDA:18,(anonymous_0)
FNDA:45,(anonymous_1)
FNDA:45,(anonymous_2)
FNDA:42,(anonymous_3)
FNDA:1,(anonymous_4)
FNDA:38,(anonymous_5)
DA:13,2
DA:24,18
DA:25,18
DA:26,18
DA:28,18
DA:29,45
DA:30,15
DA:31,15
DA:32,15
DA:33,0
DA:37,18
DA:74,45
DA:94,42
DA:120,1
DA:144,38
LF:15
LH:14
BRDA:24,0,0,18
BRDA:24,0,1,2
BRDA:25,1,0,18
BRDA:25,1,1,3
BRDA:26,2,0,18
BRDA:26,2,1,3
BRDA:29,3,0,15
BRDA:29,3,1,15
BRDA:29,3,2,15
BRDA:29,3,3,0
BRDA:46,4,0,15
BRDA:46,4,1,3
BRDA:47,5,0,15
BRDA:47,5,1,3
BRDA:51,6,0,1
BRDA:51,6,1,17
BRDA:53,7,0,1
BRDA:53,7,1,17
BRDA:97,8,0,14
BRDA:97,8,1,28
BRDA:98,9,0,14
BRDA:98,9,1,14
BRDA:99,10,0,14
BRDA:99,10,1,0
BRDA:103,11,0,42
BRDA:103,11,1,0
BRDA:105,12,0,42
BRDA:105,12,1,0
BRF:28
BRH:24
end_of_record
TN:
SF:src/components/ui/accordion.tsx
FN:12,(anonymous_0)
FN:24,(anonymous_1)
FN:44,(anonymous_2)
FNF:3
FNH:3
FNDA:25,(anonymous_0)
FNDA:25,(anonymous_1)
FNDA:25,(anonymous_2)
DA:7,1
DA:9,1
DA:13,25
DA:19,1
DA:21,1
DA:25,25
DA:39,1
DA:41,1
DA:45,25
DA:54,1
LF:10
LH:10
BRF:0
BRH:0
end_of_record
TN:
SF:src/components/ui/button.tsx
FN:43,(anonymous_0)
FNF:1
FNH:1
FNDA:113,(anonymous_0)
DA:7,5
DA:42,5
DA:44,113
DA:45,113
DA:54,5
LF:5
LH:5
BRDA:43,0,0,113
BRDA:44,1,0,0
BRDA:44,1,1,113
BRF:3
BRH:2
end_of_record
TN:
SF:src/components/ui/card.tsx
FN:8,(anonymous_0)
FN:23,(anonymous_1)
FN:35,(anonymous_2)
FN:50,(anonymous_3)
FN:62,(anonymous_4)
FN:70,(anonymous_5)
FNF:6
FNH:4
FNDA:334,(anonymous_0)
FNDA:196,(anonymous_1)
FNDA:196,(anonymous_2)
FNDA:0,(anonymous_3)
FNDA:304,(anonymous_4)
FNDA:0,(anonymous_5)
DA:5,8
DA:9,334
DA:18,8
DA:20,8
DA:24,196
DA:30,8
DA:32,8
DA:36,196
DA:45,8
DA:47,8
DA:51,0
DA:57,8
DA:59,8
DA:63,304
DA:65,8
DA:67,8
DA:71,0
DA:77,8
LF:18
LH:16
BRF:0
BRH:0
end_of_record
TN:
SF:src/components/ui/select.tsx
FN:16,(anonymous_0)
FN:36,(anonymous_1)
FN:53,(anonymous_2)
FN:71,(anonymous_3)
FN:103,(anonymous_4)
FN:115,(anonymous_5)
FN:138,(anonymous_6)
FNF:7
FNH:5
FNDA:34,(anonymous_0)
FNDA:34,(anonymous_1)
FNDA:34,(anonymous_2)
FNDA:34,(anonymous_3)
FNDA:0,(anonymous_4)
FNDA:71,(anonymous_5)
FNDA:0,(anonymous_6)
DA:7,5
DA:9,5
DA:11,5
DA:13,5
DA:17,34
DA:31,5
DA:33,5
DA:37,34
DA:48,5
DA:50,5
DA:54,34
DA:65,5
DA:68,5
DA:72,34
DA:98,5
DA:100,5
DA:104,0
DA:110,5
DA:112,5
DA:116,71
DA:133,5
DA:135,5
DA:139,0
DA:145,5
LF:24
LH:22
BRDA:71,0,0,34
BRDA:77,1,0,34
BRDA:77,1,1,34
BRDA:88,2,0,34
BRDA:88,2,1,34
BRF:5
BRH:5
end_of_record
TN:
SF:src/components/ui/skeleton.tsx
FN:4,Skeleton
FNF:1
FNH:0
FNDA:0,Skeleton
DA:8,0
LF:1
LH:0
BRF:0
BRH:0
end_of_record
TN:
SF:src/components/ui/slider.tsx
FN:9,(anonymous_0)
FNF:1
FNH:1
FNDA:36,(anonymous_0)
DA:6,3
DA:10,36
DA:24,3
LF:3
LH:3
BRF:0
BRH:0
end_of_record
TN:
SF:src/hooks/use-mobile.tsx
FN:5,useIsMobile
FN:8,(anonymous_1)
FN:10,(anonymous_2)
FN:15,(anonymous_3)
FNF:4
FNH:3
FNDA:2,useIsMobile
FNDA:1,(anonymous_1)
FNDA:0,(anonymous_2)
FNDA:1,(anonymous_3)
DA:3,2
DA:6,2
DA:8,2
DA:9,1
DA:10,1
DA:11,0
DA:13,1
DA:14,1
DA:15,1
DA:18,2
LF:10
LH:9
BRF:0
BRH:0
end_of_record
TN:
SF:src/lib/eternalVigilanceSimulator.ts
FN:19,loadFromStorage
FN:33,saveToStorage
FN:42,subscribeEvents
FN:46,publish
FN:48,(anonymous_4)
FN:53,randomInt
FN:57,startSimulator
FN:62,(anonymous_7)
FN:78,(anonymous_8)
FN:89,(anonymous_9)
FN:107,stopSimulator
FN:108,(anonymous_11)
FN:114,getCurrentState
FN:118,clearPersistence
FN:127,downloadReport
FN:129,(anonymous_15)
FNF:16
FNH:1
FNDA:1,loadFromStorage
FNDA:0,saveToStorage
FNDA:0,subscribeEvents
FNDA:0,publish
FNDA:0,(anonymous_4)
FNDA:0,randomInt
FNDA:0,startSimulator
FNDA:0,(anonymous_7)
FNDA:0,(anonymous_8)
FNDA:0,(anonymous_9)
FNDA:0,stopSimulator
FNDA:0,(anonymous_11)
FNDA:0,getCurrentState
FNDA:0,clearPersistence
FNDA:0,downloadReport
FNDA:0,(anonymous_15)
DA:5,1
DA:6,1
DA:7,1
DA:17,1
DA:20,1
DA:21,1
DA:22,1
DA:23,1
DA:24,0
DA:25,0
DA:26,0
DA:29,0
DA:34,0
DA:35,0
DA:36,0
DA:38,0
DA:43,0
DA:47,0
DA:48,0
DA:50,0
DA:54,0
DA:58,0
DA:59,0
DA:62,0
DA:63,0
DA:64,0
DA:65,0
DA:67,0
DA:68,0
DA:69,0
DA:70,0
DA:71,0
DA:73,0
DA:78,0
DA:79,0
DA:80,0
DA:81,0
DA:82,0
DA:83,0
DA:85,0
DA:89,0
DA:90,0
DA:92,0
DA:93,0
DA:94,0
DA:95,0
DA:96,0
DA:99,0
DA:100,0
DA:103,0
DA:104,0
DA:108,0
DA:109,0
DA:110,0
DA:111,0
DA:115,0
DA:119,0
DA:120,0
DA:121,0
DA:123,0
DA:128,0
DA:129,0
DA:130,0
DA:131,0
DA:132,0
DA:133,0
DA:134,0
DA:135,0
DA:136,0
DA:137,0
DA:143,1
DA:144,1
DA:146,0
LF:73
LH:10
BRDA:21,0,0,0
BRDA:21,0,1,1
BRDA:21,1,0,1
BRDA:21,1,1,1
BRDA:23,2,0,1
BRDA:23,2,1,0
BRDA:25,3,0,0
BRDA:25,3,1,0
BRDA:35,4,0,0
BRDA:35,4,1,0
BRDA:35,5,0,0
BRDA:35,5,1,0
BRDA:67,6,0,0
BRDA:67,6,1,0
BRDA:81,7,0,0
BRDA:81,7,1,0
BRDA:94,8,0,0
BRDA:94,8,1,0
BRDA:94,9,0,0
BRDA:94,9,1,0
BRDA:120,10,0,0
BRDA:120,10,1,0
BRDA:120,11,0,0
BRDA:120,11,1,0
BRF:24
BRH:4
end_of_record
TN:
SF:src/lib/utils.ts
FN:4,cn
FNF:1
FNH:1
FNDA:1495,cn
DA:5,1495
LF:1
LH:1
BRF:0
BRH:0
end_of_record
TN:
SF:src/pages/DashboardPage.tsx
FN:40,(anonymous_0)
FNF:1
FNH:1
FNDA:3,(anonymous_0)
DA:11,1
DA:12,1
DA:16,1
DA:17,1
DA:40,1
DA:41,3
DA:43,3
DA:44,0
DA:47,0
DA:49,0
LF:10
LH:7
BRDA:43,0,0,3
BRDA:43,0,1,0
BRDA:44,1,0,0
BRDA:44,1,1,0
BRDA:56,2,0,0
BRDA:56,2,1,0
BRDA:110,3,0,0
BRDA:110,3,1,0
BRF:8
BRH:1
end_of_record
TN:
SF:src/pages/DemoPage.tsx
FN:55,(anonymous_0)
FN:68,(anonymous_1)
FN:69,(anonymous_2)
FN:93,(anonymous_3)
FN:112,(anonymous_4)
FN:113,(anonymous_5)
FN:119,(anonymous_6)
FN:232,(anonymous_7)
FN:233,(anonymous_8)
FN:240,(anonymous_9)
FN:286,(anonymous_10)
FN:287,(anonymous_11)
FN:288,(anonymous_12)
FN:302,(anonymous_13)
FN:303,(anonymous_14)
FN:306,(anonymous_15)
FN:307,(anonymous_16)
FN:308,(anonymous_17)
FN:369,(anonymous_18)
FN:382,(anonymous_19)
FN:393,(anonymous_20)
FN:408,(anonymous_21)
FNF:22
FNH:6
FNDA:37,(anonymous_0)
FNDA:19,(anonymous_1)
FNDA:20,(anonymous_2)
FNDA:19,(anonymous_3)
FNDA:0,(anonymous_4)
FNDA:0,(anonymous_5)
FNDA:0,(anonymous_6)
FNDA:0,(anonymous_7)
FNDA:0,(anonymous_8)
FNDA:28,(anonymous_9)
FNDA:0,(anonymous_10)
FNDA:0,(anonymous_11)
FNDA:0,(anonymous_12)
FNDA:0,(anonymous_13)
FNDA:0,(anonymous_14)
FNDA:0,(anonymous_15)
FNDA:0,(anonymous_16)
FNDA:0,(anonymous_17)
FNDA:28,(anonymous_18)
FNDA:0,(anonymous_19)
FNDA:0,(anonymous_20)
FNDA:0,(anonymous_21)
DA:17,1
DA:55,1
DA:56,37
DA:57,36
DA:58,36
DA:59,36
DA:60,36
DA:61,36
DA:62,36
DA:63,36
DA:64,36
DA:65,36
DA:66,36
DA:68,36
DA:69,19
DA:70,20
DA:71,20
DA:72,18
DA:73,1
DA:75,17
DA:76,17
DA:77,17
DA:78,16
DA:80,3
DA:81,3
DA:83,19
DA:87,19
DA:90,19
DA:93,19
DA:96,36
DA:97,19
DA:104,17
DA:105,3
DA:112,14
DA:113,0
DA:114,0
DA:116,0
DA:119,14
DA:120,0
DA:122,0
DA:123,0
DA:133,0
DA:134,0
DA:137,0
DA:138,0
DA:140,0
DA:142,0
DA:143,0
DA:144,0
DA:145,0
DA:149,14
DA:233,0
DA:234,0
DA:241,28
DA:287,0
DA:288,0
DA:289,0
DA:303,0
DA:304,0
DA:306,0
DA:308,0
DA:309,0
DA:310,0
DA:311,0
DA:370,28
DA:382,0
DA:393,0
DA:408,0
LF:68
LH:38
BRDA:72,0,0,1
BRDA:72,0,1,17
BRDA:77,1,0,16
BRDA:77,1,1,0
BRDA:96,2,0,19
BRDA:96,2,1,17
BRDA:104,3,0,3
BRDA:104,3,1,14
BRDA:104,4,0,17
BRDA:104,4,1,14
BRDA:107,5,0,3
BRDA:107,5,1,0
BRDA:114,6,0,0
BRDA:114,6,1,0
BRDA:120,7,0,0
BRDA:120,7,1,0
BRDA:133,8,0,0
BRDA:133,8,1,0
BRDA:234,9,0,0
BRDA:234,9,1,0
BRDA:247,10,0,14
BRDA:247,10,1,14
BRDA:256,11,0,0
BRDA:256,11,1,14
BRDA:257,12,0,0
BRDA:257,12,1,14
BRDA:293,13,0,0
BRDA:293,13,1,0
BRDA:304,14,0,0
BRDA:304,14,1,0
BRDA:309,15,0,0
BRDA:309,15,1,0
BRDA:321,16,0,14
BRDA:321,16,1,0
BRDA:331,17,0,14
BRDA:331,17,1,0
BRDA:331,17,2,0
BRDA:404,18,0,14
BRDA:404,18,1,0
BRDA:412,19,0,0
BRDA:412,19,1,0
BRDA:414,20,0,0
BRDA:414,20,1,0
BRF:43
BRH:17
end_of_record
TN:
SF:src/pages/MetatronPanel.tsx
FN:5,(anonymous_0)
FN:6,(anonymous_1)
FN:24,(anonymous_2)
FN:25,(anonymous_3)
FN:26,(anonymous_4)
FN:27,(anonymous_5)
FN:28,(anonymous_6)
FN:37,(anonymous_7)
FN:38,(anonymous_8)
FN:41,(anonymous_9)
FN:48,(anonymous_10)
FN:49,(anonymous_11)
FN:50,(anonymous_12)
FN:55,(anonymous_13)
FN:68,(anonymous_14)
FN:72,(anonymous_15)
FN:73,(anonymous_16)
FN:89,(anonymous_17)
FN:94,(anonymous_18)
FN:104,(anonymous_19)
FN:118,(anonymous_20)
FN:122,(anonymous_21)
FNF:22
FNH:13
FNDA:0,(anonymous_0)
FNDA:0,(anonymous_1)
FNDA:0,(anonymous_2)
FNDA:0,(anonymous_3)
FNDA:0,(anonymous_4)
FNDA:0,(anonymous_5)
FNDA:0,(anonymous_6)
FNDA:0,(anonymous_7)
FNDA:0,(anonymous_8)
FNDA:34,(anonymous_9)
FNDA:14,(anonymous_10)
FNDA:1,(anonymous_11)
FNDA:1,(anonymous_12)
FNDA:14,(anonymous_13)
FNDA:1,(anonymous_14)
FNDA:1,(anonymous_15)
FNDA:1,(anonymous_16)
FNDA:14,(anonymous_17)
FNDA:1,(anonymous_18)
FNDA:1,(anonymous_19)
FNDA:1,(anonymous_20)
FNDA:14,(anonymous_21)
DA:5,2
DA:6,2
DA:7,2
DA:8,2
DA:10,2
DA:11,2
DA:12,2
DA:14,2
DA:15,2
DA:16,2
DA:17,2
DA:18,2
DA:19,2
DA:20,2
DA:22,0
DA:24,0
DA:25,0
DA:26,0
DA:27,0
DA:28,0
DA:31,2
DA:32,2
DA:33,2
DA:35,0
DA:37,0
DA:38,0
DA:41,2
DA:42,34
DA:43,33
DA:44,33
DA:45,33
DA:46,33
DA:48,33
DA:49,14
DA:50,1
DA:52,14
DA:53,14
DA:55,14
DA:56,14
DA:57,13
DA:60,13
DA:61,13
DA:63,1
DA:66,13
DA:67,13
DA:68,13
DA:69,1
DA:70,1
DA:72,13
DA:73,13
DA:74,1
DA:75,1
DA:76,1
DA:77,1
DA:79,1
DA:81,0
DA:85,0
DA:89,14
DA:90,14
DA:94,33
DA:95,1
DA:96,0
DA:97,0
DA:99,1
DA:100,1
DA:104,33
DA:105,1
DA:106,1
DA:107,1
DA:112,1
DA:114,0
DA:118,33
DA:119,1
DA:122,33
DA:123,14
DA:124,14
DA:127,33
LF:77
LH:63
BRDA:52,0,0,14
BRDA:52,0,1,0
BRDA:56,1,0,1
BRDA:56,1,1,13
BRDA:56,2,0,14
BRDA:56,2,1,14
BRDA:76,3,0,1
BRDA:76,3,1,0
BRDA:79,4,0,1
BRDA:79,4,1,0
BRDA:90,5,0,13
BRDA:90,5,1,1
BRDA:95,6,0,0
BRDA:95,6,1,1
BRDA:105,7,0,0
BRDA:105,7,1,1
BRDA:119,8,0,1
BRDA:119,8,1,0
BRDA:124,9,0,14
BRDA:124,9,1,0
BRDA:147,10,0,33
BRDA:147,10,1,19
BRF:22
BRH:15
end_of_record
