TN:
SF:src/App.tsx
FN:12,(anonymous_0)
FN:13,(anonymous_1)
FN:14,(anonymous_2)
FN:15,(anonymous_3)
FN:16,(anonymous_4)
FN:17,(anonymous_5)
FN:18,(anonymous_6)
FN:19,(anonymous_7)
FN:20,(anonymous_8)
FN:21,(anonymous_9)
FN:22,(anonymous_10)
FN:23,(anonymous_11)
FN:26,(anonymous_12)
FN:27,(anonymous_13)
FN:28,(anonymous_14)
FN:30,(anonymous_15)
FN:40,(anonymous_16)
FNF:17
FNH:1
FNDA:0,(anonymous_0)
FNDA:0,(anonymous_1)
FNDA:0,(anonymous_2)
FNDA:0,(anonymous_3)
FNDA:0,(anonymous_4)
FNDA:0,(anonymous_5)
FNDA:0,(anonymous_6)
FNDA:0,(anonymous_7)
FNDA:0,(anonymous_8)
FNDA:0,(anonymous_9)
FNDA:0,(anonymous_10)
FNDA:0,(anonymous_11)
FNDA:0,(anonymous_12)
FNDA:0,(anonymous_13)
FNDA:0,(anonymous_14)
FNDA:5,(anonymous_15)
FNDA:0,(anonymous_16)
DA:12,1
DA:13,1
DA:14,1
DA:15,1
DA:16,1
DA:17,1
DA:18,1
DA:19,1
DA:20,1
DA:21,1
DA:22,1
DA:23,1
DA:26,1
DA:27,1
DA:28,1
DA:30,1
DA:31,5
DA:34,5
DA:37,4
DA:40,0
DA:41,0
DA:44,0
LF:22
LH:19
BRF:0
BRH:0
end_of_record
TN:
SF:src/components/AdvancedInteractiveDashboard.tsx
FN:10,(anonymous_0)
FN:41,(anonymous_1)
FN:46,(anonymous_2)
FN:53,(anonymous_3)
FN:59,(anonymous_4)
FN:65,(anonymous_5)
FN:67,(anonymous_6)
FN:220,(anonymous_7)
FN:224,(anonymous_8)
FNF:9
FNH:3
FNDA:4,(anonymous_0)
FNDA:3,(anonymous_1)
FNDA:3,(anonymous_2)
FNDA:0,(anonymous_3)
FNDA:0,(anonymous_4)
FNDA:0,(anonymous_5)
FNDA:0,(anonymous_6)
FNDA:0,(anonymous_7)
FNDA:0,(anonymous_8)
DA:10,1
DA:11,4
DA:12,4
DA:13,4
DA:14,4
DA:15,4
DA:17,4
DA:38,4
DA:41,4
DA:42,3
DA:46,4
DA:53,4
DA:54,0
DA:55,0
DA:56,0
DA:59,4
DA:60,0
DA:61,0
DA:62,0
DA:65,4
DA:66,0
DA:67,0
DA:68,0
DA:69,0
DA:73,4
DA:78,4
DA:221,0
DA:224,0
LF:28
LH:16
BRDA:54,0,0,0
BRDA:54,0,1,0
BRDA:55,1,0,0
BRDA:55,1,1,0
BRDA:60,2,0,0
BRDA:60,2,1,0
BRDA:61,3,0,0
BRDA:61,3,1,0
BRDA:161,4,0,0
BRDA:161,4,1,4
BRDA:185,5,0,0
BRDA:185,5,1,4
BRF:12
BRH:2
end_of_record
TN:
SF:src/components/AnimatedMetrics.tsx
FN:10,(anonymous_0)
FN:20,(anonymous_1)
FN:26,(anonymous_2)
FN:27,(anonymous_3)
FN:42,(anonymous_4)
FN:46,(anonymous_5)
FN:49,(anonymous_6)
FN:52,(anonymous_7)
FN:80,(anonymous_8)
FNF:9
FNH:3
FNDA:24,(anonymous_0)
FNDA:24,(anonymous_1)
FNDA:0,(anonymous_2)
FNDA:0,(anonymous_3)
FNDA:24,(anonymous_4)
FNDA:0,(anonymous_5)
FNDA:0,(anonymous_6)
FNDA:0,(anonymous_7)
FNDA:0,(anonymous_8)
DA:10,4
DA:16,24
DA:17,24
DA:18,24
DA:20,24
DA:23,24
DA:24,24
DA:25,24
DA:26,24
DA:27,0
DA:28,0
DA:29,0
DA:30,0
DA:31,0
DA:32,0
DA:33,0
DA:34,0
DA:36,0
DA:39,0
DA:42,24
DA:45,0
DA:47,0
DA:48,0
DA:49,0
DA:50,0
DA:52,0
DA:53,0
DA:54,0
DA:57,0
DA:59,0
DA:60,0
DA:62,0
DA:63,0
DA:65,0
DA:69,0
DA:76,0
DA:77,0
DA:80,0
DA:83,24
LF:39
LH:11
BRDA:12,0,0,0
BRDA:13,1,0,24
BRDA:14,2,0,24
BRDA:23,3,0,24
BRDA:23,3,1,0
BRDA:24,4,0,12
BRDA:24,4,1,12
BRDA:33,5,0,0
BRDA:33,5,1,0
BRDA:47,6,0,0
BRDA:47,6,1,0
BRDA:47,7,0,0
BRDA:47,7,1,0
BRDA:62,8,0,0
BRDA:62,8,1,0
BRDA:76,9,0,0
BRDA:76,9,1,0
BRF:17
BRH:5
end_of_record
TN:
SF:src/components/ClimateWidget.tsx
FN:35,(anonymous_0)
FN:42,(anonymous_1)
FN:56,(anonymous_2)
FN:67,(anonymous_3)
FN:72,(anonymous_4)
FN:82,(anonymous_5)
FN:83,(anonymous_6)
FN:100,(anonymous_7)
FN:103,(anonymous_8)
FN:110,(anonymous_9)
FN:150,(anonymous_10)
FNF:11
FNH:10
FNDA:9,(anonymous_0)
FNDA:3,(anonymous_1)
FNDA:3,(anonymous_2)
FNDA:3,(anonymous_3)
FNDA:10,(anonymous_4)
FNDA:1,(anonymous_5)
FNDA:3,(anonymous_6)
FNDA:1,(anonymous_7)
FNDA:54,(anonymous_8)
FNDA:0,(anonymous_9)
FNDA:5,(anonymous_10)
DA:26,1
DA:35,1
DA:36,9
DA:37,9
DA:38,9
DA:39,9
DA:40,9
DA:42,9
DA:43,3
DA:44,3
DA:45,3
DA:46,3
DA:47,3
DA:48,3
DA:50,0
DA:52,3
DA:56,9
DA:57,3
DA:58,3
DA:59,3
DA:60,3
DA:61,3
DA:63,0
DA:67,9
DA:68,3
DA:69,3
DA:72,9
DA:74,10
DA:75,10
DA:76,0
DA:77,0
DA:78,0
DA:79,0
DA:82,9
DA:83,3
DA:84,1
DA:85,1
DA:89,9
DA:100,1
DA:104,54
DA:111,0
DA:112,0
DA:151,5
LF:43
LH:35
BRDA:46,0,0,0
BRDA:46,0,1,3
BRDA:50,1,0,0
BRDA:50,1,1,0
BRDA:59,2,0,0
BRDA:59,2,1,3
BRDA:74,3,0,0
BRDA:74,3,1,10
BRDA:75,4,0,10
BRDA:75,4,1,0
BRDA:76,5,0,0
BRDA:76,5,1,0
BRDA:77,6,0,0
BRDA:77,6,1,0
BRDA:78,7,0,0
BRDA:78,7,1,0
BRDA:84,8,0,1
BRDA:84,8,1,0
BRDA:117,9,0,3
BRDA:117,9,1,6
BRDA:122,10,0,9
BRDA:122,10,1,0
BRDA:128,11,0,9
BRDA:128,11,1,5
BRDA:146,12,0,9
BRDA:146,12,1,5
BRF:26
BRH:12
end_of_record
TN:
SF:src/components/CommandCenterLayout.tsx
FN:19,(anonymous_0)
FN:27,(anonymous_1)
FN:34,(anonymous_2)
FN:39,(anonymous_3)
FN:47,(anonymous_4)
FN:52,(anonymous_5)
FN:55,(anonymous_6)
FN:60,(anonymous_7)
FN:93,(anonymous_8)
FN:96,(anonymous_9)
FN:128,(anonymous_10)
FN:128,(anonymous_11)
FN:161,(anonymous_12)
FN:161,(anonymous_13)
FN:167,(anonymous_14)
FNF:15
FNH:10
FNDA:0,(anonymous_0)
FNDA:18,(anonymous_1)
FNDA:4,(anonymous_2)
FNDA:1,(anonymous_3)
FNDA:1,(anonymous_4)
FNDA:1,(anonymous_5)
FNDA:1,(anonymous_6)
FNDA:1,(anonymous_7)
FNDA:1,(anonymous_8)
FNDA:3,(anonymous_9)
FNDA:0,(anonymous_10)
FNDA:0,(anonymous_11)
FNDA:0,(anonymous_12)
FNDA:0,(anonymous_13)
FNDA:2,(anonymous_14)
DA:19,1
DA:20,0
DA:21,0
DA:22,0
DA:23,0
DA:24,0
DA:27,1
DA:28,18
DA:34,1
DA:35,4
DA:36,3
DA:37,3
DA:38,3
DA:39,3
DA:40,1
DA:41,1
DA:43,0
DA:47,3
DA:48,1
DA:49,1
DA:52,3
DA:53,1
DA:55,1
DA:56,1
DA:57,1
DA:58,1
DA:60,1
DA:61,1
DA:63,1
DA:64,0
DA:67,1
DA:68,0
DA:73,1
DA:75,1
DA:76,1
DA:77,1
DA:78,1
DA:79,1
DA:80,1
DA:81,1
DA:82,1
DA:83,1
DA:85,0
DA:86,0
DA:88,1
DA:91,1
DA:92,1
DA:93,1
DA:96,3
DA:97,3
DA:98,3
DA:99,0
DA:101,3
DA:102,0
DA:107,3
DA:110,3
DA:112,3
DA:128,0
DA:161,0
DA:168,2
DA:169,2
DA:170,2
DA:171,2
DA:172,2
LF:64
LH:50
BRDA:21,0,0,0
BRDA:21,0,1,0
BRDA:21,1,0,0
BRDA:21,1,1,0
BRDA:22,2,0,0
BRDA:22,2,1,0
BRDA:23,3,0,0
BRDA:23,3,1,0
BRDA:23,4,0,0
BRDA:23,4,1,0
BRDA:27,5,0,0
BRDA:30,6,0,18
BRDA:30,6,1,18
BRDA:30,7,0,18
BRDA:30,7,1,0
BRDA:41,8,0,1
BRDA:41,8,1,1
BRDA:41,8,2,1
BRDA:48,9,0,0
BRDA:48,9,1,1
BRDA:57,10,0,1
BRDA:57,10,1,1
BRDA:57,10,2,1
BRDA:63,11,0,0
BRDA:63,11,1,1
BRDA:63,12,0,1
BRDA:63,12,1,0
BRDA:67,13,0,0
BRDA:67,13,1,1
BRDA:67,14,0,1
BRDA:67,14,1,1
BRDA:67,14,2,1
BRDA:76,15,0,0
BRDA:76,15,1,1
BRDA:80,16,0,0
BRDA:80,16,1,1
BRDA:98,17,0,0
BRDA:98,17,1,3
BRDA:98,18,0,3
BRDA:98,18,1,0
BRDA:101,19,0,0
BRDA:101,19,1,3
BRDA:101,20,0,3
BRDA:101,20,1,3
BRDA:101,20,2,3
BRDA:110,21,0,3
BRDA:110,21,1,3
BRDA:115,22,0,3
BRDA:115,22,1,1
BRDA:120,23,0,0
BRDA:120,23,1,3
BRDA:126,24,0,3
BRDA:126,24,1,3
BRDA:135,25,0,3
BRDA:135,25,1,3
BRDA:138,26,0,0
BRDA:138,26,1,3
BRDA:139,27,0,3
BRDA:139,27,1,0
BRDA:139,28,0,0
BRDA:139,28,1,0
BRDA:157,29,0,3
BRDA:157,29,1,3
BRDA:159,30,0,3
BRDA:159,30,1,3
BRDA:162,31,0,0
BRDA:162,31,1,3
BRDA:171,32,0,2
BRDA:171,32,1,0
BRDA:171,33,0,2
BRDA:171,33,1,2
BRDA:172,34,0,1
BRDA:172,34,1,1
BRDA:178,35,0,1
BRDA:178,35,1,2
BRDA:181,36,0,1
BRDA:181,36,1,2
BRF:77
BRH:49
end_of_record
TN:
SF:src/components/CommunityResilienceWidget.tsx
FN:25,(anonymous_0)
FN:41,(anonymous_1)
FN:52,(anonymous_2)
FN:87,(anonymous_3)
FN:88,(anonymous_4)
FN:102,(anonymous_5)
FN:103,(anonymous_6)
FN:118,(anonymous_7)
FN:129,(anonymous_8)
FNF:9
FNH:1
FNDA:2,(anonymous_0)
FNDA:0,(anonymous_1)
FNDA:0,(anonymous_2)
FNDA:0,(anonymous_3)
FNDA:0,(anonymous_4)
FNDA:0,(anonymous_5)
FNDA:0,(anonymous_6)
FNDA:0,(anonymous_7)
FNDA:0,(anonymous_8)
DA:5,3
DA:25,3
DA:26,2
DA:29,2
DA:30,2
DA:41,0
DA:42,0
DA:43,0
DA:44,0
DA:46,0
DA:47,0
DA:48,0
DA:49,0
DA:52,0
DA:53,0
DA:54,0
DA:55,0
DA:57,0
DA:70,0
DA:88,0
DA:89,0
DA:90,0
DA:102,0
DA:103,0
DA:119,0
DA:120,0
DA:121,0
DA:130,0
LF:28
LH:5
BRDA:29,0,0,2
BRDA:29,0,1,0
BRDA:29,1,0,2
BRDA:29,1,1,1
BRDA:42,2,0,0
BRDA:42,2,1,0
BRDA:44,3,0,0
BRDA:44,3,1,0
BRDA:47,4,0,0
BRDA:47,4,1,0
BRDA:48,5,0,0
BRDA:48,5,1,0
BRDA:53,6,0,0
BRDA:53,6,1,0
BRDA:55,7,0,0
BRDA:55,7,1,0
BRDA:116,8,0,0
BRDA:116,8,1,0
BRDA:120,9,0,0
BRDA:120,9,1,0
BRF:20
BRH:3
end_of_record
TN:
SF:src/components/DemoSection.tsx
FN:49,(anonymous_0)
FN:62,(anonymous_1)
FN:63,(anonymous_2)
FN:85,(anonymous_3)
FN:104,(anonymous_4)
FN:105,(anonymous_5)
FN:110,(anonymous_6)
FN:219,(anonymous_7)
FN:220,(anonymous_8)
FN:227,(anonymous_9)
FN:273,(anonymous_10)
FN:274,(anonymous_11)
FN:275,(anonymous_12)
FN:288,(anonymous_13)
FN:289,(anonymous_14)
FN:292,(anonymous_15)
FN:293,(anonymous_16)
FN:294,(anonymous_17)
FN:353,(anonymous_18)
FN:366,(anonymous_19)
FN:377,(anonymous_20)
FN:392,(anonymous_21)
FNF:22
FNH:7
FNDA:2,(anonymous_0)
FNDA:1,(anonymous_1)
FNDA:1,(anonymous_2)
FNDA:1,(anonymous_3)
FNDA:0,(anonymous_4)
FNDA:0,(anonymous_5)
FNDA:0,(anonymous_6)
FNDA:0,(anonymous_7)
FNDA:0,(anonymous_8)
FNDA:1,(anonymous_9)
FNDA:1,(anonymous_10)
FNDA:0,(anonymous_11)
FNDA:0,(anonymous_12)
FNDA:0,(anonymous_13)
FNDA:0,(anonymous_14)
FNDA:0,(anonymous_15)
FNDA:0,(anonymous_16)
FNDA:0,(anonymous_17)
FNDA:1,(anonymous_18)
FNDA:0,(anonymous_19)
FNDA:0,(anonymous_20)
FNDA:0,(anonymous_21)
DA:17,1
DA:49,1
DA:50,2
DA:51,2
DA:52,2
DA:53,2
DA:54,2
DA:55,2
DA:56,2
DA:57,2
DA:58,2
DA:59,2
DA:60,2
DA:62,2
DA:63,1
DA:64,1
DA:65,1
DA:66,1
DA:67,0
DA:69,1
DA:70,1
DA:71,1
DA:72,1
DA:74,0
DA:75,0
DA:77,1
DA:81,1
DA:83,1
DA:85,1
DA:88,2
DA:89,1
DA:96,1
DA:97,0
DA:104,1
DA:105,0
DA:106,0
DA:107,0
DA:110,1
DA:111,0
DA:113,0
DA:114,0
DA:124,0
DA:125,0
DA:128,0
DA:129,0
DA:131,0
DA:132,0
DA:133,0
DA:134,0
DA:135,0
DA:139,1
DA:220,0
DA:221,0
DA:228,1
DA:274,1
DA:275,0
DA:276,0
DA:289,0
DA:290,0
DA:292,0
DA:294,0
DA:295,0
DA:296,0
DA:297,0
DA:354,1
DA:366,0
DA:377,0
DA:392,0
LF:68
LH:35
BRDA:66,0,0,0
BRDA:66,0,1,1
BRDA:71,1,0,1
BRDA:71,1,1,0
BRDA:88,2,0,1
BRDA:88,2,1,1
BRDA:96,3,0,0
BRDA:96,3,1,1
BRDA:96,4,0,1
BRDA:96,4,1,1
BRDA:99,5,0,0
BRDA:99,5,1,0
BRDA:106,6,0,0
BRDA:106,6,1,0
BRDA:111,7,0,0
BRDA:111,7,1,0
BRDA:124,8,0,0
BRDA:124,8,1,0
BRDA:221,9,0,0
BRDA:221,9,1,0
BRDA:234,10,0,1
BRDA:234,10,1,1
BRDA:243,11,0,0
BRDA:243,11,1,1
BRDA:244,12,0,0
BRDA:244,12,1,1
BRDA:280,13,0,0
BRDA:280,13,1,0
BRDA:290,14,0,0
BRDA:290,14,1,0
BRDA:295,15,0,0
BRDA:295,15,1,0
BRDA:307,16,0,1
BRDA:307,16,1,0
BRDA:316,17,0,1
BRDA:316,17,1,0
BRDA:316,17,2,0
BRDA:388,18,0,1
BRDA:388,18,1,0
BRDA:396,19,0,0
BRDA:396,19,1,0
BRDA:398,20,0,0
BRDA:398,20,1,0
BRDA:441,21,0,1
BRDA:441,21,1,0
BRF:45
BRH:15
end_of_record
TN:
SF:src/components/EnhancedRiskDashboard.tsx
FN:26,(anonymous_0)
FN:35,(anonymous_1)
FN:92,(anonymous_2)
FN:97,(anonymous_3)
FN:107,(anonymous_4)
FN:110,(anonymous_5)
FN:113,(anonymous_6)
FN:123,(anonymous_7)
FN:131,(anonymous_8)
FN:137,(anonymous_9)
FN:148,(anonymous_10)
FN:155,(anonymous_11)
FN:156,(anonymous_12)
FN:157,(anonymous_13)
FN:158,(anonymous_14)
FN:206,(anonymous_15)
FN:216,(anonymous_16)
FN:231,(anonymous_17)
FN:299,(anonymous_18)
FN:301,(anonymous_19)
FN:322,(anonymous_20)
FN:339,(anonymous_21)
FNF:22
FNH:19
FNDA:30,(anonymous_0)
FNDA:14,(anonymous_1)
FNDA:1,(anonymous_2)
FNDA:0,(anonymous_3)
FNDA:14,(anonymous_4)
FNDA:14,(anonymous_5)
FNDA:46,(anonymous_6)
FNDA:48,(anonymous_7)
FNDA:48,(anonymous_8)
FNDA:1,(anonymous_9)
FNDA:48,(anonymous_10)
FNDA:48,(anonymous_11)
FNDA:48,(anonymous_12)
FNDA:48,(anonymous_13)
FNDA:48,(anonymous_14)
FNDA:1,(anonymous_15)
FNDA:0,(anonymous_16)
FNDA:48,(anonymous_17)
FNDA:0,(anonymous_18)
FNDA:120,(anonymous_19)
FNDA:46,(anonymous_20)
FNDA:138,(anonymous_21)
DA:26,1
DA:27,30
DA:28,30
DA:29,30
DA:30,30
DA:31,30
DA:32,30
DA:35,30
DA:36,14
DA:81,14
DA:87,14
DA:88,14
DA:92,30
DA:93,1
DA:94,1
DA:97,1
DA:98,0
DA:99,0
DA:102,0
DA:103,0
DA:107,30
DA:109,14
DA:110,14
DA:113,30
DA:114,46
DA:115,0
DA:116,15
DA:117,16
DA:118,15
DA:119,0
DA:123,30
DA:124,48
DA:125,32
DA:126,0
DA:127,16
DA:131,30
DA:132,48
DA:133,48
DA:134,48
DA:137,30
DA:138,1
DA:139,1
DA:140,1
DA:141,1
DA:142,1
DA:143,1
DA:144,1
DA:148,48
DA:154,30
DA:155,48
DA:156,48
DA:157,48
DA:158,48
DA:161,30
DA:206,1
DA:216,0
DA:232,48
DA:299,0
DA:302,120
DA:323,46
DA:340,138
LF:61
LH:52
BRDA:114,0,0,0
BRDA:114,0,1,15
BRDA:114,0,2,16
BRDA:114,0,3,15
BRDA:114,0,4,0
BRDA:124,1,0,32
BRDA:124,1,1,0
BRDA:124,1,2,16
BRDA:132,2,0,48
BRDA:132,2,1,3
BRDA:133,3,0,48
BRDA:133,3,1,0
BRDA:134,4,0,48
BRDA:134,4,1,46
BRDA:180,5,0,1
BRDA:180,5,1,29
BRDA:247,6,0,32
BRDA:247,6,1,16
BRDA:248,7,0,16
BRDA:248,7,1,0
BRDA:249,8,0,0
BRDA:249,8,1,0
BRDA:347,9,0,30
BRDA:347,9,1,14
BRF:24
BRH:17
end_of_record
TN:
SF:src/components/ErrorBoundary.tsx
FN:17,(anonymous_0)
FN:22,(anonymous_1)
FN:26,(anonymous_2)
FN:36,(anonymous_3)
FNF:4
FNH:0
FNDA:0,(anonymous_0)
FNDA:0,(anonymous_1)
FNDA:0,(anonymous_2)
FNDA:0,(anonymous_3)
DA:13,0
DA:19,0
DA:23,0
DA:27,0
DA:28,0
DA:36,0
DA:54,0
LF:7
LH:0
BRDA:27,0,0,0
BRDA:27,0,1,0
BRDA:41,1,0,0
BRDA:41,1,1,0
BRDA:41,1,2,0
BRF:5
BRH:0
end_of_record
TN:
SF:src/components/EthicalVectorDisplay.tsx
FN:22,(anonymous_0)
FN:26,(anonymous_1)
FN:32,(anonymous_2)
FN:38,(anonymous_3)
FNF:4
FNH:1
FNDA:1,(anonymous_0)
FNDA:0,(anonymous_1)
FNDA:0,(anonymous_2)
FNDA:0,(anonymous_3)
DA:22,2
DA:23,1
DA:25,1
DA:26,1
DA:27,0
DA:28,0
DA:29,0
DA:32,1
DA:33,0
DA:34,0
DA:35,0
DA:38,1
DA:39,0
DA:40,0
DA:41,0
DA:44,1
DA:45,1
DA:56,0
DA:58,0
LF:19
LH:8
BRDA:22,0,0,0
BRDA:25,1,0,0
BRDA:25,1,1,1
BRDA:25,2,0,1
BRDA:25,2,1,1
BRDA:27,3,0,0
BRDA:27,3,1,0
BRDA:28,4,0,0
BRDA:28,4,1,0
BRDA:33,5,0,0
BRDA:33,5,1,0
BRDA:34,6,0,0
BRDA:34,6,1,0
BRDA:39,7,0,0
BRDA:39,7,1,0
BRDA:40,8,0,0
BRDA:40,8,1,0
BRDA:44,9,0,1
BRDA:44,9,1,0
BRDA:44,10,0,1
BRDA:44,10,1,1
BRDA:49,11,0,1
BRDA:49,11,1,1
BRF:23
BRH:8
end_of_record
TN:
SF:src/components/FAQSection.tsx
FN:10,(anonymous_0)
FNF:1
FNH:1
FNDA:5,(anonymous_0)
DA:10,1
DA:11,5
LF:2
LH:2
BRF:0
BRH:0
end_of_record
TN:
SF:src/components/FeaturesSection.tsx
FN:5,(anonymous_0)
FNF:1
FNH:1
FNDA:11,(anonymous_0)
DA:5,1
DA:6,11
LF:2
LH:2
BRF:0
BRH:0
end_of_record
TN:
SF:src/components/FoodSecurityDashboard.tsx
FN:25,(anonymous_0)
FN:29,(anonymous_1)
FN:32,(anonymous_2)
FN:35,(anonymous_3)
FN:43,(anonymous_4)
FN:45,(anonymous_5)
FN:51,(anonymous_6)
FN:87,(anonymous_7)
FNF:8
FNH:1
FNDA:2,(anonymous_0)
FNDA:0,(anonymous_1)
FNDA:0,(anonymous_2)
FNDA:0,(anonymous_3)
FNDA:0,(anonymous_4)
FNDA:0,(anonymous_5)
FNDA:0,(anonymous_6)
FNDA:0,(anonymous_7)
DA:25,3
DA:26,2
DA:29,2
DA:32,2
DA:35,2
DA:43,2
DA:45,2
DA:46,0
DA:47,0
DA:48,0
DA:51,2
DA:52,0
DA:53,0
DA:54,0
DA:58,2
DA:59,2
DA:70,0
DA:88,0
LF:18
LH:10
BRDA:25,0,0,1
BRDA:29,1,0,0
BRDA:29,1,1,2
BRDA:32,2,0,0
BRDA:32,2,1,2
BRDA:35,3,0,2
BRDA:35,3,1,0
BRDA:43,4,0,0
BRDA:43,4,1,2
BRDA:43,5,0,2
BRDA:43,5,1,2
BRDA:46,6,0,0
BRDA:46,6,1,0
BRDA:47,7,0,0
BRDA:47,7,1,0
BRDA:52,8,0,0
BRDA:52,8,1,0
BRDA:53,9,0,0
BRDA:53,9,1,0
BRDA:58,10,0,2
BRDA:58,10,1,0
BRDA:58,11,0,2
BRDA:58,11,1,1
BRDA:87,12,0,0
BRDA:87,12,1,0
BRDA:99,13,0,0
BRDA:99,13,1,0
BRF:27
BRH:10
end_of_record
TN:
SF:src/components/HeroSection.tsx
FN:7,(anonymous_0)
FN:11,(anonymous_1)
FN:19,(anonymous_2)
FN:42,animate
FN:47,(anonymous_4)
FN:84,(anonymous_5)
FN:89,(anonymous_6)
FN:93,(anonymous_7)
FN:106,(anonymous_8)
FN:107,(anonymous_9)
FN:110,(anonymous_10)
FN:155,(anonymous_11)
FN:163,(anonymous_12)
FNF:13
FNH:12
FNDA:17,(anonymous_0)
FNDA:12,(anonymous_1)
FNDA:12,(anonymous_2)
FNDA:186,animate
FNDA:22320,(anonymous_4)
FNDA:12,(anonymous_5)
FNDA:1,(anonymous_6)
FNDA:1,(anonymous_7)
FNDA:1,(anonymous_8)
FNDA:1,(anonymous_9)
FNDA:1,(anonymous_10)
FNDA:0,(anonymous_11)
FNDA:3,(anonymous_12)
DA:7,1
DA:8,17
DA:9,17
DA:11,17
DA:12,12
DA:13,12
DA:15,12
DA:16,12
DA:19,12
DA:20,12
DA:21,12
DA:24,12
DA:25,12
DA:28,12
DA:29,12
DA:31,12
DA:32,1440
DA:43,186
DA:44,186
DA:47,186
DA:48,22320
DA:49,22320
DA:50,22320
DA:51,22320
DA:54,22320
DA:57,22320
DA:58,22320
DA:59,22320
DA:64,186
DA:65,22320
DA:66,1328040
DA:67,1328040
DA:68,1328040
DA:70,1328040
DA:71,1328040
DA:72,1328040
DA:73,1328040
DA:74,1328040
DA:75,1328040
DA:76,1328040
DA:82,12
DA:84,12
DA:85,12
DA:89,17
DA:90,1
DA:91,1
DA:92,1
DA:93,1
DA:94,1
DA:99,17
DA:106,1
DA:107,1
DA:110,1
DA:155,0
DA:163,3
LF:55
LH:54
BRDA:13,0,0,0
BRDA:13,0,1,12
BRDA:16,1,0,0
BRDA:16,1,1,12
BRDA:37,2,0,414
BRDA:37,2,1,1026
BRDA:57,3,0,22320
BRDA:57,3,1,0
BRDA:70,4,0,1328040
BRDA:70,4,1,0
BRDA:92,5,0,1
BRDA:92,5,1,0
BRDA:104,6,0,17
BRDA:104,6,1,3
BRF:14
BRH:9
end_of_record
TN:
SF:src/components/IntelligenceReportWidget.tsx
FN:3,(anonymous_0)
FN:6,(anonymous_1)
FN:8,(anonymous_2)
FN:9,(anonymous_3)
FN:10,(anonymous_4)
FNF:5
FNH:5
FNDA:16,(anonymous_0)
FNDA:10,(anonymous_1)
FNDA:8,(anonymous_2)
FNDA:7,(anonymous_3)
FNDA:2,(anonymous_4)
DA:3,1
DA:4,16
DA:6,16
DA:7,10
DA:8,8
DA:9,7
DA:10,2
DA:13,16
DA:15,6
LF:9
LH:9
BRDA:13,0,0,10
BRDA:13,0,1,6
BRF:2
BRH:2
end_of_record
TN:
SF:src/components/InteractiveDashboard.tsx
FN:21,(anonymous_0)
FN:87,fetchPrediction
FN:120,(anonymous_2)
FN:126,(anonymous_3)
FN:161,(anonymous_4)
FN:175,(anonymous_5)
FN:184,(anonymous_6)
FN:233,(anonymous_7)
FNF:8
FNH:6
FNDA:3,(anonymous_0)
FNDA:1,fetchPrediction
FNDA:1,(anonymous_2)
FNDA:1,(anonymous_3)
FNDA:0,(anonymous_4)
FNDA:0,(anonymous_5)
FNDA:1,(anonymous_6)
FNDA:1,(anonymous_7)
DA:21,1
DA:22,3
DA:23,3
DA:24,3
DA:25,3
DA:26,3
DA:27,3
DA:30,3
DA:76,3
DA:80,3
DA:82,3
DA:85,3
DA:88,1
DA:89,1
DA:90,1
DA:91,1
DA:100,1
DA:105,1
DA:106,0
DA:107,0
DA:109,1
DA:110,1
DA:111,1
DA:113,0
DA:115,1
DA:120,3
DA:121,1
DA:122,1
DA:123,0
DA:126,3
DA:127,1
DA:128,1
DA:129,0
DA:132,3
DA:161,0
DA:175,0
DA:184,1
DA:234,1
LF:38
LH:31
BRDA:76,0,0,3
BRDA:76,0,1,0
BRDA:77,1,0,0
BRDA:77,1,1,0
BRDA:85,2,0,3
BRDA:85,2,1,3
BRDA:85,2,2,3
BRDA:105,3,0,0
BRDA:105,3,1,1
BRDA:107,4,0,0
BRDA:107,4,1,0
BRDA:121,5,0,0
BRDA:121,5,1,1
BRDA:122,6,0,1
BRDA:122,6,1,0
BRDA:127,7,0,0
BRDA:127,7,1,1
BRDA:128,8,0,1
BRDA:128,8,1,0
BRDA:187,9,0,1
BRDA:187,9,1,2
BRDA:191,10,0,3
BRDA:191,10,1,1
BRDA:200,11,0,1
BRDA:200,11,1,0
BRDA:215,12,0,0
BRDA:215,12,1,1
BRDA:216,13,0,1
BRDA:216,13,1,0
BRDA:233,14,0,1
BRDA:233,14,1,0
BRDA:235,15,0,1
BRDA:235,15,1,0
BRDA:239,16,0,1
BRDA:239,16,1,0
BRDA:240,17,0,0
BRDA:240,17,1,0
BRDA:242,18,0,1
BRDA:242,18,1,0
BRDA:245,19,0,1
BRDA:245,19,1,0
BRDA:245,20,0,1
BRDA:245,20,1,0
BRDA:245,21,0,1
BRDA:245,21,1,0
BRDA:245,22,0,0
BRDA:245,22,1,0
BRDA:284,23,0,1
BRDA:284,23,1,0
BRDA:284,24,0,0
BRDA:284,24,1,0
BRF:51
BRH:24
end_of_record
TN:
SF:src/components/MissionGallery.tsx
FN:21,(anonymous_0)
FN:25,(anonymous_1)
FN:27,(anonymous_2)
FN:28,(anonymous_3)
FN:29,(anonymous_4)
FN:31,(anonymous_5)
FN:38,(anonymous_6)
FN:43,(anonymous_7)
FN:44,(anonymous_8)
FN:64,(anonymous_9)
FN:70,(anonymous_10)
FN:108,(anonymous_11)
FN:116,(anonymous_12)
FNF:13
FNH:7
FNDA:0,(anonymous_0)
FNDA:0,(anonymous_1)
FNDA:0,(anonymous_2)
FNDA:0,(anonymous_3)
FNDA:0,(anonymous_4)
FNDA:0,(anonymous_5)
FNDA:11,(anonymous_6)
FNDA:8,(anonymous_7)
FNDA:8,(anonymous_8)
FNDA:2,(anonymous_9)
FNDA:4,(anonymous_10)
FNDA:4,(anonymous_11)
FNDA:2,(anonymous_12)
DA:21,5
DA:22,0
DA:23,0
DA:25,0
DA:26,0
DA:27,0
DA:28,0
DA:29,0
DA:31,0
DA:35,0
DA:38,5
DA:39,11
DA:40,11
DA:41,11
DA:43,11
DA:44,8
DA:45,8
DA:46,8
DA:47,8
DA:48,0
DA:50,8
DA:51,8
DA:53,0
DA:54,0
DA:55,0
DA:57,8
DA:61,8
DA:64,11
DA:65,2
DA:66,2
DA:70,11
DA:71,4
DA:77,11
DA:78,8
DA:86,3
DA:87,0
DA:95,3
DA:109,4
DA:116,2
LF:39
LH:25
BRDA:21,0,0,0
BRDA:26,1,0,0
BRDA:26,1,1,0
BRDA:47,2,0,0
BRDA:47,2,1,8
BRDA:51,3,0,8
BRDA:51,3,1,5
BRDA:65,4,0,2
BRDA:65,4,1,0
BRDA:66,5,0,1
BRDA:66,5,1,1
BRDA:77,6,0,8
BRDA:77,6,1,3
BRDA:86,7,0,0
BRDA:86,7,1,3
BRDA:102,8,0,1
BRDA:102,8,1,2
BRDA:112,9,0,1
BRDA:112,9,1,3
BRDA:124,10,0,2
BRDA:124,10,1,2
BRDA:128,11,0,4
BRDA:128,11,1,2
BRF:23
BRH:17
end_of_record
TN:
SF:src/components/NativeModeBanner.tsx
FN:3,(anonymous_0)
FNF:1
FNH:0
FNDA:0,(anonymous_0)
DA:3,1
DA:4,0
DA:5,0
DA:6,0
LF:4
LH:1
BRDA:4,0,0,0
BRDA:4,0,1,0
BRDA:4,0,2,0
BRDA:5,1,0,0
BRDA:5,1,1,0
BRF:5
BRH:0
end_of_record
TN:
SF:src/components/Navbar.tsx
FN:7,(anonymous_0)
FN:13,(anonymous_1)
FN:14,(anonymous_2)
FN:23,(anonymous_3)
FN:56,(anonymous_4)
FN:73,(anonymous_5)
FN:98,(anonymous_6)
FN:103,(anonymous_7)
FNF:8
FNH:8
FNDA:41,(anonymous_0)
FNDA:19,(anonymous_1)
FNDA:1,(anonymous_2)
FNDA:19,(anonymous_3)
FNDA:315,(anonymous_4)
FNDA:2,(anonymous_5)
FNDA:18,(anonymous_6)
FNDA:1,(anonymous_7)
DA:7,3
DA:8,41
DA:9,41
DA:10,41
DA:11,41
DA:13,41
DA:14,19
DA:15,1
DA:16,1
DA:18,0
DA:22,19
DA:23,19
DA:26,41
DA:38,41
DA:57,315
DA:73,2
DA:99,18
DA:103,1
LF:18
LH:17
BRDA:15,0,0,1
BRDA:15,0,1,0
BRDA:42,1,0,1
BRDA:42,1,1,40
BRDA:54,2,0,35
BRDA:54,2,1,6
BRDA:82,3,0,2
BRDA:82,3,1,4
BRDA:95,4,0,41
BRDA:95,4,1,2
BRDA:95,4,2,2
BRF:11
BRH:10
end_of_record
TN:
SF:src/components/ProphecyWidget.tsx
FN:3,(anonymous_0)
FNF:1
FNH:1
FNDA:11,(anonymous_0)
DA:3,1
DA:4,11
LF:2
LH:2
BRF:0
BRH:0
end_of_record
TN:
SF:src/components/SeismicMapWidget.tsx
FN:16,(anonymous_0)
FN:24,(anonymous_1)
FN:31,(anonymous_2)
FN:35,(anonymous_3)
FN:63,(anonymous_4)
FN:73,(anonymous_5)
FN:80,(anonymous_6)
FN:115,(anonymous_7)
FN:139,(anonymous_8)
FN:140,(anonymous_9)
FN:156,(anonymous_10)
FN:163,(anonymous_11)
FN:164,(anonymous_12)
FN:196,(anonymous_13)
FNF:14
FNH:10
FNDA:13,(anonymous_0)
FNDA:1,(anonymous_1)
FNDA:1,(anonymous_2)
FNDA:1,(anonymous_3)
FNDA:1,(anonymous_4)
FNDA:1,(anonymous_5)
FNDA:1,(anonymous_6)
FNDA:0,(anonymous_7)
FNDA:1,(anonymous_8)
FNDA:0,(anonymous_9)
FNDA:1,(anonymous_10)
FNDA:0,(anonymous_11)
FNDA:0,(anonymous_12)
FNDA:1,(anonymous_13)
DA:6,2
DA:16,2
DA:17,13
DA:18,10
DA:19,7
DA:20,4
DA:21,2
DA:24,2
DA:25,1
DA:26,1
DA:29,1
DA:31,1
DA:35,1
DA:37,1
DA:38,1
DA:42,0
DA:43,0
DA:44,0
DA:45,0
DA:47,0
DA:63,1
DA:64,1
DA:65,1
DA:68,1
DA:70,1
DA:73,1
DA:74,1
DA:75,1
DA:76,1
DA:77,0
DA:80,1
DA:81,1
DA:85,1
DA:86,0
DA:100,1
DA:115,0
DA:140,1
DA:141,0
DA:157,1
DA:158,1
DA:159,1
DA:163,0
DA:164,0
DA:197,1
LF:44
LH:33
BRDA:17,0,0,3
BRDA:17,0,1,10
BRDA:18,1,0,3
BRDA:18,1,1,7
BRDA:19,2,0,3
BRDA:19,2,1,4
BRDA:19,3,0,7
BRDA:19,3,1,3
BRDA:20,4,0,2
BRDA:20,4,1,2
BRDA:20,5,0,4
BRDA:20,5,1,2
BRDA:37,6,0,1
BRDA:37,6,1,0
BRDA:37,7,0,1
BRDA:37,7,1,1
BRDA:37,7,2,1
BRDA:37,7,3,1
BRDA:42,8,0,0
BRDA:42,8,1,0
BRDA:42,8,2,0
BRDA:42,8,3,0
BRDA:42,8,4,0
BRDA:43,9,0,0
BRDA:43,9,1,0
BRDA:43,9,2,0
BRDA:43,9,3,0
BRDA:44,10,0,0
BRDA:44,10,1,0
BRDA:44,10,2,0
BRDA:44,10,3,0
BRDA:45,11,0,0
BRDA:45,11,1,0
BRDA:45,11,2,0
BRDA:48,12,0,0
BRDA:48,12,1,0
BRDA:53,13,0,0
BRDA:53,13,1,0
BRDA:53,13,2,0
BRDA:54,14,0,0
BRDA:54,14,1,0
BRDA:54,14,2,0
BRDA:55,15,0,0
BRDA:55,15,1,0
BRDA:55,15,2,0
BRDA:63,16,0,1
BRDA:63,16,1,0
BRDA:64,17,0,1
BRDA:64,17,1,0
BRDA:65,18,0,1
BRDA:65,18,1,0
BRDA:68,19,0,1
BRDA:68,19,1,1
BRDA:68,19,2,1
BRDA:68,19,3,1
BRDA:70,20,0,1
BRDA:70,20,1,1
BRDA:74,21,0,0
BRDA:74,21,1,1
BRDA:75,22,0,0
BRDA:75,22,1,1
BRDA:76,23,0,1
BRDA:76,23,1,0
BRDA:85,24,0,0
BRDA:85,24,1,1
BRDA:85,25,0,1
BRDA:85,25,1,1
BRDA:110,26,0,1
BRDA:110,26,1,1
BRDA:110,26,2,0
BRDA:110,26,3,0
BRDA:110,26,4,0
BRDA:110,26,5,0
BRDA:110,26,6,0
BRDA:110,26,7,0
BRDA:110,26,8,1
BRDA:179,27,0,1
BRDA:179,27,1,0
BRDA:204,28,0,1
BRDA:204,28,1,0
BRF:80
BRH:37
end_of_record
TN:
SF:src/components/dashboard/CIMetricsWidget.tsx
FN:10,(anonymous_0)
FN:20,(anonymous_1)
FN:22,(anonymous_2)
FN:34,(anonymous_3)
FNF:4
FNH:4
FNDA:16,(anonymous_0)
FNDA:12,(anonymous_1)
FNDA:4,(anonymous_2)
FNDA:12,(anonymous_3)
DA:10,1
DA:11,16
DA:18,16
DA:20,16
DA:22,12
DA:23,4
DA:27,4
DA:28,4
DA:29,4
DA:33,12
DA:34,12
DA:37,16
LF:12
LH:12
BRDA:55,0,0,16
BRDA:55,0,1,0
BRDA:60,1,0,16
BRDA:60,1,1,4
BRF:4
BRH:3
end_of_record
TN:
SF:src/components/dashboard/ProgressRing.tsx
FN:10,(anonymous_0)
FNF:1
FNH:1
FNDA:17,(anonymous_0)
DA:10,1
DA:11,17
DA:12,17
DA:13,17
DA:14,17
DA:16,17
LF:6
LH:6
BRDA:10,0,0,15
BRDA:10,1,0,15
BRF:2
BRH:2
end_of_record
TN:
SF:src/components/demos/GrowthDemoDashboard.tsx
FN:11,(anonymous_0)
FN:14,(anonymous_1)
FNF:2
FNH:1
FNDA:2,(anonymous_0)
FNDA:0,(anonymous_1)
DA:11,4
DA:12,2
DA:14,2
DA:16,0
DA:17,0
DA:20,2
LF:6
LH:4
BRDA:16,0,0,0
BRDA:16,0,1,0
BRDA:34,1,0,2
BRDA:34,1,1,0
BRF:4
BRH:1
end_of_record
TN:
SF:src/components/demos/PantheonDemoDashboard.tsx
FN:9,(anonymous_0)
FNF:1
FNH:1
FNDA:1,(anonymous_0)
DA:9,3
DA:10,1
LF:2
LH:2
BRF:0
BRH:0
end_of_record
TN:
SF:src/components/demos/StarterDemoDashboard.tsx
FN:12,(anonymous_0)
FNF:1
FNH:1
FNDA:3,(anonymous_0)
DA:12,5
DA:13,3
LF:2
LH:2
BRF:0
BRH:0
end_of_record
TN:
SF:src/components/metatron/FlowsStatus.tsx
FN:3,(anonymous_0)
FN:4,(anonymous_1)
FN:5,(anonymous_2)
FNF:3
FNH:3
FNDA:1,(anonymous_0)
FNDA:3,(anonymous_1)
FNDA:3,(anonymous_2)
DA:3,1
DA:4,3
DA:5,3
DA:7,1
LF:4
LH:4
BRDA:4,0,0,0
BRDA:4,0,1,3
BRDA:5,1,0,0
BRDA:5,1,1,3
BRDA:19,2,0,0
BRDA:19,2,1,1
BRDA:31,3,0,0
BRDA:31,3,1,1
BRDA:43,4,0,0
BRDA:43,4,1,1
BRF:10
BRH:5
end_of_record
TN:
SF:src/components/metatron/MetatronPanelWidget.tsx
FN:13,(anonymous_0)
FN:28,(anonymous_1)
FN:73,(anonymous_2)
FN:93,(anonymous_3)
FN:120,(anonymous_4)
FN:143,(anonymous_5)
FNF:6
FNH:6
FNDA:18,(anonymous_0)
FNDA:45,(anonymous_1)
FNDA:45,(anonymous_2)
FNDA:42,(anonymous_3)
FNDA:1,(anonymous_4)
FNDA:38,(anonymous_5)
DA:13,2
DA:24,18
DA:25,18
DA:26,18
DA:28,18
DA:29,45
DA:30,15
DA:31,15
DA:32,15
DA:33,0
DA:37,18
DA:74,45
DA:94,42
DA:120,1
DA:144,38
LF:15
LH:14
BRDA:24,0,0,18
BRDA:24,0,1,2
BRDA:25,1,0,18
BRDA:25,1,1,3
BRDA:26,2,0,18
BRDA:26,2,1,3
BRDA:29,3,0,15
BRDA:29,3,1,15
BRDA:29,3,2,15
BRDA:29,3,3,0
BRDA:46,4,0,15
BRDA:46,4,1,3
BRDA:47,5,0,15
BRDA:47,5,1,3
BRDA:51,6,0,1
BRDA:51,6,1,17
BRDA:53,7,0,1
BRDA:53,7,1,17
BRDA:97,8,0,14
BRDA:97,8,1,28
BRDA:98,9,0,14
BRDA:98,9,1,14
BRDA:99,10,0,14
BRDA:99,10,1,0
BRDA:103,11,0,42
BRDA:103,11,1,0
BRDA:105,12,0,42
BRDA:105,12,1,0
BRF:28
BRH:24
end_of_record
TN:
SF:src/components/ui/accordion.tsx
FN:12,(anonymous_0)
FN:24,(anonymous_1)
FN:44,(anonymous_2)
FNF:3
FNH:3
FNDA:25,(anonymous_0)
FNDA:25,(anonymous_1)
FNDA:25,(anonymous_2)
DA:7,1
DA:9,1
DA:13,25
DA:19,1
DA:21,1
DA:25,25
DA:39,1
DA:41,1
DA:45,25
DA:54,1
LF:10
LH:10
BRF:0
BRH:0
end_of_record
TN:
SF:src/components/ui/button.tsx
FN:43,(anonymous_0)
FNF:1
FNH:1
FNDA:153,(anonymous_0)
DA:7,11
DA:42,11
DA:44,153
DA:45,153
DA:54,11
LF:5
LH:5
BRDA:43,0,0,153
BRDA:44,1,0,0
BRDA:44,1,1,153
BRF:3
BRH:2
end_of_record
TN:
SF:src/components/ui/card.tsx
FN:8,(anonymous_0)
FN:23,(anonymous_1)
FN:35,(anonymous_2)
FN:50,(anonymous_3)
FN:62,(anonymous_4)
FN:70,(anonymous_5)
FNF:6
FNH:4
FNDA:365,(anonymous_0)
FNDA:217,(anonymous_1)
FNDA:217,(anonymous_2)
FNDA:0,(anonymous_3)
FNDA:335,(anonymous_4)
FNDA:0,(anonymous_5)
DA:5,11
DA:9,365
DA:18,11
DA:20,11
DA:24,217
DA:30,11
DA:32,11
DA:36,217
DA:45,11
DA:47,11
DA:51,0
DA:57,11
DA:59,11
DA:63,335
DA:65,11
DA:67,11
DA:71,0
DA:77,11
LF:18
LH:16
BRF:0
BRH:0
end_of_record
TN:
SF:src/components/ui/dialog.tsx
FN:18,(anonymous_0)
FN:33,(anonymous_1)
FN:54,(anonymous_2)
FN:68,(anonymous_3)
FN:85,(anonymous_4)
FN:100,(anonymous_5)
FNF:6
FNH:2
FNDA:2,(anonymous_0)
FNDA:15,(anonymous_1)
FNDA:0,(anonymous_2)
FNDA:0,(anonymous_3)
FNDA:0,(anonymous_4)
FNDA:0,(anonymous_5)
DA:7,1
DA:9,1
DA:11,1
DA:13,1
DA:15,1
DA:19,2
DA:28,1
DA:30,1
DA:34,15
DA:52,1
DA:54,1
DA:58,0
DA:66,1
DA:68,1
DA:72,0
DA:80,1
DA:82,1
DA:86,0
DA:95,1
DA:97,1
DA:101,0
DA:107,1
LF:22
LH:18
BRF:0
BRH:0
end_of_record
TN:
SF:src/components/ui/lazy-image.tsx
FN:14,(anonymous_0)
FN:30,(anonymous_1)
FN:35,(anonymous_2)
FN:36,(anonymous_3)
FN:51,(anonymous_4)
FN:56,(anonymous_5)
FN:61,(anonymous_6)
FNF:7
FNH:0
FNDA:0,(anonymous_0)
FNDA:0,(anonymous_1)
FNDA:0,(anonymous_2)
FNDA:0,(anonymous_3)
FNDA:0,(anonymous_4)
FNDA:0,(anonymous_5)
FNDA:0,(anonymous_6)
DA:14,1
DA:24,0
DA:25,0
DA:26,0
DA:27,0
DA:28,0
DA:30,0
DA:31,0
DA:32,0
DA:34,0
DA:36,0
DA:37,0
DA:38,0
DA:39,0
DA:49,0
DA:51,0
DA:52,0
DA:56,0
DA:57,0
DA:58,0
DA:61,0
DA:62,0
DA:63,0
DA:66,0
DA:67,0
DA:69,0
LF:26
LH:1
BRDA:32,0,0,0
BRDA:32,0,1,0
BRDA:37,1,0,0
BRDA:37,1,1,0
BRDA:66,2,0,0
BRDA:66,2,1,0
BRDA:66,3,0,0
BRDA:66,3,1,0
BRDA:67,4,0,0
BRDA:67,4,1,0
BRDA:72,5,0,0
BRDA:72,5,1,0
BRDA:72,5,2,0
BRDA:74,6,0,0
BRDA:74,6,1,0
BRDA:87,7,0,0
BRDA:87,7,1,0
BRDA:106,8,0,0
BRDA:106,8,1,0
BRF:19
BRH:0
end_of_record
TN:
SF:src/components/ui/progress.tsx
FN:9,(anonymous_0)
FNF:1
FNH:0
FNDA:0,(anonymous_0)
DA:6,2
DA:10,0
DA:24,2
LF:3
LH:2
BRDA:20,0,0,0
BRDA:20,0,1,0
BRF:2
BRH:0
end_of_record
TN:
SF:src/components/ui/select.tsx
FN:16,(anonymous_0)
FN:36,(anonymous_1)
FN:53,(anonymous_2)
FN:71,(anonymous_3)
FN:103,(anonymous_4)
FN:115,(anonymous_5)
FN:138,(anonymous_6)
FNF:7
FNH:5
FNDA:36,(anonymous_0)
FNDA:40,(anonymous_1)
FNDA:40,(anonymous_2)
FNDA:36,(anonymous_3)
FNDA:0,(anonymous_4)
FNDA:83,(anonymous_5)
FNDA:0,(anonymous_6)
DA:7,8
DA:9,8
DA:11,8
DA:13,8
DA:17,36
DA:31,8
DA:33,8
DA:37,40
DA:48,8
DA:50,8
DA:54,40
DA:65,8
DA:68,8
DA:72,36
DA:98,8
DA:100,8
DA:104,0
DA:110,8
DA:112,8
DA:116,83
DA:133,8
DA:135,8
DA:139,0
DA:145,8
LF:24
LH:22
BRDA:71,0,0,36
BRDA:77,1,0,36
BRDA:77,1,1,36
BRDA:88,2,0,36
BRDA:88,2,1,36
BRF:5
BRH:5
end_of_record
TN:
SF:src/components/ui/slider.tsx
FN:9,(anonymous_0)
FNF:1
FNH:1
FNDA:38,(anonymous_0)
DA:6,3
DA:10,38
DA:24,3
LF:3
LH:3
BRF:0
BRH:0
end_of_record
TN:
SF:src/components/ui/tooltip.tsx
FN:15,(anonymous_0)
FNF:1
FNH:0
FNDA:0,(anonymous_0)
DA:6,1
DA:8,1
DA:10,1
DA:12,1
DA:16,0
DA:26,1
LF:6
LH:5
BRDA:15,0,0,0
BRF:1
BRH:0
end_of_record
TN:
SF:src/components/widgets/CommunityResilienceWidget.tsx
FN:16,(anonymous_0)
FN:20,(anonymous_1)
FN:29,(anonymous_2)
FN:36,(anonymous_3)
FN:46,(anonymous_4)
FN:55,(anonymous_5)
FNF:6
FNH:3
FNDA:11,(anonymous_0)
FNDA:0,(anonymous_1)
FNDA:0,(anonymous_2)
FNDA:55,(anonymous_3)
FNDA:55,(anonymous_4)
FNDA:0,(anonymous_5)
DA:6,1
DA:14,1
DA:16,1
DA:17,11
DA:18,11
DA:20,11
DA:21,0
DA:22,0
DA:25,11
DA:29,0
DA:37,55
DA:47,55
DA:55,0
LF:13
LH:9
BRDA:54,0,0,11
BRDA:54,0,1,0
BRF:2
BRH:1
end_of_record
TN:
SF:src/components/widgets/FoodSecurityWidget.tsx
FN:14,(anonymous_0)
FN:22,(anonymous_1)
FN:39,(anonymous_2)
FNF:3
FNH:1
FNDA:11,(anonymous_0)
FNDA:0,(anonymous_1)
FNDA:0,(anonymous_2)
DA:5,1
DA:14,1
DA:15,11
DA:16,11
DA:18,11
DA:22,0
DA:39,0
LF:7
LH:5
BRDA:38,0,0,11
BRDA:38,0,1,0
BRF:2
BRH:1
end_of_record
TN:
SF:src/components/widgets/SeismicMapWidget.tsx
FN:11,(anonymous_0)
FN:16,(anonymous_1)
FN:18,(anonymous_2)
FN:19,(anonymous_3)
FN:19,(anonymous_4)
FN:21,(anonymous_5)
FN:24,(anonymous_6)
FN:37,(anonymous_7)
FN:45,(anonymous_8)
FN:51,(anonymous_9)
FNF:10
FNH:4
FNDA:11,(anonymous_0)
FNDA:10,(anonymous_1)
FNDA:0,(anonymous_2)
FNDA:0,(anonymous_3)
FNDA:0,(anonymous_4)
FNDA:10,(anonymous_5)
FNDA:0,(anonymous_6)
FNDA:33,(anonymous_7)
FNDA:0,(anonymous_8)
FNDA:0,(anonymous_9)
DA:5,1
DA:11,1
DA:12,11
DA:13,11
DA:14,11
DA:16,11
DA:18,10
DA:19,0
DA:21,10
DA:24,11
DA:25,0
DA:26,0
DA:29,11
DA:38,33
DA:45,0
DA:51,0
LF:16
LH:11
BRDA:51,0,0,11
BRDA:51,0,1,0
BRF:2
BRH:1
end_of_record
TN:
SF:src/components/widgets/VectorEthicWidget.tsx
FN:13,(anonymous_0)
FN:17,(anonymous_1)
FN:26,(anonymous_2)
FN:40,(anonymous_3)
FNF:4
FNH:1
FNDA:11,(anonymous_0)
FNDA:0,(anonymous_1)
FNDA:0,(anonymous_2)
FNDA:0,(anonymous_3)
DA:5,1
DA:13,1
DA:14,11
DA:15,11
DA:17,11
DA:18,0
DA:19,0
DA:22,11
DA:26,0
DA:40,0
LF:10
LH:6
BRDA:40,0,0,11
BRDA:40,0,1,0
BRF:2
BRH:1
end_of_record
TN:
SF:src/components/widgets/XaiExplainModal.tsx
FN:11,(anonymous_0)
FN:18,(anonymous_1)
FN:21,(anonymous_2)
FN:48,(anonymous_3)
FN:75,(anonymous_4)
FNF:5
FNH:5
FNDA:12,(anonymous_0)
FNDA:4,(anonymous_1)
FNDA:3,(anonymous_2)
FNDA:3,(anonymous_3)
FNDA:2,(anonymous_4)
DA:11,3
DA:12,12
DA:13,12
DA:14,12
DA:15,12
DA:16,12
DA:18,12
DA:19,4
DA:20,3
DA:21,3
DA:22,3
DA:23,3
DA:24,3
DA:25,3
DA:26,3
DA:31,2
DA:32,2
DA:33,2
DA:35,2
DA:36,2
DA:37,2
DA:40,1
DA:41,1
DA:42,1
DA:44,3
DA:47,3
DA:48,3
DA:51,12
DA:53,9
DA:76,2
LF:30
LH:30
BRDA:19,0,0,1
BRDA:19,0,1,3
BRDA:31,1,0,0
BRDA:31,1,1,2
BRDA:33,2,0,0
BRDA:33,2,1,2
BRDA:35,3,0,2
BRDA:35,3,1,0
BRDA:35,3,2,0
BRDA:36,4,0,1
BRDA:36,4,1,1
BRDA:37,5,0,1
BRDA:37,5,1,1
BRDA:42,6,0,1
BRDA:42,6,1,0
BRDA:44,7,0,3
BRDA:44,7,1,0
BRDA:51,8,0,3
BRDA:51,8,1,9
BRDA:65,9,0,9
BRDA:65,9,1,3
BRDA:66,10,0,9
BRDA:66,10,1,6
BRDA:66,10,2,3
BRDA:69,11,0,3
BRDA:69,11,1,1
BRDA:72,12,0,3
BRDA:72,12,1,1
BRDA:72,12,2,1
BRDA:83,13,0,9
BRDA:83,13,1,6
BRDA:83,13,2,1
BRF:32
BRH:26
end_of_record
TN:
SF:src/hooks/use-mobile.tsx
FN:5,useIsMobile
FN:8,(anonymous_1)
FN:10,(anonymous_2)
FN:15,(anonymous_3)
FNF:4
FNH:3
FNDA:2,useIsMobile
FNDA:1,(anonymous_1)
FNDA:0,(anonymous_2)
FNDA:1,(anonymous_3)
DA:3,1
DA:6,2
DA:8,2
DA:9,1
DA:10,1
DA:11,0
DA:13,1
DA:14,1
DA:15,1
DA:18,2
LF:10
LH:9
BRF:0
BRH:0
end_of_record
TN:
SF:src/hooks/useLiveState.ts
FN:3,useLiveState
FN:8,(anonymous_1)
FN:14,(anonymous_2)
FN:27,(anonymous_3)
FN:30,(anonymous_4)
FNF:5
FNH:4
FNDA:4,useLiveState
FNDA:1,(anonymous_1)
FNDA:0,(anonymous_2)
FNDA:1,(anonymous_3)
FNDA:1,(anonymous_4)
DA:4,4
DA:5,4
DA:6,4
DA:8,4
DA:9,1
DA:10,1
DA:11,1
DA:12,1
DA:13,1
DA:14,0
DA:15,0
DA:17,1
DA:18,1
DA:20,0
DA:21,0
DA:23,1
DA:27,4
DA:28,1
DA:29,1
DA:30,1
DA:33,4
LF:21
LH:17
BRDA:3,0,0,4
BRDA:13,1,0,0
BRDA:13,1,1,1
BRDA:15,2,0,0
BRDA:15,2,1,0
BRDA:15,2,2,0
BRDA:21,3,0,0
BRDA:21,3,1,0
BRF:8
BRH:2
end_of_record
TN:
SF:src/hooks/usePrefetch.ts
FN:5,fetchJson
FN:25,(anonymous_1)
FN:28,(anonymous_2)
FN:34,(anonymous_3)
FN:40,(anonymous_4)
FN:50,(anonymous_5)
FN:59,(anonymous_6)
FN:67,(anonymous_7)
FN:77,(anonymous_8)
FN:81,(anonymous_9)
FN:83,(anonymous_10)
FN:87,(anonymous_11)
FN:90,(anonymous_12)
FN:91,(anonymous_13)
FNF:14
FNH:1
FNDA:0,fetchJson
FNDA:4,(anonymous_1)
FNDA:0,(anonymous_2)
FNDA:0,(anonymous_3)
FNDA:0,(anonymous_4)
FNDA:0,(anonymous_5)
FNDA:0,(anonymous_6)
FNDA:0,(anonymous_7)
FNDA:0,(anonymous_8)
FNDA:0,(anonymous_9)
FNDA:0,(anonymous_10)
FNDA:0,(anonymous_11)
FNDA:0,(anonymous_12)
FNDA:0,(anonymous_13)
DA:6,0
DA:7,0
DA:9,0
DA:10,0
DA:11,0
DA:13,0
DA:14,0
DA:16,0
DA:19,0
DA:20,0
DA:22,0
DA:25,1
DA:26,4
DA:28,0
DA:29,0
DA:31,0
DA:34,0
DA:40,0
DA:46,0
DA:50,0
DA:52,0
DA:54,0
DA:55,0
DA:57,0
DA:59,0
DA:63,0
DA:65,0
DA:67,0
DA:71,0
DA:73,0
DA:77,0
DA:81,0
DA:82,0
DA:83,0
DA:87,0
DA:89,0
DA:91,0
DA:92,0
DA:93,0
DA:94,0
DA:101,0
DA:104,0
LF:42
LH:2
BRDA:7,0,0,0
BRDA:7,0,1,0
BRDA:19,1,0,0
BRDA:19,1,1,0
BRDA:19,2,0,0
BRDA:19,2,1,0
BRDA:52,3,0,0
BRDA:52,3,1,0
BRDA:52,3,2,0
BRDA:52,3,3,0
BRDA:92,4,0,0
BRDA:92,4,1,0
BRF:12
BRH:0
end_of_record
TN:
SF:src/hooks/useServiceWorker.ts
FN:3,(anonymous_0)
FN:9,(anonymous_1)
FN:16,(anonymous_2)
FN:21,(anonymous_3)
FN:25,(anonymous_4)
FN:35,(anonymous_5)
FN:40,(anonymous_6)
FN:45,(anonymous_7)
FN:51,(anonymous_8)
FN:53,(anonymous_9)
FN:54,(anonymous_10)
FN:61,(anonymous_11)
FN:63,(anonymous_12)
FNF:13
FNH:1
FNDA:5,(anonymous_0)
FNDA:0,(anonymous_1)
FNDA:0,(anonymous_2)
FNDA:0,(anonymous_3)
FNDA:0,(anonymous_4)
FNDA:0,(anonymous_5)
FNDA:0,(anonymous_6)
FNDA:0,(anonymous_7)
FNDA:0,(anonymous_8)
FNDA:0,(anonymous_9)
FNDA:0,(anonymous_10)
FNDA:0,(anonymous_11)
FNDA:0,(anonymous_12)
DA:3,1
DA:4,5
DA:5,4
DA:6,4
DA:7,4
DA:9,4
DA:10,0
DA:11,0
DA:14,0
DA:17,0
DA:18,0
DA:21,0
DA:22,0
DA:23,0
DA:24,0
DA:25,0
DA:26,0
DA:27,0
DA:28,0
DA:35,0
DA:36,0
DA:37,0
DA:41,0
DA:45,0
DA:46,0
DA:51,4
DA:52,0
DA:53,0
DA:54,0
DA:55,0
DA:61,4
DA:62,0
DA:63,0
DA:64,0
DA:65,0
DA:71,4
LF:36
LH:9
BRDA:10,0,0,0
BRDA:10,0,1,0
BRDA:23,1,0,0
BRDA:23,1,1,0
BRDA:26,2,0,0
BRDA:26,2,1,0
BRDA:26,3,0,0
BRDA:26,3,1,0
BRDA:52,4,0,0
BRDA:52,4,1,0
BRDA:62,5,0,0
BRDA:62,5,1,0
BRDA:62,6,0,0
BRDA:62,6,1,0
BRDA:64,7,0,0
BRDA:64,7,1,0
BRF:16
BRH:0
end_of_record
TN:
SF:src/hooks/useXaiExplain.ts
FN:11,useXaiExplain
FN:16,(anonymous_1)
FNF:2
FNH:1
FNDA:4,useXaiExplain
FNDA:0,(anonymous_1)
DA:12,4
DA:13,4
DA:14,4
DA:16,4
DA:17,0
DA:18,0
DA:19,0
DA:20,0
DA:21,0
DA:26,0
DA:27,0
DA:28,0
DA:29,0
DA:31,0
DA:32,0
DA:33,0
DA:39,0
DA:40,0
DA:42,0
DA:46,4
LF:20
LH:5
BRDA:27,0,0,0
BRDA:27,0,1,0
BRDA:27,1,0,0
BRDA:27,1,1,0
BRDA:32,2,0,0
BRDA:32,2,1,0
BRDA:34,3,0,0
BRDA:34,3,1,0
BRF:8
BRH:0
end_of_record
TN:
SF:src/lib/utils.ts
FN:4,cn
FNF:1
FNH:1
FNDA:1688,cn
DA:5,1688
LF:1
LH:1
BRF:0
BRH:0
end_of_record
TN:
SF:src/pages/DashboardPage.tsx
FN:33,(anonymous_0)
FN:48,(anonymous_1)
FN:58,(anonymous_2)
FN:90,(anonymous_3)
FN:162,(anonymous_4)
FN:172,(anonymous_5)
FN:223,(anonymous_6)
FN:263,(anonymous_7)
FN:313,(anonymous_8)
FNF:9
FNH:6
FNDA:3,(anonymous_0)
FNDA:5,(anonymous_1)
FNDA:4,(anonymous_2)
FNDA:0,(anonymous_3)
FNDA:12,(anonymous_4)
FNDA:0,(anonymous_5)
FNDA:44,(anonymous_6)
FNDA:4,(anonymous_7)
FNDA:0,(anonymous_8)
DA:33,3
DA:48,1
DA:49,5
DA:51,4
DA:52,4
DA:53,4
DA:54,4
DA:58,4
DA:59,4
DA:60,4
DA:62,4
DA:67,0
DA:74,0
DA:83,0
DA:87,4
DA:90,4
DA:91,0
DA:93,0
DA:95,0
DA:97,0
DA:120,0
DA:124,4
DA:163,12
DA:172,0
DA:224,44
DA:263,4
DA:313,0
LF:27
LH:17
BRDA:36,0,0,1
BRDA:36,0,1,2
BRDA:36,1,0,1
BRDA:36,1,1,1
BRDA:37,2,0,1
BRDA:37,2,1,2
BRDA:38,3,0,1
BRDA:38,3,1,1
BRDA:42,4,0,1
BRDA:42,4,1,2
BRDA:43,5,0,1
BRDA:43,5,1,1
BRDA:45,6,0,1
BRDA:45,6,1,2
BRDA:45,7,0,1
BRDA:45,7,1,1
BRDA:59,8,0,4
BRDA:59,8,1,4
BRDA:60,9,0,4
BRDA:60,9,1,0
BRDA:60,9,2,0
BRDA:60,9,3,0
BRDA:63,10,0,4
BRDA:63,10,1,4
BRDA:64,11,0,4
BRDA:64,11,1,4
BRDA:68,12,0,0
BRDA:68,12,1,0
BRDA:69,13,0,0
BRDA:69,13,1,0
BRDA:70,14,0,0
BRDA:70,14,1,0
BRDA:71,15,0,0
BRDA:71,15,1,0
BRDA:75,16,0,0
BRDA:75,16,1,0
BRDA:76,17,0,0
BRDA:76,17,1,0
BRDA:77,18,0,0
BRDA:77,18,1,0
BRDA:78,19,0,0
BRDA:78,19,1,0
BRDA:79,20,0,0
BRDA:79,20,1,0
BRDA:80,21,0,0
BRDA:80,21,1,0
BRDA:83,22,0,0
BRDA:83,22,1,0
BRDA:91,23,0,0
BRDA:91,23,1,0
BRDA:91,23,2,0
BRDA:91,23,3,0
BRDA:170,24,0,4
BRDA:170,24,1,8
BRDA:176,25,0,4
BRDA:176,25,1,8
BRDA:183,26,0,4
BRDA:183,26,1,8
BRDA:204,27,0,4
BRDA:204,27,1,8
BRDA:214,28,0,4
BRDA:214,28,1,8
BRDA:226,29,0,12
BRDA:226,29,1,32
BRDA:229,30,0,12
BRDA:229,30,1,32
BRDA:238,31,0,12
BRDA:238,31,1,4
BRDA:270,32,0,4
BRDA:270,32,1,0
BRDA:282,33,0,0
BRDA:282,33,1,0
BRDA:312,34,0,4
BRDA:312,34,1,0
BRDA:314,35,0,4
BRDA:314,35,1,4
BRDA:315,36,0,4
BRDA:315,36,1,4
BRDA:316,37,0,4
BRDA:316,37,1,4
BRF:80
BRH:47
end_of_record
TN:
SF:src/pages/DemoPage.tsx
FN:65,(anonymous_0)
FN:79,(anonymous_1)
FN:91,(anonymous_2)
FN:197,(anonymous_3)
FN:201,(anonymous_4)
FN:207,(anonymous_5)
FN:211,(anonymous_6)
FN:235,(anonymous_7)
FN:236,(anonymous_8)
FN:243,(anonymous_9)
FN:289,(anonymous_10)
FN:346,(anonymous_11)
FN:459,(anonymous_12)
FN:460,(anonymous_13)
FN:467,(anonymous_14)
FN:513,(anonymous_15)
FN:514,(anonymous_16)
FN:515,(anonymous_17)
FN:529,(anonymous_18)
FN:530,(anonymous_19)
FN:533,(anonymous_20)
FN:534,(anonymous_21)
FN:535,(anonymous_22)
FN:595,(anonymous_23)
FN:608,(anonymous_24)
FN:619,(anonymous_25)
FN:634,(anonymous_26)
FNF:27
FNH:14
FNDA:34,(anonymous_0)
FNDA:19,(anonymous_1)
FNDA:20,(anonymous_2)
FNDA:19,(anonymous_3)
FNDA:34,(anonymous_4)
FNDA:0,(anonymous_5)
FNDA:0,(anonymous_6)
FNDA:30,(anonymous_7)
FNDA:45,(anonymous_8)
FNDA:15,(anonymous_9)
FNDA:3,(anonymous_10)
FNDA:0,(anonymous_11)
FNDA:0,(anonymous_12)
FNDA:0,(anonymous_13)
FNDA:30,(anonymous_14)
FNDA:15,(anonymous_15)
FNDA:90,(anonymous_16)
FNDA:165,(anonymous_17)
FNDA:0,(anonymous_18)
FNDA:0,(anonymous_19)
FNDA:0,(anonymous_20)
FNDA:0,(anonymous_21)
FNDA:0,(anonymous_22)
FNDA:30,(anonymous_23)
FNDA:0,(anonymous_24)
FNDA:0,(anonymous_25)
FNDA:0,(anonymous_26)
DA:20,1
DA:65,1
DA:66,34
DA:67,34
DA:68,34
DA:69,34
DA:70,34
DA:71,34
DA:72,34
DA:73,34
DA:74,34
DA:75,34
DA:76,34
DA:77,34
DA:79,34
DA:81,19
DA:82,0
DA:84,19
DA:85,19
DA:86,19
DA:87,19
DA:91,19
DA:92,20
DA:93,20
DA:94,18
DA:95,1
DA:97,17
DA:98,17
DA:99,17
DA:100,17
DA:102,17
DA:103,17
DA:105,2
DA:107,2
DA:108,2
DA:109,1
DA:110,0
DA:111,0
DA:112,0
DA:113,0
DA:114,0
DA:116,0
DA:117,0
DA:120,1
DA:124,2
DA:125,2
DA:180,2
DA:181,2
DA:182,2
DA:183,2
DA:185,2
DA:187,19
DA:191,19
DA:194,19
DA:197,19
DA:201,34
DA:202,34
DA:203,34
DA:204,34
DA:205,34
DA:207,0
DA:208,0
DA:209,0
DA:211,0
DA:218,34
DA:219,19
DA:227,15
DA:228,0
DA:235,15
DA:236,45
DA:237,30
DA:239,30
DA:243,15
DA:245,15
DA:246,15
DA:249,0
DA:258,0
DA:269,0
DA:277,15
DA:287,15
DA:289,15
DA:290,3
DA:292,3
DA:293,3
DA:303,2
DA:304,0
DA:307,2
DA:308,2
DA:310,1
DA:312,1
DA:313,1
DA:314,1
DA:315,1
DA:319,15
DA:347,0
DA:348,0
DA:353,0
DA:358,0
DA:363,0
DA:460,0
DA:461,0
DA:468,30
DA:514,15
DA:515,165
DA:516,90
DA:530,0
DA:531,0
DA:533,0
DA:535,0
DA:536,0
DA:537,0
DA:538,0
DA:596,30
DA:608,0
DA:619,0
DA:634,0
LF:116
LH:82
BRDA:81,0,0,0
BRDA:81,0,1,19
BRDA:87,1,0,0
BRDA:87,1,1,19
BRDA:94,2,0,1
BRDA:94,2,1,17
BRDA:100,3,0,17
BRDA:100,3,1,0
BRDA:102,4,0,17
BRDA:102,4,1,0
BRDA:109,5,0,0
BRDA:109,5,1,1
BRDA:113,6,0,0
BRDA:113,6,1,0
BRDA:114,7,0,0
BRDA:114,7,1,0
BRDA:120,8,0,1
BRDA:120,8,1,0
BRDA:182,9,0,2
BRDA:182,9,1,0
BRDA:183,10,0,2
BRDA:183,10,1,0
BRDA:205,11,0,0
BRDA:205,11,1,34
BRDA:205,12,0,34
BRDA:205,12,1,0
BRDA:209,13,0,0
BRDA:209,13,1,0
BRDA:218,14,0,19
BRDA:218,14,1,15
BRDA:227,15,0,0
BRDA:227,15,1,15
BRDA:230,16,0,0
BRDA:230,16,1,0
BRDA:237,17,0,0
BRDA:237,17,1,30
BRDA:245,18,0,15
BRDA:245,18,1,15
BRDA:246,19,0,0
BRDA:246,19,1,0
BRDA:246,19,2,0
BRDA:246,19,3,0
BRDA:246,19,4,0
BRDA:246,19,5,0
BRDA:246,19,6,0
BRDA:246,19,7,0
BRDA:246,19,8,15
BRDA:287,20,0,15
BRDA:287,20,1,15
BRDA:290,21,0,0
BRDA:290,21,1,3
BRDA:303,22,0,0
BRDA:303,22,1,2
BRDA:345,23,0,0
BRDA:345,23,1,15
BRDA:348,24,0,0
BRDA:348,24,1,0
BRDA:348,25,0,0
BRDA:348,25,1,0
BRDA:353,26,0,0
BRDA:353,26,1,0
BRDA:353,27,0,0
BRDA:353,27,1,0
BRDA:358,28,0,0
BRDA:358,28,1,0
BRDA:358,29,0,0
BRDA:358,29,1,0
BRDA:358,29,2,0
BRDA:358,29,3,0
BRDA:374,30,0,15
BRDA:374,30,1,0
BRDA:381,31,0,15
BRDA:381,31,1,0
BRDA:389,32,0,0
BRDA:389,32,1,15
BRDA:391,33,0,0
BRDA:391,33,1,0
BRDA:392,34,0,0
BRDA:392,34,1,0
BRDA:393,35,0,0
BRDA:393,35,1,0
BRDA:393,35,2,0
BRDA:395,36,0,0
BRDA:395,36,1,0
BRDA:395,37,0,0
BRDA:395,37,1,0
BRDA:395,37,2,0
BRDA:395,37,3,0
BRDA:461,38,0,0
BRDA:461,38,1,0
BRDA:474,39,0,15
BRDA:474,39,1,15
BRDA:483,40,0,0
BRDA:483,40,1,15
BRDA:484,41,0,0
BRDA:484,41,1,15
BRDA:520,42,0,30
BRDA:520,42,1,60
BRDA:531,43,0,0
BRDA:531,43,1,0
BRDA:536,44,0,0
BRDA:536,44,1,0
BRDA:548,45,0,15
BRDA:548,45,1,0
BRDA:558,46,0,15
BRDA:558,46,1,0
BRDA:558,46,2,0
BRDA:630,47,0,15
BRDA:630,47,1,0
BRDA:638,48,0,0
BRDA:638,48,1,0
BRDA:640,49,0,0
BRDA:640,49,1,0
BRDA:660,50,0,15
BRDA:660,50,1,15
BRDA:688,51,0,15
BRDA:688,51,1,15
BRDA:694,52,0,15
BRDA:694,52,1,15
BRDA:700,53,0,15
BRDA:700,53,1,15
BRDA:706,54,0,15
BRDA:706,54,1,15
BRF:123
BRH:46
end_of_record
TN:
SF:src/pages/Index.tsx
FN:18,(anonymous_0)
FN:19,(anonymous_1)
FN:23,(anonymous_2)
FN:27,(anonymous_3)
FN:33,(anonymous_4)
FN:38,(anonymous_5)
FN:39,(anonymous_6)
FN:61,(anonymous_7)
FNF:8
FNH:6
FNDA:1,(anonymous_0)
FNDA:1,(anonymous_1)
FNDA:11,(anonymous_2)
FNDA:6,(anonymous_3)
FNDA:4,(anonymous_4)
FNDA:0,(anonymous_5)
FNDA:0,(anonymous_6)
FNDA:6,(anonymous_7)
DA:18,1
DA:19,1
DA:23,1
DA:24,11
DA:25,11
DA:27,11
DA:29,6
DA:30,6
DA:33,6
DA:34,4
DA:38,6
DA:39,0
DA:40,0
DA:41,0
DA:42,0
DA:44,0
DA:45,0
DA:46,0
DA:55,6
DA:56,6
DA:57,6
DA:58,0
DA:61,6
DA:64,11
DA:65,7
DA:78,4
DA:79,1
DA:83,3
DA:84,0
DA:87,3
LF:30
LH:21
BRDA:42,0,0,0
BRDA:42,0,1,0
BRDA:45,1,0,0
BRDA:45,1,1,0
BRDA:57,2,0,0
BRDA:57,2,1,6
BRDA:64,3,0,7
BRDA:64,3,1,4
BRDA:78,4,0,1
BRDA:78,4,1,3
BRDA:83,5,0,0
BRDA:83,5,1,3
BRDA:83,6,0,3
BRDA:83,6,1,3
BRDA:83,6,2,3
BRF:15
BRH:9
end_of_record
TN:
SF:src/pages/MetatronPanel.tsx
FN:5,(anonymous_0)
FN:6,(anonymous_1)
FN:24,(anonymous_2)
FN:25,(anonymous_3)
FN:26,(anonymous_4)
FN:27,(anonymous_5)
FN:28,(anonymous_6)
FN:37,(anonymous_7)
FN:38,(anonymous_8)
FN:41,(anonymous_9)
FN:48,(anonymous_10)
FN:49,(anonymous_11)
FN:50,(anonymous_12)
FN:55,(anonymous_13)
FN:68,(anonymous_14)
FN:72,(anonymous_15)
FN:73,(anonymous_16)
FN:89,(anonymous_17)
FN:94,(anonymous_18)
FN:104,(anonymous_19)
FN:118,(anonymous_20)
FN:122,(anonymous_21)
FNF:22
FNH:13
FNDA:0,(anonymous_0)
FNDA:0,(anonymous_1)
FNDA:0,(anonymous_2)
FNDA:0,(anonymous_3)
FNDA:0,(anonymous_4)
FNDA:0,(anonymous_5)
FNDA:0,(anonymous_6)
FNDA:0,(anonymous_7)
FNDA:0,(anonymous_8)
FNDA:34,(anonymous_9)
FNDA:14,(anonymous_10)
FNDA:1,(anonymous_11)
FNDA:1,(anonymous_12)
FNDA:14,(anonymous_13)
FNDA:1,(anonymous_14)
FNDA:1,(anonymous_15)
FNDA:1,(anonymous_16)
FNDA:14,(anonymous_17)
FNDA:1,(anonymous_18)
FNDA:1,(anonymous_19)
FNDA:1,(anonymous_20)
FNDA:14,(anonymous_21)
DA:5,2
DA:6,2
DA:7,2
DA:8,2
DA:10,2
DA:11,2
DA:12,2
DA:14,2
DA:15,2
DA:16,2
DA:17,2
DA:18,2
DA:19,2
DA:20,2
DA:22,0
DA:24,0
DA:25,0
DA:26,0
DA:27,0
DA:28,0
DA:31,2
DA:32,2
DA:33,2
DA:35,0
DA:37,0
DA:38,0
DA:41,2
DA:42,34
DA:43,33
DA:44,33
DA:45,33
DA:46,33
DA:48,33
DA:49,14
DA:50,1
DA:52,14
DA:53,14
DA:55,14
DA:56,14
DA:57,13
DA:60,13
DA:61,13
DA:63,1
DA:66,13
DA:67,13
DA:68,13
DA:69,1
DA:70,1
DA:72,13
DA:73,13
DA:74,1
DA:75,1
DA:76,1
DA:77,1
DA:79,1
DA:81,0
DA:85,0
DA:89,14
DA:90,14
DA:94,33
DA:95,1
DA:96,0
DA:97,0
DA:99,1
DA:100,1
DA:104,33
DA:105,1
DA:106,1
DA:107,1
DA:112,1
DA:114,0
DA:118,33
DA:119,1
DA:122,33
DA:123,14
DA:124,14
DA:127,33
LF:77
LH:63
BRDA:52,0,0,14
BRDA:52,0,1,0
BRDA:56,1,0,1
BRDA:56,1,1,13
BRDA:56,2,0,14
BRDA:56,2,1,14
BRDA:76,3,0,1
BRDA:76,3,1,0
BRDA:79,4,0,1
BRDA:79,4,1,0
BRDA:90,5,0,13
BRDA:90,5,1,1
BRDA:95,6,0,0
BRDA:95,6,1,1
BRDA:105,7,0,0
BRDA:105,7,1,1
BRDA:119,8,0,1
BRDA:119,8,1,0
BRDA:124,9,0,14
BRDA:124,9,1,0
BRDA:147,10,0,33
BRDA:147,10,1,19
BRF:22
BRH:15
end_of_record
TN:
SF:src/pages/PricingPage.tsx
FN:19,(anonymous_0)
FN:27,(anonymous_1)
FN:30,(anonymous_2)
FN:52,(anonymous_3)
FN:67,(anonymous_4)
FN:71,eriModifier
FN:83,(anonymous_6)
FN:117,(anonymous_7)
FN:129,(anonymous_8)
FN:170,(anonymous_9)
FN:185,(anonymous_10)
FN:225,(anonymous_11)
FN:253,(anonymous_12)
FN:257,(anonymous_13)
FN:267,(anonymous_14)
FN:277,(anonymous_15)
FN:279,(anonymous_16)
FN:280,(anonymous_17)
FN:286,(anonymous_18)
FN:292,(anonymous_19)
FN:311,(anonymous_20)
FN:322,(anonymous_21)
FN:347,(anonymous_22)
FN:358,(anonymous_23)
FN:401,(anonymous_24)
FN:402,(anonymous_25)
FN:416,(anonymous_26)
FNF:27
FNH:27
FNDA:11,(anonymous_0)
FNDA:5,(anonymous_1)
FNDA:5,(anonymous_2)
FNDA:12,(anonymous_3)
FNDA:5,(anonymous_4)
FNDA:11,eriModifier
FNDA:1,(anonymous_6)
FNDA:5,(anonymous_7)
FNDA:15,(anonymous_8)
FNDA:55,(anonymous_9)
FNDA:1,(anonymous_10)
FNDA:5,(anonymous_11)
FNDA:11,(anonymous_12)
FNDA:3,(anonymous_13)
FNDA:3,(anonymous_14)
FNDA:22,(anonymous_15)
FNDA:18,(anonymous_16)
FNDA:24,(anonymous_17)
FNDA:8,(anonymous_18)
FNDA:13,(anonymous_19)
FNDA:33,(anonymous_20)
FNDA:3,(anonymous_21)
FNDA:44,(anonymous_22)
FNDA:3,(anonymous_23)
FNDA:9,(anonymous_24)
FNDA:12,(anonymous_25)
FNDA:4,(anonymous_26)
DA:19,1
DA:20,11
DA:21,11
DA:22,11
DA:23,11
DA:24,11
DA:25,11
DA:27,11
DA:29,5
DA:30,5
DA:31,5
DA:32,5
DA:33,5
DA:34,1
DA:35,0
DA:38,4
DA:40,4
DA:41,4
DA:45,0
DA:46,0
DA:50,4
DA:52,12
DA:58,4
DA:59,4
DA:60,4
DA:63,1
DA:67,5
DA:72,11
DA:73,11
DA:74,11
DA:75,11
DA:76,11
DA:78,11
DA:81,11
DA:83,11
DA:84,1
DA:85,1
DA:88,11
DA:89,10
DA:91,5
DA:118,5
DA:119,5
DA:130,15
DA:171,55
DA:185,1
DA:225,5
DA:253,1
DA:254,11
DA:255,11
DA:257,11
DA:258,3
DA:259,3
DA:260,0
DA:262,3
DA:264,3
DA:267,11
DA:268,3
DA:269,3
DA:270,0
DA:272,3
DA:274,3
DA:277,11
DA:278,22
DA:279,22
DA:280,24
DA:281,18
DA:282,18
DA:286,22
DA:287,8
DA:289,22
DA:292,11
DA:293,13
DA:294,9
DA:296,4
DA:300,11
DA:312,33
DA:322,3
DA:348,44
DA:358,3
DA:402,12
DA:403,9
DA:417,4
LF:82
LH:77
BRDA:33,0,0,1
BRDA:33,0,1,4
BRDA:34,1,0,1
BRDA:34,1,1,0
BRDA:41,2,0,0
BRDA:41,2,1,4
BRDA:41,3,0,4
BRDA:41,3,1,4
BRDA:46,4,0,0
BRDA:46,4,1,0
BRDA:46,5,0,0
BRDA:46,5,1,0
BRDA:52,6,0,4
BRDA:52,6,1,0
BRDA:58,7,0,4
BRDA:58,7,1,0
BRDA:63,8,0,1
BRDA:63,8,1,0
BRDA:74,9,0,11
BRDA:74,9,1,11
BRDA:74,9,2,0
BRDA:75,10,0,0
BRDA:75,10,1,11
BRDA:75,11,0,11
BRDA:75,11,1,11
BRDA:75,11,2,11
BRDA:76,12,0,0
BRDA:76,12,1,11
BRDA:76,13,0,11
BRDA:76,13,1,11
BRDA:76,13,2,11
BRDA:88,14,0,1
BRDA:88,14,1,10
BRDA:89,15,0,5
BRDA:89,15,1,5
BRDA:133,16,0,5
BRDA:133,16,1,10
BRDA:143,17,0,15
BRDA:143,17,1,5
BRDA:160,18,0,15
BRDA:160,18,1,0
BRDA:162,19,0,15
BRDA:162,19,1,15
BRDA:170,20,0,15
BRDA:170,20,1,0
BRDA:173,21,0,55
BRDA:173,21,1,0
BRDA:179,22,0,15
BRDA:179,22,1,3
BRDA:191,23,0,15
BRDA:191,23,1,12
BRDA:259,24,0,0
BRDA:259,24,1,3
BRDA:269,25,0,0
BRDA:269,25,1,3
BRDA:281,26,0,18
BRDA:281,26,1,0
BRDA:281,27,0,18
BRDA:281,27,1,18
BRDA:293,28,0,9
BRDA:293,28,1,4
BRDA:316,29,0,9
BRDA:316,29,1,24
BRDA:327,30,0,33
BRDA:327,30,1,0
BRDA:330,31,0,9
BRDA:330,31,1,24
BRDA:332,32,0,33
BRDA:332,32,1,9
BRDA:352,33,0,4
BRDA:352,33,1,40
BRDA:366,34,0,4
BRDA:366,34,1,40
BRDA:368,35,0,44
BRDA:368,35,1,4
BRDA:403,36,0,9
BRDA:403,36,1,0
BRDA:428,37,0,11
BRDA:428,37,1,5
BRDA:428,37,2,5
BRF:80
BRH:60
end_of_record
TN:
SF:src/pages/SdlcDashboardPage.tsx
FN:23,(anonymous_0)
FN:24,(anonymous_1)
FN:25,(anonymous_2)
FN:26,(anonymous_3)
FN:29,(anonymous_4)
FN:30,(anonymous_5)
FN:31,(anonymous_6)
FN:32,(anonymous_7)
FN:33,(anonymous_8)
FN:34,(anonymous_9)
FN:35,(anonymous_10)
FN:38,(anonymous_11)
FN:39,(anonymous_12)
FN:40,(anonymous_13)
FN:41,(anonymous_14)
FN:42,(anonymous_15)
FN:57,(anonymous_16)
FN:75,(anonymous_17)
FN:89,(anonymous_18)
FN:90,(anonymous_19)
FN:140,(anonymous_20)
FN:154,(anonymous_21)
FN:155,(anonymous_22)
FN:178,(anonymous_23)
FN:195,(anonymous_24)
FN:210,(anonymous_25)
FN:221,(anonymous_26)
FN:223,(anonymous_27)
FN:232,(anonymous_28)
FN:245,(anonymous_29)
FN:259,(anonymous_30)
FN:276,(anonymous_31)
FN:286,(anonymous_32)
FN:296,(anonymous_33)
FN:325,(anonymous_34)
FN:328,(anonymous_35)
FN:346,(anonymous_36)
FN:347,(anonymous_37)
FN:348,(anonymous_38)
FN:403,(anonymous_39)
FN:404,(anonymous_40)
FN:431,(anonymous_41)
FN:436,(anonymous_42)
FN:438,(anonymous_43)
FN:448,(anonymous_44)
FN:448,(anonymous_45)
FN:455,(anonymous_46)
FN:455,(anonymous_47)
FN:465,(anonymous_48)
FN:481,(anonymous_49)
FN:494,(anonymous_50)
FN:496,(anonymous_51)
FN:498,(anonymous_52)
FN:500,(anonymous_53)
FN:502,(anonymous_54)
FN:504,(anonymous_55)
FN:506,(anonymous_56)
FN:509,(anonymous_57)
FN:511,(anonymous_58)
FN:513,(anonymous_59)
FN:515,(anonymous_60)
FN:517,(anonymous_61)
FN:534,(anonymous_62)
FN:545,(anonymous_63)
FN:572,(anonymous_64)
FN:603,(anonymous_65)
FN:708,(anonymous_66)
FN:721,(anonymous_67)
FN:723,(anonymous_68)
FN:723,(anonymous_69)
FN:727,(anonymous_70)
FN:737,(anonymous_71)
FN:740,(anonymous_72)
FN:740,(anonymous_73)
FN:763,(anonymous_74)
FN:764,(anonymous_75)
FN:767,(anonymous_76)
FN:767,(anonymous_77)
FN:768,(anonymous_78)
FN:777,(anonymous_79)
FN:790,(anonymous_80)
FN:804,(anonymous_81)
FN:831,(anonymous_82)
FN:831,(anonymous_83)
FN:847,(anonymous_84)
FN:852,(anonymous_85)
FN:882,(anonymous_86)
FN:882,(anonymous_87)
FN:898,(anonymous_88)
FN:903,(anonymous_89)
FN:941,(anonymous_90)
FNF:91
FNH:23
FNDA:1,(anonymous_0)
FNDA:1,(anonymous_1)
FNDA:1,(anonymous_2)
FNDA:1,(anonymous_3)
FNDA:0,(anonymous_4)
FNDA:0,(anonymous_5)
FNDA:0,(anonymous_6)
FNDA:0,(anonymous_7)
FNDA:0,(anonymous_8)
FNDA:0,(anonymous_9)
FNDA:0,(anonymous_10)
FNDA:0,(anonymous_11)
FNDA:0,(anonymous_12)
FNDA:0,(anonymous_13)
FNDA:0,(anonymous_14)
FNDA:0,(anonymous_15)
FNDA:0,(anonymous_16)
FNDA:0,(anonymous_17)
FNDA:50,(anonymous_18)
FNDA:50,(anonymous_19)
FNDA:30,(anonymous_20)
FNDA:50,(anonymous_21)
FNDA:50,(anonymous_22)
FNDA:11,(anonymous_23)
FNDA:30,(anonymous_24)
FNDA:0,(anonymous_25)
FNDA:35,(anonymous_26)
FNDA:80,(anonymous_27)
FNDA:0,(anonymous_28)
FNDA:0,(anonymous_29)
FNDA:0,(anonymous_30)
FNDA:24,(anonymous_31)
FNDA:0,(anonymous_32)
FNDA:11,(anonymous_33)
FNDA:55,(anonymous_34)
FNDA:0,(anonymous_35)
FNDA:0,(anonymous_36)
FNDA:0,(anonymous_37)
FNDA:0,(anonymous_38)
FNDA:0,(anonymous_39)
FNDA:0,(anonymous_40)
FNDA:0,(anonymous_41)
FNDA:0,(anonymous_42)
FNDA:0,(anonymous_43)
FNDA:0,(anonymous_44)
FNDA:0,(anonymous_45)
FNDA:0,(anonymous_46)
FNDA:0,(anonymous_47)
FNDA:0,(anonymous_48)
FNDA:0,(anonymous_49)
FNDA:0,(anonymous_50)
FNDA:0,(anonymous_51)
FNDA:0,(anonymous_52)
FNDA:0,(anonymous_53)
FNDA:0,(anonymous_54)
FNDA:0,(anonymous_55)
FNDA:0,(anonymous_56)
FNDA:0,(anonymous_57)
FNDA:0,(anonymous_58)
FNDA:0,(anonymous_59)
FNDA:0,(anonymous_60)
FNDA:0,(anonymous_61)
FNDA:25,(anonymous_62)
FNDA:13,(anonymous_63)
FNDA:13,(anonymous_64)
FNDA:13,(anonymous_65)
FNDA:0,(anonymous_66)
FNDA:0,(anonymous_67)
FNDA:0,(anonymous_68)
FNDA:0,(anonymous_69)
FNDA:0,(anonymous_70)
FNDA:0,(anonymous_71)
FNDA:0,(anonymous_72)
FNDA:0,(anonymous_73)
FNDA:0,(anonymous_74)
FNDA:0,(anonymous_75)
FNDA:0,(anonymous_76)
FNDA:0,(anonymous_77)
FNDA:0,(anonymous_78)
FNDA:0,(anonymous_79)
FNDA:1,(anonymous_80)
FNDA:0,(anonymous_81)
FNDA:0,(anonymous_82)
FNDA:0,(anonymous_83)
FNDA:168,(anonymous_84)
FNDA:0,(anonymous_85)
FNDA:0,(anonymous_86)
FNDA:0,(anonymous_87)
FNDA:120,(anonymous_88)
FNDA:0,(anonymous_89)
FNDA:0,(anonymous_90)
DA:23,2
DA:24,2
DA:25,2
DA:26,2
DA:29,2
DA:30,2
DA:31,2
DA:32,2
DA:33,2
DA:34,2
DA:35,2
DA:38,2
DA:39,2
DA:40,2
DA:41,2
DA:42,2
DA:47,2
DA:57,2
DA:58,0
DA:76,0
DA:89,2
DA:90,50
DA:91,50
DA:92,0
DA:93,0
DA:94,0
DA:95,0
DA:96,50
DA:101,50
DA:102,50
DA:109,50
DA:140,2
DA:141,30
DA:142,30
DA:154,50
DA:156,50
DA:178,2
DA:179,11
DA:187,11
DA:196,30
DA:197,30
DA:210,2
DA:211,0
DA:221,2
DA:222,35
DA:224,80
DA:232,2
DA:233,0
DA:245,2
DA:246,0
DA:247,0
DA:260,0
DA:276,2
DA:277,24
DA:278,13
DA:286,11
DA:287,0
DA:296,11
DA:297,11
DA:326,55
DA:328,0
DA:403,11
DA:404,0
DA:405,0
DA:431,11
DA:432,0
DA:433,0
DA:434,0
DA:436,0
DA:437,0
DA:438,0
DA:439,0
DA:440,0
DA:441,0
DA:442,0
DA:443,0
DA:444,0
DA:445,0
DA:447,0
DA:448,0
DA:449,0
DA:451,0
DA:455,0
DA:456,0
DA:457,0
DA:458,0
DA:461,0
DA:464,0
DA:465,0
DA:468,0
DA:470,0
DA:482,0
DA:492,11
DA:494,0
DA:496,0
DA:498,0
DA:500,0
DA:502,0
DA:504,0
DA:506,0
DA:509,0
DA:511,0
DA:513,0
DA:515,0
DA:517,0
DA:519,11
DA:523,0
DA:534,2
DA:535,25
DA:536,24
DA:537,24
DA:538,24
DA:539,24
DA:540,24
DA:541,24
DA:542,24
DA:543,24
DA:545,24
DA:546,13
DA:571,13
DA:572,13
DA:573,13
DA:574,13
DA:575,13
DA:577,13
DA:578,12
DA:579,12
DA:582,12
DA:583,12
DA:584,12
DA:586,12
DA:589,12
DA:590,12
DA:591,12
DA:593,12
DA:594,12
DA:595,12
DA:597,1
DA:599,13
DA:602,13
DA:603,13
DA:606,24
DA:665,24
DA:708,24
DA:709,0
DA:710,0
DA:711,0
DA:712,0
DA:713,0
DA:714,0
DA:717,0
DA:721,24
DA:722,0
DA:723,0
DA:724,0
DA:727,24
DA:728,0
DA:729,0
DA:731,0
DA:733,0
DA:734,0
DA:737,0
DA:739,0
DA:740,0
DA:741,0
DA:742,0
DA:747,0
DA:748,0
DA:750,0
DA:752,0
DA:760,0
DA:763,0
DA:764,0
DA:767,0
DA:768,0
DA:772,0
DA:777,24
DA:782,24
DA:790,1
DA:804,0
DA:831,0
DA:832,0
DA:833,0
DA:834,0
DA:836,0
DA:838,0
DA:848,168
DA:852,0
DA:882,0
DA:883,0
DA:884,0
DA:885,0
DA:887,0
DA:889,0
DA:899,120
DA:903,0
DA:941,0
LF:197
LH:96
BRDA:61,0,0,0
BRDA:61,0,1,0
BRDA:67,1,0,0
BRDA:67,1,1,0
BRDA:68,2,0,0
BRDA:68,2,1,0
BRDA:71,3,0,0
BRDA:71,3,1,0
BRDA:72,4,0,0
BRDA:72,4,1,0
BRDA:73,5,0,0
BRDA:73,5,1,0
BRDA:91,6,0,0
BRDA:91,6,1,0
BRDA:91,6,2,0
BRDA:91,6,3,0
BRDA:91,6,4,50
BRDA:105,7,0,0
BRDA:105,7,1,50
BRDA:122,8,0,50
BRDA:122,8,1,0
BRDA:126,9,0,0
BRDA:126,9,1,50
BRDA:127,10,0,50
BRDA:127,10,1,50
BRDA:129,11,0,50
BRDA:129,11,1,0
BRDA:143,12,0,0
BRDA:143,12,1,30
BRDA:159,13,0,30
BRDA:159,13,1,0
BRDA:196,14,0,30
BRDA:196,14,1,0
BRDA:213,15,0,0
BRDA:213,15,1,0
BRDA:217,16,0,0
BRDA:217,16,1,0
BRDA:223,17,0,35
BRDA:223,17,1,0
BRDA:260,18,0,0
BRDA:260,18,1,0
BRDA:277,19,0,13
BRDA:277,19,1,11
BRDA:328,20,0,0
BRDA:328,20,1,0
BRDA:404,21,0,0
BRDA:404,21,1,0
BRDA:404,22,0,0
BRDA:404,22,1,0
BRDA:415,23,0,0
BRDA:415,23,1,0
BRDA:443,24,0,0
BRDA:443,24,1,0
BRDA:445,25,0,0
BRDA:445,25,1,0
BRDA:447,26,0,0
BRDA:447,26,1,0
BRDA:447,27,0,0
BRDA:447,27,1,0
BRDA:447,27,2,0
BRDA:448,28,0,0
BRDA:448,28,1,0
BRDA:448,29,0,0
BRDA:448,29,1,0
BRDA:455,30,0,0
BRDA:455,30,1,0
BRDA:455,31,0,0
BRDA:455,31,1,0
BRDA:456,32,0,0
BRDA:456,32,1,0
BRDA:458,33,0,0
BRDA:458,33,1,0
BRDA:461,34,0,0
BRDA:461,34,1,0
BRDA:468,35,0,0
BRDA:468,35,1,0
BRDA:480,36,0,0
BRDA:480,36,1,0
BRDA:480,37,0,0
BRDA:480,37,1,0
BRDA:480,37,2,0
BRDA:482,38,0,0
BRDA:482,38,1,0
BRDA:482,38,2,0
BRDA:492,39,0,0
BRDA:492,39,1,0
BRDA:492,39,2,0
BRDA:492,39,3,0
BRDA:492,39,4,0
BRDA:492,39,5,0
BRDA:492,39,6,0
BRDA:492,39,7,0
BRDA:492,39,8,0
BRDA:492,39,9,0
BRDA:492,39,10,0
BRDA:492,39,11,0
BRDA:492,39,12,11
BRDA:492,39,13,0
BRDA:578,40,0,0
BRDA:578,40,1,12
BRDA:583,41,0,0
BRDA:583,41,1,12
BRDA:586,42,0,0
BRDA:586,42,1,12
BRDA:589,43,0,12
BRDA:589,43,1,0
BRDA:589,44,0,12
BRDA:589,44,1,12
BRDA:589,44,2,12
BRDA:590,45,0,12
BRDA:590,45,1,0
BRDA:590,46,0,12
BRDA:590,46,1,12
BRDA:590,46,2,12
BRDA:591,47,0,12
BRDA:591,47,1,0
BRDA:591,48,0,12
BRDA:591,48,1,12
BRDA:591,48,2,12
BRDA:597,49,0,1
BRDA:597,49,1,0
BRDA:709,50,0,0
BRDA:709,50,1,0
BRDA:712,51,0,0
BRDA:712,51,1,0
BRDA:714,52,0,0
BRDA:714,52,1,0
BRDA:717,53,0,0
BRDA:717,53,1,0
BRDA:723,54,0,0
BRDA:723,54,1,0
BRDA:731,55,0,0
BRDA:731,55,1,0
BRDA:737,56,0,0
BRDA:737,56,1,0
BRDA:740,57,0,0
BRDA:740,57,1,0
BRDA:741,58,0,0
BRDA:741,58,1,0
BRDA:748,59,0,0
BRDA:748,59,1,0
BRDA:760,60,0,0
BRDA:760,60,1,0
BRDA:766,61,0,0
BRDA:766,61,1,0
BRDA:767,62,0,0
BRDA:767,62,1,0
BRDA:767,63,0,0
BRDA:767,63,1,0
BRDA:768,64,0,0
BRDA:768,64,1,0
BRDA:793,65,0,1
BRDA:793,65,1,23
BRDA:799,66,0,1
BRDA:799,66,1,23
BRDA:805,67,0,1
BRDA:805,67,1,23
BRDA:806,68,0,24
BRDA:806,68,1,0
BRDA:810,69,0,24
BRDA:810,69,1,0
BRDA:814,70,0,23
BRDA:814,70,1,1
BRDA:833,71,0,0
BRDA:833,71,1,0
BRDA:843,72,0,24
BRDA:843,72,1,0
BRDA:845,73,0,24
BRDA:845,73,1,24
BRDA:853,74,0,7
BRDA:853,74,1,161
BRDA:854,75,0,0
BRDA:854,75,1,168
BRDA:858,76,0,0
BRDA:858,76,1,168
BRDA:862,77,0,161
BRDA:862,77,1,7
BRDA:884,78,0,0
BRDA:884,78,1,0
BRDA:894,79,0,24
BRDA:894,79,1,0
BRDA:896,80,0,24
BRDA:896,80,1,24
BRDA:904,81,0,5
BRDA:904,81,1,115
BRDA:905,82,0,0
BRDA:905,82,1,120
BRDA:909,83,0,0
BRDA:909,83,1,120
BRDA:913,84,0,115
BRDA:913,84,1,5
BRF:191
BRH:58
end_of_record
